* [0.071566] Starting!
* [0.071598] doom-cli-run: (emacs --no-splash --load /home/luna/.emacs.d/bin/doom -- sync)
* [0.072333] Starting!
* [0.072367] doom-cli-run: (emacs --no-splash --load /home/luna/.emacs.d/bin/doom -- sync)
* [0.072434] doom-cli-context-execute: found (doom)
* [0.072631] Autoloading /home/luna/.emacs.d/core/cli/sync.el
* [0.081377] doom-cli-context-execute: found (doom sync)
* [0.081576] doom-cli-context-execute: doom sync
* [0.081813] doom-cli-execute: (:before) ((input) (context . #s(doom-cli-context (25300 25495 564786 823000) 30623 1 (235 . 54) nil nil doom nil nil (doom sync) nil (sync) ((--jobs) (-j) (-p) (-u) (-c) (-e) (--eval) (-E) (--strict-load) (--load) (-L) (--color) (--pager) (--emacsdir) (--doomdir) (--debug) (-D) (--force) (-!)) ((t) ((doom sync)) ((doom) sync))  *doom-cli stdin*  *doom-cli stdout*  *doom-cli stderr* nil)) (_) (evals) (loads) (color?) (pager) (emacsdir) (doomdir) (debug?) (force?))
* [0.081856] doom-cli-execute: (:before doom build) nil
* [0.098482] Initializing straight
* [0.140799] Initializing recipes
* [0.143669] Installing core packages
* [0.144043] doom-cli-execute: (doom sync) ((jobs) (purge?) (update?) (noelc?) (noenvvar?))
> Compiling your literate config...
  Tangled 0 code blocks from config.org
Restarting...
* [0.071877] Restored context: 30623
* [0.071945] Autoloading /home/luna/.emacs.d/core/cli/sync.el
* [0.080431] doom-cli-context-execute: doom sync
* [0.080705] doom-cli-execute: (:before) ((input) (context . #s(doom-cli-context (25300 25495 564786 823000) 30623 2 (235 . 54) nil nil doom nil nil (doom sync) nil (sync) ((--jobs) (-j) (-p) (-u) (-c) (-e) (--eval) (-E) (--strict-load) (--load) (-L) (--color) (--pager) (--emacsdir) (--doomdir) (--debug) (-D) (--force) (-!)) ((t) ((doom sync)) ((doom) sync))  *doom-cli stdin*  *doom-cli stdout*  *doom-cli stderr* nil)) (_) (evals) (loads) (color?) (pager) (emacsdir) (doomdir) (debug?) (force?))
* [0.080759] doom-cli-execute: (:before doom build) nil
* [0.094772] Initializing straight
* [0.137037] Initializing recipes
* [0.138876] Installing core packages
* [0.139225] doom-cli-execute: (doom sync) ((jobs) (purge?) (update?) (noelc?) (noenvvar?))
> Synchronizing your config with Doom Emacs...
    * [0.139569] doom-cli-call: (doom sync) -> (doom env)
    * [0.139635] doom-cli-context-execute: found (doom)
    * [0.139814] Autoloading /home/luna/.emacs.d/core/cli/env.el
    * [0.141652] doom-cli-context-execute: found (doom env)
    * [0.141878] doom-cli-context-execute: doom env
    * [0.142083] doom-cli-execute: (:before) ((input) (context . #s(doom-cli-context (25300 25495 564786 823000) 30623 2 (235 . 54) nil nil doom nil nil (doom env) nil (sync) ((--deny) (-d) (--allow) (-a) (-o) (--deny-all) (--allow-all) (--jobs) (-j) (-p) (-u) (-c) (-e) (--eval) (-E) (--strict-load) (--load) (-L) (--color) (--pager) (--emacsdir) (--doomdir) (--debug) (-D) (--force) (-!)) ((t) ((doom env)) ((doom) env))  *doom-cli stdin*  *doom-cli stdout*  *doom-cli stderr* nil)) (_) (evals) (loads) (color?) (pager) (emacsdir) (doomdir) (debug?) (force?))
    * [0.142129] doom-cli-execute: (doom env) ((rules) (output-file) (deny-only) (allow-only))
  > Regenerating envvars file
        * [0.142575] Ignored __DOOMRESTART
        * [0.142608] Ignored OLDPWD
        * [0.142666] Ignored DBUS_SESSION_BUS_ADDRESS
        * [0.142800] Ignored __NOTANGLE
        * [0.142877] Ignored __DOOMCONTEXT
        * [0.142931] Ignored SHLVL
        * [0.142954] Ignored DISPLAY
        * [0.142993] Ignored USER
        * [0.143023] Ignored __DOOMPID
        * [0.143080] Ignored TERM
        * [0.143290] Ignored __DOOMGPIPE
        * [0.143340] Ignored HOME
        * [0.143380] Ignored XAUTHORITY
        * [0.143408] Ignored XDG_SESSION_TYPE
        * [0.143456] Ignored PWD
        * [0.143533] Ignored __DOOMSTEP
        * [0.143567] Ignored __DOOMGEOM
        * [0.143595] Ignored SSH_AGENT_PID
        * [0.143665] Ignored SSH_AUTH_SOCK
        * [0.143773] Ignored __DOOMPIPE
    ✓ Generated ~/.emacs.d/.local/env
    * [0.144340] Initializing package.el
    * [0.164333] Initializing straight.el
  > Installing packages...
    - Checked out project: c52ec9368928eb7ef321fd6af082832494c20a3b
    > Building project...
    File mode specification error: (file-missing Cannot open load file No such file or directory pkg-info)
      INFO     Scraping files for project-autoloads.el... 
      INFO     Scraping files for project-autoloads.el...done
    > Updating recipe repos...
      > Updating recipes for melpa...
      > Updating recipes for gnu-elpa-mirror...
      > Updating recipes for el-get...
      > Updating recipes for emacsmirror-mirror...
    > Cloning highlight-indent-guides...
    - Checked out highlight-indent-guides: cf352c85cd15dd18aa096ba9d9ab9b7ab493e8f6
    > Building highlight-indent-guides...
      INFO     Scraping files for highlight-indent-guides-autoloads.el... 
    highlight-indent-guides: Warning: Use keywords rather than deprecated positional arguments to `define-minor-mode'
      INFO     Scraping files for highlight-indent-guides-autoloads.el...done
    > Cloning minimap...
    - Checked out minimap: ed7490652a676c0510ed57d5366c445de20a370b
    > Building minimap...
      INFO     Scraping files for minimap-autoloads.el... 
      INFO     Scraping files for minimap-autoloads.el...done
    > Cloning treemacs...
    - Checked out treemacs: b18a05b1f62074a40e6011d83cd4c92cbee040dd
    > Building treemacs...
    > Building treemacs > Cloning ace-window...
    > Building treemacs > Building ace-window...
      INFO     Scraping files for ace-window-autoloads.el... 
      INFO     Scraping files for ace-window-autoloads.el...done
    > Building treemacs > Cloning pfuture...
    > Building treemacs > Building pfuture...
      INFO     Scraping files for pfuture-autoloads.el... 
      INFO     Scraping files for pfuture-autoloads.el...done
    > Building treemacs > Cloning hydra...
    > Building treemacs > Building hydra...
    > Building treemacs > Building hydra > Building lv...
      INFO     Scraping files for lv-autoloads.el... 
      INFO     Scraping files for lv-autoloads.el...done
    > Building treemacs > Building hydra...
      INFO     Scraping files for hydra-autoloads.el... 
      INFO     Scraping files for hydra-autoloads.el...done
    > Building treemacs > Cloning cfrs...
    > Building treemacs > Building cfrs...
    > Building treemacs > Building cfrs > Cloning posframe...
    > Building treemacs > Building cfrs > Building posframe...
      INFO     Scraping files for posframe-autoloads.el... 
      INFO     Scraping files for posframe-autoloads.el...done
    > Building treemacs > Building cfrs...
      INFO     Scraping files for cfrs-autoloads.el... 
      INFO     Scraping files for cfrs-autoloads.el...done
    > Building treemacs...
      INFO     Scraping files for treemacs-autoloads.el... 
      INFO     Scraping files for treemacs-autoloads.el...done
    > Building treemacs-evil...
      INFO     Scraping files for treemacs-evil-autoloads.el... 
      INFO     Scraping files for treemacs-evil-autoloads.el...done
    > Building treemacs-projectile...
      INFO     Scraping files for treemacs-projectile-autoloads.el... 
      INFO     Scraping files for treemacs-projectile-autoloads.el...done
    > Building treemacs-magit...
      INFO     Scraping files for treemacs-magit-autoloads.el... 
      INFO     Scraping files for treemacs-magit-autoloads.el...done
    > Building treemacs-persp...
      INFO     Scraping files for treemacs-persp-autoloads.el... 
      INFO     Scraping files for treemacs-persp-autoloads.el...done
    > Cloning lsp-treemacs...
    - Checked out lsp-treemacs: 355e468b7fa9887c616a8bfe873d8e456303b67b
    > Building lsp-treemacs...
    > Building lsp-treemacs > Cloning lsp-mode...
    - Checked out lsp-mode: 3fa645c0397b8f438f2db2dd288b899ba330d410
    > Building lsp-treemacs > Building lsp-mode...
    > Building lsp-treemacs > Building lsp-mode > Cloning spinner...
    > Building lsp-treemacs > Building lsp-mode > Building spinner...
      INFO     Scraping files for spinner-autoloads.el... 
      INFO     Scraping files for spinner-autoloads.el...done
    > Building lsp-treemacs > Building lsp-mode...
      INFO     Scraping files for lsp-mode-autoloads.el... 
      INFO     Scraping files for lsp-mode-autoloads.el...done
    > Building lsp-treemacs...
      INFO     Scraping files for lsp-treemacs-autoloads.el... 
      INFO     Scraping files for lsp-treemacs-autoloads.el...done
    > Cloning emacs-format-all-the-code (for format-all)...
    > Building format-all...
      INFO     Scraping files for format-all-autoloads.el... 
    format-all:0: Warning: Not registering prefix "cl".  Affects: ("clang-format" "cljfmt")
      INFO     Scraping files for format-all-autoloads.el...done
    > Cloning evil-multiedit...
    - Checked out evil-multiedit: 23b53bc8743fb82a8854ba907b1d277374c93a79
    > Building evil-multiedit...
    > Building evil-multiedit > Cloning iedit...
    > Building evil-multiedit > Building iedit...
      INFO     Scraping files for iedit-autoloads.el... 
      INFO     Scraping files for iedit-autoloads.el...done
    > Building evil-multiedit...
      INFO     Scraping files for evil-multiedit-autoloads.el... 
      INFO     Scraping files for evil-multiedit-autoloads.el...done
    > Cloning evil-mc...
    - Checked out evil-mc: 63fd2fe0c213a4cc31c464d246f92931c4cb720f
    > Building evil-mc...
      INFO     Scraping files for evil-mc-autoloads.el... 
      INFO     Scraping files for evil-mc-autoloads.el...done
    - Checked out dired-git-info: 9461476a28a5fec0784260f6e318237c662c3430
    > Building dired-git-info...
      INFO     Scraping files for dired-git-info-autoloads.el... 
      INFO     Scraping files for dired-git-info-autoloads.el...done
    > Cloning emacs-libvterm (for vterm)...
    > Building vterm...
      INFO     Scraping files for vterm-autoloads.el... 
      INFO     Scraping files for vterm-autoloads.el...done
    > Cloning lsp-ui...
    - Checked out lsp-ui: 0a6368d38dc32e52abcbd52b63d1e557e42c66e6
    > Building lsp-ui...
      INFO     Scraping files for lsp-ui-autoloads.el... 
      INFO     Scraping files for lsp-ui-autoloads.el...done
    > Cloning consult-lsp...
    - Checked out consult-lsp: 19606a03cf854e1b0930c4526ed92c4560dccdc2
    > Building consult-lsp...
      INFO     Scraping files for consult-lsp-autoloads.el... 
      INFO     Scraping files for consult-lsp-autoloads.el...done
    > Cloning rainbow-mode...
    - Checked out rainbow-mode: 55a8c15782197cd9db8950d2f5ed1b9caca08dae
    > Building rainbow-mode...
      INFO     Scraping files for rainbow-mode-autoloads.el... 
      INFO     Scraping files for rainbow-mode-autoloads.el...done
    > Cloning kurecolor...
    - Checked out kurecolor: d17a77d9210b3e7b8141d03c04d1898bcab2b876
    > Building kurecolor...
      INFO     Scraping files for kurecolor-autoloads.el... 
      INFO     Scraping files for kurecolor-autoloads.el...done
    > Cloning sly...
    - Checked out sly: 4513c382f07a2a2cedb3c046231b69eae2f5e6f0
    > Building sly...
      INFO     Scraping files for sly-autoloads.el... 
    sly: Warning: Use keywords rather than deprecated positional arguments to `define-minor-mode'
    sly: Warning: Use keywords rather than deprecated positional arguments to `define-minor-mode'
      INFO     Scraping files for sly-autoloads.el...done
    > Cloning sly-macrostep...
    - Checked out sly-macrostep: 5113e4e926cd752b1d0bcc1508b3ebad5def5fad
    > Building sly-macrostep...
    > Cloning sly-repl-ansi-color...
    - Checked out sly-repl-ansi-color: b9cd52d1cf927bf7e08582d46ab0bcf1d4fb5048
    > Building sly-repl-ansi-color...
      INFO     Scraping files for sly-repl-ansi-color-autoloads.el... 
      INFO     Scraping files for sly-repl-ansi-color-autoloads.el...done
    > Cloning csharp-mode...
    - Checked out csharp-mode: 856ecbc0a78ae3bdc2db2ae4d16be43e2d9d9c5e
    > Building csharp-mode...
      INFO     Scraping files for csharp-mode-autoloads.el... 
      INFO     Scraping files for csharp-mode-autoloads.el...done
    > Cloning csproj-mode...
    - Checked out csproj-mode: a7f0f4610c976a28c41b9b8299892f88b5d0336c
    > Building csproj-mode...
      INFO     Scraping files for csproj-mode-autoloads.el... 
      INFO     Scraping files for csproj-mode-autoloads.el...done
    > Cloning sln-mode...
    - Checked out sln-mode: 0f91d1b957c7d2a7bab9278ec57b54d57f1dbd9c
    > Building sln-mode...
      INFO     Scraping files for sln-mode-autoloads.el... 
      INFO     Scraping files for sln-mode-autoloads.el...done
    > Cloning shader-mode...
    - Checked out shader-mode: d7dc8d0d6fe8914e8b6d5cf2081ad61e6952359c
    > Building shader-mode...
      INFO     Scraping files for shader-mode-autoloads.el... 
      INFO     Scraping files for shader-mode-autoloads.el...done
    > Cloning emacs-gdscript-mode...
    > Building gdscript-mode...
      INFO     Scraping files for gdscript-mode-autoloads.el... 
      INFO     Scraping files for gdscript-mode-autoloads.el...done
    > Cloning rjsx-mode...
    - Checked out rjsx-mode: b697fe4d92cc84fa99a7bcb476f815935ea0d919
    > Building rjsx-mode...
    > Building rjsx-mode > Cloning js2-mode...
    > Building rjsx-mode > Building js2-mode...
      INFO     Scraping files for js2-mode-autoloads.el... 
      INFO     Scraping files for js2-mode-autoloads.el...done
    > Building rjsx-mode...
      INFO     Scraping files for rjsx-mode-autoloads.el... 
      INFO     Scraping files for rjsx-mode-autoloads.el...done
    > Cloning typescript.el (for typescript-mode)...
    > Building typescript-mode...
      INFO     Scraping files for typescript-mode-autoloads.el... 
      INFO     Scraping files for typescript-mode-autoloads.el...done
    > Cloning js2-refactor.el...
    > Building js2-refactor...
    > Building js2-refactor > Cloning multiple-cursors.el...
    > Building js2-refactor > Building multiple-cursors...
      INFO     Scraping files for multiple-cursors-autoloads.el... 
    multiple-cursors-core:0: Warning: Not registering prefix "mc".  Affects: ("mc--executing-command-for-fake-cursor" "mc--reset-read-variables" "mc--reset-read-prompts" "mc--compare-by-overlay-start" "mc--current-cursor-id" "mc--cache-input-function" "mc--stored-state-for-undo" "mc--this-command" "mc--all-equal" "mc--kill-ring-entries" "mc--max-cursors-original" "mc--maybe-set-killed-rectangle" "mc--list-file-loaded" "mc--default-cmds-to-run-once" "mc--default-cmds-to-run-for-all" "mc/for-each-fake-cursor" "mc/for-each-cursor-ordered" "mc/fake-cursor-p" "mc/add-fake-cursor-to-undo-list" "mc/all-fake-cursors" "mc/always-run-for-all" "mc/always-repeat-command" "mc/pop-state-from-overlay" "mc/prompt-for-inclusion-in-whitelist" "mc/num-cursors" "mc/restore-state-from-overlay" "mc/remove-fake-cursor" "mc/remove-fake-cursors" "mc/repeat-command" "mc/keyboard-quit" "mc/keymap" "mc/unsupported-minor-modes" "mc/temporarily-disabled-minor-modes" "mc/temporarily-disable-minor-mode" "mc/temporarily-disable-unsupported-minor-modes" "mc/execute-command" "mc/execute-command-for-fake-cursor" "mc/execute-command-for-all-fake-cursors" "mc/execute-command-for-all-cursors" "mc/execute-this-command-for-all-cursors" "mc/execute-this-command-for-all-cursors-1" "mc/enable-minor-mode" "mc/enable-temporarily-disabled-minor-modes" "mc/mode-line" "mc/match-cursor-style" "mc/max-cursors" "mc/make-cursor-overlay-inline" "mc/make-cursor-overlay-at-eol" "mc/make-cursor-overlay-at-point" "mc/make-region-overlay-between-point-and-mark" "mc/make-a-note-of-the-command-being-run" "mc/maybe-multiple-cursors-mode" "mc/line-number-at-pos" "mc/list-file" "mc/load-lists" "mc/delete-region-overlay" "mc/disable-multiple-cursors-mode" "mc/dump-list" "mc/store-current-state-in-overlay" "mc/save-excursion" "mc/save-window-scroll" "mc/save-lists" "mc/create-cursor-id" "mc/create-fake-cursor-at-point" "mc/cursor-is-bar" "mc/cursor-specific-vars" "mc/cursor-with-id" "mc/cmds-to-run-once" "mc/cmds-to-run-for-all")
      INFO     Scraping files for multiple-cursors-autoloads.el...done
    > Building js2-refactor...
      INFO     Scraping files for js2-refactor-autoloads.el... 
      INFO     Scraping files for js2-refactor-autoloads.el...done
    > Cloning npm-mode...
    - Checked out npm-mode: 3ee7c0bad5b7a041d4739ef3aaa06a3dc764e5eb
    > Building npm-mode...
      INFO     Scraping files for npm-mode-autoloads.el... 
    npm-mode: Warning: Use keywords rather than deprecated positional arguments to `define-minor-mode'
      INFO     Scraping files for npm-mode-autoloads.el...done
    > Cloning add-node-modules-path...
    - Checked out add-node-modules-path: 63f047fd84b825876152743f66de7ee6f9ed203b
    > Building add-node-modules-path...
      INFO     Scraping files for add-node-modules-path-autoloads.el... 
      INFO     Scraping files for add-node-modules-path-autoloads.el...done
    > Cloning nodejs-repl.el...
    > Building nodejs-repl...
      INFO     Scraping files for nodejs-repl-autoloads.el... 
      INFO     Scraping files for nodejs-repl-autoloads.el...done
    > Cloning skewer-mode...
    - Checked out skewer-mode: e5bed351939c92a1f788f78398583c2f83f1bb3c
    > Building skewer-mode...
    > Building skewer-mode > Cloning emacs-web-server (for simple-httpd)...
    > Building skewer-mode > Building simple-httpd...
      INFO     Scraping files for simple-httpd-autoloads.el... 
      INFO     Scraping files for simple-httpd-autoloads.el...done
    > Building skewer-mode...
      INFO     Scraping files for skewer-mode-autoloads.el... 
      INFO     Scraping files for skewer-mode-autoloads.el...done
    > Cloning tide...
    - Checked out tide: b93e555858edc331ba33d1d8bd4582d578c7ca31
    > Building tide...
      INFO     Scraping files for tide-autoloads.el... 
      INFO     Scraping files for tide-autoloads.el...done
    > Cloning xref-js2...
    - Checked out xref-js2: fd6b723e7f1f9793d189a815e1904364dc026b03
    > Building xref-js2...
      INFO     Scraping files for xref-js2-autoloads.el... 
      INFO     Scraping files for xref-js2-autoloads.el...done
    > Cloning lua-mode...
    - Checked out lua-mode: 5a9bee8d5fc978dc64fcb677167417010321ba65
    > Building lua-mode...
      INFO     Scraping files for lua-mode-autoloads.el... 
      INFO     Scraping files for lua-mode-autoloads.el...done
    > Cloning company-lua...
    - Checked out company-lua: 29f6819de4d691e5fd0b62893a9f4fbc1c6fcb52
    > Building company-lua...
      INFO     Scraping files for company-lua-autoloads.el... 
      INFO     Scraping files for company-lua-autoloads.el...done
    > Cloning nix-mode...
    - Checked out nix-mode: 20ee8d88900b169831d6b0783bd82d2625e940c7
    > Building nix-mode...
      INFO     Scraping files for nix-mode-autoloads.el... 
      INFO     Scraping files for nix-mode-autoloads.el...done
    > Cloning nix-update-el (for nix-update)...
    > Building nix-update...
      INFO     Scraping files for nix-update-autoloads.el... 
      INFO     Scraping files for nix-update-autoloads.el...done
    > Cloning nix-emacs (for company-nixos-options)...
    > Building company-nixos-options...
    > Building company-nixos-options > Building nixos-options...
      INFO     Scraping files for nixos-options-autoloads.el... 
      INFO     Scraping files for nixos-options-autoloads.el...done
    > Building company-nixos-options...
      INFO     Scraping files for company-nixos-options-autoloads.el... 
      INFO     Scraping files for company-nixos-options-autoloads.el...done
    > Cloning org-download...
    - Checked out org-download: 947ca223643d28e189480e607df68449c15786cb
    > Building org-download...
      INFO     Scraping files for org-download-autoloads.el... 
      INFO     Scraping files for org-download-autoloads.el...done
    > Cloning org-appear...
    - Checked out org-appear: 8dd1e564153d8007ebc4bb4e14250bde84e26a34
    > Building org-appear...
      INFO     Scraping files for org-appear-autoloads.el... 
      INFO     Scraping files for org-appear-autoloads.el...done
    > Cloning org-superstar-mode (for org-superstar)...
    > Building org-superstar...
      INFO     Scraping files for org-superstar-autoloads.el... 
      INFO     Scraping files for org-superstar-autoloads.el...done
    > Cloning org-fancy-priorities...
    - Checked out org-fancy-priorities: 7f677c6c14ecf05eab8e0efbfe7f1b00ae68eb1d
    > Building org-fancy-priorities...
      INFO     Scraping files for org-fancy-priorities-autoloads.el... 
      INFO     Scraping files for org-fancy-priorities-autoloads.el...done
    > Cloning org-roam...
    - Checked out org-roam: 171a8db32f5b51d3ddb4a31356e1d9c581b4bbd2
    > Building org-roam...
      INFO     Scraping files for org-roam-autoloads.el... 
      INFO     Scraping files for org-roam-autoloads.el...done
    > Cloning ox-hugo...
    - Checked out ox-hugo: 85d11219a58d3a7927d7fe67144987a574fa54aa
    > Building ox-hugo...
    > Building ox-hugo > Cloning tomelr...
    > Building ox-hugo > Building tomelr...
    > Building ox-hugo > Building tomelr > Cloning map...
    > Building ox-hugo > Building tomelr > Building map...
      INFO     Scraping files for map-autoloads.el... 
      INFO     Scraping files for map-autoloads.el...done
    > Building ox-hugo > Building tomelr...
      INFO     Scraping files for tomelr-autoloads.el... 
      INFO     Scraping files for tomelr-autoloads.el...done
    > Building ox-hugo...
      INFO     Scraping files for ox-hugo-autoloads.el... 
      INFO     Scraping files for ox-hugo-autoloads.el...done
    > Cloning yaml-mode...
    - Checked out yaml-mode: 535273d5a1eb76999d20afbcf4d9f056d8ffd2da
    > Building yaml-mode...
      INFO     Scraping files for yaml-mode-autoloads.el... 
      INFO     Scraping files for yaml-mode-autoloads.el...done
    ✓ Installed 62 packages
  > (Re)building packages...
    - No packages need rebuilding
  > Purging orphaned packages (for the emperor)...
    - No builds to purge
    - Skipping elpa packages
    - Skipping repos
    - Skipping regrafting
  > (Re)generating autoloads file...
    > Generating autoloads file...
        * [134.295671] Scanning /home/luna/.emacs.d/core/autoload/buffers.el
        * [134.298047] Scanning /home/luna/.emacs.d/core/autoload/config.el
        * [134.299057] Scanning /home/luna/.emacs.d/core/autoload/debug.el
        * [134.300704] Scanning /home/luna/.emacs.d/core/autoload/files.el
        * [134.302235] Scanning /home/luna/.emacs.d/core/autoload/fonts.el
        * [134.303709] Scanning /home/luna/.emacs.d/core/autoload/help.el
        * [134.305797] Scanning /home/luna/.emacs.d/core/autoload/packages.el
        * [134.307017] Scanning /home/luna/.emacs.d/core/autoload/plist.el
        * [134.307845] Scanning /home/luna/.emacs.d/core/autoload/print.el
        * [134.309739] Scanning /home/luna/.emacs.d/core/autoload/process.el
        * [134.310501] Scanning /home/luna/.emacs.d/core/autoload/projects.el
        * [134.311743] Scanning /home/luna/.emacs.d/core/autoload/sandbox.el
        * [134.312694] Scanning /home/luna/.emacs.d/core/autoload/scratch.el
        * [134.313813] Scanning /home/luna/.emacs.d/core/autoload/sessions.el
        * [134.314814] Scanning /home/luna/.emacs.d/core/autoload/store.el
        * [134.315934] Scanning /home/luna/.emacs.d/core/autoload/system.el
        * [134.316753] Scanning /home/luna/.emacs.d/core/autoload/text.el
        * [134.318383] Scanning /home/luna/.emacs.d/core/autoload/themes.el
        * [134.319265] Scanning /home/luna/.emacs.d/core/autoload/ui.el
        * [134.320608] Scanning /home/luna/.emacs.d/modules/app/calendar/autoload.el
        * [134.320926] Scanning /home/luna/.emacs.d/modules/app/emms/autoload.el
        * [134.321234] Scanning /home/luna/.emacs.d/modules/app/irc/autoload/irc.el
        * [134.321584] Scanning /home/luna/.emacs.d/modules/app/irc/autoload/ivy.el
        * [134.321962] Scanning /home/luna/.emacs.d/modules/app/irc/autoload/settings.el
        * [134.322349] Scanning /home/luna/.emacs.d/modules/app/irc/autoload/vertico.el
        * [134.322694] Scanning /home/luna/.emacs.d/modules/app/rss/autoload.el
        * [134.323016] Scanning /home/luna/.emacs.d/modules/app/twitter/autoload.el
        * [134.323333] Scanning /home/luna/.emacs.d/modules/checkers/spell/autoload/+flyspell.el
        * [134.323729] Scanning /home/luna/.emacs.d/modules/checkers/spell/autoload/+spell-fu.el
        * [134.324096] Scanning /home/luna/.emacs.d/modules/checkers/syntax/autoload.el
        * [134.324916] Scanning /home/luna/.emacs.d/modules/completion/company/autoload.el
        * [134.326168] Scanning /home/luna/.emacs.d/modules/completion/helm/autoload/evil.el
        * [134.326553] Scanning /home/luna/.emacs.d/modules/completion/helm/autoload/helm.el
        * [134.326914] Scanning /home/luna/.emacs.d/modules/completion/helm/autoload/posframe.el
        * [134.327258] Scanning /home/luna/.emacs.d/modules/completion/ivy/autoload/evil.el
        * [134.327602] Scanning /home/luna/.emacs.d/modules/completion/ivy/autoload/hydras.el
        * [134.327946] Scanning /home/luna/.emacs.d/modules/completion/ivy/autoload/ivy.el
        * [134.328353] Scanning /home/luna/.emacs.d/modules/completion/ivy/autoload/posframe.el
        * [134.328822] Scanning /home/luna/.emacs.d/modules/completion/vertico/autoload/evil.el
        * [134.339413] Scanning /home/luna/.emacs.d/modules/completion/vertico/autoload/magit.el
        * [134.340179] Scanning /home/luna/.emacs.d/modules/completion/vertico/autoload/vertico.el
        * [134.341785] Scanning /home/luna/.emacs.d/modules/completion/vertico/autoload/workspaces.el
        * [134.342810] Scanning /home/luna/.emacs.d/modules/config/default/autoload/default.el
        * [134.343714] Scanning /home/luna/.emacs.d/modules/config/default/autoload/deferred.el
        * [134.344456] Scanning /home/luna/.emacs.d/modules/config/default/autoload/files.el
        * [134.345478] Scanning /home/luna/.emacs.d/modules/config/default/autoload/search.el
        * [134.346674] Scanning /home/luna/.emacs.d/modules/config/default/autoload/text.el
        * [134.347933] Scanning /home/luna/.emacs.d/modules/config/literate/autoload.el
        * [134.349107] Scanning /home/luna/.emacs.d/modules/editor/evil/autoload/advice.el
        * [134.350541] Scanning /home/luna/.emacs.d/modules/editor/evil/autoload/embrace.el
        * [134.351392] Scanning /home/luna/.emacs.d/modules/editor/evil/autoload/evil.el
        * [134.352711] Scanning /home/luna/.emacs.d/modules/editor/evil/autoload/ex.el
        * [134.353870] Scanning /home/luna/.emacs.d/modules/editor/evil/autoload/files.el
        * [134.354750] Scanning /home/luna/.emacs.d/modules/editor/evil/autoload/textobjects.el
        * [134.355746] Scanning /home/luna/.emacs.d/modules/editor/evil/autoload/unimpaired.el
        * [134.357185] Scanning /home/luna/.emacs.d/modules/editor/file-templates/autoload.el
        * [134.358290] Scanning /home/luna/.emacs.d/modules/editor/fold/autoload/fold.el
        * [134.359504] Scanning /home/luna/.emacs.d/modules/editor/fold/autoload/hideshow.el
        * [134.360470] Scanning /home/luna/.emacs.d/modules/editor/format/autoload/evil.el
        * [134.361342] Scanning /home/luna/.emacs.d/modules/editor/format/autoload/format.el
        * [134.370540] Scanning /home/luna/.emacs.d/modules/editor/format/autoload/settings.el
        * [134.371677] Scanning /home/luna/.emacs.d/modules/editor/god/autoload.el
        * [134.372040] Scanning /home/luna/.emacs.d/modules/editor/multiple-cursors/autoload/evil-mc.el
        * [134.373116] Scanning /home/luna/.emacs.d/modules/editor/rotate-text/autoload.el
        * [134.373489] Scanning /home/luna/.emacs.d/modules/editor/snippets/autoload/settings.el
        * [134.374234] Scanning /home/luna/.emacs.d/modules/editor/snippets/autoload/snippets.el
        * [134.375928] Scanning /home/luna/.emacs.d/modules/editor/word-wrap/autoload.el
        * [134.376263] Scanning /home/luna/.emacs.d/modules/emacs/dired/autoload.el
        * [134.376973] Scanning /home/luna/.emacs.d/modules/emacs/electric/autoload.el
        * [134.377725] Scanning /home/luna/.emacs.d/modules/emacs/ibuffer/autoload/workspaces.el
        * [134.378077] Scanning /home/luna/.emacs.d/modules/emacs/vc/autoload/bug-reference-backport.el
        * [134.378586] Scanning /home/luna/.emacs.d/modules/emacs/vc/autoload/hydra.el
        * [134.379027] Scanning /home/luna/.emacs.d/modules/emacs/vc/autoload/vc.el
        * [134.379882] Scanning /home/luna/.emacs.d/modules/email/mu4e/autoload/advice.el
        * [134.380262] Scanning /home/luna/.emacs.d/modules/email/mu4e/autoload/email.el
        * [134.380809] Scanning /home/luna/.emacs.d/modules/email/mu4e/autoload/evil.el
        * [134.381141] Scanning /home/luna/.emacs.d/modules/email/mu4e/autoload/mu-lock.el
        * [134.381494] Scanning /home/luna/.emacs.d/modules/email/notmuch/autoload.el
        * [134.381878] Scanning /home/luna/.emacs.d/modules/email/wanderlust/autoload.el
        * [134.382179] Scanning /home/luna/.emacs.d/modules/input/layout/autoload/bepo.el
        * [134.382547] Scanning /home/luna/.emacs.d/modules/lang/beancount/autoload.el
        * [134.382880] Scanning /home/luna/.emacs.d/modules/lang/cc/autoload.el
        * [134.383243] Scanning /home/luna/.emacs.d/modules/lang/clojure/autoload.el
        * [134.383551] Scanning /home/luna/.emacs.d/modules/lang/common-lisp/autoload/common-lisp.el
        * [134.384255] Scanning /home/luna/.emacs.d/modules/lang/csharp/autoload.el
        * [134.384977] Scanning /home/luna/.emacs.d/modules/lang/emacs-lisp/autoload.el
        * [134.386627] Scanning /home/luna/.emacs.d/modules/lang/ess/autoload.el
        * [134.386937] Scanning /home/luna/.emacs.d/modules/lang/faust/autoload.el
        * [134.387233] Scanning /home/luna/.emacs.d/modules/lang/fortran/autoload.el
        * [134.387545] Scanning /home/luna/.emacs.d/modules/lang/go/autoload.el
        * [134.387853] Scanning /home/luna/.emacs.d/modules/lang/graphql/autoload.el
        * [134.388152] Scanning /home/luna/.emacs.d/modules/lang/haskell/autoload.el
        * [134.388498] Scanning /home/luna/.emacs.d/modules/lang/java/autoload/java.el
        * [134.388841] Scanning /home/luna/.emacs.d/modules/lang/java/autoload/lsp.el
        * [134.389170] Scanning /home/luna/.emacs.d/modules/lang/javascript/autoload.el
        * [134.390151] Scanning /home/luna/.emacs.d/modules/lang/julia/autoload.el
        * [134.390466] Scanning /home/luna/.emacs.d/modules/lang/kotlin/autoload.el
        * [134.390770] Scanning /home/luna/.emacs.d/modules/lang/latex/autoload.el
        * [134.391080] Scanning /home/luna/.emacs.d/modules/lang/lua/autoload/lua.el
        * [134.392001] Scanning /home/luna/.emacs.d/modules/lang/lua/autoload/moonscript.el
        * [134.392513] Scanning /home/luna/.emacs.d/modules/lang/markdown/autoload.el
        * [134.393654] Scanning /home/luna/.emacs.d/modules/lang/nix/autoload.el
        * [134.394500] Scanning /home/luna/.emacs.d/modules/lang/ocaml/autoload.el
        * [134.394838] Scanning /home/luna/.emacs.d/modules/lang/org/autoload/contrib-ipython.el
        * [134.395372] Scanning /home/luna/.emacs.d/modules/lang/org/autoload/contrib-present.el
        * [134.395832] Scanning /home/luna/.emacs.d/modules/lang/org/autoload/contrib-roam2.el
        * [134.397007] Scanning /home/luna/.emacs.d/modules/lang/org/autoload/org-attach.el
        * [134.397884] Scanning /home/luna/.emacs.d/modules/lang/org/autoload/org-avy.el
        * [134.398676] Scanning /home/luna/.emacs.d/modules/lang/org/autoload/org-babel.el
        * [134.399636] Scanning /home/luna/.emacs.d/modules/lang/org/autoload/org-capture.el
        * [134.400810] Scanning /home/luna/.emacs.d/modules/lang/org/autoload/org-export.el
        * [134.401650] Scanning /home/luna/.emacs.d/modules/lang/org/autoload/org-link.el
        * [134.403109] Scanning /home/luna/.emacs.d/modules/lang/org/autoload/org-refile.el
        * [134.404118] Scanning /home/luna/.emacs.d/modules/lang/org/autoload/org-tables.el
        * [134.405071] Scanning /home/luna/.emacs.d/modules/lang/org/autoload/org.el
        * [134.407184] Scanning /home/luna/.emacs.d/modules/lang/php/autoload.el
        * [134.407502] Scanning /home/luna/.emacs.d/modules/lang/plantuml/autoload.el
        * [134.407816] Scanning /home/luna/.emacs.d/modules/lang/python/autoload/conda.el
        * [134.408180] Scanning /home/luna/.emacs.d/modules/lang/python/autoload/pyenv.el
        * [134.408613] Scanning /home/luna/.emacs.d/modules/lang/python/autoload/python.el
        * [134.409020] Scanning /home/luna/.emacs.d/modules/lang/qt/autoload.el
        * [134.409313] Scanning /home/luna/.emacs.d/modules/lang/racket/autoload.el
        * [134.409612] Scanning /home/luna/.emacs.d/modules/lang/rest/autoload.el
        * [134.409913] Scanning /home/luna/.emacs.d/modules/lang/ruby/autoload.el
        * [134.410218] Scanning /home/luna/.emacs.d/modules/lang/rust/autoload.el
        * [134.410515] Scanning /home/luna/.emacs.d/modules/lang/scala/autoload.el
        * [134.410827] Scanning /home/luna/.emacs.d/modules/lang/scheme/autoload.el
        * [134.411150] Scanning /home/luna/.emacs.d/modules/lang/sh/autoload.el
        * [134.412020] Scanning /home/luna/.emacs.d/modules/lang/terra/autoload.el
        * [134.412323] Scanning /home/luna/.emacs.d/modules/lang/web/autoload/css.el
        * [134.412712] Scanning /home/luna/.emacs.d/modules/lang/web/autoload/evil.el
        * [134.413047] Scanning /home/luna/.emacs.d/modules/lang/web/autoload/html.el
        * [134.413417] Scanning /home/luna/.emacs.d/modules/os/macos/autoload.el
        * [134.413731] Scanning /home/luna/.emacs.d/modules/term/eshell/autoload/backport.el
        * [134.414096] Scanning /home/luna/.emacs.d/modules/term/eshell/autoload/commands.el
        * [134.414429] Scanning /home/luna/.emacs.d/modules/term/eshell/autoload/company.el
        * [134.414773] Scanning /home/luna/.emacs.d/modules/term/eshell/autoload/eshell.el
        * [134.415214] Scanning /home/luna/.emacs.d/modules/term/eshell/autoload/evil.el
        * [134.415553] Scanning /home/luna/.emacs.d/modules/term/eshell/autoload/prompts.el
        * [134.415887] Scanning /home/luna/.emacs.d/modules/term/eshell/autoload/settings.el
        * [134.416285] Scanning /home/luna/.emacs.d/modules/term/shell/autoload.el
        * [134.416608] Scanning /home/luna/.emacs.d/modules/term/term/autoload.el
        * [134.416912] Scanning /home/luna/.emacs.d/modules/term/vterm/autoload.el
        * [134.417748] Scanning /home/luna/.emacs.d/modules/tools/debugger/autoload/debugger.el
        * [134.418121] Scanning /home/luna/.emacs.d/modules/tools/debugger/autoload/evil.el
        * [134.418526] Scanning /home/luna/.emacs.d/modules/tools/editorconfig/autoload.el
        * [134.418864] Scanning /home/luna/.emacs.d/modules/tools/eval/autoload/eval.el
        * [134.419952] Scanning /home/luna/.emacs.d/modules/tools/eval/autoload/evil.el
        * [134.420834] Scanning /home/luna/.emacs.d/modules/tools/eval/autoload/repl.el
        * [134.421881] Scanning /home/luna/.emacs.d/modules/tools/eval/autoload/settings.el
        * [134.422823] Scanning /home/luna/.emacs.d/modules/tools/gist/autoload/evil.el
        * [134.423160] Scanning /home/luna/.emacs.d/modules/tools/lookup/autoload/docsets.el
        * [134.423720] Scanning /home/luna/.emacs.d/modules/tools/lookup/autoload/evil.el
        * [134.424716] Scanning /home/luna/.emacs.d/modules/tools/lookup/autoload/lookup.el
        * [134.426594] Scanning /home/luna/.emacs.d/modules/tools/lookup/autoload/online.el
        * [134.427650] Scanning /home/luna/.emacs.d/modules/tools/lookup/autoload/xwidget.el
        * [134.428512] Scanning /home/luna/.emacs.d/modules/tools/lsp/autoload/common.el
        * [134.429250] Scanning /home/luna/.emacs.d/modules/tools/lsp/autoload/eglot.el
        * [134.429750] Scanning /home/luna/.emacs.d/modules/tools/lsp/autoload/flycheck-eglot.el
        * [134.430553] Scanning /home/luna/.emacs.d/modules/tools/lsp/autoload/lsp-mode.el
        * [134.431523] Scanning /home/luna/.emacs.d/modules/tools/magit/autoload.el
        * [134.432616] Scanning /home/luna/.emacs.d/modules/tools/make/autoload.el
        * [134.432925] Scanning /home/luna/.emacs.d/modules/tools/pass/autoload/consult.el
        * [134.433262] Scanning /home/luna/.emacs.d/modules/tools/pass/autoload/ivy.el
        * [134.433601] Scanning /home/luna/.emacs.d/modules/tools/pass/autoload/pass.el
        * [134.433941] Scanning /home/luna/.emacs.d/modules/tools/prodigy/autoload.el
        * [134.434244] Scanning /home/luna/.emacs.d/modules/tools/rgb/autoload.el
        * [134.434640] Scanning /home/luna/.emacs.d/modules/tools/taskrunner/autoload.el
        * [134.434945] Scanning /home/luna/.emacs.d/modules/tools/tmux/autoload/evil.el
        * [134.435354] Scanning /home/luna/.emacs.d/modules/tools/tmux/autoload/tmux.el
        * [134.435711] Scanning /home/luna/.emacs.d/modules/tools/tree-sitter/autoload.el
        * [134.436074] Scanning /home/luna/.emacs.d/modules/ui/doom-dashboard/autoload.el
        * [134.436862] Scanning /home/luna/.emacs.d/modules/ui/hydra/autoload/windows.el
        * [134.437219] Scanning /home/luna/.emacs.d/modules/ui/ligatures/autoload/install.el
        * [134.437559] Scanning /home/luna/.emacs.d/modules/ui/ligatures/autoload/ligatures.el
        * [134.437991] Scanning /home/luna/.emacs.d/modules/ui/modeline/autoload.el
        * [134.438842] Scanning /home/luna/.emacs.d/modules/ui/nav-flash/autoload.el
        * [134.439161] Scanning /home/luna/.emacs.d/modules/ui/neotree/autoload.el
        * [134.439475] Scanning /home/luna/.emacs.d/modules/ui/popup/autoload/popup.el
        * [134.441616] Scanning /home/luna/.emacs.d/modules/ui/popup/autoload/settings.el
        * [134.442999] Scanning /home/luna/.emacs.d/modules/ui/tabs/autoload.el
        * [134.443342] Scanning /home/luna/.emacs.d/modules/ui/treemacs/autoload.el
        * [134.444034] Scanning /home/luna/.emacs.d/modules/ui/unicode/autoload.el
        * [134.444342] Scanning /home/luna/.emacs.d/modules/ui/vc-gutter/autoload.el
        * [134.444768] Scanning /home/luna/.emacs.d/modules/ui/vi-tilde-fringe/autoload.el
        * [134.445529] Scanning /home/luna/.emacs.d/modules/ui/workspaces/autoload/evil.el
        * [134.446500] Scanning /home/luna/.emacs.d/modules/ui/workspaces/autoload/workspaces.el
        * [134.448927] Scanning /home/luna/.emacs.d/modules/ui/zen/autoload.el
        * [134.458518] Scanning /home/luna/.emacs.d/.local/straight/build-28.1/straight/straight-autoloads.el
        * [134.744419] Scanning /home/luna/.emacs.d/.local/straight/build-28.1/use-package/use-package-autoloads.el
        * [134.745136] Scanning /home/luna/.emacs.d/.local/straight/build-28.1/bind-key/bind-key-autoloads.el
        * [134.745671] Scanning /home/luna/.emacs.d/.local/straight/build-28.1/auto-minor-mode/auto-minor-mode-autoloads.el
        * [134.746134] Scanning /home/luna/.emacs.d/.local/straight/build-28.1/gcmh/gcmh-autoloads.el
        * [134.746571] Scanning /home/luna/.emacs.d/.local/straight/build-28.1/explain-pause-mode/explain-pause-mode-autoloads.el
        * [134.747113] Scanning /home/luna/.emacs.d/.local/straight/build-28.1/all-the-icons/all-the-icons-autoloads.el
        * [134.747614] Scanning /home/luna/.emacs.d/.local/straight/build-28.1/hide-mode-line/hide-mode-line-autoloads.el
        * [134.748129] Scanning /home/luna/.emacs.d/.local/straight/build-28.1/highlight-numbers/highlight-numbers-autoloads.el
        * [134.748605] Scanning /home/luna/.emacs.d/.local/straight/build-28.1/parent-mode/parent-mode-autoloads.el
        * [134.748993] Scanning /home/luna/.emacs.d/.local/straight/build-28.1/rainbow-delimiters/rainbow-delimiters-autoloads.el
        * [134.749440] Scanning /home/luna/.emacs.d/.local/straight/build-28.1/restart-emacs/restart-emacs-autoloads.el
        * [134.749915] Scanning /home/luna/.emacs.d/.local/straight/build-28.1/better-jumper/better-jumper-autoloads.el
        * [134.750353] Scanning /home/luna/.emacs.d/.local/straight/build-28.1/dtrt-indent/dtrt-indent-autoloads.el
        * [134.750888] Scanning /home/luna/.emacs.d/.local/straight/build-28.1/helpful/helpful-autoloads.el
        * [134.751339] Scanning /home/luna/.emacs.d/.local/straight/build-28.1/dash/dash-autoloads.el
        * [134.751910] Scanning /home/luna/.emacs.d/.local/straight/build-28.1/s/s-autoloads.el
        * [134.752290] Scanning /home/luna/.emacs.d/.local/straight/build-28.1/f/f-autoloads.el
        * [134.752671] Scanning /home/luna/.emacs.d/.local/straight/build-28.1/elisp-refs/elisp-refs-autoloads.el
        * [134.753135] Scanning /home/luna/.emacs.d/.local/straight/build-28.1/pcre2el/pcre2el-autoloads.el
        * [134.753620] Scanning /home/luna/.emacs.d/.local/straight/build-28.1/smartparens/smartparens-autoloads.el
        * [134.754300] Scanning /home/luna/.emacs.d/.local/straight/build-28.1/ws-butler/ws-butler-autoloads.el
        * [134.754794] Scanning /home/luna/.emacs.d/.local/straight/build-28.1/projectile/projectile-autoloads.el
        * [134.755571] Scanning /home/luna/.emacs.d/.local/straight/build-28.1/project/project-autoloads.el
        * [134.756112] Scanning /home/luna/.emacs.d/.local/straight/build-28.1/xref/xref-autoloads.el
        * [134.756561] Scanning /home/luna/.emacs.d/.local/straight/build-28.1/general/general-autoloads.el
        * [134.757199] Scanning /home/luna/.emacs.d/.local/straight/build-28.1/which-key/which-key-autoloads.el
        * [134.757686] Scanning /home/luna/.emacs.d/.local/straight/build-28.1/company/company-autoloads.el
        * [134.758568] Scanning /home/luna/.emacs.d/.local/straight/build-28.1/company-dict/company-dict-autoloads.el
        * [134.759013] Scanning /home/luna/.emacs.d/.local/straight/build-28.1/vertico/vertico-autoloads.el
        * [134.759764] Scanning /home/luna/.emacs.d/.local/straight/build-28.1/orderless/orderless-autoloads.el
        * [134.760248] Scanning /home/luna/.emacs.d/.local/straight/build-28.1/consult/consult-autoloads.el
        * [134.761033] Scanning /home/luna/.emacs.d/.local/straight/build-28.1/compat/compat-autoloads.el
        * [134.761456] Scanning /home/luna/.emacs.d/.local/straight/build-28.1/consult-dir/consult-dir-autoloads.el
        * [134.761917] Scanning /home/luna/.emacs.d/.local/straight/build-28.1/consult-flycheck/consult-flycheck-autoloads.el
        * [134.762322] Scanning /home/luna/.emacs.d/.local/straight/build-28.1/flycheck/flycheck-autoloads.el
        * [134.762988] Scanning /home/luna/.emacs.d/.local/straight/build-28.1/pkg-info/pkg-info-autoloads.el
        * [134.763423] Scanning /home/luna/.emacs.d/.local/straight/build-28.1/epl/epl-autoloads.el
        * [134.763865] Scanning /home/luna/.emacs.d/.local/straight/build-28.1/embark/embark-autoloads.el
        * [134.764341] Scanning /home/luna/.emacs.d/.local/straight/build-28.1/embark-consult/embark-consult-autoloads.el
        * [134.764734] Scanning /home/luna/.emacs.d/.local/straight/build-28.1/marginalia/marginalia-autoloads.el
        * [134.765233] Scanning /home/luna/.emacs.d/.local/straight/build-28.1/wgrep/wgrep-autoloads.el
        * [134.765654] Scanning /home/luna/.emacs.d/.local/straight/build-28.1/doom-themes/doom-themes-autoloads.el
        * [134.766711] Scanning /home/luna/.emacs.d/.local/straight/build-28.1/solaire-mode/solaire-mode-autoloads.el
        * [134.767177] Scanning /home/luna/.emacs.d/.local/straight/build-28.1/hl-todo/hl-todo-autoloads.el
        * [134.767727] Scanning /home/luna/.emacs.d/.local/straight/build-28.1/doom-modeline/doom-modeline-autoloads.el
        * [134.768229] Scanning /home/luna/.emacs.d/.local/straight/build-28.1/shrink-path/shrink-path-autoloads.el
        * [134.768660] Scanning /home/luna/.emacs.d/.local/straight/build-28.1/anzu/anzu-autoloads.el
        * [134.769185] Scanning /home/luna/.emacs.d/.local/straight/build-28.1/evil-anzu/evil-anzu-autoloads.el
        * [134.769570] Scanning /home/luna/.emacs.d/.local/straight/build-28.1/evil/evil-autoloads.el
        * [134.770112] Scanning /home/luna/.emacs.d/.local/straight/build-28.1/goto-chg/goto-chg-autoloads.el
        * [134.770583] Scanning /home/luna/.emacs.d/.local/straight/build-28.1/evil-goggles/evil-goggles-autoloads.el
        * [134.771029] Scanning /home/luna/.emacs.d/.local/straight/build-28.1/git-gutter-fringe/git-gutter-fringe-autoloads.el
        * [134.771423] Scanning /home/luna/.emacs.d/.local/straight/build-28.1/git-gutter/git-gutter-autoloads.el
        * [134.771973] Scanning /home/luna/.emacs.d/.local/straight/build-28.1/fringe-helper/fringe-helper-autoloads.el
        * [134.772361] Scanning /home/luna/.emacs.d/.local/straight/build-28.1/vi-tilde-fringe/vi-tilde-fringe-autoloads.el
        * [134.772858] Scanning /home/luna/.emacs.d/.local/straight/build-28.1/persp-mode/persp-mode-autoloads.el
        * [134.773362] Scanning /home/luna/.emacs.d/.local/straight/build-28.1/evil-args/evil-args-autoloads.el
        * [134.773779] Scanning /home/luna/.emacs.d/.local/straight/build-28.1/evil-easymotion/evil-easymotion-autoloads.el
        * [134.774332] Scanning /home/luna/.emacs.d/.local/straight/build-28.1/avy/avy-autoloads.el
        * [134.775006] Scanning /home/luna/.emacs.d/.local/straight/build-28.1/evil-embrace/evil-embrace-autoloads.el
        * [134.775541] Scanning /home/luna/.emacs.d/.local/straight/build-28.1/embrace/embrace-autoloads.el
        * [134.775965] Scanning /home/luna/.emacs.d/.local/straight/build-28.1/expand-region/expand-region-autoloads.el
        * [134.776612] Scanning /home/luna/.emacs.d/.local/straight/build-28.1/evil-surround/evil-surround-autoloads.el
        * [134.777164] Scanning /home/luna/.emacs.d/.local/straight/build-28.1/evil-escape/evil-escape-autoloads.el
        * [134.777612] Scanning /home/luna/.emacs.d/.local/straight/build-28.1/evil-exchange/evil-exchange-autoloads.el
        * [134.778030] Scanning /home/luna/.emacs.d/.local/straight/build-28.1/evil-indent-plus/evil-indent-plus-autoloads.el
        * [134.778505] Scanning /home/luna/.emacs.d/.local/straight/build-28.1/evil-lion/evil-lion-autoloads.el
        * [134.778978] Scanning /home/luna/.emacs.d/.local/straight/build-28.1/evil-nerd-commenter/evil-nerd-commenter-autoloads.el
        * [134.779465] Scanning /home/luna/.emacs.d/.local/straight/build-28.1/evil-numbers/evil-numbers-autoloads.el
        * [134.779876] Scanning /home/luna/.emacs.d/.local/straight/build-28.1/evil-snipe/evil-snipe-autoloads.el
        * [134.780403] Scanning /home/luna/.emacs.d/.local/straight/build-28.1/evil-textobj-anyblock/evil-textobj-anyblock-autoloads.el
        * [134.780883] Scanning /home/luna/.emacs.d/.local/straight/build-28.1/evil-traces/evil-traces-autoloads.el
        * [134.781327] Scanning /home/luna/.emacs.d/.local/straight/build-28.1/evil-visualstar/evil-visualstar-autoloads.el
        * [134.781887] Scanning /home/luna/.emacs.d/.local/straight/build-28.1/exato/exato-autoloads.el
        * [134.782271] Scanning /home/luna/.emacs.d/.local/straight/build-28.1/evil-quick-diff/evil-quick-diff-autoloads.el
        * [134.782684] Scanning /home/luna/.emacs.d/.local/straight/build-28.1/evil-collection/evil-collection-autoloads.el
        * [134.783123] Scanning /home/luna/.emacs.d/.local/straight/build-28.1/annalist/annalist-autoloads.el
        * [134.783568] Scanning /home/luna/.emacs.d/.local/straight/build-28.1/yasnippet/yasnippet-autoloads.el
        * [134.784068] Scanning /home/luna/.emacs.d/.local/straight/build-28.1/vimish-fold/vimish-fold-autoloads.el
        * [134.784506] Scanning /home/luna/.emacs.d/.local/straight/build-28.1/evil-vimish-fold/evil-vimish-fold-autoloads.el
        * [134.785036] Scanning /home/luna/.emacs.d/.local/straight/build-28.1/auto-yasnippet/auto-yasnippet-autoloads.el
        * [134.785540] Scanning /home/luna/.emacs.d/.local/straight/build-28.1/doom-snippets/doom-snippets-autoloads.el
        * [134.785969] Scanning /home/luna/.emacs.d/.local/straight/build-28.1/diredfl/diredfl-autoloads.el
        * [134.786448] Scanning /home/luna/.emacs.d/.local/straight/build-28.1/dired-git-info/dired-git-info-autoloads.el
        * [134.786884] Scanning /home/luna/.emacs.d/.local/straight/build-28.1/diff-hl/diff-hl-autoloads.el
        * [134.787489] Scanning /home/luna/.emacs.d/.local/straight/build-28.1/dired-rsync/dired-rsync-autoloads.el
        * [134.787909] Scanning /home/luna/.emacs.d/.local/straight/build-28.1/fd-dired/fd-dired-autoloads.el
        * [134.788342] Scanning /home/luna/.emacs.d/.local/straight/build-28.1/undo-fu/undo-fu-autoloads.el
        * [134.788818] Scanning /home/luna/.emacs.d/.local/straight/build-28.1/undo-fu-session/undo-fu-session-autoloads.el
        * [134.789310] Scanning /home/luna/.emacs.d/.local/straight/build-28.1/browse-at-remote/browse-at-remote-autoloads.el
        * [134.789734] Scanning /home/luna/.emacs.d/.local/straight/build-28.1/git-commit/git-commit-autoloads.el
        * [134.790153] Scanning /home/luna/.emacs.d/.local/straight/build-28.1/transient/transient-autoloads.el
        * [134.790682] Scanning /home/luna/.emacs.d/.local/straight/build-28.1/with-editor/with-editor-autoloads.el
        * [134.791111] Scanning /home/luna/.emacs.d/.local/straight/build-28.1/git-timemachine/git-timemachine-autoloads.el
        * [134.791613] Scanning /home/luna/.emacs.d/.local/straight/build-28.1/git-modes/git-modes-autoloads.el
        * [134.792252] Scanning /home/luna/.emacs.d/.local/straight/build-28.1/flycheck-popup-tip/flycheck-popup-tip-autoloads.el
        * [134.792700] Scanning /home/luna/.emacs.d/.local/straight/build-28.1/popup/popup-autoloads.el
        * [134.793084] Scanning /home/luna/.emacs.d/.local/straight/build-28.1/quickrun/quickrun-autoloads.el
        * [134.793598] Scanning /home/luna/.emacs.d/.local/straight/build-28.1/eros/eros-autoloads.el
        * [134.794031] Scanning /home/luna/.emacs.d/.local/straight/build-28.1/dumb-jump/dumb-jump-autoloads.el
        * [134.794583] Scanning /home/luna/.emacs.d/.local/straight/build-28.1/request/request-autoloads.el
        * [134.794964] Scanning /home/luna/.emacs.d/.local/straight/build-28.1/magit/magit-autoloads.el
        * [134.796938] Scanning /home/luna/.emacs.d/.local/straight/build-28.1/magit-section/magit-section-autoloads.el
        * [134.797370] Scanning /home/luna/.emacs.d/.local/straight/build-28.1/magit-gitflow/magit-gitflow-autoloads.el
        * [134.797821] Scanning /home/luna/.emacs.d/.local/straight/build-28.1/magit-popup/magit-popup-autoloads.el
        * [134.798242] Scanning /home/luna/.emacs.d/.local/straight/build-28.1/magit-todos/magit-todos-autoloads.el
        * [134.798748] Scanning /home/luna/.emacs.d/.local/straight/build-28.1/async/async-autoloads.el
        * [134.799358] Scanning /home/luna/.emacs.d/.local/straight/build-28.1/code-review/code-review-autoloads.el
        * [134.799972] Scanning /home/luna/.emacs.d/.local/straight/build-28.1/closql/closql-autoloads.el
        * [134.800358] Scanning /home/luna/.emacs.d/.local/straight/build-28.1/a/a-autoloads.el
        * [134.800763] Scanning /home/luna/.emacs.d/.local/straight/build-28.1/ghub/ghub-autoloads.el
        * [134.801223] Scanning /home/luna/.emacs.d/.local/straight/build-28.1/treepy/treepy-autoloads.el
        * [134.801604] Scanning /home/luna/.emacs.d/.local/straight/build-28.1/uuidgen/uuidgen-autoloads.el
        * [134.802059] Scanning /home/luna/.emacs.d/.local/straight/build-28.1/deferred/deferred-autoloads.el
        * [134.802441] Scanning /home/luna/.emacs.d/.local/straight/build-28.1/markdown-mode/markdown-mode-autoloads.el
        * [134.802904] Scanning /home/luna/.emacs.d/.local/straight/build-28.1/forge/forge-autoloads.el
        * [134.803564] Scanning /home/luna/.emacs.d/.local/straight/build-28.1/emacsql-sqlite/emacsql-sqlite-autoloads.el
        * [134.803961] Scanning /home/luna/.emacs.d/.local/straight/build-28.1/emacsql/emacsql-autoloads.el
        * [134.804371] Scanning /home/luna/.emacs.d/.local/straight/build-28.1/yaml/yaml-autoloads.el
        * [134.804750] Scanning /home/luna/.emacs.d/.local/straight/build-28.1/emojify/emojify-autoloads.el
        * [134.805229] Scanning /home/luna/.emacs.d/.local/straight/build-28.1/ht/ht-autoloads.el
        * [134.805609] Scanning /home/luna/.emacs.d/.local/straight/build-28.1/highlight-quoted/highlight-quoted-autoloads.el
        * [134.806026] Scanning /home/luna/.emacs.d/.local/straight/build-28.1/macrostep/macrostep-autoloads.el
        * [134.806522] Scanning /home/luna/.emacs.d/.local/straight/build-28.1/overseer/overseer-autoloads.el
        * [134.806982] Scanning /home/luna/.emacs.d/.local/straight/build-28.1/elisp-def/elisp-def-autoloads.el
        * [134.807405] Scanning /home/luna/.emacs.d/.local/straight/build-28.1/elisp-demos/elisp-demos-autoloads.el
        * [134.807906] Scanning /home/luna/.emacs.d/.local/straight/build-28.1/flycheck-package/flycheck-package-autoloads.el
        * [134.808400] Scanning /home/luna/.emacs.d/.local/straight/build-28.1/package-lint/package-lint-autoloads.el
        * [134.808947] Scanning /home/luna/.emacs.d/.local/straight/build-28.1/flycheck-cask/flycheck-cask-autoloads.el
        * [134.809443] Scanning /home/luna/.emacs.d/.local/straight/build-28.1/buttercup/buttercup-autoloads.el
        * [134.809993] Scanning /home/luna/.emacs.d/.local/straight/build-28.1/markdown-toc/markdown-toc-autoloads.el
        * [134.810522] Scanning /home/luna/.emacs.d/.local/straight/build-28.1/edit-indirect/edit-indirect-autoloads.el
        * [134.810984] Scanning /home/luna/.emacs.d/.local/straight/build-28.1/evil-markdown/evil-markdown-autoloads.el
        * [134.811413] Scanning /home/luna/.emacs.d/.local/straight/build-28.1/org/org-autoloads.el
        * [134.812434] Scanning /home/luna/.emacs.d/.local/straight/build-28.1/org-contrib/org-contrib-autoloads.el
        * [134.813185] Scanning /home/luna/.emacs.d/.local/straight/build-28.1/htmlize/htmlize-autoloads.el
        * [134.813724] Scanning /home/luna/.emacs.d/.local/straight/build-28.1/org-yt/org-yt-autoloads.el
        * [134.814108] Scanning /home/luna/.emacs.d/.local/straight/build-28.1/ox-clip/ox-clip-autoloads.el
        * [134.814526] Scanning /home/luna/.emacs.d/.local/straight/build-28.1/toc-org/toc-org-autoloads.el
        * [134.814946] Scanning /home/luna/.emacs.d/.local/straight/build-28.1/org-cliplink/org-cliplink-autoloads.el
        * [134.815467] Scanning /home/luna/.emacs.d/.local/straight/build-28.1/evil-org/evil-org-autoloads.el
        * [134.815937] Scanning /home/luna/.emacs.d/.local/straight/build-28.1/orgit/orgit-autoloads.el
        * [134.816493] Scanning /home/luna/.emacs.d/.local/straight/build-28.1/ob-async/ob-async-autoloads.el
        * [134.816922] Scanning /home/luna/.emacs.d/.local/straight/build-28.1/company-shell/company-shell-autoloads.el
        * [134.817424] Scanning /home/luna/.emacs.d/.local/straight/build-28.1/drag-stuff/drag-stuff-autoloads.el
        * [134.817950] Scanning /home/luna/.emacs.d/.local/straight/build-28.1/link-hint/link-hint-autoloads.el
        * [134.818423] Scanning /home/luna/.emacs.d/.local/straight/build-28.1/highlight-indent-guides/highlight-indent-guides-autoloads.el
        * [134.818913] Scanning /home/luna/.emacs.d/.local/straight/build-28.1/minimap/minimap-autoloads.el
        * [134.819347] Scanning /home/luna/.emacs.d/.local/straight/build-28.1/treemacs/treemacs-autoloads.el
        * [134.820220] Scanning /home/luna/.emacs.d/.local/straight/build-28.1/ace-window/ace-window-autoloads.el
        * [134.820739] Scanning /home/luna/.emacs.d/.local/straight/build-28.1/pfuture/pfuture-autoloads.el
        * [134.821155] Scanning /home/luna/.emacs.d/.local/straight/build-28.1/hydra/hydra-autoloads.el
        * [134.821679] Scanning /home/luna/.emacs.d/.local/straight/build-28.1/lv/lv-autoloads.el
        * [134.822107] Scanning /home/luna/.emacs.d/.local/straight/build-28.1/cfrs/cfrs-autoloads.el
        * [134.822498] Scanning /home/luna/.emacs.d/.local/straight/build-28.1/posframe/posframe-autoloads.el
        * [134.822995] Scanning /home/luna/.emacs.d/.local/straight/build-28.1/treemacs-evil/treemacs-evil-autoloads.el
        * [134.823389] Scanning /home/luna/.emacs.d/.local/straight/build-28.1/treemacs-projectile/treemacs-projectile-autoloads.el
        * [134.823805] Scanning /home/luna/.emacs.d/.local/straight/build-28.1/treemacs-magit/treemacs-magit-autoloads.el
        * [134.824197] Scanning /home/luna/.emacs.d/.local/straight/build-28.1/treemacs-persp/treemacs-persp-autoloads.el
        * [134.824586] Scanning /home/luna/.emacs.d/.local/straight/build-28.1/lsp-treemacs/lsp-treemacs-autoloads.el
        * [134.825241] Scanning /home/luna/.emacs.d/.local/straight/build-28.1/lsp-mode/lsp-mode-autoloads.el
        * [134.826357] Scanning /home/luna/.emacs.d/.local/straight/build-28.1/spinner/spinner-autoloads.el
        * [134.826872] Scanning /home/luna/.emacs.d/.local/straight/build-28.1/format-all/format-all-autoloads.el
        * [134.827310] Scanning /home/luna/.emacs.d/.local/straight/build-28.1/evil-multiedit/evil-multiedit-autoloads.el
        * [134.827802] Scanning /home/luna/.emacs.d/.local/straight/build-28.1/iedit/iedit-autoloads.el
        * [134.828251] Scanning /home/luna/.emacs.d/.local/straight/build-28.1/evil-mc/evil-mc-autoloads.el
        * [134.828861] Scanning /home/luna/.emacs.d/.local/straight/build-28.1/vterm/vterm-autoloads.el
        * [134.829506] Scanning /home/luna/.emacs.d/.local/straight/build-28.1/lsp-ui/lsp-ui-autoloads.el
        * [134.829994] Scanning /home/luna/.emacs.d/.local/straight/build-28.1/consult-lsp/consult-lsp-autoloads.el
        * [134.830539] Scanning /home/luna/.emacs.d/.local/straight/build-28.1/rainbow-mode/rainbow-mode-autoloads.el
        * [134.830958] Scanning /home/luna/.emacs.d/.local/straight/build-28.1/kurecolor/kurecolor-autoloads.el
        * [134.831507] Scanning /home/luna/.emacs.d/.local/straight/build-28.1/sly/sly-autoloads.el
        * [134.831999] Scanning /home/luna/.emacs.d/.local/straight/build-28.1/sly-macrostep/sly-macrostep-autoloads.el
        * [134.832548] Scanning /home/luna/.emacs.d/.local/straight/build-28.1/sly-repl-ansi-color/sly-repl-ansi-color-autoloads.el
        * [134.832942] Scanning /home/luna/.emacs.d/.local/straight/build-28.1/csharp-mode/csharp-mode-autoloads.el
        * [134.833375] Scanning /home/luna/.emacs.d/.local/straight/build-28.1/csproj-mode/csproj-mode-autoloads.el
        * [134.833787] Scanning /home/luna/.emacs.d/.local/straight/build-28.1/sln-mode/sln-mode-autoloads.el
        * [134.834182] Scanning /home/luna/.emacs.d/.local/straight/build-28.1/shader-mode/shader-mode-autoloads.el
        * [134.834572] Scanning /home/luna/.emacs.d/.local/straight/build-28.1/gdscript-mode/gdscript-mode-autoloads.el
        * [134.835217] Scanning /home/luna/.emacs.d/.local/straight/build-28.1/rjsx-mode/rjsx-mode-autoloads.el
        * [134.835704] Scanning /home/luna/.emacs.d/.local/straight/build-28.1/js2-mode/js2-mode-autoloads.el
        * [134.836237] Scanning /home/luna/.emacs.d/.local/straight/build-28.1/typescript-mode/typescript-mode-autoloads.el
        * [134.836670] Scanning /home/luna/.emacs.d/.local/straight/build-28.1/js2-refactor/js2-refactor-autoloads.el
        * [134.837191] Scanning /home/luna/.emacs.d/.local/straight/build-28.1/multiple-cursors/multiple-cursors-autoloads.el
        * [134.837871] Scanning /home/luna/.emacs.d/.local/straight/build-28.1/npm-mode/npm-mode-autoloads.el
        * [134.838347] Scanning /home/luna/.emacs.d/.local/straight/build-28.1/add-node-modules-path/add-node-modules-path-autoloads.el
        * [134.838822] Scanning /home/luna/.emacs.d/.local/straight/build-28.1/nodejs-repl/nodejs-repl-autoloads.el
        * [134.839255] Scanning /home/luna/.emacs.d/.local/straight/build-28.1/skewer-mode/skewer-mode-autoloads.el
        * [134.839820] Scanning /home/luna/.emacs.d/.local/straight/build-28.1/simple-httpd/simple-httpd-autoloads.el
        * [134.840238] Scanning /home/luna/.emacs.d/.local/straight/build-28.1/tide/tide-autoloads.el
        * [134.840753] Scanning /home/luna/.emacs.d/.local/straight/build-28.1/xref-js2/xref-js2-autoloads.el
        * [134.841205] Scanning /home/luna/.emacs.d/.local/straight/build-28.1/lua-mode/lua-mode-autoloads.el
        * [134.841683] Scanning /home/luna/.emacs.d/.local/straight/build-28.1/company-lua/company-lua-autoloads.el
        * [134.842199] Scanning /home/luna/.emacs.d/.local/straight/build-28.1/nix-mode/nix-mode-autoloads.el
        * [134.842931] Scanning /home/luna/.emacs.d/.local/straight/build-28.1/nix-update/nix-update-autoloads.el
        * [134.843329] Scanning /home/luna/.emacs.d/.local/straight/build-28.1/company-nixos-options/company-nixos-options-autoloads.el
        * [134.843736] Scanning /home/luna/.emacs.d/.local/straight/build-28.1/nixos-options/nixos-options-autoloads.el
        * [134.844124] Scanning /home/luna/.emacs.d/.local/straight/build-28.1/org-download/org-download-autoloads.el
        * [134.844516] Scanning /home/luna/.emacs.d/.local/straight/build-28.1/org-appear/org-appear-autoloads.el
        * [134.844932] Scanning /home/luna/.emacs.d/.local/straight/build-28.1/org-superstar/org-superstar-autoloads.el
        * [134.845438] Scanning /home/luna/.emacs.d/.local/straight/build-28.1/org-fancy-priorities/org-fancy-priorities-autoloads.el
        * [134.845887] Scanning /home/luna/.emacs.d/.local/straight/build-28.1/org-roam/org-roam-autoloads.el
        * [134.846503] Scanning /home/luna/.emacs.d/.local/straight/build-28.1/ox-hugo/ox-hugo-autoloads.el
        * [134.847056] Scanning /home/luna/.emacs.d/.local/straight/build-28.1/tomelr/tomelr-autoloads.el
        * [134.847446] Scanning /home/luna/.emacs.d/.local/straight/build-28.1/map/map-autoloads.el
        * [134.847829] Scanning /home/luna/.emacs.d/.local/straight/build-28.1/yaml-mode/yaml-mode-autoloads.el
    > Byte-compiling autoloads file...
    ✓ Generated .local/autoloads.28.1.elc
  - Restart Emacs or use 'M-x doom/reload' for changes to take effect
✓ Finished in 2m 15s
* [134.993804] GC count: 1 (0.284004s)
