* [0.072367] Starting!
* [0.072400] doom-cli-run: (emacs --no-splash --load /home/luna/.emacs.d/bin/doom -- sync -e)
* [0.073271] Starting!
* [0.073304] doom-cli-run: (emacs --no-splash --load /home/luna/.emacs.d/bin/doom -- sync -e)
* [0.073372] doom-cli-context-execute: found (doom)
* [0.073577] Autoloading /home/luna/.emacs.d/core/cli/sync.el
* [0.082218] doom-cli-context-execute: found (doom sync)
* [0.082396] Found switch: -e
* [0.082571] doom-cli-context-execute: doom sync
* [0.082809] doom-cli-execute: (:before) ((input) (context . #s(doom-cli-context (25300 33058 102724 364000) 43532 1 (209 . 14) nil nil doom nil nil (doom sync) nil (sync -e) ((--jobs) (-j) (-p) (-u) (-c) (-e . -e) (--eval) (-E) (--strict-load) (--load) (-L) (--color) (--pager) (--emacsdir) (--doomdir) (--debug) (-D) (--force) (-!)) ((t) ((doom sync) -e) ((doom) sync -e))  *doom-cli stdin*  *doom-cli stdout*  *doom-cli stderr* nil)) (_) (evals) (loads) (color?) (pager) (emacsdir) (doomdir) (debug?) (force?))
* [0.082852] doom-cli-execute: (:before doom build) nil
* [0.097462] Initializing straight
* [0.141413] Initializing recipes
* [0.143767] Installing core packages
* [0.144119] doom-cli-execute: (doom sync) ((jobs) (purge?) (update?) (noelc?) (noenvvar? . -e))
> Compiling your literate config...
  Tangled 16 code blocks from config.org
Restarting...
* [0.072653] Restored context: 43532
* [0.072725] Autoloading /home/luna/.emacs.d/core/cli/sync.el
* [0.081157] doom-cli-context-execute: doom sync
* [0.081412] doom-cli-execute: (:before) ((input) (context . #s(doom-cli-context (25300 33058 102724 364000) 43532 2 (209 . 14) nil nil doom nil nil (doom sync) nil (sync -e) ((--jobs) (-j) (-p) (-u) (-c) (-e . -e) (--eval) (-E) (--strict-load) (--load) (-L) (--color) (--pager) (--emacsdir) (--doomdir) (--debug) (-D) (--force) (-!)) ((t) ((doom sync) -e) ((doom) sync -e))  *doom-cli stdin*  *doom-cli stdout*  *doom-cli stderr* nil)) (_) (evals) (loads) (color?) (pager) (emacsdir) (doomdir) (debug?) (force?))
* [0.081463] doom-cli-execute: (:before doom build) nil
* [0.095968] Initializing straight
* [0.141037] Initializing recipes
* [0.143247] Installing core packages
* [0.143598] doom-cli-execute: (doom sync) ((jobs) (purge?) (update?) (noelc?) (noenvvar? . -e))
> Synchronizing your config with Doom Emacs...
    * [0.143876] Initializing package.el
    * [0.274643] Initializing straight.el
  > Installing packages...
    - No packages need to be installed
  > (Re)building packages...
    - No packages need rebuilding
  > Purging orphaned packages (for the emperor)...
    - No builds to purge
    - Skipping elpa packages
    - Skipping repos
    - Skipping regrafting
  > (Re)generating autoloads file...
    > Generating autoloads file...
        * [1.025025] Scanning /home/luna/.emacs.d/core/autoload/buffers.el
        * [1.027229] Scanning /home/luna/.emacs.d/core/autoload/config.el
        * [1.028254] Scanning /home/luna/.emacs.d/core/autoload/debug.el
        * [1.030047] Scanning /home/luna/.emacs.d/core/autoload/files.el
        * [1.031650] Scanning /home/luna/.emacs.d/core/autoload/fonts.el
        * [1.033217] Scanning /home/luna/.emacs.d/core/autoload/help.el
        * [1.035409] Scanning /home/luna/.emacs.d/core/autoload/packages.el
        * [1.036823] Scanning /home/luna/.emacs.d/core/autoload/plist.el
        * [1.037799] Scanning /home/luna/.emacs.d/core/autoload/print.el
        * [1.039792] Scanning /home/luna/.emacs.d/core/autoload/process.el
        * [1.040669] Scanning /home/luna/.emacs.d/core/autoload/projects.el
        * [1.042026] Scanning /home/luna/.emacs.d/core/autoload/sandbox.el
        * [1.043035] Scanning /home/luna/.emacs.d/core/autoload/scratch.el
        * [1.044248] Scanning /home/luna/.emacs.d/core/autoload/sessions.el
        * [1.045324] Scanning /home/luna/.emacs.d/core/autoload/store.el
        * [1.046481] Scanning /home/luna/.emacs.d/core/autoload/system.el
        * [1.047408] Scanning /home/luna/.emacs.d/core/autoload/text.el
        * [1.049152] Scanning /home/luna/.emacs.d/core/autoload/themes.el
        * [1.050116] Scanning /home/luna/.emacs.d/core/autoload/ui.el
        * [1.051624] Scanning /home/luna/.emacs.d/modules/app/calendar/autoload.el
        * [1.052008] Scanning /home/luna/.emacs.d/modules/app/emms/autoload.el
        * [1.052380] Scanning /home/luna/.emacs.d/modules/app/irc/autoload/irc.el
        * [1.052806] Scanning /home/luna/.emacs.d/modules/app/irc/autoload/ivy.el
        * [1.053250] Scanning /home/luna/.emacs.d/modules/app/irc/autoload/settings.el
        * [1.053752] Scanning /home/luna/.emacs.d/modules/app/irc/autoload/vertico.el
        * [1.054198] Scanning /home/luna/.emacs.d/modules/app/rss/autoload.el
        * [1.054581] Scanning /home/luna/.emacs.d/modules/app/twitter/autoload.el
        * [1.054954] Scanning /home/luna/.emacs.d/modules/checkers/spell/autoload/+flyspell.el
        * [1.055423] Scanning /home/luna/.emacs.d/modules/checkers/spell/autoload/+spell-fu.el
        * [1.055862] Scanning /home/luna/.emacs.d/modules/checkers/syntax/autoload.el
        * [1.056794] Scanning /home/luna/.emacs.d/modules/completion/company/autoload.el
        * [1.058070] Scanning /home/luna/.emacs.d/modules/completion/helm/autoload/evil.el
        * [1.058483] Scanning /home/luna/.emacs.d/modules/completion/helm/autoload/helm.el
        * [1.058925] Scanning /home/luna/.emacs.d/modules/completion/helm/autoload/posframe.el
        * [1.059351] Scanning /home/luna/.emacs.d/modules/completion/ivy/autoload/evil.el
        * [1.059802] Scanning /home/luna/.emacs.d/modules/completion/ivy/autoload/hydras.el
        * [1.060241] Scanning /home/luna/.emacs.d/modules/completion/ivy/autoload/ivy.el
        * [1.060716] Scanning /home/luna/.emacs.d/modules/completion/ivy/autoload/posframe.el
        * [1.061116] Scanning /home/luna/.emacs.d/modules/completion/vertico/autoload/evil.el
        * [1.071954] Scanning /home/luna/.emacs.d/modules/completion/vertico/autoload/magit.el
        * [1.072809] Scanning /home/luna/.emacs.d/modules/completion/vertico/autoload/vertico.el
        * [1.074414] Scanning /home/luna/.emacs.d/modules/completion/vertico/autoload/workspaces.el
        * [1.075452] Scanning /home/luna/.emacs.d/modules/config/default/autoload/default.el
        * [1.076520] Scanning /home/luna/.emacs.d/modules/config/default/autoload/deferred.el
        * [1.077379] Scanning /home/luna/.emacs.d/modules/config/default/autoload/files.el
        * [1.078524] Scanning /home/luna/.emacs.d/modules/config/default/autoload/search.el
        * [1.079799] Scanning /home/luna/.emacs.d/modules/config/default/autoload/text.el
        * [1.081034] Scanning /home/luna/.emacs.d/modules/config/literate/autoload.el
        * [1.082056] Scanning /home/luna/.emacs.d/modules/editor/evil/autoload/advice.el
        * [1.083545] Scanning /home/luna/.emacs.d/modules/editor/evil/autoload/embrace.el
        * [1.084524] Scanning /home/luna/.emacs.d/modules/editor/evil/autoload/evil.el
        * [1.085950] Scanning /home/luna/.emacs.d/modules/editor/evil/autoload/ex.el
        * [1.087401] Scanning /home/luna/.emacs.d/modules/editor/evil/autoload/files.el
        * [1.088408] Scanning /home/luna/.emacs.d/modules/editor/evil/autoload/textobjects.el
        * [1.089468] Scanning /home/luna/.emacs.d/modules/editor/evil/autoload/unimpaired.el
        * [1.091184] Scanning /home/luna/.emacs.d/modules/editor/file-templates/autoload.el
        * [1.092369] Scanning /home/luna/.emacs.d/modules/editor/fold/autoload/fold.el
        * [1.093595] Scanning /home/luna/.emacs.d/modules/editor/fold/autoload/hideshow.el
        * [1.094589] Scanning /home/luna/.emacs.d/modules/editor/format/autoload/evil.el
        * [1.095541] Scanning /home/luna/.emacs.d/modules/editor/format/autoload/format.el
        * [1.104557] Scanning /home/luna/.emacs.d/modules/editor/format/autoload/settings.el
        * [1.105846] Scanning /home/luna/.emacs.d/modules/editor/god/autoload.el
        * [1.106250] Scanning /home/luna/.emacs.d/modules/editor/multiple-cursors/autoload/evil-mc.el
        * [1.107455] Scanning /home/luna/.emacs.d/modules/editor/rotate-text/autoload.el
        * [1.107912] Scanning /home/luna/.emacs.d/modules/editor/snippets/autoload/settings.el
        * [1.108783] Scanning /home/luna/.emacs.d/modules/editor/snippets/autoload/snippets.el
        * [1.110421] Scanning /home/luna/.emacs.d/modules/editor/word-wrap/autoload.el
        * [1.110817] Scanning /home/luna/.emacs.d/modules/emacs/dired/autoload.el
        * [1.111631] Scanning /home/luna/.emacs.d/modules/emacs/electric/autoload.el
        * [1.112471] Scanning /home/luna/.emacs.d/modules/emacs/ibuffer/autoload/workspaces.el
        * [1.112916] Scanning /home/luna/.emacs.d/modules/emacs/vc/autoload/bug-reference-backport.el
        * [1.113460] Scanning /home/luna/.emacs.d/modules/emacs/vc/autoload/hydra.el
        * [1.113985] Scanning /home/luna/.emacs.d/modules/emacs/vc/autoload/vc.el
        * [1.114925] Scanning /home/luna/.emacs.d/modules/email/mu4e/autoload/advice.el
        * [1.115367] Scanning /home/luna/.emacs.d/modules/email/mu4e/autoload/email.el
        * [1.115979] Scanning /home/luna/.emacs.d/modules/email/mu4e/autoload/evil.el
        * [1.116395] Scanning /home/luna/.emacs.d/modules/email/mu4e/autoload/mu-lock.el
        * [1.116836] Scanning /home/luna/.emacs.d/modules/email/notmuch/autoload.el
        * [1.117223] Scanning /home/luna/.emacs.d/modules/email/wanderlust/autoload.el
        * [1.117610] Scanning /home/luna/.emacs.d/modules/input/layout/autoload/bepo.el
        * [1.118047] Scanning /home/luna/.emacs.d/modules/lang/beancount/autoload.el
        * [1.118440] Scanning /home/luna/.emacs.d/modules/lang/cc/autoload.el
        * [1.118868] Scanning /home/luna/.emacs.d/modules/lang/clojure/autoload.el
        * [1.119267] Scanning /home/luna/.emacs.d/modules/lang/common-lisp/autoload/common-lisp.el
        * [1.120128] Scanning /home/luna/.emacs.d/modules/lang/csharp/autoload.el
        * [1.121128] Scanning /home/luna/.emacs.d/modules/lang/emacs-lisp/autoload.el
        * [1.122673] Scanning /home/luna/.emacs.d/modules/lang/ess/autoload.el
        * [1.123075] Scanning /home/luna/.emacs.d/modules/lang/faust/autoload.el
        * [1.123458] Scanning /home/luna/.emacs.d/modules/lang/fortran/autoload.el
        * [1.123846] Scanning /home/luna/.emacs.d/modules/lang/go/autoload.el
        * [1.124220] Scanning /home/luna/.emacs.d/modules/lang/graphql/autoload.el
        * [1.124595] Scanning /home/luna/.emacs.d/modules/lang/haskell/autoload.el
        * [1.124963] Scanning /home/luna/.emacs.d/modules/lang/java/autoload/java.el
        * [1.125392] Scanning /home/luna/.emacs.d/modules/lang/java/autoload/lsp.el
        * [1.125784] Scanning /home/luna/.emacs.d/modules/lang/javascript/autoload.el
        * [1.126922] Scanning /home/luna/.emacs.d/modules/lang/julia/autoload.el
        * [1.127293] Scanning /home/luna/.emacs.d/modules/lang/kotlin/autoload.el
        * [1.127653] Scanning /home/luna/.emacs.d/modules/lang/latex/autoload.el
        * [1.128025] Scanning /home/luna/.emacs.d/modules/lang/lua/autoload/lua.el
        * [1.128954] Scanning /home/luna/.emacs.d/modules/lang/lua/autoload/moonscript.el
        * [1.129510] Scanning /home/luna/.emacs.d/modules/lang/markdown/autoload.el
        * [1.130592] Scanning /home/luna/.emacs.d/modules/lang/nix/autoload.el
        * [1.131582] Scanning /home/luna/.emacs.d/modules/lang/ocaml/autoload.el
        * [1.131973] Scanning /home/luna/.emacs.d/modules/lang/org/autoload/contrib-ipython.el
        * [1.132659] Scanning /home/luna/.emacs.d/modules/lang/org/autoload/contrib-present.el
        * [1.133541] Scanning /home/luna/.emacs.d/modules/lang/org/autoload/contrib-roam2.el
        * [1.134840] Scanning /home/luna/.emacs.d/modules/lang/org/autoload/org-attach.el
        * [1.135813] Scanning /home/luna/.emacs.d/modules/lang/org/autoload/org-avy.el
        * [1.136675] Scanning /home/luna/.emacs.d/modules/lang/org/autoload/org-babel.el
        * [1.137789] Scanning /home/luna/.emacs.d/modules/lang/org/autoload/org-capture.el
        * [1.139058] Scanning /home/luna/.emacs.d/modules/lang/org/autoload/org-export.el
        * [1.140063] Scanning /home/luna/.emacs.d/modules/lang/org/autoload/org-link.el
        * [1.141497] Scanning /home/luna/.emacs.d/modules/lang/org/autoload/org-refile.el
        * [1.142596] Scanning /home/luna/.emacs.d/modules/lang/org/autoload/org-tables.el
        * [1.143733] Scanning /home/luna/.emacs.d/modules/lang/org/autoload/org.el
        * [1.145896] Scanning /home/luna/.emacs.d/modules/lang/php/autoload.el
        * [1.146310] Scanning /home/luna/.emacs.d/modules/lang/plantuml/autoload.el
        * [1.146722] Scanning /home/luna/.emacs.d/modules/lang/python/autoload/conda.el
        * [1.147153] Scanning /home/luna/.emacs.d/modules/lang/python/autoload/pyenv.el
        * [1.147620] Scanning /home/luna/.emacs.d/modules/lang/python/autoload/python.el
        * [1.148034] Scanning /home/luna/.emacs.d/modules/lang/qt/autoload.el
        * [1.148387] Scanning /home/luna/.emacs.d/modules/lang/racket/autoload.el
        * [1.148743] Scanning /home/luna/.emacs.d/modules/lang/rest/autoload.el
        * [1.149121] Scanning /home/luna/.emacs.d/modules/lang/ruby/autoload.el
        * [1.149494] Scanning /home/luna/.emacs.d/modules/lang/rust/autoload.el
        * [1.149868] Scanning /home/luna/.emacs.d/modules/lang/scala/autoload.el
        * [1.150243] Scanning /home/luna/.emacs.d/modules/lang/scheme/autoload.el
        * [1.150661] Scanning /home/luna/.emacs.d/modules/lang/sh/autoload.el
        * [1.151596] Scanning /home/luna/.emacs.d/modules/lang/terra/autoload.el
        * [1.151975] Scanning /home/luna/.emacs.d/modules/lang/web/autoload/css.el
        * [1.152405] Scanning /home/luna/.emacs.d/modules/lang/web/autoload/evil.el
        * [1.152811] Scanning /home/luna/.emacs.d/modules/lang/web/autoload/html.el
        * [1.153308] Scanning /home/luna/.emacs.d/modules/os/macos/autoload.el
        * [1.153693] Scanning /home/luna/.emacs.d/modules/term/eshell/autoload/backport.el
        * [1.154138] Scanning /home/luna/.emacs.d/modules/term/eshell/autoload/commands.el
        * [1.154547] Scanning /home/luna/.emacs.d/modules/term/eshell/autoload/company.el
        * [1.154963] Scanning /home/luna/.emacs.d/modules/term/eshell/autoload/eshell.el
        * [1.155430] Scanning /home/luna/.emacs.d/modules/term/eshell/autoload/evil.el
        * [1.155838] Scanning /home/luna/.emacs.d/modules/term/eshell/autoload/prompts.el
        * [1.156255] Scanning /home/luna/.emacs.d/modules/term/eshell/autoload/settings.el
        * [1.156743] Scanning /home/luna/.emacs.d/modules/term/shell/autoload.el
        * [1.157146] Scanning /home/luna/.emacs.d/modules/term/term/autoload.el
        * [1.157519] Scanning /home/luna/.emacs.d/modules/term/vterm/autoload.el
        * [1.158466] Scanning /home/luna/.emacs.d/modules/tools/debugger/autoload/debugger.el
        * [1.158912] Scanning /home/luna/.emacs.d/modules/tools/debugger/autoload/evil.el
        * [1.159335] Scanning /home/luna/.emacs.d/modules/tools/editorconfig/autoload.el
        * [1.159747] Scanning /home/luna/.emacs.d/modules/tools/eval/autoload/eval.el
        * [1.161043] Scanning /home/luna/.emacs.d/modules/tools/eval/autoload/evil.el
        * [1.162154] Scanning /home/luna/.emacs.d/modules/tools/eval/autoload/repl.el
        * [1.163377] Scanning /home/luna/.emacs.d/modules/tools/eval/autoload/settings.el
        * [1.164463] Scanning /home/luna/.emacs.d/modules/tools/gist/autoload/evil.el
        * [1.164900] Scanning /home/luna/.emacs.d/modules/tools/lookup/autoload/docsets.el
        * [1.165584] Scanning /home/luna/.emacs.d/modules/tools/lookup/autoload/evil.el
        * [1.166648] Scanning /home/luna/.emacs.d/modules/tools/lookup/autoload/lookup.el
        * [1.168401] Scanning /home/luna/.emacs.d/modules/tools/lookup/autoload/online.el
        * [1.169499] Scanning /home/luna/.emacs.d/modules/tools/lookup/autoload/xwidget.el
        * [1.170433] Scanning /home/luna/.emacs.d/modules/tools/lsp/autoload/common.el
        * [1.171280] Scanning /home/luna/.emacs.d/modules/tools/lsp/autoload/eglot.el
        * [1.171861] Scanning /home/luna/.emacs.d/modules/tools/lsp/autoload/flycheck-eglot.el
        * [1.172769] Scanning /home/luna/.emacs.d/modules/tools/lsp/autoload/lsp-mode.el
        * [1.173932] Scanning /home/luna/.emacs.d/modules/tools/magit/autoload.el
        * [1.175101] Scanning /home/luna/.emacs.d/modules/tools/make/autoload.el
        * [1.175471] Scanning /home/luna/.emacs.d/modules/tools/pass/autoload/consult.el
        * [1.175872] Scanning /home/luna/.emacs.d/modules/tools/pass/autoload/ivy.el
        * [1.176295] Scanning /home/luna/.emacs.d/modules/tools/pass/autoload/pass.el
        * [1.176719] Scanning /home/luna/.emacs.d/modules/tools/prodigy/autoload.el
        * [1.177094] Scanning /home/luna/.emacs.d/modules/tools/rgb/autoload.el
        * [1.177572] Scanning /home/luna/.emacs.d/modules/tools/taskrunner/autoload.el
        * [1.177938] Scanning /home/luna/.emacs.d/modules/tools/tmux/autoload/evil.el
        * [1.178348] Scanning /home/luna/.emacs.d/modules/tools/tmux/autoload/tmux.el
        * [1.178782] Scanning /home/luna/.emacs.d/modules/tools/tree-sitter/autoload.el
        * [1.179166] Scanning /home/luna/.emacs.d/modules/ui/doom-dashboard/autoload.el
        * [1.180081] Scanning /home/luna/.emacs.d/modules/ui/hydra/autoload/windows.el
        * [1.180491] Scanning /home/luna/.emacs.d/modules/ui/ligatures/autoload/install.el
        * [1.180904] Scanning /home/luna/.emacs.d/modules/ui/ligatures/autoload/ligatures.el
        * [1.181417] Scanning /home/luna/.emacs.d/modules/ui/modeline/autoload.el
        * [1.182362] Scanning /home/luna/.emacs.d/modules/ui/nav-flash/autoload.el
        * [1.182745] Scanning /home/luna/.emacs.d/modules/ui/neotree/autoload.el
        * [1.183139] Scanning /home/luna/.emacs.d/modules/ui/popup/autoload/popup.el
        * [1.185424] Scanning /home/luna/.emacs.d/modules/ui/popup/autoload/settings.el
        * [1.186757] Scanning /home/luna/.emacs.d/modules/ui/tabs/autoload.el
        * [1.187140] Scanning /home/luna/.emacs.d/modules/ui/treemacs/autoload.el
        * [1.187960] Scanning /home/luna/.emacs.d/modules/ui/unicode/autoload.el
        * [1.188326] Scanning /home/luna/.emacs.d/modules/ui/vc-gutter/autoload.el
        * [1.188812] Scanning /home/luna/.emacs.d/modules/ui/vi-tilde-fringe/autoload.el
        * [1.189636] Scanning /home/luna/.emacs.d/modules/ui/workspaces/autoload/evil.el
        * [1.190705] Scanning /home/luna/.emacs.d/modules/ui/workspaces/autoload/workspaces.el
        * [1.193318] Scanning /home/luna/.emacs.d/modules/ui/zen/autoload.el
        * [1.204218] Scanning /home/luna/.emacs.d/.local/straight/build-28.1/straight/straight-autoloads.el
        * [1.204982] Scanning /home/luna/.emacs.d/.local/straight/build-28.1/use-package/use-package-autoloads.el
        * [1.205664] Scanning /home/luna/.emacs.d/.local/straight/build-28.1/bind-key/bind-key-autoloads.el
        * [1.206319] Scanning /home/luna/.emacs.d/.local/straight/build-28.1/auto-minor-mode/auto-minor-mode-autoloads.el
        * [1.206913] Scanning /home/luna/.emacs.d/.local/straight/build-28.1/gcmh/gcmh-autoloads.el
        * [1.207467] Scanning /home/luna/.emacs.d/.local/straight/build-28.1/explain-pause-mode/explain-pause-mode-autoloads.el
        * [1.207967] Scanning /home/luna/.emacs.d/.local/straight/build-28.1/all-the-icons/all-the-icons-autoloads.el
        * [1.208544] Scanning /home/luna/.emacs.d/.local/straight/build-28.1/hide-mode-line/hide-mode-line-autoloads.el
        * [1.209132] Scanning /home/luna/.emacs.d/.local/straight/build-28.1/highlight-numbers/highlight-numbers-autoloads.el
        * [1.209659] Scanning /home/luna/.emacs.d/.local/straight/build-28.1/parent-mode/parent-mode-autoloads.el
        * [1.210146] Scanning /home/luna/.emacs.d/.local/straight/build-28.1/rainbow-delimiters/rainbow-delimiters-autoloads.el
        * [1.210698] Scanning /home/luna/.emacs.d/.local/straight/build-28.1/restart-emacs/restart-emacs-autoloads.el
        * [1.211248] Scanning /home/luna/.emacs.d/.local/straight/build-28.1/better-jumper/better-jumper-autoloads.el
        * [1.211757] Scanning /home/luna/.emacs.d/.local/straight/build-28.1/dtrt-indent/dtrt-indent-autoloads.el
        * [1.212367] Scanning /home/luna/.emacs.d/.local/straight/build-28.1/helpful/helpful-autoloads.el
        * [1.212939] Scanning /home/luna/.emacs.d/.local/straight/build-28.1/dash/dash-autoloads.el
        * [1.213538] Scanning /home/luna/.emacs.d/.local/straight/build-28.1/s/s-autoloads.el
        * [1.214001] Scanning /home/luna/.emacs.d/.local/straight/build-28.1/f/f-autoloads.el
        * [1.214459] Scanning /home/luna/.emacs.d/.local/straight/build-28.1/elisp-refs/elisp-refs-autoloads.el
        * [1.215004] Scanning /home/luna/.emacs.d/.local/straight/build-28.1/pcre2el/pcre2el-autoloads.el
        * [1.215570] Scanning /home/luna/.emacs.d/.local/straight/build-28.1/smartparens/smartparens-autoloads.el
        * [1.216393] Scanning /home/luna/.emacs.d/.local/straight/build-28.1/ws-butler/ws-butler-autoloads.el
        * [1.216982] Scanning /home/luna/.emacs.d/.local/straight/build-28.1/projectile/projectile-autoloads.el
        * [1.217862] Scanning /home/luna/.emacs.d/.local/straight/build-28.1/project/project-autoloads.el
        * [1.218546] Scanning /home/luna/.emacs.d/.local/straight/build-28.1/xref/xref-autoloads.el
        * [1.219099] Scanning /home/luna/.emacs.d/.local/straight/build-28.1/general/general-autoloads.el
        * [1.219866] Scanning /home/luna/.emacs.d/.local/straight/build-28.1/which-key/which-key-autoloads.el
        * [1.220454] Scanning /home/luna/.emacs.d/.local/straight/build-28.1/company/company-autoloads.el
        * [1.221288] Scanning /home/luna/.emacs.d/.local/straight/build-28.1/company-dict/company-dict-autoloads.el
        * [1.221790] Scanning /home/luna/.emacs.d/.local/straight/build-28.1/vertico/vertico-autoloads.el
        * [1.222596] Scanning /home/luna/.emacs.d/.local/straight/build-28.1/orderless/orderless-autoloads.el
        * [1.223185] Scanning /home/luna/.emacs.d/.local/straight/build-28.1/consult/consult-autoloads.el
        * [1.224058] Scanning /home/luna/.emacs.d/.local/straight/build-28.1/compat/compat-autoloads.el
        * [1.224566] Scanning /home/luna/.emacs.d/.local/straight/build-28.1/consult-dir/consult-dir-autoloads.el
        * [1.225060] Scanning /home/luna/.emacs.d/.local/straight/build-28.1/consult-flycheck/consult-flycheck-autoloads.el
        * [1.225536] Scanning /home/luna/.emacs.d/.local/straight/build-28.1/flycheck/flycheck-autoloads.el
        * [1.226266] Scanning /home/luna/.emacs.d/.local/straight/build-28.1/pkg-info/pkg-info-autoloads.el
        * [1.226761] Scanning /home/luna/.emacs.d/.local/straight/build-28.1/epl/epl-autoloads.el
        * [1.227214] Scanning /home/luna/.emacs.d/.local/straight/build-28.1/embark/embark-autoloads.el
        * [1.227766] Scanning /home/luna/.emacs.d/.local/straight/build-28.1/embark-consult/embark-consult-autoloads.el
        * [1.228249] Scanning /home/luna/.emacs.d/.local/straight/build-28.1/marginalia/marginalia-autoloads.el
        * [1.228785] Scanning /home/luna/.emacs.d/.local/straight/build-28.1/wgrep/wgrep-autoloads.el
        * [1.229260] Scanning /home/luna/.emacs.d/.local/straight/build-28.1/doom-themes/doom-themes-autoloads.el
        * [1.230394] Scanning /home/luna/.emacs.d/.local/straight/build-28.1/solaire-mode/solaire-mode-autoloads.el
        * [1.230935] Scanning /home/luna/.emacs.d/.local/straight/build-28.1/hl-todo/hl-todo-autoloads.el
        * [1.231575] Scanning /home/luna/.emacs.d/.local/straight/build-28.1/doom-modeline/doom-modeline-autoloads.el
        * [1.232168] Scanning /home/luna/.emacs.d/.local/straight/build-28.1/shrink-path/shrink-path-autoloads.el
        * [1.232639] Scanning /home/luna/.emacs.d/.local/straight/build-28.1/anzu/anzu-autoloads.el
        * [1.233269] Scanning /home/luna/.emacs.d/.local/straight/build-28.1/evil-anzu/evil-anzu-autoloads.el
        * [1.233741] Scanning /home/luna/.emacs.d/.local/straight/build-28.1/evil/evil-autoloads.el
        * [1.234371] Scanning /home/luna/.emacs.d/.local/straight/build-28.1/goto-chg/goto-chg-autoloads.el
        * [1.234932] Scanning /home/luna/.emacs.d/.local/straight/build-28.1/evil-goggles/evil-goggles-autoloads.el
        * [1.235456] Scanning /home/luna/.emacs.d/.local/straight/build-28.1/git-gutter-fringe/git-gutter-fringe-autoloads.el
        * [1.235942] Scanning /home/luna/.emacs.d/.local/straight/build-28.1/git-gutter/git-gutter-autoloads.el
        * [1.236538] Scanning /home/luna/.emacs.d/.local/straight/build-28.1/fringe-helper/fringe-helper-autoloads.el
        * [1.237013] Scanning /home/luna/.emacs.d/.local/straight/build-28.1/vi-tilde-fringe/vi-tilde-fringe-autoloads.el
        * [1.237597] Scanning /home/luna/.emacs.d/.local/straight/build-28.1/persp-mode/persp-mode-autoloads.el
        * [1.238195] Scanning /home/luna/.emacs.d/.local/straight/build-28.1/evil-args/evil-args-autoloads.el
        * [1.238698] Scanning /home/luna/.emacs.d/.local/straight/build-28.1/evil-easymotion/evil-easymotion-autoloads.el
        * [1.239348] Scanning /home/luna/.emacs.d/.local/straight/build-28.1/avy/avy-autoloads.el
        * [1.240026] Scanning /home/luna/.emacs.d/.local/straight/build-28.1/evil-embrace/evil-embrace-autoloads.el
        * [1.240512] Scanning /home/luna/.emacs.d/.local/straight/build-28.1/embrace/embrace-autoloads.el
        * [1.241017] Scanning /home/luna/.emacs.d/.local/straight/build-28.1/expand-region/expand-region-autoloads.el
        * [1.241762] Scanning /home/luna/.emacs.d/.local/straight/build-28.1/evil-surround/evil-surround-autoloads.el
        * [1.242400] Scanning /home/luna/.emacs.d/.local/straight/build-28.1/evil-escape/evil-escape-autoloads.el
        * [1.242957] Scanning /home/luna/.emacs.d/.local/straight/build-28.1/evil-exchange/evil-exchange-autoloads.el
        * [1.243549] Scanning /home/luna/.emacs.d/.local/straight/build-28.1/evil-indent-plus/evil-indent-plus-autoloads.el
        * [1.244059] Scanning /home/luna/.emacs.d/.local/straight/build-28.1/evil-lion/evil-lion-autoloads.el
        * [1.244624] Scanning /home/luna/.emacs.d/.local/straight/build-28.1/evil-nerd-commenter/evil-nerd-commenter-autoloads.el
        * [1.245201] Scanning /home/luna/.emacs.d/.local/straight/build-28.1/evil-numbers/evil-numbers-autoloads.el
        * [1.245696] Scanning /home/luna/.emacs.d/.local/straight/build-28.1/evil-snipe/evil-snipe-autoloads.el
        * [1.246250] Scanning /home/luna/.emacs.d/.local/straight/build-28.1/evil-textobj-anyblock/evil-textobj-anyblock-autoloads.el
        * [1.246823] Scanning /home/luna/.emacs.d/.local/straight/build-28.1/evil-traces/evil-traces-autoloads.el
        * [1.247353] Scanning /home/luna/.emacs.d/.local/straight/build-28.1/evil-visualstar/evil-visualstar-autoloads.el
        * [1.247948] Scanning /home/luna/.emacs.d/.local/straight/build-28.1/exato/exato-autoloads.el
        * [1.248412] Scanning /home/luna/.emacs.d/.local/straight/build-28.1/evil-quick-diff/evil-quick-diff-autoloads.el
        * [1.248922] Scanning /home/luna/.emacs.d/.local/straight/build-28.1/evil-collection/evil-collection-autoloads.el
        * [1.249451] Scanning /home/luna/.emacs.d/.local/straight/build-28.1/annalist/annalist-autoloads.el
        * [1.249996] Scanning /home/luna/.emacs.d/.local/straight/build-28.1/yasnippet/yasnippet-autoloads.el
        * [1.250601] Scanning /home/luna/.emacs.d/.local/straight/build-28.1/vimish-fold/vimish-fold-autoloads.el
        * [1.251116] Scanning /home/luna/.emacs.d/.local/straight/build-28.1/evil-vimish-fold/evil-vimish-fold-autoloads.el
        * [1.251727] Scanning /home/luna/.emacs.d/.local/straight/build-28.1/auto-yasnippet/auto-yasnippet-autoloads.el
        * [1.252275] Scanning /home/luna/.emacs.d/.local/straight/build-28.1/doom-snippets/doom-snippets-autoloads.el
        * [1.252795] Scanning /home/luna/.emacs.d/.local/straight/build-28.1/diredfl/diredfl-autoloads.el
        * [1.253439] Scanning /home/luna/.emacs.d/.local/straight/build-28.1/dired-git-info/dired-git-info-autoloads.el
        * [1.253962] Scanning /home/luna/.emacs.d/.local/straight/build-28.1/diff-hl/diff-hl-autoloads.el
        * [1.254687] Scanning /home/luna/.emacs.d/.local/straight/build-28.1/dired-rsync/dired-rsync-autoloads.el
        * [1.255201] Scanning /home/luna/.emacs.d/.local/straight/build-28.1/fd-dired/fd-dired-autoloads.el
        * [1.255717] Scanning /home/luna/.emacs.d/.local/straight/build-28.1/undo-fu/undo-fu-autoloads.el
        * [1.256242] Scanning /home/luna/.emacs.d/.local/straight/build-28.1/undo-fu-session/undo-fu-session-autoloads.el
        * [1.256861] Scanning /home/luna/.emacs.d/.local/straight/build-28.1/browse-at-remote/browse-at-remote-autoloads.el
        * [1.257391] Scanning /home/luna/.emacs.d/.local/straight/build-28.1/git-commit/git-commit-autoloads.el
        * [1.257888] Scanning /home/luna/.emacs.d/.local/straight/build-28.1/transient/transient-autoloads.el
        * [1.258501] Scanning /home/luna/.emacs.d/.local/straight/build-28.1/with-editor/with-editor-autoloads.el
        * [1.259008] Scanning /home/luna/.emacs.d/.local/straight/build-28.1/git-timemachine/git-timemachine-autoloads.el
        * [1.259525] Scanning /home/luna/.emacs.d/.local/straight/build-28.1/git-modes/git-modes-autoloads.el
        * [1.260086] Scanning /home/luna/.emacs.d/.local/straight/build-28.1/flycheck-popup-tip/flycheck-popup-tip-autoloads.el
        * [1.260601] Scanning /home/luna/.emacs.d/.local/straight/build-28.1/popup/popup-autoloads.el
        * [1.261076] Scanning /home/luna/.emacs.d/.local/straight/build-28.1/quickrun/quickrun-autoloads.el
        * [1.261662] Scanning /home/luna/.emacs.d/.local/straight/build-28.1/eros/eros-autoloads.el
        * [1.262172] Scanning /home/luna/.emacs.d/.local/straight/build-28.1/dumb-jump/dumb-jump-autoloads.el
        * [1.262797] Scanning /home/luna/.emacs.d/.local/straight/build-28.1/request/request-autoloads.el
        * [1.263289] Scanning /home/luna/.emacs.d/.local/straight/build-28.1/magit/magit-autoloads.el
        * [1.265246] Scanning /home/luna/.emacs.d/.local/straight/build-28.1/magit-section/magit-section-autoloads.el
        * [1.265807] Scanning /home/luna/.emacs.d/.local/straight/build-28.1/magit-gitflow/magit-gitflow-autoloads.el
        * [1.266331] Scanning /home/luna/.emacs.d/.local/straight/build-28.1/magit-popup/magit-popup-autoloads.el
        * [1.266881] Scanning /home/luna/.emacs.d/.local/straight/build-28.1/magit-todos/magit-todos-autoloads.el
        * [1.267441] Scanning /home/luna/.emacs.d/.local/straight/build-28.1/async/async-autoloads.el
        * [1.268122] Scanning /home/luna/.emacs.d/.local/straight/build-28.1/code-review/code-review-autoloads.el
        * [1.268811] Scanning /home/luna/.emacs.d/.local/straight/build-28.1/closql/closql-autoloads.el
        * [1.269267] Scanning /home/luna/.emacs.d/.local/straight/build-28.1/a/a-autoloads.el
        * [1.269759] Scanning /home/luna/.emacs.d/.local/straight/build-28.1/ghub/ghub-autoloads.el
        * [1.270395] Scanning /home/luna/.emacs.d/.local/straight/build-28.1/treepy/treepy-autoloads.el
        * [1.270864] Scanning /home/luna/.emacs.d/.local/straight/build-28.1/uuidgen/uuidgen-autoloads.el
        * [1.271407] Scanning /home/luna/.emacs.d/.local/straight/build-28.1/deferred/deferred-autoloads.el
        * [1.271867] Scanning /home/luna/.emacs.d/.local/straight/build-28.1/markdown-mode/markdown-mode-autoloads.el
        * [1.272410] Scanning /home/luna/.emacs.d/.local/straight/build-28.1/forge/forge-autoloads.el
        * [1.273194] Scanning /home/luna/.emacs.d/.local/straight/build-28.1/emacsql-sqlite/emacsql-sqlite-autoloads.el
        * [1.273786] Scanning /home/luna/.emacs.d/.local/straight/build-28.1/emacsql/emacsql-autoloads.el
        * [1.274274] Scanning /home/luna/.emacs.d/.local/straight/build-28.1/yaml/yaml-autoloads.el
        * [1.274732] Scanning /home/luna/.emacs.d/.local/straight/build-28.1/emojify/emojify-autoloads.el
        * [1.275244] Scanning /home/luna/.emacs.d/.local/straight/build-28.1/ht/ht-autoloads.el
        * [1.275697] Scanning /home/luna/.emacs.d/.local/straight/build-28.1/highlight-quoted/highlight-quoted-autoloads.el
        * [1.276223] Scanning /home/luna/.emacs.d/.local/straight/build-28.1/macrostep/macrostep-autoloads.el
        * [1.276811] Scanning /home/luna/.emacs.d/.local/straight/build-28.1/overseer/overseer-autoloads.el
        * [1.277346] Scanning /home/luna/.emacs.d/.local/straight/build-28.1/elisp-def/elisp-def-autoloads.el
        * [1.277848] Scanning /home/luna/.emacs.d/.local/straight/build-28.1/elisp-demos/elisp-demos-autoloads.el
        * [1.278333] Scanning /home/luna/.emacs.d/.local/straight/build-28.1/flycheck-package/flycheck-package-autoloads.el
        * [1.278814] Scanning /home/luna/.emacs.d/.local/straight/build-28.1/package-lint/package-lint-autoloads.el
        * [1.279342] Scanning /home/luna/.emacs.d/.local/straight/build-28.1/flycheck-cask/flycheck-cask-autoloads.el
        * [1.279891] Scanning /home/luna/.emacs.d/.local/straight/build-28.1/buttercup/buttercup-autoloads.el
        * [1.280469] Scanning /home/luna/.emacs.d/.local/straight/build-28.1/markdown-toc/markdown-toc-autoloads.el
        * [1.281049] Scanning /home/luna/.emacs.d/.local/straight/build-28.1/edit-indirect/edit-indirect-autoloads.el
        * [1.281584] Scanning /home/luna/.emacs.d/.local/straight/build-28.1/evil-markdown/evil-markdown-autoloads.el
        * [1.282112] Scanning /home/luna/.emacs.d/.local/straight/build-28.1/org/org-autoloads.el
        * [1.283280] Scanning /home/luna/.emacs.d/.local/straight/build-28.1/org-contrib/org-contrib-autoloads.el
        * [1.284010] Scanning /home/luna/.emacs.d/.local/straight/build-28.1/htmlize/htmlize-autoloads.el
        * [1.284631] Scanning /home/luna/.emacs.d/.local/straight/build-28.1/org-yt/org-yt-autoloads.el
        * [1.285101] Scanning /home/luna/.emacs.d/.local/straight/build-28.1/ox-clip/ox-clip-autoloads.el
        * [1.285605] Scanning /home/luna/.emacs.d/.local/straight/build-28.1/toc-org/toc-org-autoloads.el
        * [1.286113] Scanning /home/luna/.emacs.d/.local/straight/build-28.1/org-cliplink/org-cliplink-autoloads.el
        * [1.286677] Scanning /home/luna/.emacs.d/.local/straight/build-28.1/evil-org/evil-org-autoloads.el
        * [1.287288] Scanning /home/luna/.emacs.d/.local/straight/build-28.1/orgit/orgit-autoloads.el
        * [1.288027] Scanning /home/luna/.emacs.d/.local/straight/build-28.1/ob-async/ob-async-autoloads.el
        * [1.288556] Scanning /home/luna/.emacs.d/.local/straight/build-28.1/company-shell/company-shell-autoloads.el
        * [1.289064] Scanning /home/luna/.emacs.d/.local/straight/build-28.1/drag-stuff/drag-stuff-autoloads.el
        * [1.289713] Scanning /home/luna/.emacs.d/.local/straight/build-28.1/link-hint/link-hint-autoloads.el
        * [1.290293] Scanning /home/luna/.emacs.d/.local/straight/build-28.1/highlight-indent-guides/highlight-indent-guides-autoloads.el
        * [1.290836] Scanning /home/luna/.emacs.d/.local/straight/build-28.1/minimap/minimap-autoloads.el
        * [1.291363] Scanning /home/luna/.emacs.d/.local/straight/build-28.1/treemacs/treemacs-autoloads.el
        * [1.292340] Scanning /home/luna/.emacs.d/.local/straight/build-28.1/ace-window/ace-window-autoloads.el
        * [1.292977] Scanning /home/luna/.emacs.d/.local/straight/build-28.1/pfuture/pfuture-autoloads.el
        * [1.293482] Scanning /home/luna/.emacs.d/.local/straight/build-28.1/hydra/hydra-autoloads.el
        * [1.294102] Scanning /home/luna/.emacs.d/.local/straight/build-28.1/lv/lv-autoloads.el
        * [1.294567] Scanning /home/luna/.emacs.d/.local/straight/build-28.1/cfrs/cfrs-autoloads.el
        * [1.295052] Scanning /home/luna/.emacs.d/.local/straight/build-28.1/posframe/posframe-autoloads.el
        * [1.295644] Scanning /home/luna/.emacs.d/.local/straight/build-28.1/treemacs-evil/treemacs-evil-autoloads.el
        * [1.296118] Scanning /home/luna/.emacs.d/.local/straight/build-28.1/treemacs-projectile/treemacs-projectile-autoloads.el
        * [1.296618] Scanning /home/luna/.emacs.d/.local/straight/build-28.1/treemacs-magit/treemacs-magit-autoloads.el
        * [1.297092] Scanning /home/luna/.emacs.d/.local/straight/build-28.1/treemacs-persp/treemacs-persp-autoloads.el
        * [1.297576] Scanning /home/luna/.emacs.d/.local/straight/build-28.1/lsp-treemacs/lsp-treemacs-autoloads.el
        * [1.298200] Scanning /home/luna/.emacs.d/.local/straight/build-28.1/lsp-mode/lsp-mode-autoloads.el
        * [1.299369] Scanning /home/luna/.emacs.d/.local/straight/build-28.1/spinner/spinner-autoloads.el
        * [1.299978] Scanning /home/luna/.emacs.d/.local/straight/build-28.1/format-all/format-all-autoloads.el
        * [1.300502] Scanning /home/luna/.emacs.d/.local/straight/build-28.1/evil-multiedit/evil-multiedit-autoloads.el
        * [1.301086] Scanning /home/luna/.emacs.d/.local/straight/build-28.1/iedit/iedit-autoloads.el
        * [1.301610] Scanning /home/luna/.emacs.d/.local/straight/build-28.1/evil-mc/evil-mc-autoloads.el
        * [1.302302] Scanning /home/luna/.emacs.d/.local/straight/build-28.1/vterm/vterm-autoloads.el
        * [1.302910] Scanning /home/luna/.emacs.d/.local/straight/build-28.1/lsp-ui/lsp-ui-autoloads.el
        * [1.303546] Scanning /home/luna/.emacs.d/.local/straight/build-28.1/consult-lsp/consult-lsp-autoloads.el
        * [1.304055] Scanning /home/luna/.emacs.d/.local/straight/build-28.1/rainbow-mode/rainbow-mode-autoloads.el
        * [1.304570] Scanning /home/luna/.emacs.d/.local/straight/build-28.1/kurecolor/kurecolor-autoloads.el
        * [1.305231] Scanning /home/luna/.emacs.d/.local/straight/build-28.1/sly/sly-autoloads.el
        * [1.305749] Scanning /home/luna/.emacs.d/.local/straight/build-28.1/sly-macrostep/sly-macrostep-autoloads.el
        * [1.306439] Scanning /home/luna/.emacs.d/.local/straight/build-28.1/sly-repl-ansi-color/sly-repl-ansi-color-autoloads.el
        * [1.306985] Scanning /home/luna/.emacs.d/.local/straight/build-28.1/csharp-mode/csharp-mode-autoloads.el
        * [1.307501] Scanning /home/luna/.emacs.d/.local/straight/build-28.1/csproj-mode/csproj-mode-autoloads.el
        * [1.307998] Scanning /home/luna/.emacs.d/.local/straight/build-28.1/sln-mode/sln-mode-autoloads.el
        * [1.308464] Scanning /home/luna/.emacs.d/.local/straight/build-28.1/shader-mode/shader-mode-autoloads.el
        * [1.308929] Scanning /home/luna/.emacs.d/.local/straight/build-28.1/gdscript-mode/gdscript-mode-autoloads.el
        * [1.309647] Scanning /home/luna/.emacs.d/.local/straight/build-28.1/rjsx-mode/rjsx-mode-autoloads.el
        * [1.310192] Scanning /home/luna/.emacs.d/.local/straight/build-28.1/js2-mode/js2-mode-autoloads.el
        * [1.310809] Scanning /home/luna/.emacs.d/.local/straight/build-28.1/typescript-mode/typescript-mode-autoloads.el
        * [1.311315] Scanning /home/luna/.emacs.d/.local/straight/build-28.1/js2-refactor/js2-refactor-autoloads.el
        * [1.311921] Scanning /home/luna/.emacs.d/.local/straight/build-28.1/multiple-cursors/multiple-cursors-autoloads.el
        * [1.312678] Scanning /home/luna/.emacs.d/.local/straight/build-28.1/npm-mode/npm-mode-autoloads.el
        * [1.313265] Scanning /home/luna/.emacs.d/.local/straight/build-28.1/add-node-modules-path/add-node-modules-path-autoloads.el
        * [1.313772] Scanning /home/luna/.emacs.d/.local/straight/build-28.1/nodejs-repl/nodejs-repl-autoloads.el
        * [1.314282] Scanning /home/luna/.emacs.d/.local/straight/build-28.1/skewer-mode/skewer-mode-autoloads.el
        * [1.314921] Scanning /home/luna/.emacs.d/.local/straight/build-28.1/simple-httpd/simple-httpd-autoloads.el
        * [1.315419] Scanning /home/luna/.emacs.d/.local/straight/build-28.1/tide/tide-autoloads.el
        * [1.316090] Scanning /home/luna/.emacs.d/.local/straight/build-28.1/xref-js2/xref-js2-autoloads.el
        * [1.316569] Scanning /home/luna/.emacs.d/.local/straight/build-28.1/lua-mode/lua-mode-autoloads.el
        * [1.317086] Scanning /home/luna/.emacs.d/.local/straight/build-28.1/company-lua/company-lua-autoloads.el
        * [1.317577] Scanning /home/luna/.emacs.d/.local/straight/build-28.1/nix-mode/nix-mode-autoloads.el
        * [1.318396] Scanning /home/luna/.emacs.d/.local/straight/build-28.1/nix-update/nix-update-autoloads.el
        * [1.318863] Scanning /home/luna/.emacs.d/.local/straight/build-28.1/company-nixos-options/company-nixos-options-autoloads.el
        * [1.319352] Scanning /home/luna/.emacs.d/.local/straight/build-28.1/nixos-options/nixos-options-autoloads.el
        * [1.319846] Scanning /home/luna/.emacs.d/.local/straight/build-28.1/org-download/org-download-autoloads.el
        * [1.320338] Scanning /home/luna/.emacs.d/.local/straight/build-28.1/org-appear/org-appear-autoloads.el
        * [1.320852] Scanning /home/luna/.emacs.d/.local/straight/build-28.1/org-superstar/org-superstar-autoloads.el
        * [1.321395] Scanning /home/luna/.emacs.d/.local/straight/build-28.1/org-fancy-priorities/org-fancy-priorities-autoloads.el
        * [1.321917] Scanning /home/luna/.emacs.d/.local/straight/build-28.1/org-roam/org-roam-autoloads.el
        * [1.322620] Scanning /home/luna/.emacs.d/.local/straight/build-28.1/ox-hugo/ox-hugo-autoloads.el
        * [1.323264] Scanning /home/luna/.emacs.d/.local/straight/build-28.1/tomelr/tomelr-autoloads.el
        * [1.323739] Scanning /home/luna/.emacs.d/.local/straight/build-28.1/map/map-autoloads.el
        * [1.324207] Scanning /home/luna/.emacs.d/.local/straight/build-28.1/yaml-mode/yaml-mode-autoloads.el
        * [1.324756] Scanning /home/luna/.emacs.d/.local/straight/build-28.1/elcord/elcord-autoloads.el
    > Byte-compiling autoloads file...
    ✓ Generated .local/autoloads.28.1.elc
  - Restart Emacs or use 'M-x doom/reload' for changes to take effect
✓ Finished in 1.95447s
* [1.485364] GC count: 0 (0.000000s)
