* [0.072386] Starting!
* [0.072418] doom-cli-run: (emacs --no-splash --load /home/luna/.emacs.d/bin/doom -- sync -e)
* [0.072328] Starting!
* [0.072360] doom-cli-run: (emacs --no-splash --load /home/luna/.emacs.d/bin/doom -- sync -e)
* [0.072426] doom-cli-context-execute: found (doom)
* [0.072625] Autoloading /home/luna/.emacs.d/core/cli/sync.el
* [0.081335] doom-cli-context-execute: found (doom sync)
* [0.081528] Found switch: -e
* [0.081711] doom-cli-context-execute: doom sync
* [0.081953] doom-cli-execute: (:before) ((input) (context . #s(doom-cli-context (25300 32957 649845 320000) 43467 1 (209 . 14) nil nil doom nil nil (doom sync) nil (sync -e) ((--jobs) (-j) (-p) (-u) (-c) (-e . -e) (--eval) (-E) (--strict-load) (--load) (-L) (--color) (--pager) (--emacsdir) (--doomdir) (--debug) (-D) (--force) (-!)) ((t) ((doom sync) -e) ((doom) sync -e))  *doom-cli stdin*  *doom-cli stdout*  *doom-cli stderr* nil)) (_) (evals) (loads) (color?) (pager) (emacsdir) (doomdir) (debug?) (force?))
* [0.081997] doom-cli-execute: (:before doom build) nil
* [0.096208] Initializing straight
* [0.139726] Initializing recipes
* [0.142095] Installing core packages
* [0.142471] doom-cli-execute: (doom sync) ((jobs) (purge?) (update?) (noelc?) (noenvvar? . -e))
> Compiling your literate config...
  Tangled 16 code blocks from config.org
Restarting...
* [0.072665] Restored context: 43467
* [0.072734] Autoloading /home/luna/.emacs.d/core/cli/sync.el
* [0.081354] doom-cli-context-execute: doom sync
* [0.081667] doom-cli-execute: (:before) ((input) (context . #s(doom-cli-context (25300 32957 649845 320000) 43467 2 (209 . 14) nil nil doom nil nil (doom sync) nil (sync -e) ((--jobs) (-j) (-p) (-u) (-c) (-e . -e) (--eval) (-E) (--strict-load) (--load) (-L) (--color) (--pager) (--emacsdir) (--doomdir) (--debug) (-D) (--force) (-!)) ((t) ((doom sync) -e) ((doom) sync -e))  *doom-cli stdin*  *doom-cli stdout*  *doom-cli stderr* nil)) (_) (evals) (loads) (color?) (pager) (emacsdir) (doomdir) (debug?) (force?))
* [0.081749] doom-cli-execute: (:before doom build) nil
* [0.095902] Initializing straight
* [0.139148] Initializing recipes
* [0.141405] Installing core packages
* [0.141756] doom-cli-execute: (doom sync) ((jobs) (purge?) (update?) (noelc?) (noenvvar? . -e))
> Synchronizing your config with Doom Emacs...
    * [0.142081] Initializing package.el
    * [0.270758] Initializing straight.el
  > Installing packages...
    - No packages need to be installed
  > (Re)building packages...
    - No packages need rebuilding
  > Purging orphaned packages (for the emperor)...
    - No builds to purge
    - Skipping elpa packages
    - Skipping repos
    - Skipping regrafting
  > (Re)generating autoloads file...
    > Generating autoloads file...
        * [1.021308] Scanning /home/luna/.emacs.d/core/autoload/buffers.el
        * [1.023495] Scanning /home/luna/.emacs.d/core/autoload/config.el
        * [1.024520] Scanning /home/luna/.emacs.d/core/autoload/debug.el
        * [1.026216] Scanning /home/luna/.emacs.d/core/autoload/files.el
        * [1.027935] Scanning /home/luna/.emacs.d/core/autoload/fonts.el
        * [1.029516] Scanning /home/luna/.emacs.d/core/autoload/help.el
        * [1.031746] Scanning /home/luna/.emacs.d/core/autoload/packages.el
        * [1.033059] Scanning /home/luna/.emacs.d/core/autoload/plist.el
        * [1.034005] Scanning /home/luna/.emacs.d/core/autoload/print.el
        * [1.035873] Scanning /home/luna/.emacs.d/core/autoload/process.el
        * [1.036769] Scanning /home/luna/.emacs.d/core/autoload/projects.el
        * [1.038087] Scanning /home/luna/.emacs.d/core/autoload/sandbox.el
        * [1.039084] Scanning /home/luna/.emacs.d/core/autoload/scratch.el
        * [1.040304] Scanning /home/luna/.emacs.d/core/autoload/sessions.el
        * [1.041388] Scanning /home/luna/.emacs.d/core/autoload/store.el
        * [1.042574] Scanning /home/luna/.emacs.d/core/autoload/system.el
        * [1.043590] Scanning /home/luna/.emacs.d/core/autoload/text.el
        * [1.045410] Scanning /home/luna/.emacs.d/core/autoload/themes.el
        * [1.046390] Scanning /home/luna/.emacs.d/core/autoload/ui.el
        * [1.047871] Scanning /home/luna/.emacs.d/modules/app/calendar/autoload.el
        * [1.048257] Scanning /home/luna/.emacs.d/modules/app/emms/autoload.el
        * [1.048628] Scanning /home/luna/.emacs.d/modules/app/irc/autoload/irc.el
        * [1.049052] Scanning /home/luna/.emacs.d/modules/app/irc/autoload/ivy.el
        * [1.049458] Scanning /home/luna/.emacs.d/modules/app/irc/autoload/settings.el
        * [1.049961] Scanning /home/luna/.emacs.d/modules/app/irc/autoload/vertico.el
        * [1.050363] Scanning /home/luna/.emacs.d/modules/app/rss/autoload.el
        * [1.050797] Scanning /home/luna/.emacs.d/modules/app/twitter/autoload.el
        * [1.051177] Scanning /home/luna/.emacs.d/modules/checkers/spell/autoload/+flyspell.el
        * [1.051676] Scanning /home/luna/.emacs.d/modules/checkers/spell/autoload/+spell-fu.el
        * [1.052128] Scanning /home/luna/.emacs.d/modules/checkers/syntax/autoload.el
        * [1.052991] Scanning /home/luna/.emacs.d/modules/completion/company/autoload.el
        * [1.054208] Scanning /home/luna/.emacs.d/modules/completion/helm/autoload/evil.el
        * [1.054620] Scanning /home/luna/.emacs.d/modules/completion/helm/autoload/helm.el
        * [1.055042] Scanning /home/luna/.emacs.d/modules/completion/helm/autoload/posframe.el
        * [1.055453] Scanning /home/luna/.emacs.d/modules/completion/ivy/autoload/evil.el
        * [1.055854] Scanning /home/luna/.emacs.d/modules/completion/ivy/autoload/hydras.el
        * [1.056264] Scanning /home/luna/.emacs.d/modules/completion/ivy/autoload/ivy.el
        * [1.056778] Scanning /home/luna/.emacs.d/modules/completion/ivy/autoload/posframe.el
        * [1.057177] Scanning /home/luna/.emacs.d/modules/completion/vertico/autoload/evil.el
        * [1.067900] Scanning /home/luna/.emacs.d/modules/completion/vertico/autoload/magit.el
        * [1.068764] Scanning /home/luna/.emacs.d/modules/completion/vertico/autoload/vertico.el
        * [1.070314] Scanning /home/luna/.emacs.d/modules/completion/vertico/autoload/workspaces.el
        * [1.071339] Scanning /home/luna/.emacs.d/modules/config/default/autoload/default.el
        * [1.072320] Scanning /home/luna/.emacs.d/modules/config/default/autoload/deferred.el
        * [1.073171] Scanning /home/luna/.emacs.d/modules/config/default/autoload/files.el
        * [1.074326] Scanning /home/luna/.emacs.d/modules/config/default/autoload/search.el
        * [1.075567] Scanning /home/luna/.emacs.d/modules/config/default/autoload/text.el
        * [1.076862] Scanning /home/luna/.emacs.d/modules/config/literate/autoload.el
        * [1.077973] Scanning /home/luna/.emacs.d/modules/editor/evil/autoload/advice.el
        * [1.079440] Scanning /home/luna/.emacs.d/modules/editor/evil/autoload/embrace.el
        * [1.080589] Scanning /home/luna/.emacs.d/modules/editor/evil/autoload/evil.el
        * [1.082067] Scanning /home/luna/.emacs.d/modules/editor/evil/autoload/ex.el
        * [1.083338] Scanning /home/luna/.emacs.d/modules/editor/evil/autoload/files.el
        * [1.084314] Scanning /home/luna/.emacs.d/modules/editor/evil/autoload/textobjects.el
        * [1.085385] Scanning /home/luna/.emacs.d/modules/editor/evil/autoload/unimpaired.el
        * [1.087066] Scanning /home/luna/.emacs.d/modules/editor/file-templates/autoload.el
        * [1.088275] Scanning /home/luna/.emacs.d/modules/editor/fold/autoload/fold.el
        * [1.089536] Scanning /home/luna/.emacs.d/modules/editor/fold/autoload/hideshow.el
        * [1.090662] Scanning /home/luna/.emacs.d/modules/editor/format/autoload/evil.el
        * [1.091613] Scanning /home/luna/.emacs.d/modules/editor/format/autoload/format.el
        * [1.100578] Scanning /home/luna/.emacs.d/modules/editor/format/autoload/settings.el
        * [1.101886] Scanning /home/luna/.emacs.d/modules/editor/god/autoload.el
        * [1.102263] Scanning /home/luna/.emacs.d/modules/editor/multiple-cursors/autoload/evil-mc.el
        * [1.103461] Scanning /home/luna/.emacs.d/modules/editor/rotate-text/autoload.el
        * [1.103909] Scanning /home/luna/.emacs.d/modules/editor/snippets/autoload/settings.el
        * [1.104749] Scanning /home/luna/.emacs.d/modules/editor/snippets/autoload/snippets.el
        * [1.106329] Scanning /home/luna/.emacs.d/modules/editor/word-wrap/autoload.el
        * [1.106762] Scanning /home/luna/.emacs.d/modules/emacs/dired/autoload.el
        * [1.107568] Scanning /home/luna/.emacs.d/modules/emacs/electric/autoload.el
        * [1.108453] Scanning /home/luna/.emacs.d/modules/emacs/ibuffer/autoload/workspaces.el
        * [1.108872] Scanning /home/luna/.emacs.d/modules/emacs/vc/autoload/bug-reference-backport.el
        * [1.109433] Scanning /home/luna/.emacs.d/modules/emacs/vc/autoload/hydra.el
        * [1.109998] Scanning /home/luna/.emacs.d/modules/emacs/vc/autoload/vc.el
        * [1.110963] Scanning /home/luna/.emacs.d/modules/email/mu4e/autoload/advice.el
        * [1.111419] Scanning /home/luna/.emacs.d/modules/email/mu4e/autoload/email.el
        * [1.111991] Scanning /home/luna/.emacs.d/modules/email/mu4e/autoload/evil.el
        * [1.112398] Scanning /home/luna/.emacs.d/modules/email/mu4e/autoload/mu-lock.el
        * [1.112825] Scanning /home/luna/.emacs.d/modules/email/notmuch/autoload.el
        * [1.113232] Scanning /home/luna/.emacs.d/modules/email/wanderlust/autoload.el
        * [1.113611] Scanning /home/luna/.emacs.d/modules/input/layout/autoload/bepo.el
        * [1.114103] Scanning /home/luna/.emacs.d/modules/lang/beancount/autoload.el
        * [1.114575] Scanning /home/luna/.emacs.d/modules/lang/cc/autoload.el
        * [1.114998] Scanning /home/luna/.emacs.d/modules/lang/clojure/autoload.el
        * [1.115365] Scanning /home/luna/.emacs.d/modules/lang/common-lisp/autoload/common-lisp.el
        * [1.116170] Scanning /home/luna/.emacs.d/modules/lang/csharp/autoload.el
        * [1.117037] Scanning /home/luna/.emacs.d/modules/lang/emacs-lisp/autoload.el
        * [1.118604] Scanning /home/luna/.emacs.d/modules/lang/ess/autoload.el
        * [1.118963] Scanning /home/luna/.emacs.d/modules/lang/faust/autoload.el
        * [1.119346] Scanning /home/luna/.emacs.d/modules/lang/fortran/autoload.el
        * [1.119771] Scanning /home/luna/.emacs.d/modules/lang/go/autoload.el
        * [1.120177] Scanning /home/luna/.emacs.d/modules/lang/graphql/autoload.el
        * [1.120543] Scanning /home/luna/.emacs.d/modules/lang/haskell/autoload.el
        * [1.120904] Scanning /home/luna/.emacs.d/modules/lang/java/autoload/java.el
        * [1.121314] Scanning /home/luna/.emacs.d/modules/lang/java/autoload/lsp.el
        * [1.121707] Scanning /home/luna/.emacs.d/modules/lang/javascript/autoload.el
        * [1.122761] Scanning /home/luna/.emacs.d/modules/lang/julia/autoload.el
        * [1.123430] Scanning /home/luna/.emacs.d/modules/lang/kotlin/autoload.el
        * [1.123847] Scanning /home/luna/.emacs.d/modules/lang/latex/autoload.el
        * [1.124253] Scanning /home/luna/.emacs.d/modules/lang/lua/autoload/lua.el
        * [1.125186] Scanning /home/luna/.emacs.d/modules/lang/lua/autoload/moonscript.el
        * [1.125722] Scanning /home/luna/.emacs.d/modules/lang/markdown/autoload.el
        * [1.126851] Scanning /home/luna/.emacs.d/modules/lang/nix/autoload.el
        * [1.127832] Scanning /home/luna/.emacs.d/modules/lang/ocaml/autoload.el
        * [1.128211] Scanning /home/luna/.emacs.d/modules/lang/org/autoload/contrib-ipython.el
        * [1.128834] Scanning /home/luna/.emacs.d/modules/lang/org/autoload/contrib-present.el
        * [1.129388] Scanning /home/luna/.emacs.d/modules/lang/org/autoload/contrib-roam2.el
        * [1.130699] Scanning /home/luna/.emacs.d/modules/lang/org/autoload/org-attach.el
        * [1.131757] Scanning /home/luna/.emacs.d/modules/lang/org/autoload/org-avy.el
        * [1.132616] Scanning /home/luna/.emacs.d/modules/lang/org/autoload/org-babel.el
        * [1.133705] Scanning /home/luna/.emacs.d/modules/lang/org/autoload/org-capture.el
        * [1.135007] Scanning /home/luna/.emacs.d/modules/lang/org/autoload/org-export.el
        * [1.135969] Scanning /home/luna/.emacs.d/modules/lang/org/autoload/org-link.el
        * [1.137571] Scanning /home/luna/.emacs.d/modules/lang/org/autoload/org-refile.el
        * [1.138730] Scanning /home/luna/.emacs.d/modules/lang/org/autoload/org-tables.el
        * [1.139800] Scanning /home/luna/.emacs.d/modules/lang/org/autoload/org.el
        * [1.142049] Scanning /home/luna/.emacs.d/modules/lang/php/autoload.el
        * [1.142427] Scanning /home/luna/.emacs.d/modules/lang/plantuml/autoload.el
        * [1.142829] Scanning /home/luna/.emacs.d/modules/lang/python/autoload/conda.el
        * [1.143325] Scanning /home/luna/.emacs.d/modules/lang/python/autoload/pyenv.el
        * [1.143792] Scanning /home/luna/.emacs.d/modules/lang/python/autoload/python.el
        * [1.144228] Scanning /home/luna/.emacs.d/modules/lang/qt/autoload.el
        * [1.144593] Scanning /home/luna/.emacs.d/modules/lang/racket/autoload.el
        * [1.144960] Scanning /home/luna/.emacs.d/modules/lang/rest/autoload.el
        * [1.145326] Scanning /home/luna/.emacs.d/modules/lang/ruby/autoload.el
        * [1.145697] Scanning /home/luna/.emacs.d/modules/lang/rust/autoload.el
        * [1.146065] Scanning /home/luna/.emacs.d/modules/lang/scala/autoload.el
        * [1.146437] Scanning /home/luna/.emacs.d/modules/lang/scheme/autoload.el
        * [1.146845] Scanning /home/luna/.emacs.d/modules/lang/sh/autoload.el
        * [1.147931] Scanning /home/luna/.emacs.d/modules/lang/terra/autoload.el
        * [1.148296] Scanning /home/luna/.emacs.d/modules/lang/web/autoload/css.el
        * [1.148716] Scanning /home/luna/.emacs.d/modules/lang/web/autoload/evil.el
        * [1.149115] Scanning /home/luna/.emacs.d/modules/lang/web/autoload/html.el
        * [1.149557] Scanning /home/luna/.emacs.d/modules/os/macos/autoload.el
        * [1.149977] Scanning /home/luna/.emacs.d/modules/term/eshell/autoload/backport.el
        * [1.150466] Scanning /home/luna/.emacs.d/modules/term/eshell/autoload/commands.el
        * [1.150915] Scanning /home/luna/.emacs.d/modules/term/eshell/autoload/company.el
        * [1.151320] Scanning /home/luna/.emacs.d/modules/term/eshell/autoload/eshell.el
        * [1.151773] Scanning /home/luna/.emacs.d/modules/term/eshell/autoload/evil.el
        * [1.152233] Scanning /home/luna/.emacs.d/modules/term/eshell/autoload/prompts.el
        * [1.152634] Scanning /home/luna/.emacs.d/modules/term/eshell/autoload/settings.el
        * [1.153100] Scanning /home/luna/.emacs.d/modules/term/shell/autoload.el
        * [1.153536] Scanning /home/luna/.emacs.d/modules/term/term/autoload.el
        * [1.153903] Scanning /home/luna/.emacs.d/modules/term/vterm/autoload.el
        * [1.154804] Scanning /home/luna/.emacs.d/modules/tools/debugger/autoload/debugger.el
        * [1.155240] Scanning /home/luna/.emacs.d/modules/tools/debugger/autoload/evil.el
        * [1.155647] Scanning /home/luna/.emacs.d/modules/tools/editorconfig/autoload.el
        * [1.156043] Scanning /home/luna/.emacs.d/modules/tools/eval/autoload/eval.el
        * [1.157264] Scanning /home/luna/.emacs.d/modules/tools/eval/autoload/evil.el
        * [1.158238] Scanning /home/luna/.emacs.d/modules/tools/eval/autoload/repl.el
        * [1.159319] Scanning /home/luna/.emacs.d/modules/tools/eval/autoload/settings.el
        * [1.160464] Scanning /home/luna/.emacs.d/modules/tools/gist/autoload/evil.el
        * [1.160899] Scanning /home/luna/.emacs.d/modules/tools/lookup/autoload/docsets.el
        * [1.161576] Scanning /home/luna/.emacs.d/modules/tools/lookup/autoload/evil.el
        * [1.162678] Scanning /home/luna/.emacs.d/modules/tools/lookup/autoload/lookup.el
        * [1.164468] Scanning /home/luna/.emacs.d/modules/tools/lookup/autoload/online.el
        * [1.165550] Scanning /home/luna/.emacs.d/modules/tools/lookup/autoload/xwidget.el
        * [1.166420] Scanning /home/luna/.emacs.d/modules/tools/lsp/autoload/common.el
        * [1.167293] Scanning /home/luna/.emacs.d/modules/tools/lsp/autoload/eglot.el
        * [1.167906] Scanning /home/luna/.emacs.d/modules/tools/lsp/autoload/flycheck-eglot.el
        * [1.168973] Scanning /home/luna/.emacs.d/modules/tools/lsp/autoload/lsp-mode.el
        * [1.170102] Scanning /home/luna/.emacs.d/modules/tools/magit/autoload.el
        * [1.171259] Scanning /home/luna/.emacs.d/modules/tools/make/autoload.el
        * [1.171627] Scanning /home/luna/.emacs.d/modules/tools/pass/autoload/consult.el
        * [1.172028] Scanning /home/luna/.emacs.d/modules/tools/pass/autoload/ivy.el
        * [1.172424] Scanning /home/luna/.emacs.d/modules/tools/pass/autoload/pass.el
        * [1.172837] Scanning /home/luna/.emacs.d/modules/tools/prodigy/autoload.el
        * [1.173234] Scanning /home/luna/.emacs.d/modules/tools/rgb/autoload.el
        * [1.173720] Scanning /home/luna/.emacs.d/modules/tools/taskrunner/autoload.el
        * [1.174078] Scanning /home/luna/.emacs.d/modules/tools/tmux/autoload/evil.el
        * [1.174530] Scanning /home/luna/.emacs.d/modules/tools/tmux/autoload/tmux.el
        * [1.175005] Scanning /home/luna/.emacs.d/modules/tools/tree-sitter/autoload.el
        * [1.175398] Scanning /home/luna/.emacs.d/modules/ui/doom-dashboard/autoload.el
        * [1.176344] Scanning /home/luna/.emacs.d/modules/ui/hydra/autoload/windows.el
        * [1.176792] Scanning /home/luna/.emacs.d/modules/ui/ligatures/autoload/install.el
        * [1.177216] Scanning /home/luna/.emacs.d/modules/ui/ligatures/autoload/ligatures.el
        * [1.177749] Scanning /home/luna/.emacs.d/modules/ui/modeline/autoload.el
        * [1.178697] Scanning /home/luna/.emacs.d/modules/ui/nav-flash/autoload.el
        * [1.179072] Scanning /home/luna/.emacs.d/modules/ui/neotree/autoload.el
        * [1.179513] Scanning /home/luna/.emacs.d/modules/ui/popup/autoload/popup.el
        * [1.181857] Scanning /home/luna/.emacs.d/modules/ui/popup/autoload/settings.el
        * [1.183186] Scanning /home/luna/.emacs.d/modules/ui/tabs/autoload.el
        * [1.183588] Scanning /home/luna/.emacs.d/modules/ui/treemacs/autoload.el
        * [1.184397] Scanning /home/luna/.emacs.d/modules/ui/unicode/autoload.el
        * [1.184814] Scanning /home/luna/.emacs.d/modules/ui/vc-gutter/autoload.el
        * [1.185309] Scanning /home/luna/.emacs.d/modules/ui/vi-tilde-fringe/autoload.el
        * [1.186067] Scanning /home/luna/.emacs.d/modules/ui/workspaces/autoload/evil.el
        * [1.187136] Scanning /home/luna/.emacs.d/modules/ui/workspaces/autoload/workspaces.el
        * [1.189557] Scanning /home/luna/.emacs.d/modules/ui/zen/autoload.el
        * [1.200218] Scanning /home/luna/.emacs.d/.local/straight/build-28.1/straight/straight-autoloads.el
        * [1.201102] Scanning /home/luna/.emacs.d/.local/straight/build-28.1/use-package/use-package-autoloads.el
        * [1.201788] Scanning /home/luna/.emacs.d/.local/straight/build-28.1/bind-key/bind-key-autoloads.el
        * [1.202395] Scanning /home/luna/.emacs.d/.local/straight/build-28.1/auto-minor-mode/auto-minor-mode-autoloads.el
        * [1.202934] Scanning /home/luna/.emacs.d/.local/straight/build-28.1/gcmh/gcmh-autoloads.el
        * [1.203490] Scanning /home/luna/.emacs.d/.local/straight/build-28.1/explain-pause-mode/explain-pause-mode-autoloads.el
        * [1.203988] Scanning /home/luna/.emacs.d/.local/straight/build-28.1/all-the-icons/all-the-icons-autoloads.el
        * [1.204563] Scanning /home/luna/.emacs.d/.local/straight/build-28.1/hide-mode-line/hide-mode-line-autoloads.el
        * [1.205248] Scanning /home/luna/.emacs.d/.local/straight/build-28.1/highlight-numbers/highlight-numbers-autoloads.el
        * [1.205747] Scanning /home/luna/.emacs.d/.local/straight/build-28.1/parent-mode/parent-mode-autoloads.el
        * [1.206227] Scanning /home/luna/.emacs.d/.local/straight/build-28.1/rainbow-delimiters/rainbow-delimiters-autoloads.el
        * [1.206803] Scanning /home/luna/.emacs.d/.local/straight/build-28.1/restart-emacs/restart-emacs-autoloads.el
        * [1.207401] Scanning /home/luna/.emacs.d/.local/straight/build-28.1/better-jumper/better-jumper-autoloads.el
        * [1.207934] Scanning /home/luna/.emacs.d/.local/straight/build-28.1/dtrt-indent/dtrt-indent-autoloads.el
        * [1.208576] Scanning /home/luna/.emacs.d/.local/straight/build-28.1/helpful/helpful-autoloads.el
        * [1.209106] Scanning /home/luna/.emacs.d/.local/straight/build-28.1/dash/dash-autoloads.el
        * [1.209704] Scanning /home/luna/.emacs.d/.local/straight/build-28.1/s/s-autoloads.el
        * [1.210199] Scanning /home/luna/.emacs.d/.local/straight/build-28.1/f/f-autoloads.el
        * [1.210673] Scanning /home/luna/.emacs.d/.local/straight/build-28.1/elisp-refs/elisp-refs-autoloads.el
        * [1.211235] Scanning /home/luna/.emacs.d/.local/straight/build-28.1/pcre2el/pcre2el-autoloads.el
        * [1.211822] Scanning /home/luna/.emacs.d/.local/straight/build-28.1/smartparens/smartparens-autoloads.el
        * [1.212644] Scanning /home/luna/.emacs.d/.local/straight/build-28.1/ws-butler/ws-butler-autoloads.el
        * [1.213304] Scanning /home/luna/.emacs.d/.local/straight/build-28.1/projectile/projectile-autoloads.el
        * [1.214186] Scanning /home/luna/.emacs.d/.local/straight/build-28.1/project/project-autoloads.el
        * [1.214852] Scanning /home/luna/.emacs.d/.local/straight/build-28.1/xref/xref-autoloads.el
        * [1.215379] Scanning /home/luna/.emacs.d/.local/straight/build-28.1/general/general-autoloads.el
        * [1.216167] Scanning /home/luna/.emacs.d/.local/straight/build-28.1/which-key/which-key-autoloads.el
        * [1.216827] Scanning /home/luna/.emacs.d/.local/straight/build-28.1/company/company-autoloads.el
        * [1.217737] Scanning /home/luna/.emacs.d/.local/straight/build-28.1/company-dict/company-dict-autoloads.el
        * [1.218232] Scanning /home/luna/.emacs.d/.local/straight/build-28.1/vertico/vertico-autoloads.el
        * [1.218994] Scanning /home/luna/.emacs.d/.local/straight/build-28.1/orderless/orderless-autoloads.el
        * [1.219543] Scanning /home/luna/.emacs.d/.local/straight/build-28.1/consult/consult-autoloads.el
        * [1.220437] Scanning /home/luna/.emacs.d/.local/straight/build-28.1/compat/compat-autoloads.el
        * [1.220927] Scanning /home/luna/.emacs.d/.local/straight/build-28.1/consult-dir/consult-dir-autoloads.el
        * [1.221421] Scanning /home/luna/.emacs.d/.local/straight/build-28.1/consult-flycheck/consult-flycheck-autoloads.el
        * [1.221917] Scanning /home/luna/.emacs.d/.local/straight/build-28.1/flycheck/flycheck-autoloads.el
        * [1.222609] Scanning /home/luna/.emacs.d/.local/straight/build-28.1/pkg-info/pkg-info-autoloads.el
        * [1.223104] Scanning /home/luna/.emacs.d/.local/straight/build-28.1/epl/epl-autoloads.el
        * [1.223606] Scanning /home/luna/.emacs.d/.local/straight/build-28.1/embark/embark-autoloads.el
        * [1.224159] Scanning /home/luna/.emacs.d/.local/straight/build-28.1/embark-consult/embark-consult-autoloads.el
        * [1.224623] Scanning /home/luna/.emacs.d/.local/straight/build-28.1/marginalia/marginalia-autoloads.el
        * [1.225212] Scanning /home/luna/.emacs.d/.local/straight/build-28.1/wgrep/wgrep-autoloads.el
        * [1.225678] Scanning /home/luna/.emacs.d/.local/straight/build-28.1/doom-themes/doom-themes-autoloads.el
        * [1.226810] Scanning /home/luna/.emacs.d/.local/straight/build-28.1/solaire-mode/solaire-mode-autoloads.el
        * [1.227359] Scanning /home/luna/.emacs.d/.local/straight/build-28.1/hl-todo/hl-todo-autoloads.el
        * [1.228004] Scanning /home/luna/.emacs.d/.local/straight/build-28.1/doom-modeline/doom-modeline-autoloads.el
        * [1.228610] Scanning /home/luna/.emacs.d/.local/straight/build-28.1/shrink-path/shrink-path-autoloads.el
        * [1.229073] Scanning /home/luna/.emacs.d/.local/straight/build-28.1/anzu/anzu-autoloads.el
        * [1.229704] Scanning /home/luna/.emacs.d/.local/straight/build-28.1/evil-anzu/evil-anzu-autoloads.el
        * [1.230194] Scanning /home/luna/.emacs.d/.local/straight/build-28.1/evil/evil-autoloads.el
        * [1.230833] Scanning /home/luna/.emacs.d/.local/straight/build-28.1/goto-chg/goto-chg-autoloads.el
        * [1.231425] Scanning /home/luna/.emacs.d/.local/straight/build-28.1/evil-goggles/evil-goggles-autoloads.el
        * [1.231961] Scanning /home/luna/.emacs.d/.local/straight/build-28.1/git-gutter-fringe/git-gutter-fringe-autoloads.el
        * [1.232439] Scanning /home/luna/.emacs.d/.local/straight/build-28.1/git-gutter/git-gutter-autoloads.el
        * [1.233027] Scanning /home/luna/.emacs.d/.local/straight/build-28.1/fringe-helper/fringe-helper-autoloads.el
        * [1.233517] Scanning /home/luna/.emacs.d/.local/straight/build-28.1/vi-tilde-fringe/vi-tilde-fringe-autoloads.el
        * [1.234151] Scanning /home/luna/.emacs.d/.local/straight/build-28.1/persp-mode/persp-mode-autoloads.el
        * [1.234748] Scanning /home/luna/.emacs.d/.local/straight/build-28.1/evil-args/evil-args-autoloads.el
        * [1.235252] Scanning /home/luna/.emacs.d/.local/straight/build-28.1/evil-easymotion/evil-easymotion-autoloads.el
        * [1.235903] Scanning /home/luna/.emacs.d/.local/straight/build-28.1/avy/avy-autoloads.el
        * [1.236593] Scanning /home/luna/.emacs.d/.local/straight/build-28.1/evil-embrace/evil-embrace-autoloads.el
        * [1.237069] Scanning /home/luna/.emacs.d/.local/straight/build-28.1/embrace/embrace-autoloads.el
        * [1.237658] Scanning /home/luna/.emacs.d/.local/straight/build-28.1/expand-region/expand-region-autoloads.el
        * [1.238388] Scanning /home/luna/.emacs.d/.local/straight/build-28.1/evil-surround/evil-surround-autoloads.el
        * [1.239031] Scanning /home/luna/.emacs.d/.local/straight/build-28.1/evil-escape/evil-escape-autoloads.el
        * [1.239566] Scanning /home/luna/.emacs.d/.local/straight/build-28.1/evil-exchange/evil-exchange-autoloads.el
        * [1.240097] Scanning /home/luna/.emacs.d/.local/straight/build-28.1/evil-indent-plus/evil-indent-plus-autoloads.el
        * [1.240609] Scanning /home/luna/.emacs.d/.local/straight/build-28.1/evil-lion/evil-lion-autoloads.el
        * [1.241153] Scanning /home/luna/.emacs.d/.local/straight/build-28.1/evil-nerd-commenter/evil-nerd-commenter-autoloads.el
        * [1.241754] Scanning /home/luna/.emacs.d/.local/straight/build-28.1/evil-numbers/evil-numbers-autoloads.el
        * [1.242240] Scanning /home/luna/.emacs.d/.local/straight/build-28.1/evil-snipe/evil-snipe-autoloads.el
        * [1.242794] Scanning /home/luna/.emacs.d/.local/straight/build-28.1/evil-textobj-anyblock/evil-textobj-anyblock-autoloads.el
        * [1.243412] Scanning /home/luna/.emacs.d/.local/straight/build-28.1/evil-traces/evil-traces-autoloads.el
        * [1.243989] Scanning /home/luna/.emacs.d/.local/straight/build-28.1/evil-visualstar/evil-visualstar-autoloads.el
        * [1.244589] Scanning /home/luna/.emacs.d/.local/straight/build-28.1/exato/exato-autoloads.el
        * [1.245055] Scanning /home/luna/.emacs.d/.local/straight/build-28.1/evil-quick-diff/evil-quick-diff-autoloads.el
        * [1.245561] Scanning /home/luna/.emacs.d/.local/straight/build-28.1/evil-collection/evil-collection-autoloads.el
        * [1.246091] Scanning /home/luna/.emacs.d/.local/straight/build-28.1/annalist/annalist-autoloads.el
        * [1.246641] Scanning /home/luna/.emacs.d/.local/straight/build-28.1/yasnippet/yasnippet-autoloads.el
        * [1.247296] Scanning /home/luna/.emacs.d/.local/straight/build-28.1/vimish-fold/vimish-fold-autoloads.el
        * [1.247830] Scanning /home/luna/.emacs.d/.local/straight/build-28.1/evil-vimish-fold/evil-vimish-fold-autoloads.el
        * [1.248494] Scanning /home/luna/.emacs.d/.local/straight/build-28.1/auto-yasnippet/auto-yasnippet-autoloads.el
        * [1.249049] Scanning /home/luna/.emacs.d/.local/straight/build-28.1/doom-snippets/doom-snippets-autoloads.el
        * [1.249580] Scanning /home/luna/.emacs.d/.local/straight/build-28.1/diredfl/diredfl-autoloads.el
        * [1.250180] Scanning /home/luna/.emacs.d/.local/straight/build-28.1/dired-git-info/dired-git-info-autoloads.el
        * [1.250754] Scanning /home/luna/.emacs.d/.local/straight/build-28.1/diff-hl/diff-hl-autoloads.el
        * [1.251494] Scanning /home/luna/.emacs.d/.local/straight/build-28.1/dired-rsync/dired-rsync-autoloads.el
        * [1.251999] Scanning /home/luna/.emacs.d/.local/straight/build-28.1/fd-dired/fd-dired-autoloads.el
        * [1.252504] Scanning /home/luna/.emacs.d/.local/straight/build-28.1/undo-fu/undo-fu-autoloads.el
        * [1.253009] Scanning /home/luna/.emacs.d/.local/straight/build-28.1/undo-fu-session/undo-fu-session-autoloads.el
        * [1.253622] Scanning /home/luna/.emacs.d/.local/straight/build-28.1/browse-at-remote/browse-at-remote-autoloads.el
        * [1.254122] Scanning /home/luna/.emacs.d/.local/straight/build-28.1/git-commit/git-commit-autoloads.el
        * [1.254621] Scanning /home/luna/.emacs.d/.local/straight/build-28.1/transient/transient-autoloads.el
        * [1.255233] Scanning /home/luna/.emacs.d/.local/straight/build-28.1/with-editor/with-editor-autoloads.el
        * [1.255740] Scanning /home/luna/.emacs.d/.local/straight/build-28.1/git-timemachine/git-timemachine-autoloads.el
        * [1.256271] Scanning /home/luna/.emacs.d/.local/straight/build-28.1/git-modes/git-modes-autoloads.el
        * [1.256864] Scanning /home/luna/.emacs.d/.local/straight/build-28.1/flycheck-popup-tip/flycheck-popup-tip-autoloads.el
        * [1.257370] Scanning /home/luna/.emacs.d/.local/straight/build-28.1/popup/popup-autoloads.el
        * [1.257824] Scanning /home/luna/.emacs.d/.local/straight/build-28.1/quickrun/quickrun-autoloads.el
        * [1.258411] Scanning /home/luna/.emacs.d/.local/straight/build-28.1/eros/eros-autoloads.el
        * [1.259054] Scanning /home/luna/.emacs.d/.local/straight/build-28.1/dumb-jump/dumb-jump-autoloads.el
        * [1.259746] Scanning /home/luna/.emacs.d/.local/straight/build-28.1/request/request-autoloads.el
        * [1.260221] Scanning /home/luna/.emacs.d/.local/straight/build-28.1/magit/magit-autoloads.el
        * [1.262221] Scanning /home/luna/.emacs.d/.local/straight/build-28.1/magit-section/magit-section-autoloads.el
        * [1.262713] Scanning /home/luna/.emacs.d/.local/straight/build-28.1/magit-gitflow/magit-gitflow-autoloads.el
        * [1.263213] Scanning /home/luna/.emacs.d/.local/straight/build-28.1/magit-popup/magit-popup-autoloads.el
        * [1.263669] Scanning /home/luna/.emacs.d/.local/straight/build-28.1/magit-todos/magit-todos-autoloads.el
        * [1.264234] Scanning /home/luna/.emacs.d/.local/straight/build-28.1/async/async-autoloads.el
        * [1.264949] Scanning /home/luna/.emacs.d/.local/straight/build-28.1/code-review/code-review-autoloads.el
        * [1.265656] Scanning /home/luna/.emacs.d/.local/straight/build-28.1/closql/closql-autoloads.el
        * [1.266122] Scanning /home/luna/.emacs.d/.local/straight/build-28.1/a/a-autoloads.el
        * [1.266602] Scanning /home/luna/.emacs.d/.local/straight/build-28.1/ghub/ghub-autoloads.el
        * [1.267149] Scanning /home/luna/.emacs.d/.local/straight/build-28.1/treepy/treepy-autoloads.el
        * [1.267616] Scanning /home/luna/.emacs.d/.local/straight/build-28.1/uuidgen/uuidgen-autoloads.el
        * [1.268116] Scanning /home/luna/.emacs.d/.local/straight/build-28.1/deferred/deferred-autoloads.el
        * [1.268588] Scanning /home/luna/.emacs.d/.local/straight/build-28.1/markdown-mode/markdown-mode-autoloads.el
        * [1.269142] Scanning /home/luna/.emacs.d/.local/straight/build-28.1/forge/forge-autoloads.el
        * [1.269911] Scanning /home/luna/.emacs.d/.local/straight/build-28.1/emacsql-sqlite/emacsql-sqlite-autoloads.el
        * [1.270400] Scanning /home/luna/.emacs.d/.local/straight/build-28.1/emacsql/emacsql-autoloads.el
        * [1.270896] Scanning /home/luna/.emacs.d/.local/straight/build-28.1/yaml/yaml-autoloads.el
        * [1.271364] Scanning /home/luna/.emacs.d/.local/straight/build-28.1/emojify/emojify-autoloads.el
        * [1.271887] Scanning /home/luna/.emacs.d/.local/straight/build-28.1/ht/ht-autoloads.el
        * [1.272350] Scanning /home/luna/.emacs.d/.local/straight/build-28.1/highlight-quoted/highlight-quoted-autoloads.el
        * [1.272863] Scanning /home/luna/.emacs.d/.local/straight/build-28.1/macrostep/macrostep-autoloads.el
        * [1.273513] Scanning /home/luna/.emacs.d/.local/straight/build-28.1/overseer/overseer-autoloads.el
        * [1.274049] Scanning /home/luna/.emacs.d/.local/straight/build-28.1/elisp-def/elisp-def-autoloads.el
        * [1.274551] Scanning /home/luna/.emacs.d/.local/straight/build-28.1/elisp-demos/elisp-demos-autoloads.el
        * [1.275035] Scanning /home/luna/.emacs.d/.local/straight/build-28.1/flycheck-package/flycheck-package-autoloads.el
        * [1.275550] Scanning /home/luna/.emacs.d/.local/straight/build-28.1/package-lint/package-lint-autoloads.el
        * [1.276078] Scanning /home/luna/.emacs.d/.local/straight/build-28.1/flycheck-cask/flycheck-cask-autoloads.el
        * [1.276608] Scanning /home/luna/.emacs.d/.local/straight/build-28.1/buttercup/buttercup-autoloads.el
        * [1.277278] Scanning /home/luna/.emacs.d/.local/straight/build-28.1/markdown-toc/markdown-toc-autoloads.el
        * [1.277919] Scanning /home/luna/.emacs.d/.local/straight/build-28.1/edit-indirect/edit-indirect-autoloads.el
        * [1.278489] Scanning /home/luna/.emacs.d/.local/straight/build-28.1/evil-markdown/evil-markdown-autoloads.el
        * [1.278991] Scanning /home/luna/.emacs.d/.local/straight/build-28.1/org/org-autoloads.el
        * [1.280175] Scanning /home/luna/.emacs.d/.local/straight/build-28.1/org-contrib/org-contrib-autoloads.el
        * [1.280913] Scanning /home/luna/.emacs.d/.local/straight/build-28.1/htmlize/htmlize-autoloads.el
        * [1.281635] Scanning /home/luna/.emacs.d/.local/straight/build-28.1/org-yt/org-yt-autoloads.el
        * [1.282096] Scanning /home/luna/.emacs.d/.local/straight/build-28.1/ox-clip/ox-clip-autoloads.el
        * [1.282589] Scanning /home/luna/.emacs.d/.local/straight/build-28.1/toc-org/toc-org-autoloads.el
        * [1.283086] Scanning /home/luna/.emacs.d/.local/straight/build-28.1/org-cliplink/org-cliplink-autoloads.el
        * [1.283688] Scanning /home/luna/.emacs.d/.local/straight/build-28.1/evil-org/evil-org-autoloads.el
        * [1.284255] Scanning /home/luna/.emacs.d/.local/straight/build-28.1/orgit/orgit-autoloads.el
        * [1.284886] Scanning /home/luna/.emacs.d/.local/straight/build-28.1/ob-async/ob-async-autoloads.el
        * [1.285393] Scanning /home/luna/.emacs.d/.local/straight/build-28.1/company-shell/company-shell-autoloads.el
        * [1.285902] Scanning /home/luna/.emacs.d/.local/straight/build-28.1/drag-stuff/drag-stuff-autoloads.el
        * [1.286547] Scanning /home/luna/.emacs.d/.local/straight/build-28.1/link-hint/link-hint-autoloads.el
        * [1.287131] Scanning /home/luna/.emacs.d/.local/straight/build-28.1/highlight-indent-guides/highlight-indent-guides-autoloads.el
        * [1.287664] Scanning /home/luna/.emacs.d/.local/straight/build-28.1/minimap/minimap-autoloads.el
        * [1.288197] Scanning /home/luna/.emacs.d/.local/straight/build-28.1/treemacs/treemacs-autoloads.el
        * [1.289170] Scanning /home/luna/.emacs.d/.local/straight/build-28.1/ace-window/ace-window-autoloads.el
        * [1.289775] Scanning /home/luna/.emacs.d/.local/straight/build-28.1/pfuture/pfuture-autoloads.el
        * [1.290285] Scanning /home/luna/.emacs.d/.local/straight/build-28.1/hydra/hydra-autoloads.el
        * [1.290886] Scanning /home/luna/.emacs.d/.local/straight/build-28.1/lv/lv-autoloads.el
        * [1.291343] Scanning /home/luna/.emacs.d/.local/straight/build-28.1/cfrs/cfrs-autoloads.el
        * [1.291876] Scanning /home/luna/.emacs.d/.local/straight/build-28.1/posframe/posframe-autoloads.el
        * [1.292430] Scanning /home/luna/.emacs.d/.local/straight/build-28.1/treemacs-evil/treemacs-evil-autoloads.el
        * [1.292895] Scanning /home/luna/.emacs.d/.local/straight/build-28.1/treemacs-projectile/treemacs-projectile-autoloads.el
        * [1.293519] Scanning /home/luna/.emacs.d/.local/straight/build-28.1/treemacs-magit/treemacs-magit-autoloads.el
        * [1.294100] Scanning /home/luna/.emacs.d/.local/straight/build-28.1/treemacs-persp/treemacs-persp-autoloads.el
        * [1.294578] Scanning /home/luna/.emacs.d/.local/straight/build-28.1/lsp-treemacs/lsp-treemacs-autoloads.el
        * [1.295222] Scanning /home/luna/.emacs.d/.local/straight/build-28.1/lsp-mode/lsp-mode-autoloads.el
        * [1.296331] Scanning /home/luna/.emacs.d/.local/straight/build-28.1/spinner/spinner-autoloads.el
        * [1.296935] Scanning /home/luna/.emacs.d/.local/straight/build-28.1/format-all/format-all-autoloads.el
        * [1.297468] Scanning /home/luna/.emacs.d/.local/straight/build-28.1/evil-multiedit/evil-multiedit-autoloads.el
        * [1.298050] Scanning /home/luna/.emacs.d/.local/straight/build-28.1/iedit/iedit-autoloads.el
        * [1.298583] Scanning /home/luna/.emacs.d/.local/straight/build-28.1/evil-mc/evil-mc-autoloads.el
        * [1.299257] Scanning /home/luna/.emacs.d/.local/straight/build-28.1/vterm/vterm-autoloads.el
        * [1.299848] Scanning /home/luna/.emacs.d/.local/straight/build-28.1/lsp-ui/lsp-ui-autoloads.el
        * [1.300425] Scanning /home/luna/.emacs.d/.local/straight/build-28.1/consult-lsp/consult-lsp-autoloads.el
        * [1.300930] Scanning /home/luna/.emacs.d/.local/straight/build-28.1/rainbow-mode/rainbow-mode-autoloads.el
        * [1.301439] Scanning /home/luna/.emacs.d/.local/straight/build-28.1/kurecolor/kurecolor-autoloads.el
        * [1.302085] Scanning /home/luna/.emacs.d/.local/straight/build-28.1/sly/sly-autoloads.el
        * [1.302654] Scanning /home/luna/.emacs.d/.local/straight/build-28.1/sly-macrostep/sly-macrostep-autoloads.el
        * [1.303322] Scanning /home/luna/.emacs.d/.local/straight/build-28.1/sly-repl-ansi-color/sly-repl-ansi-color-autoloads.el
        * [1.303809] Scanning /home/luna/.emacs.d/.local/straight/build-28.1/csharp-mode/csharp-mode-autoloads.el
        * [1.304362] Scanning /home/luna/.emacs.d/.local/straight/build-28.1/csproj-mode/csproj-mode-autoloads.el
        * [1.304870] Scanning /home/luna/.emacs.d/.local/straight/build-28.1/sln-mode/sln-mode-autoloads.el
        * [1.305346] Scanning /home/luna/.emacs.d/.local/straight/build-28.1/shader-mode/shader-mode-autoloads.el
        * [1.305821] Scanning /home/luna/.emacs.d/.local/straight/build-28.1/gdscript-mode/gdscript-mode-autoloads.el
        * [1.306496] Scanning /home/luna/.emacs.d/.local/straight/build-28.1/rjsx-mode/rjsx-mode-autoloads.el
        * [1.307039] Scanning /home/luna/.emacs.d/.local/straight/build-28.1/js2-mode/js2-mode-autoloads.el
        * [1.307686] Scanning /home/luna/.emacs.d/.local/straight/build-28.1/typescript-mode/typescript-mode-autoloads.el
        * [1.308204] Scanning /home/luna/.emacs.d/.local/straight/build-28.1/js2-refactor/js2-refactor-autoloads.el
        * [1.308821] Scanning /home/luna/.emacs.d/.local/straight/build-28.1/multiple-cursors/multiple-cursors-autoloads.el
        * [1.309610] Scanning /home/luna/.emacs.d/.local/straight/build-28.1/npm-mode/npm-mode-autoloads.el
        * [1.310196] Scanning /home/luna/.emacs.d/.local/straight/build-28.1/add-node-modules-path/add-node-modules-path-autoloads.el
        * [1.310721] Scanning /home/luna/.emacs.d/.local/straight/build-28.1/nodejs-repl/nodejs-repl-autoloads.el
        * [1.311248] Scanning /home/luna/.emacs.d/.local/straight/build-28.1/skewer-mode/skewer-mode-autoloads.el
        * [1.311905] Scanning /home/luna/.emacs.d/.local/straight/build-28.1/simple-httpd/simple-httpd-autoloads.el
        * [1.312431] Scanning /home/luna/.emacs.d/.local/straight/build-28.1/tide/tide-autoloads.el
        * [1.313055] Scanning /home/luna/.emacs.d/.local/straight/build-28.1/xref-js2/xref-js2-autoloads.el
        * [1.313553] Scanning /home/luna/.emacs.d/.local/straight/build-28.1/lua-mode/lua-mode-autoloads.el
        * [1.314070] Scanning /home/luna/.emacs.d/.local/straight/build-28.1/company-lua/company-lua-autoloads.el
        * [1.314603] Scanning /home/luna/.emacs.d/.local/straight/build-28.1/nix-mode/nix-mode-autoloads.el
        * [1.315433] Scanning /home/luna/.emacs.d/.local/straight/build-28.1/nix-update/nix-update-autoloads.el
        * [1.315892] Scanning /home/luna/.emacs.d/.local/straight/build-28.1/company-nixos-options/company-nixos-options-autoloads.el
        * [1.316400] Scanning /home/luna/.emacs.d/.local/straight/build-28.1/nixos-options/nixos-options-autoloads.el
        * [1.316926] Scanning /home/luna/.emacs.d/.local/straight/build-28.1/org-download/org-download-autoloads.el
        * [1.317438] Scanning /home/luna/.emacs.d/.local/straight/build-28.1/org-appear/org-appear-autoloads.el
        * [1.317989] Scanning /home/luna/.emacs.d/.local/straight/build-28.1/org-superstar/org-superstar-autoloads.el
        * [1.318530] Scanning /home/luna/.emacs.d/.local/straight/build-28.1/org-fancy-priorities/org-fancy-priorities-autoloads.el
        * [1.319058] Scanning /home/luna/.emacs.d/.local/straight/build-28.1/org-roam/org-roam-autoloads.el
        * [1.319758] Scanning /home/luna/.emacs.d/.local/straight/build-28.1/ox-hugo/ox-hugo-autoloads.el
        * [1.320406] Scanning /home/luna/.emacs.d/.local/straight/build-28.1/tomelr/tomelr-autoloads.el
        * [1.320866] Scanning /home/luna/.emacs.d/.local/straight/build-28.1/map/map-autoloads.el
        * [1.321326] Scanning /home/luna/.emacs.d/.local/straight/build-28.1/yaml-mode/yaml-mode-autoloads.el
        * [1.321825] Scanning /home/luna/.emacs.d/.local/straight/build-28.1/elcord/elcord-autoloads.el
    > Byte-compiling autoloads file...
    ✓ Generated .local/autoloads.28.1.elc
  - Restart Emacs or use 'M-x doom/reload' for changes to take effect
✓ Finished in 1.95544s
* [1.490401] GC count: 0 (0.000000s)
