* [0.084166] Starting!
* [0.084204] doom-cli-run: (emacs --no-splash --load /home/luna/.emacs.d/bin/doom -- sync -e)
* [0.075205] Starting!
* [0.075237] doom-cli-run: (emacs --no-splash --load /home/luna/.emacs.d/bin/doom -- sync -e)
* [0.075303] doom-cli-context-execute: found (doom)
* [0.075500] Autoloading /home/luna/.emacs.d/core/cli/sync.el
* [0.084267] doom-cli-context-execute: found (doom sync)
* [0.084467] Found switch: -e
* [0.084710] doom-cli-context-execute: doom sync
* [0.084974] doom-cli-execute: (:before) ((input) (context . #s(doom-cli-context (25300 32488 827891 947000) 42808 1 (156 . 14) nil nil doom nil nil (doom sync) nil (sync -e) ((--jobs) (-j) (-p) (-u) (-c) (-e . -e) (--eval) (-E) (--strict-load) (--load) (-L) (--color) (--pager) (--emacsdir) (--doomdir) (--debug) (-D) (--force) (-!)) ((t) ((doom sync) -e) ((doom) sync -e))  *doom-cli stdin*  *doom-cli stdout*  *doom-cli stderr* nil)) (_) (evals) (loads) (color?) (pager) (emacsdir) (doomdir) (debug?) (force?))
* [0.085018] doom-cli-execute: (:before doom build) nil
* [0.099815] Initializing straight
* [0.143834] Initializing recipes
* [0.146710] Installing core packages
* [0.147131] doom-cli-execute: (doom sync) ((jobs) (purge?) (update?) (noelc?) (noenvvar? . -e))
> Compiling your literate config...
  Tangled 16 code blocks from config.org
Restarting...
* [0.084521] Restored context: 42808
* [0.084595] Autoloading /home/luna/.emacs.d/core/cli/sync.el
* [0.095083] doom-cli-context-execute: doom sync
* [0.095391] doom-cli-execute: (:before) ((input) (context . #s(doom-cli-context (25300 32488 827891 947000) 42808 2 (156 . 14) nil nil doom nil nil (doom sync) nil (sync -e) ((--jobs) (-j) (-p) (-u) (-c) (-e . -e) (--eval) (-E) (--strict-load) (--load) (-L) (--color) (--pager) (--emacsdir) (--doomdir) (--debug) (-D) (--force) (-!)) ((t) ((doom sync) -e) ((doom) sync -e))  *doom-cli stdin*  *doom-cli stdout*  *doom-cli stderr* nil)) (_) (evals) (loads) (color?) (pager) (emacsdir) (doomdir) (debug?) (force?))
* [0.095447] doom-cli-execute: (:before doom build) nil
* [0.111929] Initializing straight
* [0.162124] Initializing recipes
* [0.164405] Installing core packages
* [0.164771] doom-cli-execute: (doom sync) ((jobs) (purge?) (update?) (noelc?) (noenvvar? . -e))
> Synchronizing your config with Doom Emacs...
    * [0.165151] Initializing package.el
    * [0.308827] Initializing straight.el
  > Installing packages...
    > Building spinner...
      INFO     Scraping files for spinner-autoloads.el... 
      INFO     Scraping files for spinner-autoloads.el...done
    > Building tomelr...
    > Building tomelr > Building map...
      INFO     Scraping files for map-autoloads.el... 
      INFO     Scraping files for map-autoloads.el...done
    > Building tomelr...
      INFO     Scraping files for tomelr-autoloads.el... 
      INFO     Scraping files for tomelr-autoloads.el...done
    ✓ Installed 3 packages
  > (Re)building packages...
    - No packages need rebuilding
  > Purging orphaned packages (for the emperor)...
    - No builds to purge
    - Skipping elpa packages
    - Skipping repos
    - Skipping regrafting
  > (Re)generating autoloads file...
    > Generating autoloads file...
        * [2.462989] Scanning /home/luna/.emacs.d/core/autoload/buffers.el
        * [2.465112] Scanning /home/luna/.emacs.d/core/autoload/config.el
        * [2.466155] Scanning /home/luna/.emacs.d/core/autoload/debug.el
        * [2.468007] Scanning /home/luna/.emacs.d/core/autoload/files.el
        * [2.469638] Scanning /home/luna/.emacs.d/core/autoload/fonts.el
        * [2.471353] Scanning /home/luna/.emacs.d/core/autoload/help.el
        * [2.473533] Scanning /home/luna/.emacs.d/core/autoload/packages.el
        * [2.475293] Scanning /home/luna/.emacs.d/core/autoload/plist.el
        * [2.476317] Scanning /home/luna/.emacs.d/core/autoload/print.el
        * [2.478129] Scanning /home/luna/.emacs.d/core/autoload/process.el
        * [2.478952] Scanning /home/luna/.emacs.d/core/autoload/projects.el
        * [2.480271] Scanning /home/luna/.emacs.d/core/autoload/sandbox.el
        * [2.481345] Scanning /home/luna/.emacs.d/core/autoload/scratch.el
        * [2.482602] Scanning /home/luna/.emacs.d/core/autoload/sessions.el
        * [2.483706] Scanning /home/luna/.emacs.d/core/autoload/store.el
        * [2.484904] Scanning /home/luna/.emacs.d/core/autoload/system.el
        * [2.485799] Scanning /home/luna/.emacs.d/core/autoload/text.el
        * [2.487692] Scanning /home/luna/.emacs.d/core/autoload/themes.el
        * [2.488623] Scanning /home/luna/.emacs.d/core/autoload/ui.el
        * [2.490092] Scanning /home/luna/.emacs.d/modules/app/calendar/autoload.el
        * [2.490803] Scanning /home/luna/.emacs.d/modules/app/emms/autoload.el
        * [2.491220] Scanning /home/luna/.emacs.d/modules/app/irc/autoload/irc.el
        * [2.491647] Scanning /home/luna/.emacs.d/modules/app/irc/autoload/ivy.el
        * [2.492055] Scanning /home/luna/.emacs.d/modules/app/irc/autoload/settings.el
        * [2.492534] Scanning /home/luna/.emacs.d/modules/app/irc/autoload/vertico.el
        * [2.492951] Scanning /home/luna/.emacs.d/modules/app/rss/autoload.el
        * [2.493534] Scanning /home/luna/.emacs.d/modules/app/twitter/autoload.el
        * [2.493953] Scanning /home/luna/.emacs.d/modules/checkers/spell/autoload/+flyspell.el
        * [2.494499] Scanning /home/luna/.emacs.d/modules/checkers/spell/autoload/+spell-fu.el
        * [2.494949] Scanning /home/luna/.emacs.d/modules/checkers/syntax/autoload.el
        * [2.495870] Scanning /home/luna/.emacs.d/modules/completion/company/autoload.el
        * [2.497101] Scanning /home/luna/.emacs.d/modules/completion/helm/autoload/evil.el
        * [2.497580] Scanning /home/luna/.emacs.d/modules/completion/helm/autoload/helm.el
        * [2.498092] Scanning /home/luna/.emacs.d/modules/completion/helm/autoload/posframe.el
        * [2.498526] Scanning /home/luna/.emacs.d/modules/completion/ivy/autoload/evil.el
        * [2.498957] Scanning /home/luna/.emacs.d/modules/completion/ivy/autoload/hydras.el
        * [2.499467] Scanning /home/luna/.emacs.d/modules/completion/ivy/autoload/ivy.el
        * [2.499956] Scanning /home/luna/.emacs.d/modules/completion/ivy/autoload/posframe.el
        * [2.500363] Scanning /home/luna/.emacs.d/modules/completion/vertico/autoload/evil.el
        * [2.511790] Scanning /home/luna/.emacs.d/modules/completion/vertico/autoload/magit.el
        * [2.512684] Scanning /home/luna/.emacs.d/modules/completion/vertico/autoload/vertico.el
        * [2.514283] Scanning /home/luna/.emacs.d/modules/completion/vertico/autoload/workspaces.el
        * [2.515333] Scanning /home/luna/.emacs.d/modules/config/default/autoload/default.el
        * [2.516359] Scanning /home/luna/.emacs.d/modules/config/default/autoload/deferred.el
        * [2.517205] Scanning /home/luna/.emacs.d/modules/config/default/autoload/files.el
        * [2.518465] Scanning /home/luna/.emacs.d/modules/config/default/autoload/search.el
        * [2.519711] Scanning /home/luna/.emacs.d/modules/config/default/autoload/text.el
        * [2.521110] Scanning /home/luna/.emacs.d/modules/config/literate/autoload.el
        * [2.522169] Scanning /home/luna/.emacs.d/modules/editor/evil/autoload/advice.el
        * [2.523761] Scanning /home/luna/.emacs.d/modules/editor/evil/autoload/embrace.el
        * [2.525253] Scanning /home/luna/.emacs.d/modules/editor/evil/autoload/evil.el
        * [2.526773] Scanning /home/luna/.emacs.d/modules/editor/evil/autoload/ex.el
        * [2.528027] Scanning /home/luna/.emacs.d/modules/editor/evil/autoload/files.el
        * [2.529019] Scanning /home/luna/.emacs.d/modules/editor/evil/autoload/textobjects.el
        * [2.530075] Scanning /home/luna/.emacs.d/modules/editor/evil/autoload/unimpaired.el
        * [2.531652] Scanning /home/luna/.emacs.d/modules/editor/file-templates/autoload.el
        * [2.532829] Scanning /home/luna/.emacs.d/modules/editor/fold/autoload/fold.el
        * [2.534194] Scanning /home/luna/.emacs.d/modules/editor/fold/autoload/hideshow.el
        * [2.535204] Scanning /home/luna/.emacs.d/modules/editor/format/autoload/evil.el
        * [2.536177] Scanning /home/luna/.emacs.d/modules/editor/format/autoload/format.el
        * [2.546339] Scanning /home/luna/.emacs.d/modules/editor/format/autoload/settings.el
        * [2.547656] Scanning /home/luna/.emacs.d/modules/editor/god/autoload.el
        * [2.548036] Scanning /home/luna/.emacs.d/modules/editor/multiple-cursors/autoload/evil-mc.el
        * [2.549227] Scanning /home/luna/.emacs.d/modules/editor/rotate-text/autoload.el
        * [2.549661] Scanning /home/luna/.emacs.d/modules/editor/snippets/autoload/settings.el
        * [2.550506] Scanning /home/luna/.emacs.d/modules/editor/snippets/autoload/snippets.el
        * [2.552183] Scanning /home/luna/.emacs.d/modules/editor/word-wrap/autoload.el
        * [2.552576] Scanning /home/luna/.emacs.d/modules/emacs/dired/autoload.el
        * [2.553394] Scanning /home/luna/.emacs.d/modules/emacs/electric/autoload.el
        * [2.554369] Scanning /home/luna/.emacs.d/modules/emacs/ibuffer/autoload/workspaces.el
        * [2.554798] Scanning /home/luna/.emacs.d/modules/emacs/vc/autoload/bug-reference-backport.el
        * [2.555350] Scanning /home/luna/.emacs.d/modules/emacs/vc/autoload/hydra.el
        * [2.555881] Scanning /home/luna/.emacs.d/modules/emacs/vc/autoload/vc.el
        * [2.556884] Scanning /home/luna/.emacs.d/modules/email/mu4e/autoload/advice.el
        * [2.557700] Scanning /home/luna/.emacs.d/modules/email/mu4e/autoload/email.el
        * [2.558277] Scanning /home/luna/.emacs.d/modules/email/mu4e/autoload/evil.el
        * [2.558685] Scanning /home/luna/.emacs.d/modules/email/mu4e/autoload/mu-lock.el
        * [2.559210] Scanning /home/luna/.emacs.d/modules/email/notmuch/autoload.el
        * [2.559611] Scanning /home/luna/.emacs.d/modules/email/wanderlust/autoload.el
        * [2.559978] Scanning /home/luna/.emacs.d/modules/input/layout/autoload/bepo.el
        * [2.560418] Scanning /home/luna/.emacs.d/modules/lang/beancount/autoload.el
        * [2.560814] Scanning /home/luna/.emacs.d/modules/lang/cc/autoload.el
        * [2.561249] Scanning /home/luna/.emacs.d/modules/lang/clojure/autoload.el
        * [2.561617] Scanning /home/luna/.emacs.d/modules/lang/common-lisp/autoload/common-lisp.el
        * [2.562431] Scanning /home/luna/.emacs.d/modules/lang/csharp/autoload.el
        * [2.563255] Scanning /home/luna/.emacs.d/modules/lang/emacs-lisp/autoload.el
        * [2.564790] Scanning /home/luna/.emacs.d/modules/lang/ess/autoload.el
        * [2.565154] Scanning /home/luna/.emacs.d/modules/lang/faust/autoload.el
        * [2.565521] Scanning /home/luna/.emacs.d/modules/lang/fortran/autoload.el
        * [2.565904] Scanning /home/luna/.emacs.d/modules/lang/go/autoload.el
        * [2.566481] Scanning /home/luna/.emacs.d/modules/lang/graphql/autoload.el
        * [2.566847] Scanning /home/luna/.emacs.d/modules/lang/haskell/autoload.el
        * [2.567213] Scanning /home/luna/.emacs.d/modules/lang/java/autoload/java.el
        * [2.567702] Scanning /home/luna/.emacs.d/modules/lang/java/autoload/lsp.el
        * [2.568112] Scanning /home/luna/.emacs.d/modules/lang/javascript/autoload.el
        * [2.569226] Scanning /home/luna/.emacs.d/modules/lang/julia/autoload.el
        * [2.569614] Scanning /home/luna/.emacs.d/modules/lang/kotlin/autoload.el
        * [2.569983] Scanning /home/luna/.emacs.d/modules/lang/latex/autoload.el
        * [2.570367] Scanning /home/luna/.emacs.d/modules/lang/lua/autoload/lua.el
        * [2.571464] Scanning /home/luna/.emacs.d/modules/lang/lua/autoload/moonscript.el
        * [2.572012] Scanning /home/luna/.emacs.d/modules/lang/markdown/autoload.el
        * [2.573110] Scanning /home/luna/.emacs.d/modules/lang/nix/autoload.el
        * [2.574416] Scanning /home/luna/.emacs.d/modules/lang/ocaml/autoload.el
        * [2.574790] Scanning /home/luna/.emacs.d/modules/lang/org/autoload/contrib-ipython.el
        * [2.575366] Scanning /home/luna/.emacs.d/modules/lang/org/autoload/contrib-present.el
        * [2.576015] Scanning /home/luna/.emacs.d/modules/lang/org/autoload/contrib-roam2.el
        * [2.577328] Scanning /home/luna/.emacs.d/modules/lang/org/autoload/org-attach.el
        * [2.578309] Scanning /home/luna/.emacs.d/modules/lang/org/autoload/org-avy.el
        * [2.579153] Scanning /home/luna/.emacs.d/modules/lang/org/autoload/org-babel.el
        * [2.580213] Scanning /home/luna/.emacs.d/modules/lang/org/autoload/org-capture.el
        * [2.581510] Scanning /home/luna/.emacs.d/modules/lang/org/autoload/org-export.el
        * [2.582460] Scanning /home/luna/.emacs.d/modules/lang/org/autoload/org-link.el
        * [2.583934] Scanning /home/luna/.emacs.d/modules/lang/org/autoload/org-refile.el
        * [2.585104] Scanning /home/luna/.emacs.d/modules/lang/org/autoload/org-tables.el
        * [2.586183] Scanning /home/luna/.emacs.d/modules/lang/org/autoload/org.el
        * [2.588630] Scanning /home/luna/.emacs.d/modules/lang/php/autoload.el
        * [2.589059] Scanning /home/luna/.emacs.d/modules/lang/plantuml/autoload.el
        * [2.589473] Scanning /home/luna/.emacs.d/modules/lang/python/autoload/conda.el
        * [2.590021] Scanning /home/luna/.emacs.d/modules/lang/python/autoload/pyenv.el
        * [2.590876] Scanning /home/luna/.emacs.d/modules/lang/python/autoload/python.el
        * [2.591348] Scanning /home/luna/.emacs.d/modules/lang/qt/autoload.el
        * [2.591733] Scanning /home/luna/.emacs.d/modules/lang/racket/autoload.el
        * [2.592100] Scanning /home/luna/.emacs.d/modules/lang/rest/autoload.el
        * [2.592560] Scanning /home/luna/.emacs.d/modules/lang/ruby/autoload.el
        * [2.592950] Scanning /home/luna/.emacs.d/modules/lang/rust/autoload.el
        * [2.593308] Scanning /home/luna/.emacs.d/modules/lang/scala/autoload.el
        * [2.593673] Scanning /home/luna/.emacs.d/modules/lang/scheme/autoload.el
        * [2.594047] Scanning /home/luna/.emacs.d/modules/lang/sh/autoload.el
        * [2.595024] Scanning /home/luna/.emacs.d/modules/lang/terra/autoload.el
        * [2.595393] Scanning /home/luna/.emacs.d/modules/lang/web/autoload/css.el
        * [2.595821] Scanning /home/luna/.emacs.d/modules/lang/web/autoload/evil.el
        * [2.596263] Scanning /home/luna/.emacs.d/modules/lang/web/autoload/html.el
        * [2.596712] Scanning /home/luna/.emacs.d/modules/os/macos/autoload.el
        * [2.597149] Scanning /home/luna/.emacs.d/modules/term/eshell/autoload/backport.el
        * [2.597586] Scanning /home/luna/.emacs.d/modules/term/eshell/autoload/commands.el
        * [2.597995] Scanning /home/luna/.emacs.d/modules/term/eshell/autoload/company.el
        * [2.598441] Scanning /home/luna/.emacs.d/modules/term/eshell/autoload/eshell.el
        * [2.598901] Scanning /home/luna/.emacs.d/modules/term/eshell/autoload/evil.el
        * [2.599303] Scanning /home/luna/.emacs.d/modules/term/eshell/autoload/prompts.el
        * [2.599714] Scanning /home/luna/.emacs.d/modules/term/eshell/autoload/settings.el
        * [2.600195] Scanning /home/luna/.emacs.d/modules/term/shell/autoload.el
        * [2.600581] Scanning /home/luna/.emacs.d/modules/term/term/autoload.el
        * [2.601018] Scanning /home/luna/.emacs.d/modules/term/vterm/autoload.el
        * [2.601955] Scanning /home/luna/.emacs.d/modules/tools/debugger/autoload/debugger.el
        * [2.602438] Scanning /home/luna/.emacs.d/modules/tools/debugger/autoload/evil.el
        * [2.602855] Scanning /home/luna/.emacs.d/modules/tools/editorconfig/autoload.el
        * [2.603383] Scanning /home/luna/.emacs.d/modules/tools/eval/autoload/eval.el
        * [2.604976] Scanning /home/luna/.emacs.d/modules/tools/eval/autoload/evil.el
        * [2.606058] Scanning /home/luna/.emacs.d/modules/tools/eval/autoload/repl.el
        * [2.607679] Scanning /home/luna/.emacs.d/modules/tools/eval/autoload/settings.el
        * [2.608787] Scanning /home/luna/.emacs.d/modules/tools/gist/autoload/evil.el
        * [2.609299] Scanning /home/luna/.emacs.d/modules/tools/lookup/autoload/docsets.el
        * [2.609977] Scanning /home/luna/.emacs.d/modules/tools/lookup/autoload/evil.el
        * [2.610970] Scanning /home/luna/.emacs.d/modules/tools/lookup/autoload/lookup.el
        * [2.612846] Scanning /home/luna/.emacs.d/modules/tools/lookup/autoload/online.el
        * [2.613959] Scanning /home/luna/.emacs.d/modules/tools/lookup/autoload/xwidget.el
        * [2.614832] Scanning /home/luna/.emacs.d/modules/tools/lsp/autoload/common.el
        * [2.615656] Scanning /home/luna/.emacs.d/modules/tools/lsp/autoload/eglot.el
        * [2.616308] Scanning /home/luna/.emacs.d/modules/tools/lsp/autoload/flycheck-eglot.el
        * [2.617221] Scanning /home/luna/.emacs.d/modules/tools/lsp/autoload/lsp-mode.el
        * [2.618424] Scanning /home/luna/.emacs.d/modules/tools/magit/autoload.el
        * [2.619609] Scanning /home/luna/.emacs.d/modules/tools/make/autoload.el
        * [2.619989] Scanning /home/luna/.emacs.d/modules/tools/pass/autoload/consult.el
        * [2.620403] Scanning /home/luna/.emacs.d/modules/tools/pass/autoload/ivy.el
        * [2.620815] Scanning /home/luna/.emacs.d/modules/tools/pass/autoload/pass.el
        * [2.621415] Scanning /home/luna/.emacs.d/modules/tools/prodigy/autoload.el
        * [2.621792] Scanning /home/luna/.emacs.d/modules/tools/rgb/autoload.el
        * [2.622265] Scanning /home/luna/.emacs.d/modules/tools/taskrunner/autoload.el
        * [2.622654] Scanning /home/luna/.emacs.d/modules/tools/tmux/autoload/evil.el
        * [2.623072] Scanning /home/luna/.emacs.d/modules/tools/tmux/autoload/tmux.el
        * [2.623506] Scanning /home/luna/.emacs.d/modules/tools/tree-sitter/autoload.el
        * [2.624271] Scanning /home/luna/.emacs.d/modules/ui/doom-dashboard/autoload.el
        * [2.625202] Scanning /home/luna/.emacs.d/modules/ui/hydra/autoload/windows.el
        * [2.625729] Scanning /home/luna/.emacs.d/modules/ui/ligatures/autoload/install.el
        * [2.626162] Scanning /home/luna/.emacs.d/modules/ui/ligatures/autoload/ligatures.el
        * [2.626726] Scanning /home/luna/.emacs.d/modules/ui/modeline/autoload.el
        * [2.627623] Scanning /home/luna/.emacs.d/modules/ui/nav-flash/autoload.el
        * [2.628019] Scanning /home/luna/.emacs.d/modules/ui/neotree/autoload.el
        * [2.628399] Scanning /home/luna/.emacs.d/modules/ui/popup/autoload/popup.el
        * [2.630743] Scanning /home/luna/.emacs.d/modules/ui/popup/autoload/settings.el
        * [2.632033] Scanning /home/luna/.emacs.d/modules/ui/tabs/autoload.el
        * [2.632402] Scanning /home/luna/.emacs.d/modules/ui/treemacs/autoload.el
        * [2.633203] Scanning /home/luna/.emacs.d/modules/ui/unicode/autoload.el
        * [2.633568] Scanning /home/luna/.emacs.d/modules/ui/vc-gutter/autoload.el
        * [2.634054] Scanning /home/luna/.emacs.d/modules/ui/vi-tilde-fringe/autoload.el
        * [2.634845] Scanning /home/luna/.emacs.d/modules/ui/workspaces/autoload/evil.el
        * [2.635935] Scanning /home/luna/.emacs.d/modules/ui/workspaces/autoload/workspaces.el
        * [2.638570] Scanning /home/luna/.emacs.d/modules/ui/zen/autoload.el
        * [2.650142] Scanning /home/luna/.emacs.d/.local/straight/build-28.1/straight/straight-autoloads.el
        * [2.651086] Scanning /home/luna/.emacs.d/.local/straight/build-28.1/use-package/use-package-autoloads.el
        * [2.651921] Scanning /home/luna/.emacs.d/.local/straight/build-28.1/bind-key/bind-key-autoloads.el
        * [2.652566] Scanning /home/luna/.emacs.d/.local/straight/build-28.1/auto-minor-mode/auto-minor-mode-autoloads.el
        * [2.653135] Scanning /home/luna/.emacs.d/.local/straight/build-28.1/gcmh/gcmh-autoloads.el
        * [2.653666] Scanning /home/luna/.emacs.d/.local/straight/build-28.1/explain-pause-mode/explain-pause-mode-autoloads.el
        * [2.654189] Scanning /home/luna/.emacs.d/.local/straight/build-28.1/all-the-icons/all-the-icons-autoloads.el
        * [2.654907] Scanning /home/luna/.emacs.d/.local/straight/build-28.1/hide-mode-line/hide-mode-line-autoloads.el
        * [2.655514] Scanning /home/luna/.emacs.d/.local/straight/build-28.1/highlight-numbers/highlight-numbers-autoloads.el
        * [2.656026] Scanning /home/luna/.emacs.d/.local/straight/build-28.1/parent-mode/parent-mode-autoloads.el
        * [2.656527] Scanning /home/luna/.emacs.d/.local/straight/build-28.1/rainbow-delimiters/rainbow-delimiters-autoloads.el
        * [2.657068] Scanning /home/luna/.emacs.d/.local/straight/build-28.1/restart-emacs/restart-emacs-autoloads.el
        * [2.657631] Scanning /home/luna/.emacs.d/.local/straight/build-28.1/better-jumper/better-jumper-autoloads.el
        * [2.658160] Scanning /home/luna/.emacs.d/.local/straight/build-28.1/dtrt-indent/dtrt-indent-autoloads.el
        * [2.658918] Scanning /home/luna/.emacs.d/.local/straight/build-28.1/helpful/helpful-autoloads.el
        * [2.659459] Scanning /home/luna/.emacs.d/.local/straight/build-28.1/dash/dash-autoloads.el
        * [2.660082] Scanning /home/luna/.emacs.d/.local/straight/build-28.1/s/s-autoloads.el
        * [2.660548] Scanning /home/luna/.emacs.d/.local/straight/build-28.1/f/f-autoloads.el
        * [2.661015] Scanning /home/luna/.emacs.d/.local/straight/build-28.1/elisp-refs/elisp-refs-autoloads.el
        * [2.661563] Scanning /home/luna/.emacs.d/.local/straight/build-28.1/pcre2el/pcre2el-autoloads.el
        * [2.662201] Scanning /home/luna/.emacs.d/.local/straight/build-28.1/smartparens/smartparens-autoloads.el
        * [2.663051] Scanning /home/luna/.emacs.d/.local/straight/build-28.1/ws-butler/ws-butler-autoloads.el
        * [2.663616] Scanning /home/luna/.emacs.d/.local/straight/build-28.1/projectile/projectile-autoloads.el
        * [2.664434] Scanning /home/luna/.emacs.d/.local/straight/build-28.1/project/project-autoloads.el
        * [2.665056] Scanning /home/luna/.emacs.d/.local/straight/build-28.1/xref/xref-autoloads.el
        * [2.665581] Scanning /home/luna/.emacs.d/.local/straight/build-28.1/general/general-autoloads.el
        * [2.666348] Scanning /home/luna/.emacs.d/.local/straight/build-28.1/which-key/which-key-autoloads.el
        * [2.666917] Scanning /home/luna/.emacs.d/.local/straight/build-28.1/company/company-autoloads.el
        * [2.667742] Scanning /home/luna/.emacs.d/.local/straight/build-28.1/company-dict/company-dict-autoloads.el
        * [2.668224] Scanning /home/luna/.emacs.d/.local/straight/build-28.1/vertico/vertico-autoloads.el
        * [2.669189] Scanning /home/luna/.emacs.d/.local/straight/build-28.1/orderless/orderless-autoloads.el
        * [2.669958] Scanning /home/luna/.emacs.d/.local/straight/build-28.1/consult/consult-autoloads.el
        * [2.671012] Scanning /home/luna/.emacs.d/.local/straight/build-28.1/compat/compat-autoloads.el
        * [2.671528] Scanning /home/luna/.emacs.d/.local/straight/build-28.1/consult-dir/consult-dir-autoloads.el
        * [2.672024] Scanning /home/luna/.emacs.d/.local/straight/build-28.1/consult-flycheck/consult-flycheck-autoloads.el
        * [2.672503] Scanning /home/luna/.emacs.d/.local/straight/build-28.1/flycheck/flycheck-autoloads.el
        * [2.673302] Scanning /home/luna/.emacs.d/.local/straight/build-28.1/pkg-info/pkg-info-autoloads.el
        * [2.674222] Scanning /home/luna/.emacs.d/.local/straight/build-28.1/epl/epl-autoloads.el
        * [2.674725] Scanning /home/luna/.emacs.d/.local/straight/build-28.1/embark/embark-autoloads.el
        * [2.675422] Scanning /home/luna/.emacs.d/.local/straight/build-28.1/embark-consult/embark-consult-autoloads.el
        * [2.676026] Scanning /home/luna/.emacs.d/.local/straight/build-28.1/marginalia/marginalia-autoloads.el
        * [2.676668] Scanning /home/luna/.emacs.d/.local/straight/build-28.1/wgrep/wgrep-autoloads.el
        * [2.677182] Scanning /home/luna/.emacs.d/.local/straight/build-28.1/doom-themes/doom-themes-autoloads.el
        * [2.678459] Scanning /home/luna/.emacs.d/.local/straight/build-28.1/solaire-mode/solaire-mode-autoloads.el
        * [2.678985] Scanning /home/luna/.emacs.d/.local/straight/build-28.1/hl-todo/hl-todo-autoloads.el
        * [2.679654] Scanning /home/luna/.emacs.d/.local/straight/build-28.1/doom-modeline/doom-modeline-autoloads.el
        * [2.680228] Scanning /home/luna/.emacs.d/.local/straight/build-28.1/shrink-path/shrink-path-autoloads.el
        * [2.680691] Scanning /home/luna/.emacs.d/.local/straight/build-28.1/anzu/anzu-autoloads.el
        * [2.681294] Scanning /home/luna/.emacs.d/.local/straight/build-28.1/evil-anzu/evil-anzu-autoloads.el
        * [2.681751] Scanning /home/luna/.emacs.d/.local/straight/build-28.1/evil/evil-autoloads.el
        * [2.682366] Scanning /home/luna/.emacs.d/.local/straight/build-28.1/goto-chg/goto-chg-autoloads.el
        * [2.682946] Scanning /home/luna/.emacs.d/.local/straight/build-28.1/evil-goggles/evil-goggles-autoloads.el
        * [2.683529] Scanning /home/luna/.emacs.d/.local/straight/build-28.1/git-gutter-fringe/git-gutter-fringe-autoloads.el
        * [2.684053] Scanning /home/luna/.emacs.d/.local/straight/build-28.1/git-gutter/git-gutter-autoloads.el
        * [2.684709] Scanning /home/luna/.emacs.d/.local/straight/build-28.1/fringe-helper/fringe-helper-autoloads.el
        * [2.685235] Scanning /home/luna/.emacs.d/.local/straight/build-28.1/vi-tilde-fringe/vi-tilde-fringe-autoloads.el
        * [2.685900] Scanning /home/luna/.emacs.d/.local/straight/build-28.1/persp-mode/persp-mode-autoloads.el
        * [2.686505] Scanning /home/luna/.emacs.d/.local/straight/build-28.1/evil-args/evil-args-autoloads.el
        * [2.687008] Scanning /home/luna/.emacs.d/.local/straight/build-28.1/evil-easymotion/evil-easymotion-autoloads.el
        * [2.687791] Scanning /home/luna/.emacs.d/.local/straight/build-28.1/avy/avy-autoloads.el
        * [2.688467] Scanning /home/luna/.emacs.d/.local/straight/build-28.1/evil-embrace/evil-embrace-autoloads.el
        * [2.688948] Scanning /home/luna/.emacs.d/.local/straight/build-28.1/embrace/embrace-autoloads.el
        * [2.689460] Scanning /home/luna/.emacs.d/.local/straight/build-28.1/expand-region/expand-region-autoloads.el
        * [2.690298] Scanning /home/luna/.emacs.d/.local/straight/build-28.1/evil-surround/evil-surround-autoloads.el
        * [2.691462] Scanning /home/luna/.emacs.d/.local/straight/build-28.1/evil-escape/evil-escape-autoloads.el
        * [2.692001] Scanning /home/luna/.emacs.d/.local/straight/build-28.1/evil-exchange/evil-exchange-autoloads.el
        * [2.692651] Scanning /home/luna/.emacs.d/.local/straight/build-28.1/evil-indent-plus/evil-indent-plus-autoloads.el
        * [2.693216] Scanning /home/luna/.emacs.d/.local/straight/build-28.1/evil-lion/evil-lion-autoloads.el
        * [2.693759] Scanning /home/luna/.emacs.d/.local/straight/build-28.1/evil-nerd-commenter/evil-nerd-commenter-autoloads.el
        * [2.694324] Scanning /home/luna/.emacs.d/.local/straight/build-28.1/evil-numbers/evil-numbers-autoloads.el
        * [2.694997] Scanning /home/luna/.emacs.d/.local/straight/build-28.1/evil-snipe/evil-snipe-autoloads.el
        * [2.695531] Scanning /home/luna/.emacs.d/.local/straight/build-28.1/evil-textobj-anyblock/evil-textobj-anyblock-autoloads.el
        * [2.696087] Scanning /home/luna/.emacs.d/.local/straight/build-28.1/evil-traces/evil-traces-autoloads.el
        * [2.696645] Scanning /home/luna/.emacs.d/.local/straight/build-28.1/evil-visualstar/evil-visualstar-autoloads.el
        * [2.697226] Scanning /home/luna/.emacs.d/.local/straight/build-28.1/exato/exato-autoloads.el
        * [2.697684] Scanning /home/luna/.emacs.d/.local/straight/build-28.1/evil-quick-diff/evil-quick-diff-autoloads.el
        * [2.698175] Scanning /home/luna/.emacs.d/.local/straight/build-28.1/evil-collection/evil-collection-autoloads.el
        * [2.698685] Scanning /home/luna/.emacs.d/.local/straight/build-28.1/annalist/annalist-autoloads.el
        * [2.699204] Scanning /home/luna/.emacs.d/.local/straight/build-28.1/yasnippet/yasnippet-autoloads.el
        * [2.699821] Scanning /home/luna/.emacs.d/.local/straight/build-28.1/vimish-fold/vimish-fold-autoloads.el
        * [2.700334] Scanning /home/luna/.emacs.d/.local/straight/build-28.1/evil-vimish-fold/evil-vimish-fold-autoloads.el
        * [2.700968] Scanning /home/luna/.emacs.d/.local/straight/build-28.1/auto-yasnippet/auto-yasnippet-autoloads.el
        * [2.701513] Scanning /home/luna/.emacs.d/.local/straight/build-28.1/doom-snippets/doom-snippets-autoloads.el
        * [2.702173] Scanning /home/luna/.emacs.d/.local/straight/build-28.1/diredfl/diredfl-autoloads.el
        * [2.702830] Scanning /home/luna/.emacs.d/.local/straight/build-28.1/dired-git-info/dired-git-info-autoloads.el
        * [2.703491] Scanning /home/luna/.emacs.d/.local/straight/build-28.1/diff-hl/diff-hl-autoloads.el
        * [2.704559] Scanning /home/luna/.emacs.d/.local/straight/build-28.1/dired-rsync/dired-rsync-autoloads.el
        * [2.705138] Scanning /home/luna/.emacs.d/.local/straight/build-28.1/fd-dired/fd-dired-autoloads.el
        * [2.705653] Scanning /home/luna/.emacs.d/.local/straight/build-28.1/undo-fu/undo-fu-autoloads.el
        * [2.706155] Scanning /home/luna/.emacs.d/.local/straight/build-28.1/undo-fu-session/undo-fu-session-autoloads.el
        * [2.706788] Scanning /home/luna/.emacs.d/.local/straight/build-28.1/browse-at-remote/browse-at-remote-autoloads.el
        * [2.707770] Scanning /home/luna/.emacs.d/.local/straight/build-28.1/git-commit/git-commit-autoloads.el
        * [2.708496] Scanning /home/luna/.emacs.d/.local/straight/build-28.1/transient/transient-autoloads.el
        * [2.709330] Scanning /home/luna/.emacs.d/.local/straight/build-28.1/with-editor/with-editor-autoloads.el
        * [2.709990] Scanning /home/luna/.emacs.d/.local/straight/build-28.1/git-timemachine/git-timemachine-autoloads.el
        * [2.710496] Scanning /home/luna/.emacs.d/.local/straight/build-28.1/git-modes/git-modes-autoloads.el
        * [2.711063] Scanning /home/luna/.emacs.d/.local/straight/build-28.1/flycheck-popup-tip/flycheck-popup-tip-autoloads.el
        * [2.711585] Scanning /home/luna/.emacs.d/.local/straight/build-28.1/popup/popup-autoloads.el
        * [2.712053] Scanning /home/luna/.emacs.d/.local/straight/build-28.1/quickrun/quickrun-autoloads.el
        * [2.712657] Scanning /home/luna/.emacs.d/.local/straight/build-28.1/eros/eros-autoloads.el
        * [2.713191] Scanning /home/luna/.emacs.d/.local/straight/build-28.1/dumb-jump/dumb-jump-autoloads.el
        * [2.713839] Scanning /home/luna/.emacs.d/.local/straight/build-28.1/request/request-autoloads.el
        * [2.714306] Scanning /home/luna/.emacs.d/.local/straight/build-28.1/magit/magit-autoloads.el
        * [2.716343] Scanning /home/luna/.emacs.d/.local/straight/build-28.1/magit-section/magit-section-autoloads.el
        * [2.716843] Scanning /home/luna/.emacs.d/.local/straight/build-28.1/magit-gitflow/magit-gitflow-autoloads.el
        * [2.717330] Scanning /home/luna/.emacs.d/.local/straight/build-28.1/magit-popup/magit-popup-autoloads.el
        * [2.717876] Scanning /home/luna/.emacs.d/.local/straight/build-28.1/magit-todos/magit-todos-autoloads.el
        * [2.718428] Scanning /home/luna/.emacs.d/.local/straight/build-28.1/async/async-autoloads.el
        * [2.719165] Scanning /home/luna/.emacs.d/.local/straight/build-28.1/code-review/code-review-autoloads.el
        * [2.719894] Scanning /home/luna/.emacs.d/.local/straight/build-28.1/closql/closql-autoloads.el
        * [2.720361] Scanning /home/luna/.emacs.d/.local/straight/build-28.1/a/a-autoloads.el
        * [2.720821] Scanning /home/luna/.emacs.d/.local/straight/build-28.1/ghub/ghub-autoloads.el
        * [2.721531] Scanning /home/luna/.emacs.d/.local/straight/build-28.1/treepy/treepy-autoloads.el
        * [2.721989] Scanning /home/luna/.emacs.d/.local/straight/build-28.1/uuidgen/uuidgen-autoloads.el
        * [2.722549] Scanning /home/luna/.emacs.d/.local/straight/build-28.1/deferred/deferred-autoloads.el
        * [2.723041] Scanning /home/luna/.emacs.d/.local/straight/build-28.1/markdown-mode/markdown-mode-autoloads.el
        * [2.723596] Scanning /home/luna/.emacs.d/.local/straight/build-28.1/forge/forge-autoloads.el
        * [2.724714] Scanning /home/luna/.emacs.d/.local/straight/build-28.1/emacsql-sqlite/emacsql-sqlite-autoloads.el
        * [2.725193] Scanning /home/luna/.emacs.d/.local/straight/build-28.1/emacsql/emacsql-autoloads.el
        * [2.725881] Scanning /home/luna/.emacs.d/.local/straight/build-28.1/yaml/yaml-autoloads.el
        * [2.726354] Scanning /home/luna/.emacs.d/.local/straight/build-28.1/emojify/emojify-autoloads.el
        * [2.726877] Scanning /home/luna/.emacs.d/.local/straight/build-28.1/ht/ht-autoloads.el
        * [2.727339] Scanning /home/luna/.emacs.d/.local/straight/build-28.1/highlight-quoted/highlight-quoted-autoloads.el
        * [2.727851] Scanning /home/luna/.emacs.d/.local/straight/build-28.1/macrostep/macrostep-autoloads.el
        * [2.728432] Scanning /home/luna/.emacs.d/.local/straight/build-28.1/overseer/overseer-autoloads.el
        * [2.728981] Scanning /home/luna/.emacs.d/.local/straight/build-28.1/elisp-def/elisp-def-autoloads.el
        * [2.729488] Scanning /home/luna/.emacs.d/.local/straight/build-28.1/elisp-demos/elisp-demos-autoloads.el
        * [2.730111] Scanning /home/luna/.emacs.d/.local/straight/build-28.1/flycheck-package/flycheck-package-autoloads.el
        * [2.730635] Scanning /home/luna/.emacs.d/.local/straight/build-28.1/package-lint/package-lint-autoloads.el
        * [2.731193] Scanning /home/luna/.emacs.d/.local/straight/build-28.1/flycheck-cask/flycheck-cask-autoloads.el
        * [2.731691] Scanning /home/luna/.emacs.d/.local/straight/build-28.1/buttercup/buttercup-autoloads.el
        * [2.732403] Scanning /home/luna/.emacs.d/.local/straight/build-28.1/markdown-toc/markdown-toc-autoloads.el
        * [2.733068] Scanning /home/luna/.emacs.d/.local/straight/build-28.1/edit-indirect/edit-indirect-autoloads.el
        * [2.733615] Scanning /home/luna/.emacs.d/.local/straight/build-28.1/evil-markdown/evil-markdown-autoloads.el
        * [2.734221] Scanning /home/luna/.emacs.d/.local/straight/build-28.1/org/org-autoloads.el
        * [2.735414] Scanning /home/luna/.emacs.d/.local/straight/build-28.1/org-contrib/org-contrib-autoloads.el
        * [2.736169] Scanning /home/luna/.emacs.d/.local/straight/build-28.1/htmlize/htmlize-autoloads.el
        * [2.736860] Scanning /home/luna/.emacs.d/.local/straight/build-28.1/org-yt/org-yt-autoloads.el
        * [2.737396] Scanning /home/luna/.emacs.d/.local/straight/build-28.1/ox-clip/ox-clip-autoloads.el
        * [2.738056] Scanning /home/luna/.emacs.d/.local/straight/build-28.1/toc-org/toc-org-autoloads.el
        * [2.738563] Scanning /home/luna/.emacs.d/.local/straight/build-28.1/org-cliplink/org-cliplink-autoloads.el
        * [2.739122] Scanning /home/luna/.emacs.d/.local/straight/build-28.1/evil-org/evil-org-autoloads.el
        * [2.739680] Scanning /home/luna/.emacs.d/.local/straight/build-28.1/orgit/orgit-autoloads.el
        * [2.740329] Scanning /home/luna/.emacs.d/.local/straight/build-28.1/ob-async/ob-async-autoloads.el
        * [2.741206] Scanning /home/luna/.emacs.d/.local/straight/build-28.1/company-shell/company-shell-autoloads.el
        * [2.741762] Scanning /home/luna/.emacs.d/.local/straight/build-28.1/drag-stuff/drag-stuff-autoloads.el
        * [2.742475] Scanning /home/luna/.emacs.d/.local/straight/build-28.1/link-hint/link-hint-autoloads.el
        * [2.743092] Scanning /home/luna/.emacs.d/.local/straight/build-28.1/highlight-indent-guides/highlight-indent-guides-autoloads.el
        * [2.743690] Scanning /home/luna/.emacs.d/.local/straight/build-28.1/minimap/minimap-autoloads.el
        * [2.744199] Scanning /home/luna/.emacs.d/.local/straight/build-28.1/treemacs/treemacs-autoloads.el
        * [2.745188] Scanning /home/luna/.emacs.d/.local/straight/build-28.1/ace-window/ace-window-autoloads.el
        * [2.745811] Scanning /home/luna/.emacs.d/.local/straight/build-28.1/pfuture/pfuture-autoloads.el
        * [2.746417] Scanning /home/luna/.emacs.d/.local/straight/build-28.1/hydra/hydra-autoloads.el
        * [2.747015] Scanning /home/luna/.emacs.d/.local/straight/build-28.1/lv/lv-autoloads.el
        * [2.747486] Scanning /home/luna/.emacs.d/.local/straight/build-28.1/cfrs/cfrs-autoloads.el
        * [2.747967] Scanning /home/luna/.emacs.d/.local/straight/build-28.1/posframe/posframe-autoloads.el
        * [2.748562] Scanning /home/luna/.emacs.d/.local/straight/build-28.1/treemacs-evil/treemacs-evil-autoloads.el
        * [2.749023] Scanning /home/luna/.emacs.d/.local/straight/build-28.1/treemacs-projectile/treemacs-projectile-autoloads.el
        * [2.749525] Scanning /home/luna/.emacs.d/.local/straight/build-28.1/treemacs-magit/treemacs-magit-autoloads.el
        * [2.750015] Scanning /home/luna/.emacs.d/.local/straight/build-28.1/treemacs-persp/treemacs-persp-autoloads.el
        * [2.750538] Scanning /home/luna/.emacs.d/.local/straight/build-28.1/lsp-treemacs/lsp-treemacs-autoloads.el
        * [2.751245] Scanning /home/luna/.emacs.d/.local/straight/build-28.1/lsp-mode/lsp-mode-autoloads.el
        * [2.752413] Scanning /home/luna/.emacs.d/.local/straight/build-28.1/spinner/spinner-autoloads.el
        * [2.753099] Scanning /home/luna/.emacs.d/.local/straight/build-28.1/format-all/format-all-autoloads.el
        * [2.753623] Scanning /home/luna/.emacs.d/.local/straight/build-28.1/evil-multiedit/evil-multiedit-autoloads.el
        * [2.754423] Scanning /home/luna/.emacs.d/.local/straight/build-28.1/iedit/iedit-autoloads.el
        * [2.754961] Scanning /home/luna/.emacs.d/.local/straight/build-28.1/evil-mc/evil-mc-autoloads.el
        * [2.755596] Scanning /home/luna/.emacs.d/.local/straight/build-28.1/vterm/vterm-autoloads.el
        * [2.756177] Scanning /home/luna/.emacs.d/.local/straight/build-28.1/lsp-ui/lsp-ui-autoloads.el
        * [2.756767] Scanning /home/luna/.emacs.d/.local/straight/build-28.1/consult-lsp/consult-lsp-autoloads.el
        * [2.757592] Scanning /home/luna/.emacs.d/.local/straight/build-28.1/rainbow-mode/rainbow-mode-autoloads.el
        * [2.758153] Scanning /home/luna/.emacs.d/.local/straight/build-28.1/kurecolor/kurecolor-autoloads.el
        * [2.758806] Scanning /home/luna/.emacs.d/.local/straight/build-28.1/sly/sly-autoloads.el
        * [2.759467] Scanning /home/luna/.emacs.d/.local/straight/build-28.1/sly-macrostep/sly-macrostep-autoloads.el
        * [2.760134] Scanning /home/luna/.emacs.d/.local/straight/build-28.1/sly-repl-ansi-color/sly-repl-ansi-color-autoloads.el
        * [2.760617] Scanning /home/luna/.emacs.d/.local/straight/build-28.1/csharp-mode/csharp-mode-autoloads.el
        * [2.761141] Scanning /home/luna/.emacs.d/.local/straight/build-28.1/csproj-mode/csproj-mode-autoloads.el
        * [2.761635] Scanning /home/luna/.emacs.d/.local/straight/build-28.1/sln-mode/sln-mode-autoloads.el
        * [2.762117] Scanning /home/luna/.emacs.d/.local/straight/build-28.1/shader-mode/shader-mode-autoloads.el
        * [2.762598] Scanning /home/luna/.emacs.d/.local/straight/build-28.1/gdscript-mode/gdscript-mode-autoloads.el
        * [2.763274] Scanning /home/luna/.emacs.d/.local/straight/build-28.1/rjsx-mode/rjsx-mode-autoloads.el
        * [2.763821] Scanning /home/luna/.emacs.d/.local/straight/build-28.1/js2-mode/js2-mode-autoloads.el
        * [2.764567] Scanning /home/luna/.emacs.d/.local/straight/build-28.1/typescript-mode/typescript-mode-autoloads.el
        * [2.765170] Scanning /home/luna/.emacs.d/.local/straight/build-28.1/js2-refactor/js2-refactor-autoloads.el
        * [2.765837] Scanning /home/luna/.emacs.d/.local/straight/build-28.1/multiple-cursors/multiple-cursors-autoloads.el
        * [2.766684] Scanning /home/luna/.emacs.d/.local/straight/build-28.1/npm-mode/npm-mode-autoloads.el
        * [2.767358] Scanning /home/luna/.emacs.d/.local/straight/build-28.1/add-node-modules-path/add-node-modules-path-autoloads.el
        * [2.767943] Scanning /home/luna/.emacs.d/.local/straight/build-28.1/nodejs-repl/nodejs-repl-autoloads.el
        * [2.768567] Scanning /home/luna/.emacs.d/.local/straight/build-28.1/skewer-mode/skewer-mode-autoloads.el
        * [2.769345] Scanning /home/luna/.emacs.d/.local/straight/build-28.1/simple-httpd/simple-httpd-autoloads.el
        * [2.769861] Scanning /home/luna/.emacs.d/.local/straight/build-28.1/tide/tide-autoloads.el
        * [2.770466] Scanning /home/luna/.emacs.d/.local/straight/build-28.1/xref-js2/xref-js2-autoloads.el
        * [2.771064] Scanning /home/luna/.emacs.d/.local/straight/build-28.1/lua-mode/lua-mode-autoloads.el
        * [2.771599] Scanning /home/luna/.emacs.d/.local/straight/build-28.1/company-lua/company-lua-autoloads.el
        * [2.772070] Scanning /home/luna/.emacs.d/.local/straight/build-28.1/nix-mode/nix-mode-autoloads.el
        * [2.772898] Scanning /home/luna/.emacs.d/.local/straight/build-28.1/nix-update/nix-update-autoloads.el
        * [2.773563] Scanning /home/luna/.emacs.d/.local/straight/build-28.1/company-nixos-options/company-nixos-options-autoloads.el
        * [2.774490] Scanning /home/luna/.emacs.d/.local/straight/build-28.1/nixos-options/nixos-options-autoloads.el
        * [2.774963] Scanning /home/luna/.emacs.d/.local/straight/build-28.1/org-download/org-download-autoloads.el
        * [2.775449] Scanning /home/luna/.emacs.d/.local/straight/build-28.1/org-appear/org-appear-autoloads.el
        * [2.776086] Scanning /home/luna/.emacs.d/.local/straight/build-28.1/org-superstar/org-superstar-autoloads.el
        * [2.776666] Scanning /home/luna/.emacs.d/.local/straight/build-28.1/org-fancy-priorities/org-fancy-priorities-autoloads.el
        * [2.777174] Scanning /home/luna/.emacs.d/.local/straight/build-28.1/org-roam/org-roam-autoloads.el
        * [2.777857] Scanning /home/luna/.emacs.d/.local/straight/build-28.1/ox-hugo/ox-hugo-autoloads.el
        * [2.778546] Scanning /home/luna/.emacs.d/.local/straight/build-28.1/tomelr/tomelr-autoloads.el
        * [2.779002] Scanning /home/luna/.emacs.d/.local/straight/build-28.1/map/map-autoloads.el
        * [2.779454] Scanning /home/luna/.emacs.d/.local/straight/build-28.1/yaml-mode/yaml-mode-autoloads.el
        * [2.780015] Scanning /home/luna/.emacs.d/.local/straight/build-28.1/elcord/elcord-autoloads.el
    > Byte-compiling autoloads file...
    ✓ Generated .local/autoloads.28.1.elc
  - Restart Emacs or use 'M-x doom/reload' for changes to take effect
✓ Finished in 3.42018s
* [2.939566] GC count: 0 (0.000000s)
