* [0.072281] Starting!
* [0.072313] doom-cli-run: (emacs --no-splash --load /home/luna/.emacs.d/bin/doom -- sync -e)
* [0.073576] Starting!
* [0.073609] doom-cli-run: (emacs --no-splash --load /home/luna/.emacs.d/bin/doom -- sync -e)
* [0.073674] doom-cli-context-execute: found (doom)
* [0.073874] Autoloading /home/luna/.emacs.d/core/cli/sync.el
* [0.082560] doom-cli-context-execute: found (doom sync)
* [0.082760] Found switch: -e
* [0.082946] doom-cli-context-execute: doom sync
* [0.083202] doom-cli-execute: (:before) ((input) (context . #s(doom-cli-context (25300 32901 828757 732000) 43425 1 (209 . 14) nil nil doom nil nil (doom sync) nil (sync -e) ((--jobs) (-j) (-p) (-u) (-c) (-e . -e) (--eval) (-E) (--strict-load) (--load) (-L) (--color) (--pager) (--emacsdir) (--doomdir) (--debug) (-D) (--force) (-!)) ((t) ((doom sync) -e) ((doom) sync -e))  *doom-cli stdin*  *doom-cli stdout*  *doom-cli stderr* nil)) (_) (evals) (loads) (color?) (pager) (emacsdir) (doomdir) (debug?) (force?))
* [0.083246] doom-cli-execute: (:before doom build) nil
* [0.097518] Initializing straight
* [0.141150] Initializing recipes
* [0.143332] Installing core packages
* [0.143708] doom-cli-execute: (doom sync) ((jobs) (purge?) (update?) (noelc?) (noenvvar? . -e))
> Compiling your literate config...
  Tangled 16 code blocks from config.org
Restarting...
* [0.072563] Restored context: 43425
* [0.072631] Autoloading /home/luna/.emacs.d/core/cli/sync.el
* [0.081048] doom-cli-context-execute: doom sync
* [0.081297] doom-cli-execute: (:before) ((input) (context . #s(doom-cli-context (25300 32901 828757 732000) 43425 2 (209 . 14) nil nil doom nil nil (doom sync) nil (sync -e) ((--jobs) (-j) (-p) (-u) (-c) (-e . -e) (--eval) (-E) (--strict-load) (--load) (-L) (--color) (--pager) (--emacsdir) (--doomdir) (--debug) (-D) (--force) (-!)) ((t) ((doom sync) -e) ((doom) sync -e))  *doom-cli stdin*  *doom-cli stdout*  *doom-cli stderr* nil)) (_) (evals) (loads) (color?) (pager) (emacsdir) (doomdir) (debug?) (force?))
* [0.081348] doom-cli-execute: (:before doom build) nil
* [0.095939] Initializing straight
* [0.139925] Initializing recipes
* [0.142225] Installing core packages
* [0.142574] doom-cli-execute: (doom sync) ((jobs) (purge?) (update?) (noelc?) (noenvvar? . -e))
> Synchronizing your config with Doom Emacs...
    * [0.142856] Initializing package.el
    * [0.277099] Initializing straight.el
  > Installing packages...
    - No packages need to be installed
  > (Re)building packages...
    - No packages need rebuilding
  > Purging orphaned packages (for the emperor)...
    - No builds to purge
    - Skipping elpa packages
    - Skipping repos
    - Skipping regrafting
  > (Re)generating autoloads file...
    > Generating autoloads file...
        * [1.043235] Scanning /home/luna/.emacs.d/core/autoload/buffers.el
        * [1.045350] Scanning /home/luna/.emacs.d/core/autoload/config.el
        * [1.046371] Scanning /home/luna/.emacs.d/core/autoload/debug.el
        * [1.048305] Scanning /home/luna/.emacs.d/core/autoload/files.el
        * [1.049987] Scanning /home/luna/.emacs.d/core/autoload/fonts.el
        * [1.051681] Scanning /home/luna/.emacs.d/core/autoload/help.el
        * [1.053847] Scanning /home/luna/.emacs.d/core/autoload/packages.el
        * [1.055143] Scanning /home/luna/.emacs.d/core/autoload/plist.el
        * [1.056122] Scanning /home/luna/.emacs.d/core/autoload/print.el
        * [1.058089] Scanning /home/luna/.emacs.d/core/autoload/process.el
        * [1.058893] Scanning /home/luna/.emacs.d/core/autoload/projects.el
        * [1.060246] Scanning /home/luna/.emacs.d/core/autoload/sandbox.el
        * [1.061247] Scanning /home/luna/.emacs.d/core/autoload/scratch.el
        * [1.062539] Scanning /home/luna/.emacs.d/core/autoload/sessions.el
        * [1.063643] Scanning /home/luna/.emacs.d/core/autoload/store.el
        * [1.064817] Scanning /home/luna/.emacs.d/core/autoload/system.el
        * [1.065725] Scanning /home/luna/.emacs.d/core/autoload/text.el
        * [1.067460] Scanning /home/luna/.emacs.d/core/autoload/themes.el
        * [1.068399] Scanning /home/luna/.emacs.d/core/autoload/ui.el
        * [1.069836] Scanning /home/luna/.emacs.d/modules/app/calendar/autoload.el
        * [1.070264] Scanning /home/luna/.emacs.d/modules/app/emms/autoload.el
        * [1.070696] Scanning /home/luna/.emacs.d/modules/app/irc/autoload/irc.el
        * [1.071142] Scanning /home/luna/.emacs.d/modules/app/irc/autoload/ivy.el
        * [1.071541] Scanning /home/luna/.emacs.d/modules/app/irc/autoload/settings.el
        * [1.072025] Scanning /home/luna/.emacs.d/modules/app/irc/autoload/vertico.el
        * [1.072425] Scanning /home/luna/.emacs.d/modules/app/rss/autoload.el
        * [1.072805] Scanning /home/luna/.emacs.d/modules/app/twitter/autoload.el
        * [1.073177] Scanning /home/luna/.emacs.d/modules/checkers/spell/autoload/+flyspell.el
        * [1.073719] Scanning /home/luna/.emacs.d/modules/checkers/spell/autoload/+spell-fu.el
        * [1.074182] Scanning /home/luna/.emacs.d/modules/checkers/syntax/autoload.el
        * [1.075042] Scanning /home/luna/.emacs.d/modules/completion/company/autoload.el
        * [1.076235] Scanning /home/luna/.emacs.d/modules/completion/helm/autoload/evil.el
        * [1.076705] Scanning /home/luna/.emacs.d/modules/completion/helm/autoload/helm.el
        * [1.077143] Scanning /home/luna/.emacs.d/modules/completion/helm/autoload/posframe.el
        * [1.077584] Scanning /home/luna/.emacs.d/modules/completion/ivy/autoload/evil.el
        * [1.077985] Scanning /home/luna/.emacs.d/modules/completion/ivy/autoload/hydras.el
        * [1.078427] Scanning /home/luna/.emacs.d/modules/completion/ivy/autoload/ivy.el
        * [1.078959] Scanning /home/luna/.emacs.d/modules/completion/ivy/autoload/posframe.el
        * [1.079358] Scanning /home/luna/.emacs.d/modules/completion/vertico/autoload/evil.el
        * [1.091548] Scanning /home/luna/.emacs.d/modules/completion/vertico/autoload/magit.el
        * [1.092404] Scanning /home/luna/.emacs.d/modules/completion/vertico/autoload/vertico.el
        * [1.093937] Scanning /home/luna/.emacs.d/modules/completion/vertico/autoload/workspaces.el
        * [1.094956] Scanning /home/luna/.emacs.d/modules/config/default/autoload/default.el
        * [1.095929] Scanning /home/luna/.emacs.d/modules/config/default/autoload/deferred.el
        * [1.096788] Scanning /home/luna/.emacs.d/modules/config/default/autoload/files.el
        * [1.097867] Scanning /home/luna/.emacs.d/modules/config/default/autoload/search.el
        * [1.099080] Scanning /home/luna/.emacs.d/modules/config/default/autoload/text.el
        * [1.100337] Scanning /home/luna/.emacs.d/modules/config/literate/autoload.el
        * [1.101425] Scanning /home/luna/.emacs.d/modules/editor/evil/autoload/advice.el
        * [1.102928] Scanning /home/luna/.emacs.d/modules/editor/evil/autoload/embrace.el
        * [1.104069] Scanning /home/luna/.emacs.d/modules/editor/evil/autoload/evil.el
        * [1.105509] Scanning /home/luna/.emacs.d/modules/editor/evil/autoload/ex.el
        * [1.106769] Scanning /home/luna/.emacs.d/modules/editor/evil/autoload/files.el
        * [1.107769] Scanning /home/luna/.emacs.d/modules/editor/evil/autoload/textobjects.el
        * [1.108804] Scanning /home/luna/.emacs.d/modules/editor/evil/autoload/unimpaired.el
        * [1.110450] Scanning /home/luna/.emacs.d/modules/editor/file-templates/autoload.el
        * [1.111595] Scanning /home/luna/.emacs.d/modules/editor/fold/autoload/fold.el
        * [1.112798] Scanning /home/luna/.emacs.d/modules/editor/fold/autoload/hideshow.el
        * [1.113839] Scanning /home/luna/.emacs.d/modules/editor/format/autoload/evil.el
        * [1.114796] Scanning /home/luna/.emacs.d/modules/editor/format/autoload/format.el
        * [1.124345] Scanning /home/luna/.emacs.d/modules/editor/format/autoload/settings.el
        * [1.125619] Scanning /home/luna/.emacs.d/modules/editor/god/autoload.el
        * [1.125995] Scanning /home/luna/.emacs.d/modules/editor/multiple-cursors/autoload/evil-mc.el
        * [1.127218] Scanning /home/luna/.emacs.d/modules/editor/rotate-text/autoload.el
        * [1.127666] Scanning /home/luna/.emacs.d/modules/editor/snippets/autoload/settings.el
        * [1.128525] Scanning /home/luna/.emacs.d/modules/editor/snippets/autoload/snippets.el
        * [1.130137] Scanning /home/luna/.emacs.d/modules/editor/word-wrap/autoload.el
        * [1.130524] Scanning /home/luna/.emacs.d/modules/emacs/dired/autoload.el
        * [1.131301] Scanning /home/luna/.emacs.d/modules/emacs/electric/autoload.el
        * [1.132150] Scanning /home/luna/.emacs.d/modules/emacs/ibuffer/autoload/workspaces.el
        * [1.132647] Scanning /home/luna/.emacs.d/modules/emacs/vc/autoload/bug-reference-backport.el
        * [1.133206] Scanning /home/luna/.emacs.d/modules/emacs/vc/autoload/hydra.el
        * [1.133764] Scanning /home/luna/.emacs.d/modules/emacs/vc/autoload/vc.el
        * [1.134770] Scanning /home/luna/.emacs.d/modules/email/mu4e/autoload/advice.el
        * [1.135296] Scanning /home/luna/.emacs.d/modules/email/mu4e/autoload/email.el
        * [1.135907] Scanning /home/luna/.emacs.d/modules/email/mu4e/autoload/evil.el
        * [1.136313] Scanning /home/luna/.emacs.d/modules/email/mu4e/autoload/mu-lock.el
        * [1.136747] Scanning /home/luna/.emacs.d/modules/email/notmuch/autoload.el
        * [1.137141] Scanning /home/luna/.emacs.d/modules/email/wanderlust/autoload.el
        * [1.137505] Scanning /home/luna/.emacs.d/modules/input/layout/autoload/bepo.el
        * [1.137951] Scanning /home/luna/.emacs.d/modules/lang/beancount/autoload.el
        * [1.138352] Scanning /home/luna/.emacs.d/modules/lang/cc/autoload.el
        * [1.138784] Scanning /home/luna/.emacs.d/modules/lang/clojure/autoload.el
        * [1.139158] Scanning /home/luna/.emacs.d/modules/lang/common-lisp/autoload/common-lisp.el
        * [1.140169] Scanning /home/luna/.emacs.d/modules/lang/csharp/autoload.el
        * [1.141056] Scanning /home/luna/.emacs.d/modules/lang/emacs-lisp/autoload.el
        * [1.142631] Scanning /home/luna/.emacs.d/modules/lang/ess/autoload.el
        * [1.143021] Scanning /home/luna/.emacs.d/modules/lang/faust/autoload.el
        * [1.143402] Scanning /home/luna/.emacs.d/modules/lang/fortran/autoload.el
        * [1.143823] Scanning /home/luna/.emacs.d/modules/lang/go/autoload.el
        * [1.144296] Scanning /home/luna/.emacs.d/modules/lang/graphql/autoload.el
        * [1.144739] Scanning /home/luna/.emacs.d/modules/lang/haskell/autoload.el
        * [1.145227] Scanning /home/luna/.emacs.d/modules/lang/java/autoload/java.el
        * [1.145653] Scanning /home/luna/.emacs.d/modules/lang/java/autoload/lsp.el
        * [1.146117] Scanning /home/luna/.emacs.d/modules/lang/javascript/autoload.el
        * [1.147225] Scanning /home/luna/.emacs.d/modules/lang/julia/autoload.el
        * [1.147630] Scanning /home/luna/.emacs.d/modules/lang/kotlin/autoload.el
        * [1.147991] Scanning /home/luna/.emacs.d/modules/lang/latex/autoload.el
        * [1.148363] Scanning /home/luna/.emacs.d/modules/lang/lua/autoload/lua.el
        * [1.149377] Scanning /home/luna/.emacs.d/modules/lang/lua/autoload/moonscript.el
        * [1.149923] Scanning /home/luna/.emacs.d/modules/lang/markdown/autoload.el
        * [1.151037] Scanning /home/luna/.emacs.d/modules/lang/nix/autoload.el
        * [1.151989] Scanning /home/luna/.emacs.d/modules/lang/ocaml/autoload.el
        * [1.152359] Scanning /home/luna/.emacs.d/modules/lang/org/autoload/contrib-ipython.el
        * [1.152929] Scanning /home/luna/.emacs.d/modules/lang/org/autoload/contrib-present.el
        * [1.153482] Scanning /home/luna/.emacs.d/modules/lang/org/autoload/contrib-roam2.el
        * [1.154797] Scanning /home/luna/.emacs.d/modules/lang/org/autoload/org-attach.el
        * [1.155811] Scanning /home/luna/.emacs.d/modules/lang/org/autoload/org-avy.el
        * [1.156700] Scanning /home/luna/.emacs.d/modules/lang/org/autoload/org-babel.el
        * [1.157739] Scanning /home/luna/.emacs.d/modules/lang/org/autoload/org-capture.el
        * [1.159002] Scanning /home/luna/.emacs.d/modules/lang/org/autoload/org-export.el
        * [1.159923] Scanning /home/luna/.emacs.d/modules/lang/org/autoload/org-link.el
        * [1.161386] Scanning /home/luna/.emacs.d/modules/lang/org/autoload/org-refile.el
        * [1.162475] Scanning /home/luna/.emacs.d/modules/lang/org/autoload/org-tables.el
        * [1.163554] Scanning /home/luna/.emacs.d/modules/lang/org/autoload/org.el
        * [1.165802] Scanning /home/luna/.emacs.d/modules/lang/php/autoload.el
        * [1.166179] Scanning /home/luna/.emacs.d/modules/lang/plantuml/autoload.el
        * [1.166564] Scanning /home/luna/.emacs.d/modules/lang/python/autoload/conda.el
        * [1.166985] Scanning /home/luna/.emacs.d/modules/lang/python/autoload/pyenv.el
        * [1.167386] Scanning /home/luna/.emacs.d/modules/lang/python/autoload/python.el
        * [1.167816] Scanning /home/luna/.emacs.d/modules/lang/qt/autoload.el
        * [1.168187] Scanning /home/luna/.emacs.d/modules/lang/racket/autoload.el
        * [1.168543] Scanning /home/luna/.emacs.d/modules/lang/rest/autoload.el
        * [1.168899] Scanning /home/luna/.emacs.d/modules/lang/ruby/autoload.el
        * [1.169255] Scanning /home/luna/.emacs.d/modules/lang/rust/autoload.el
        * [1.169617] Scanning /home/luna/.emacs.d/modules/lang/scala/autoload.el
        * [1.169991] Scanning /home/luna/.emacs.d/modules/lang/scheme/autoload.el
        * [1.170406] Scanning /home/luna/.emacs.d/modules/lang/sh/autoload.el
        * [1.171500] Scanning /home/luna/.emacs.d/modules/lang/terra/autoload.el
        * [1.171862] Scanning /home/luna/.emacs.d/modules/lang/web/autoload/css.el
        * [1.172284] Scanning /home/luna/.emacs.d/modules/lang/web/autoload/evil.el
        * [1.172681] Scanning /home/luna/.emacs.d/modules/lang/web/autoload/html.el
        * [1.173122] Scanning /home/luna/.emacs.d/modules/os/macos/autoload.el
        * [1.173531] Scanning /home/luna/.emacs.d/modules/term/eshell/autoload/backport.el
        * [1.173974] Scanning /home/luna/.emacs.d/modules/term/eshell/autoload/commands.el
        * [1.174382] Scanning /home/luna/.emacs.d/modules/term/eshell/autoload/company.el
        * [1.174808] Scanning /home/luna/.emacs.d/modules/term/eshell/autoload/eshell.el
        * [1.175273] Scanning /home/luna/.emacs.d/modules/term/eshell/autoload/evil.el
        * [1.175681] Scanning /home/luna/.emacs.d/modules/term/eshell/autoload/prompts.el
        * [1.176092] Scanning /home/luna/.emacs.d/modules/term/eshell/autoload/settings.el
        * [1.176560] Scanning /home/luna/.emacs.d/modules/term/shell/autoload.el
        * [1.176961] Scanning /home/luna/.emacs.d/modules/term/term/autoload.el
        * [1.177335] Scanning /home/luna/.emacs.d/modules/term/vterm/autoload.el
        * [1.178253] Scanning /home/luna/.emacs.d/modules/tools/debugger/autoload/debugger.el
        * [1.178698] Scanning /home/luna/.emacs.d/modules/tools/debugger/autoload/evil.el
        * [1.179116] Scanning /home/luna/.emacs.d/modules/tools/editorconfig/autoload.el
        * [1.179526] Scanning /home/luna/.emacs.d/modules/tools/eval/autoload/eval.el
        * [1.180811] Scanning /home/luna/.emacs.d/modules/tools/eval/autoload/evil.el
        * [1.181852] Scanning /home/luna/.emacs.d/modules/tools/eval/autoload/repl.el
        * [1.182964] Scanning /home/luna/.emacs.d/modules/tools/eval/autoload/settings.el
        * [1.184030] Scanning /home/luna/.emacs.d/modules/tools/gist/autoload/evil.el
        * [1.184452] Scanning /home/luna/.emacs.d/modules/tools/lookup/autoload/docsets.el
        * [1.185118] Scanning /home/luna/.emacs.d/modules/tools/lookup/autoload/evil.el
        * [1.186133] Scanning /home/luna/.emacs.d/modules/tools/lookup/autoload/lookup.el
        * [1.187875] Scanning /home/luna/.emacs.d/modules/tools/lookup/autoload/online.el
        * [1.188972] Scanning /home/luna/.emacs.d/modules/tools/lookup/autoload/xwidget.el
        * [1.189826] Scanning /home/luna/.emacs.d/modules/tools/lsp/autoload/common.el
        * [1.190686] Scanning /home/luna/.emacs.d/modules/tools/lsp/autoload/eglot.el
        * [1.191263] Scanning /home/luna/.emacs.d/modules/tools/lsp/autoload/flycheck-eglot.el
        * [1.192165] Scanning /home/luna/.emacs.d/modules/tools/lsp/autoload/lsp-mode.el
        * [1.193213] Scanning /home/luna/.emacs.d/modules/tools/magit/autoload.el
        * [1.194375] Scanning /home/luna/.emacs.d/modules/tools/make/autoload.el
        * [1.194741] Scanning /home/luna/.emacs.d/modules/tools/pass/autoload/consult.el
        * [1.195141] Scanning /home/luna/.emacs.d/modules/tools/pass/autoload/ivy.el
        * [1.195536] Scanning /home/luna/.emacs.d/modules/tools/pass/autoload/pass.el
        * [1.195946] Scanning /home/luna/.emacs.d/modules/tools/prodigy/autoload.el
        * [1.196343] Scanning /home/luna/.emacs.d/modules/tools/rgb/autoload.el
        * [1.196830] Scanning /home/luna/.emacs.d/modules/tools/taskrunner/autoload.el
        * [1.197194] Scanning /home/luna/.emacs.d/modules/tools/tmux/autoload/evil.el
        * [1.197610] Scanning /home/luna/.emacs.d/modules/tools/tmux/autoload/tmux.el
        * [1.198042] Scanning /home/luna/.emacs.d/modules/tools/tree-sitter/autoload.el
        * [1.198428] Scanning /home/luna/.emacs.d/modules/ui/doom-dashboard/autoload.el
        * [1.199311] Scanning /home/luna/.emacs.d/modules/ui/hydra/autoload/windows.el
        * [1.199792] Scanning /home/luna/.emacs.d/modules/ui/ligatures/autoload/install.el
        * [1.200243] Scanning /home/luna/.emacs.d/modules/ui/ligatures/autoload/ligatures.el
        * [1.200764] Scanning /home/luna/.emacs.d/modules/ui/modeline/autoload.el
        * [1.201784] Scanning /home/luna/.emacs.d/modules/ui/nav-flash/autoload.el
        * [1.202156] Scanning /home/luna/.emacs.d/modules/ui/neotree/autoload.el
        * [1.202561] Scanning /home/luna/.emacs.d/modules/ui/popup/autoload/popup.el
        * [1.204881] Scanning /home/luna/.emacs.d/modules/ui/popup/autoload/settings.el
        * [1.206210] Scanning /home/luna/.emacs.d/modules/ui/tabs/autoload.el
        * [1.206588] Scanning /home/luna/.emacs.d/modules/ui/treemacs/autoload.el
        * [1.207390] Scanning /home/luna/.emacs.d/modules/ui/unicode/autoload.el
        * [1.207755] Scanning /home/luna/.emacs.d/modules/ui/vc-gutter/autoload.el
        * [1.208237] Scanning /home/luna/.emacs.d/modules/ui/vi-tilde-fringe/autoload.el
        * [1.208972] Scanning /home/luna/.emacs.d/modules/ui/workspaces/autoload/evil.el
        * [1.210062] Scanning /home/luna/.emacs.d/modules/ui/workspaces/autoload/workspaces.el
        * [1.212510] Scanning /home/luna/.emacs.d/modules/ui/zen/autoload.el
        * [1.223414] Scanning /home/luna/.emacs.d/.local/straight/build-28.1/straight/straight-autoloads.el
        * [1.224195] Scanning /home/luna/.emacs.d/.local/straight/build-28.1/use-package/use-package-autoloads.el
        * [1.224878] Scanning /home/luna/.emacs.d/.local/straight/build-28.1/bind-key/bind-key-autoloads.el
        * [1.225482] Scanning /home/luna/.emacs.d/.local/straight/build-28.1/auto-minor-mode/auto-minor-mode-autoloads.el
        * [1.226019] Scanning /home/luna/.emacs.d/.local/straight/build-28.1/gcmh/gcmh-autoloads.el
        * [1.226527] Scanning /home/luna/.emacs.d/.local/straight/build-28.1/explain-pause-mode/explain-pause-mode-autoloads.el
        * [1.227067] Scanning /home/luna/.emacs.d/.local/straight/build-28.1/all-the-icons/all-the-icons-autoloads.el
        * [1.227643] Scanning /home/luna/.emacs.d/.local/straight/build-28.1/hide-mode-line/hide-mode-line-autoloads.el
        * [1.228227] Scanning /home/luna/.emacs.d/.local/straight/build-28.1/highlight-numbers/highlight-numbers-autoloads.el
        * [1.228722] Scanning /home/luna/.emacs.d/.local/straight/build-28.1/parent-mode/parent-mode-autoloads.el
        * [1.229185] Scanning /home/luna/.emacs.d/.local/straight/build-28.1/rainbow-delimiters/rainbow-delimiters-autoloads.el
        * [1.229706] Scanning /home/luna/.emacs.d/.local/straight/build-28.1/restart-emacs/restart-emacs-autoloads.el
        * [1.230298] Scanning /home/luna/.emacs.d/.local/straight/build-28.1/better-jumper/better-jumper-autoloads.el
        * [1.230810] Scanning /home/luna/.emacs.d/.local/straight/build-28.1/dtrt-indent/dtrt-indent-autoloads.el
        * [1.231419] Scanning /home/luna/.emacs.d/.local/straight/build-28.1/helpful/helpful-autoloads.el
        * [1.232010] Scanning /home/luna/.emacs.d/.local/straight/build-28.1/dash/dash-autoloads.el
        * [1.232673] Scanning /home/luna/.emacs.d/.local/straight/build-28.1/s/s-autoloads.el
        * [1.233185] Scanning /home/luna/.emacs.d/.local/straight/build-28.1/f/f-autoloads.el
        * [1.233674] Scanning /home/luna/.emacs.d/.local/straight/build-28.1/elisp-refs/elisp-refs-autoloads.el
        * [1.234217] Scanning /home/luna/.emacs.d/.local/straight/build-28.1/pcre2el/pcre2el-autoloads.el
        * [1.234881] Scanning /home/luna/.emacs.d/.local/straight/build-28.1/smartparens/smartparens-autoloads.el
        * [1.235674] Scanning /home/luna/.emacs.d/.local/straight/build-28.1/ws-butler/ws-butler-autoloads.el
        * [1.236263] Scanning /home/luna/.emacs.d/.local/straight/build-28.1/projectile/projectile-autoloads.el
        * [1.237110] Scanning /home/luna/.emacs.d/.local/straight/build-28.1/project/project-autoloads.el
        * [1.237767] Scanning /home/luna/.emacs.d/.local/straight/build-28.1/xref/xref-autoloads.el
        * [1.238345] Scanning /home/luna/.emacs.d/.local/straight/build-28.1/general/general-autoloads.el
        * [1.239123] Scanning /home/luna/.emacs.d/.local/straight/build-28.1/which-key/which-key-autoloads.el
        * [1.239742] Scanning /home/luna/.emacs.d/.local/straight/build-28.1/company/company-autoloads.el
        * [1.240556] Scanning /home/luna/.emacs.d/.local/straight/build-28.1/company-dict/company-dict-autoloads.el
        * [1.241048] Scanning /home/luna/.emacs.d/.local/straight/build-28.1/vertico/vertico-autoloads.el
        * [1.241808] Scanning /home/luna/.emacs.d/.local/straight/build-28.1/orderless/orderless-autoloads.el
        * [1.242354] Scanning /home/luna/.emacs.d/.local/straight/build-28.1/consult/consult-autoloads.el
        * [1.243201] Scanning /home/luna/.emacs.d/.local/straight/build-28.1/compat/compat-autoloads.el
        * [1.243738] Scanning /home/luna/.emacs.d/.local/straight/build-28.1/consult-dir/consult-dir-autoloads.el
        * [1.244232] Scanning /home/luna/.emacs.d/.local/straight/build-28.1/consult-flycheck/consult-flycheck-autoloads.el
        * [1.244707] Scanning /home/luna/.emacs.d/.local/straight/build-28.1/flycheck/flycheck-autoloads.el
        * [1.245392] Scanning /home/luna/.emacs.d/.local/straight/build-28.1/pkg-info/pkg-info-autoloads.el
        * [1.245885] Scanning /home/luna/.emacs.d/.local/straight/build-28.1/epl/epl-autoloads.el
        * [1.246337] Scanning /home/luna/.emacs.d/.local/straight/build-28.1/embark/embark-autoloads.el
        * [1.246931] Scanning /home/luna/.emacs.d/.local/straight/build-28.1/embark-consult/embark-consult-autoloads.el
        * [1.247393] Scanning /home/luna/.emacs.d/.local/straight/build-28.1/marginalia/marginalia-autoloads.el
        * [1.247946] Scanning /home/luna/.emacs.d/.local/straight/build-28.1/wgrep/wgrep-autoloads.el
        * [1.248413] Scanning /home/luna/.emacs.d/.local/straight/build-28.1/doom-themes/doom-themes-autoloads.el
        * [1.249720] Scanning /home/luna/.emacs.d/.local/straight/build-28.1/solaire-mode/solaire-mode-autoloads.el
        * [1.250291] Scanning /home/luna/.emacs.d/.local/straight/build-28.1/hl-todo/hl-todo-autoloads.el
        * [1.250976] Scanning /home/luna/.emacs.d/.local/straight/build-28.1/doom-modeline/doom-modeline-autoloads.el
        * [1.251663] Scanning /home/luna/.emacs.d/.local/straight/build-28.1/shrink-path/shrink-path-autoloads.el
        * [1.252124] Scanning /home/luna/.emacs.d/.local/straight/build-28.1/anzu/anzu-autoloads.el
        * [1.252733] Scanning /home/luna/.emacs.d/.local/straight/build-28.1/evil-anzu/evil-anzu-autoloads.el
        * [1.253189] Scanning /home/luna/.emacs.d/.local/straight/build-28.1/evil/evil-autoloads.el
        * [1.253847] Scanning /home/luna/.emacs.d/.local/straight/build-28.1/goto-chg/goto-chg-autoloads.el
        * [1.254392] Scanning /home/luna/.emacs.d/.local/straight/build-28.1/evil-goggles/evil-goggles-autoloads.el
        * [1.254913] Scanning /home/luna/.emacs.d/.local/straight/build-28.1/git-gutter-fringe/git-gutter-fringe-autoloads.el
        * [1.255428] Scanning /home/luna/.emacs.d/.local/straight/build-28.1/git-gutter/git-gutter-autoloads.el
        * [1.256049] Scanning /home/luna/.emacs.d/.local/straight/build-28.1/fringe-helper/fringe-helper-autoloads.el
        * [1.256541] Scanning /home/luna/.emacs.d/.local/straight/build-28.1/vi-tilde-fringe/vi-tilde-fringe-autoloads.el
        * [1.257131] Scanning /home/luna/.emacs.d/.local/straight/build-28.1/persp-mode/persp-mode-autoloads.el
        * [1.257716] Scanning /home/luna/.emacs.d/.local/straight/build-28.1/evil-args/evil-args-autoloads.el
        * [1.258205] Scanning /home/luna/.emacs.d/.local/straight/build-28.1/evil-easymotion/evil-easymotion-autoloads.el
        * [1.258839] Scanning /home/luna/.emacs.d/.local/straight/build-28.1/avy/avy-autoloads.el
        * [1.259499] Scanning /home/luna/.emacs.d/.local/straight/build-28.1/evil-embrace/evil-embrace-autoloads.el
        * [1.259977] Scanning /home/luna/.emacs.d/.local/straight/build-28.1/embrace/embrace-autoloads.el
        * [1.260511] Scanning /home/luna/.emacs.d/.local/straight/build-28.1/expand-region/expand-region-autoloads.el
        * [1.261235] Scanning /home/luna/.emacs.d/.local/straight/build-28.1/evil-surround/evil-surround-autoloads.el
        * [1.261858] Scanning /home/luna/.emacs.d/.local/straight/build-28.1/evil-escape/evil-escape-autoloads.el
        * [1.262382] Scanning /home/luna/.emacs.d/.local/straight/build-28.1/evil-exchange/evil-exchange-autoloads.el
        * [1.262881] Scanning /home/luna/.emacs.d/.local/straight/build-28.1/evil-indent-plus/evil-indent-plus-autoloads.el
        * [1.263432] Scanning /home/luna/.emacs.d/.local/straight/build-28.1/evil-lion/evil-lion-autoloads.el
        * [1.263974] Scanning /home/luna/.emacs.d/.local/straight/build-28.1/evil-nerd-commenter/evil-nerd-commenter-autoloads.el
        * [1.264540] Scanning /home/luna/.emacs.d/.local/straight/build-28.1/evil-numbers/evil-numbers-autoloads.el
        * [1.265025] Scanning /home/luna/.emacs.d/.local/straight/build-28.1/evil-snipe/evil-snipe-autoloads.el
        * [1.265561] Scanning /home/luna/.emacs.d/.local/straight/build-28.1/evil-textobj-anyblock/evil-textobj-anyblock-autoloads.el
        * [1.266207] Scanning /home/luna/.emacs.d/.local/straight/build-28.1/evil-traces/evil-traces-autoloads.el
        * [1.266810] Scanning /home/luna/.emacs.d/.local/straight/build-28.1/evil-visualstar/evil-visualstar-autoloads.el
        * [1.267428] Scanning /home/luna/.emacs.d/.local/straight/build-28.1/exato/exato-autoloads.el
        * [1.267963] Scanning /home/luna/.emacs.d/.local/straight/build-28.1/evil-quick-diff/evil-quick-diff-autoloads.el
        * [1.268475] Scanning /home/luna/.emacs.d/.local/straight/build-28.1/evil-collection/evil-collection-autoloads.el
        * [1.268991] Scanning /home/luna/.emacs.d/.local/straight/build-28.1/annalist/annalist-autoloads.el
        * [1.269510] Scanning /home/luna/.emacs.d/.local/straight/build-28.1/yasnippet/yasnippet-autoloads.el
        * [1.270133] Scanning /home/luna/.emacs.d/.local/straight/build-28.1/vimish-fold/vimish-fold-autoloads.el
        * [1.270667] Scanning /home/luna/.emacs.d/.local/straight/build-28.1/evil-vimish-fold/evil-vimish-fold-autoloads.el
        * [1.271333] Scanning /home/luna/.emacs.d/.local/straight/build-28.1/auto-yasnippet/auto-yasnippet-autoloads.el
        * [1.271939] Scanning /home/luna/.emacs.d/.local/straight/build-28.1/doom-snippets/doom-snippets-autoloads.el
        * [1.272478] Scanning /home/luna/.emacs.d/.local/straight/build-28.1/diredfl/diredfl-autoloads.el
        * [1.273060] Scanning /home/luna/.emacs.d/.local/straight/build-28.1/dired-git-info/dired-git-info-autoloads.el
        * [1.273645] Scanning /home/luna/.emacs.d/.local/straight/build-28.1/diff-hl/diff-hl-autoloads.el
        * [1.274320] Scanning /home/luna/.emacs.d/.local/straight/build-28.1/dired-rsync/dired-rsync-autoloads.el
        * [1.274820] Scanning /home/luna/.emacs.d/.local/straight/build-28.1/fd-dired/fd-dired-autoloads.el
        * [1.275322] Scanning /home/luna/.emacs.d/.local/straight/build-28.1/undo-fu/undo-fu-autoloads.el
        * [1.275849] Scanning /home/luna/.emacs.d/.local/straight/build-28.1/undo-fu-session/undo-fu-session-autoloads.el
        * [1.276438] Scanning /home/luna/.emacs.d/.local/straight/build-28.1/browse-at-remote/browse-at-remote-autoloads.el
        * [1.276973] Scanning /home/luna/.emacs.d/.local/straight/build-28.1/git-commit/git-commit-autoloads.el
        * [1.277469] Scanning /home/luna/.emacs.d/.local/straight/build-28.1/transient/transient-autoloads.el
        * [1.278083] Scanning /home/luna/.emacs.d/.local/straight/build-28.1/with-editor/with-editor-autoloads.el
        * [1.278589] Scanning /home/luna/.emacs.d/.local/straight/build-28.1/git-timemachine/git-timemachine-autoloads.el
        * [1.279082] Scanning /home/luna/.emacs.d/.local/straight/build-28.1/git-modes/git-modes-autoloads.el
        * [1.279632] Scanning /home/luna/.emacs.d/.local/straight/build-28.1/flycheck-popup-tip/flycheck-popup-tip-autoloads.el
        * [1.280180] Scanning /home/luna/.emacs.d/.local/straight/build-28.1/popup/popup-autoloads.el
        * [1.280676] Scanning /home/luna/.emacs.d/.local/straight/build-28.1/quickrun/quickrun-autoloads.el
        * [1.281339] Scanning /home/luna/.emacs.d/.local/straight/build-28.1/eros/eros-autoloads.el
        * [1.281907] Scanning /home/luna/.emacs.d/.local/straight/build-28.1/dumb-jump/dumb-jump-autoloads.el
        * [1.282596] Scanning /home/luna/.emacs.d/.local/straight/build-28.1/request/request-autoloads.el
        * [1.283137] Scanning /home/luna/.emacs.d/.local/straight/build-28.1/magit/magit-autoloads.el
        * [1.285192] Scanning /home/luna/.emacs.d/.local/straight/build-28.1/magit-section/magit-section-autoloads.el
        * [1.285705] Scanning /home/luna/.emacs.d/.local/straight/build-28.1/magit-gitflow/magit-gitflow-autoloads.el
        * [1.286172] Scanning /home/luna/.emacs.d/.local/straight/build-28.1/magit-popup/magit-popup-autoloads.el
        * [1.286654] Scanning /home/luna/.emacs.d/.local/straight/build-28.1/magit-todos/magit-todos-autoloads.el
        * [1.287204] Scanning /home/luna/.emacs.d/.local/straight/build-28.1/async/async-autoloads.el
        * [1.287880] Scanning /home/luna/.emacs.d/.local/straight/build-28.1/code-review/code-review-autoloads.el
        * [1.288658] Scanning /home/luna/.emacs.d/.local/straight/build-28.1/closql/closql-autoloads.el
        * [1.289205] Scanning /home/luna/.emacs.d/.local/straight/build-28.1/a/a-autoloads.el
        * [1.289755] Scanning /home/luna/.emacs.d/.local/straight/build-28.1/ghub/ghub-autoloads.el
        * [1.290333] Scanning /home/luna/.emacs.d/.local/straight/build-28.1/treepy/treepy-autoloads.el
        * [1.290818] Scanning /home/luna/.emacs.d/.local/straight/build-28.1/uuidgen/uuidgen-autoloads.el
        * [1.291303] Scanning /home/luna/.emacs.d/.local/straight/build-28.1/deferred/deferred-autoloads.el
        * [1.291826] Scanning /home/luna/.emacs.d/.local/straight/build-28.1/markdown-mode/markdown-mode-autoloads.el
        * [1.292367] Scanning /home/luna/.emacs.d/.local/straight/build-28.1/forge/forge-autoloads.el
        * [1.293101] Scanning /home/luna/.emacs.d/.local/straight/build-28.1/emacsql-sqlite/emacsql-sqlite-autoloads.el
        * [1.293610] Scanning /home/luna/.emacs.d/.local/straight/build-28.1/emacsql/emacsql-autoloads.el
        * [1.294095] Scanning /home/luna/.emacs.d/.local/straight/build-28.1/yaml/yaml-autoloads.el
        * [1.294550] Scanning /home/luna/.emacs.d/.local/straight/build-28.1/emojify/emojify-autoloads.el
        * [1.295060] Scanning /home/luna/.emacs.d/.local/straight/build-28.1/ht/ht-autoloads.el
        * [1.295514] Scanning /home/luna/.emacs.d/.local/straight/build-28.1/highlight-quoted/highlight-quoted-autoloads.el
        * [1.296013] Scanning /home/luna/.emacs.d/.local/straight/build-28.1/macrostep/macrostep-autoloads.el
        * [1.296586] Scanning /home/luna/.emacs.d/.local/straight/build-28.1/overseer/overseer-autoloads.el
        * [1.297167] Scanning /home/luna/.emacs.d/.local/straight/build-28.1/elisp-def/elisp-def-autoloads.el
        * [1.297667] Scanning /home/luna/.emacs.d/.local/straight/build-28.1/elisp-demos/elisp-demos-autoloads.el
        * [1.298151] Scanning /home/luna/.emacs.d/.local/straight/build-28.1/flycheck-package/flycheck-package-autoloads.el
        * [1.298634] Scanning /home/luna/.emacs.d/.local/straight/build-28.1/package-lint/package-lint-autoloads.el
        * [1.299291] Scanning /home/luna/.emacs.d/.local/straight/build-28.1/flycheck-cask/flycheck-cask-autoloads.el
        * [1.299933] Scanning /home/luna/.emacs.d/.local/straight/build-28.1/buttercup/buttercup-autoloads.el
        * [1.300542] Scanning /home/luna/.emacs.d/.local/straight/build-28.1/markdown-toc/markdown-toc-autoloads.el
        * [1.301165] Scanning /home/luna/.emacs.d/.local/straight/build-28.1/edit-indirect/edit-indirect-autoloads.el
        * [1.301714] Scanning /home/luna/.emacs.d/.local/straight/build-28.1/evil-markdown/evil-markdown-autoloads.el
        * [1.302226] Scanning /home/luna/.emacs.d/.local/straight/build-28.1/org/org-autoloads.el
        * [1.303446] Scanning /home/luna/.emacs.d/.local/straight/build-28.1/org-contrib/org-contrib-autoloads.el
        * [1.304153] Scanning /home/luna/.emacs.d/.local/straight/build-28.1/htmlize/htmlize-autoloads.el
        * [1.304762] Scanning /home/luna/.emacs.d/.local/straight/build-28.1/org-yt/org-yt-autoloads.el
        * [1.305271] Scanning /home/luna/.emacs.d/.local/straight/build-28.1/ox-clip/ox-clip-autoloads.el
        * [1.305771] Scanning /home/luna/.emacs.d/.local/straight/build-28.1/toc-org/toc-org-autoloads.el
        * [1.306319] Scanning /home/luna/.emacs.d/.local/straight/build-28.1/org-cliplink/org-cliplink-autoloads.el
        * [1.306899] Scanning /home/luna/.emacs.d/.local/straight/build-28.1/evil-org/evil-org-autoloads.el
        * [1.307447] Scanning /home/luna/.emacs.d/.local/straight/build-28.1/orgit/orgit-autoloads.el
        * [1.308109] Scanning /home/luna/.emacs.d/.local/straight/build-28.1/ob-async/ob-async-autoloads.el
        * [1.308616] Scanning /home/luna/.emacs.d/.local/straight/build-28.1/company-shell/company-shell-autoloads.el
        * [1.309123] Scanning /home/luna/.emacs.d/.local/straight/build-28.1/drag-stuff/drag-stuff-autoloads.el
        * [1.309724] Scanning /home/luna/.emacs.d/.local/straight/build-28.1/link-hint/link-hint-autoloads.el
        * [1.310322] Scanning /home/luna/.emacs.d/.local/straight/build-28.1/highlight-indent-guides/highlight-indent-guides-autoloads.el
        * [1.310853] Scanning /home/luna/.emacs.d/.local/straight/build-28.1/minimap/minimap-autoloads.el
        * [1.311367] Scanning /home/luna/.emacs.d/.local/straight/build-28.1/treemacs/treemacs-autoloads.el
        * [1.312315] Scanning /home/luna/.emacs.d/.local/straight/build-28.1/ace-window/ace-window-autoloads.el
        * [1.312904] Scanning /home/luna/.emacs.d/.local/straight/build-28.1/pfuture/pfuture-autoloads.el
        * [1.313464] Scanning /home/luna/.emacs.d/.local/straight/build-28.1/hydra/hydra-autoloads.el
        * [1.314259] Scanning /home/luna/.emacs.d/.local/straight/build-28.1/lv/lv-autoloads.el
        * [1.314714] Scanning /home/luna/.emacs.d/.local/straight/build-28.1/cfrs/cfrs-autoloads.el
        * [1.315184] Scanning /home/luna/.emacs.d/.local/straight/build-28.1/posframe/posframe-autoloads.el
        * [1.315738] Scanning /home/luna/.emacs.d/.local/straight/build-28.1/treemacs-evil/treemacs-evil-autoloads.el
        * [1.316323] Scanning /home/luna/.emacs.d/.local/straight/build-28.1/treemacs-projectile/treemacs-projectile-autoloads.el
        * [1.316890] Scanning /home/luna/.emacs.d/.local/straight/build-28.1/treemacs-magit/treemacs-magit-autoloads.el
        * [1.317401] Scanning /home/luna/.emacs.d/.local/straight/build-28.1/treemacs-persp/treemacs-persp-autoloads.el
        * [1.317984] Scanning /home/luna/.emacs.d/.local/straight/build-28.1/lsp-treemacs/lsp-treemacs-autoloads.el
        * [1.318657] Scanning /home/luna/.emacs.d/.local/straight/build-28.1/lsp-mode/lsp-mode-autoloads.el
        * [1.319728] Scanning /home/luna/.emacs.d/.local/straight/build-28.1/spinner/spinner-autoloads.el
        * [1.320347] Scanning /home/luna/.emacs.d/.local/straight/build-28.1/format-all/format-all-autoloads.el
        * [1.320888] Scanning /home/luna/.emacs.d/.local/straight/build-28.1/evil-multiedit/evil-multiedit-autoloads.el
        * [1.321472] Scanning /home/luna/.emacs.d/.local/straight/build-28.1/iedit/iedit-autoloads.el
        * [1.322037] Scanning /home/luna/.emacs.d/.local/straight/build-28.1/evil-mc/evil-mc-autoloads.el
        * [1.322714] Scanning /home/luna/.emacs.d/.local/straight/build-28.1/vterm/vterm-autoloads.el
        * [1.323316] Scanning /home/luna/.emacs.d/.local/straight/build-28.1/lsp-ui/lsp-ui-autoloads.el
        * [1.323915] Scanning /home/luna/.emacs.d/.local/straight/build-28.1/consult-lsp/consult-lsp-autoloads.el
        * [1.324457] Scanning /home/luna/.emacs.d/.local/straight/build-28.1/rainbow-mode/rainbow-mode-autoloads.el
        * [1.324953] Scanning /home/luna/.emacs.d/.local/straight/build-28.1/kurecolor/kurecolor-autoloads.el
        * [1.325582] Scanning /home/luna/.emacs.d/.local/straight/build-28.1/sly/sly-autoloads.el
        * [1.326091] Scanning /home/luna/.emacs.d/.local/straight/build-28.1/sly-macrostep/sly-macrostep-autoloads.el
        * [1.326783] Scanning /home/luna/.emacs.d/.local/straight/build-28.1/sly-repl-ansi-color/sly-repl-ansi-color-autoloads.el
        * [1.327257] Scanning /home/luna/.emacs.d/.local/straight/build-28.1/csharp-mode/csharp-mode-autoloads.el
        * [1.327767] Scanning /home/luna/.emacs.d/.local/straight/build-28.1/csproj-mode/csproj-mode-autoloads.el
        * [1.328262] Scanning /home/luna/.emacs.d/.local/straight/build-28.1/sln-mode/sln-mode-autoloads.el
        * [1.328724] Scanning /home/luna/.emacs.d/.local/straight/build-28.1/shader-mode/shader-mode-autoloads.el
        * [1.329186] Scanning /home/luna/.emacs.d/.local/straight/build-28.1/gdscript-mode/gdscript-mode-autoloads.el
        * [1.329838] Scanning /home/luna/.emacs.d/.local/straight/build-28.1/rjsx-mode/rjsx-mode-autoloads.el
        * [1.330419] Scanning /home/luna/.emacs.d/.local/straight/build-28.1/js2-mode/js2-mode-autoloads.el
        * [1.331031] Scanning /home/luna/.emacs.d/.local/straight/build-28.1/typescript-mode/typescript-mode-autoloads.el
        * [1.331564] Scanning /home/luna/.emacs.d/.local/straight/build-28.1/js2-refactor/js2-refactor-autoloads.el
        * [1.332191] Scanning /home/luna/.emacs.d/.local/straight/build-28.1/multiple-cursors/multiple-cursors-autoloads.el
        * [1.333064] Scanning /home/luna/.emacs.d/.local/straight/build-28.1/npm-mode/npm-mode-autoloads.el
        * [1.333638] Scanning /home/luna/.emacs.d/.local/straight/build-28.1/add-node-modules-path/add-node-modules-path-autoloads.el
        * [1.334164] Scanning /home/luna/.emacs.d/.local/straight/build-28.1/nodejs-repl/nodejs-repl-autoloads.el
        * [1.334829] Scanning /home/luna/.emacs.d/.local/straight/build-28.1/skewer-mode/skewer-mode-autoloads.el
        * [1.335467] Scanning /home/luna/.emacs.d/.local/straight/build-28.1/simple-httpd/simple-httpd-autoloads.el
        * [1.335967] Scanning /home/luna/.emacs.d/.local/straight/build-28.1/tide/tide-autoloads.el
        * [1.336560] Scanning /home/luna/.emacs.d/.local/straight/build-28.1/xref-js2/xref-js2-autoloads.el
        * [1.337065] Scanning /home/luna/.emacs.d/.local/straight/build-28.1/lua-mode/lua-mode-autoloads.el
        * [1.337569] Scanning /home/luna/.emacs.d/.local/straight/build-28.1/company-lua/company-lua-autoloads.el
        * [1.338046] Scanning /home/luna/.emacs.d/.local/straight/build-28.1/nix-mode/nix-mode-autoloads.el
        * [1.338899] Scanning /home/luna/.emacs.d/.local/straight/build-28.1/nix-update/nix-update-autoloads.el
        * [1.339373] Scanning /home/luna/.emacs.d/.local/straight/build-28.1/company-nixos-options/company-nixos-options-autoloads.el
        * [1.339877] Scanning /home/luna/.emacs.d/.local/straight/build-28.1/nixos-options/nixos-options-autoloads.el
        * [1.340384] Scanning /home/luna/.emacs.d/.local/straight/build-28.1/org-download/org-download-autoloads.el
        * [1.340852] Scanning /home/luna/.emacs.d/.local/straight/build-28.1/org-appear/org-appear-autoloads.el
        * [1.341355] Scanning /home/luna/.emacs.d/.local/straight/build-28.1/org-superstar/org-superstar-autoloads.el
        * [1.341881] Scanning /home/luna/.emacs.d/.local/straight/build-28.1/org-fancy-priorities/org-fancy-priorities-autoloads.el
        * [1.342390] Scanning /home/luna/.emacs.d/.local/straight/build-28.1/org-roam/org-roam-autoloads.el
        * [1.343072] Scanning /home/luna/.emacs.d/.local/straight/build-28.1/ox-hugo/ox-hugo-autoloads.el
        * [1.343747] Scanning /home/luna/.emacs.d/.local/straight/build-28.1/tomelr/tomelr-autoloads.el
        * [1.344205] Scanning /home/luna/.emacs.d/.local/straight/build-28.1/map/map-autoloads.el
        * [1.344661] Scanning /home/luna/.emacs.d/.local/straight/build-28.1/yaml-mode/yaml-mode-autoloads.el
        * [1.345158] Scanning /home/luna/.emacs.d/.local/straight/build-28.1/elcord/elcord-autoloads.el
    > Byte-compiling autoloads file...
    ✓ Generated .local/autoloads.28.1.elc
  - Restart Emacs or use 'M-x doom/reload' for changes to take effect
✓ Finished in 1.97242s
* [1.506485] GC count: 0 (0.000000s)
