* [0.071771] Starting!
* [0.071806] doom-cli-run: (emacs --no-splash --load /home/luna/.emacs.d/bin/doom -- sync -e)
* [0.071798] Starting!
* [0.071838] doom-cli-run: (emacs --no-splash --load /home/luna/.emacs.d/bin/doom -- sync -e)
* [0.071903] doom-cli-context-execute: found (doom)
* [0.072101] Autoloading /home/luna/.emacs.d/core/cli/sync.el
* [0.080650] doom-cli-context-execute: found (doom sync)
* [0.080848] Found switch: -e
* [0.081026] doom-cli-context-execute: doom sync
* [0.081274] doom-cli-execute: (:before) ((input) (context . #s(doom-cli-context (25300 34054 336787 308000) 44645 1 (209 . 14) nil nil doom nil nil (doom sync) nil (sync -e) ((--jobs) (-j) (-p) (-u) (-c) (-e . -e) (--eval) (-E) (--strict-load) (--load) (-L) (--color) (--pager) (--emacsdir) (--doomdir) (--debug) (-D) (--force) (-!)) ((t) ((doom sync) -e) ((doom) sync -e))  *doom-cli stdin*  *doom-cli stdout*  *doom-cli stderr* nil)) (_) (evals) (loads) (color?) (pager) (emacsdir) (doomdir) (debug?) (force?))
* [0.081321] doom-cli-execute: (:before doom build) nil
* [0.095546] Initializing straight
* [0.138692] Initializing recipes
* [0.141556] Installing core packages
* [0.141930] doom-cli-execute: (doom sync) ((jobs) (purge?) (update?) (noelc?) (noenvvar? . -e))
> Compiling your literate config...
  Tangled 17 code blocks from config.org
Restarting...
* [0.072054] Restored context: 44645
* [0.072122] Autoloading /home/luna/.emacs.d/core/cli/sync.el
* [0.080424] doom-cli-context-execute: doom sync
* [0.080683] doom-cli-execute: (:before) ((input) (context . #s(doom-cli-context (25300 34054 336787 308000) 44645 2 (209 . 14) nil nil doom nil nil (doom sync) nil (sync -e) ((--jobs) (-j) (-p) (-u) (-c) (-e . -e) (--eval) (-E) (--strict-load) (--load) (-L) (--color) (--pager) (--emacsdir) (--doomdir) (--debug) (-D) (--force) (-!)) ((t) ((doom sync) -e) ((doom) sync -e))  *doom-cli stdin*  *doom-cli stdout*  *doom-cli stderr* nil)) (_) (evals) (loads) (color?) (pager) (emacsdir) (doomdir) (debug?) (force?))
* [0.080728] doom-cli-execute: (:before doom build) nil
* [0.094873] Initializing straight
* [0.137701] Initializing recipes
* [0.139738] Installing core packages
* [0.140101] doom-cli-execute: (doom sync) ((jobs) (purge?) (update?) (noelc?) (noenvvar? . -e))
> Synchronizing your config with Doom Emacs...
    * [0.140365] Initializing package.el
    * [0.267156] Initializing straight.el
  > Installing packages...
    - No packages need to be installed
  > (Re)building packages...
    - No packages need rebuilding
  > Purging orphaned packages (for the emperor)...
    - No builds to purge
    - Skipping elpa packages
    - Skipping repos
    - Skipping regrafting
  > (Re)generating autoloads file...
    > Generating autoloads file...
        * [1.033789] Scanning /home/luna/.emacs.d/core/autoload/buffers.el
        * [1.035999] Scanning /home/luna/.emacs.d/core/autoload/config.el
        * [1.037057] Scanning /home/luna/.emacs.d/core/autoload/debug.el
        * [1.038831] Scanning /home/luna/.emacs.d/core/autoload/files.el
        * [1.040427] Scanning /home/luna/.emacs.d/core/autoload/fonts.el
        * [1.042029] Scanning /home/luna/.emacs.d/core/autoload/help.el
        * [1.044154] Scanning /home/luna/.emacs.d/core/autoload/packages.el
        * [1.045483] Scanning /home/luna/.emacs.d/core/autoload/plist.el
        * [1.046390] Scanning /home/luna/.emacs.d/core/autoload/print.el
        * [1.048195] Scanning /home/luna/.emacs.d/core/autoload/process.el
        * [1.049025] Scanning /home/luna/.emacs.d/core/autoload/projects.el
        * [1.050347] Scanning /home/luna/.emacs.d/core/autoload/sandbox.el
        * [1.051388] Scanning /home/luna/.emacs.d/core/autoload/scratch.el
        * [1.052625] Scanning /home/luna/.emacs.d/core/autoload/sessions.el
        * [1.053714] Scanning /home/luna/.emacs.d/core/autoload/store.el
        * [1.054886] Scanning /home/luna/.emacs.d/core/autoload/system.el
        * [1.055793] Scanning /home/luna/.emacs.d/core/autoload/text.el
        * [1.057513] Scanning /home/luna/.emacs.d/core/autoload/themes.el
        * [1.058432] Scanning /home/luna/.emacs.d/core/autoload/ui.el
        * [1.059880] Scanning /home/luna/.emacs.d/modules/app/calendar/autoload.el
        * [1.060264] Scanning /home/luna/.emacs.d/modules/app/emms/autoload.el
        * [1.060640] Scanning /home/luna/.emacs.d/modules/app/irc/autoload/irc.el
        * [1.061122] Scanning /home/luna/.emacs.d/modules/app/irc/autoload/ivy.el
        * [1.061537] Scanning /home/luna/.emacs.d/modules/app/irc/autoload/settings.el
        * [1.062006] Scanning /home/luna/.emacs.d/modules/app/irc/autoload/vertico.el
        * [1.062420] Scanning /home/luna/.emacs.d/modules/app/rss/autoload.el
        * [1.063590] Scanning /home/luna/.emacs.d/modules/app/twitter/autoload.el
        * [1.063987] Scanning /home/luna/.emacs.d/modules/checkers/spell/autoload/+flyspell.el
        * [1.064476] Scanning /home/luna/.emacs.d/modules/checkers/spell/autoload/+spell-fu.el
        * [1.064921] Scanning /home/luna/.emacs.d/modules/checkers/syntax/autoload.el
        * [1.065777] Scanning /home/luna/.emacs.d/modules/completion/company/autoload.el
        * [1.066974] Scanning /home/luna/.emacs.d/modules/completion/helm/autoload/evil.el
        * [1.067405] Scanning /home/luna/.emacs.d/modules/completion/helm/autoload/helm.el
        * [1.067845] Scanning /home/luna/.emacs.d/modules/completion/helm/autoload/posframe.el
        * [1.068285] Scanning /home/luna/.emacs.d/modules/completion/ivy/autoload/evil.el
        * [1.068698] Scanning /home/luna/.emacs.d/modules/completion/ivy/autoload/hydras.el
        * [1.069120] Scanning /home/luna/.emacs.d/modules/completion/ivy/autoload/ivy.el
        * [1.069604] Scanning /home/luna/.emacs.d/modules/completion/ivy/autoload/posframe.el
        * [1.070015] Scanning /home/luna/.emacs.d/modules/completion/vertico/autoload/evil.el
        * [1.080696] Scanning /home/luna/.emacs.d/modules/completion/vertico/autoload/magit.el
        * [1.081571] Scanning /home/luna/.emacs.d/modules/completion/vertico/autoload/vertico.el
        * [1.083118] Scanning /home/luna/.emacs.d/modules/completion/vertico/autoload/workspaces.el
        * [1.084180] Scanning /home/luna/.emacs.d/modules/config/default/autoload/default.el
        * [1.085209] Scanning /home/luna/.emacs.d/modules/config/default/autoload/deferred.el
        * [1.086065] Scanning /home/luna/.emacs.d/modules/config/default/autoload/files.el
        * [1.087113] Scanning /home/luna/.emacs.d/modules/config/default/autoload/search.el
        * [1.088335] Scanning /home/luna/.emacs.d/modules/config/default/autoload/text.el
        * [1.089589] Scanning /home/luna/.emacs.d/modules/config/literate/autoload.el
        * [1.090634] Scanning /home/luna/.emacs.d/modules/editor/evil/autoload/advice.el
        * [1.092094] Scanning /home/luna/.emacs.d/modules/editor/evil/autoload/embrace.el
        * [1.093041] Scanning /home/luna/.emacs.d/modules/editor/evil/autoload/evil.el
        * [1.094628] Scanning /home/luna/.emacs.d/modules/editor/evil/autoload/ex.el
        * [1.095886] Scanning /home/luna/.emacs.d/modules/editor/evil/autoload/files.el
        * [1.096886] Scanning /home/luna/.emacs.d/modules/editor/evil/autoload/textobjects.el
        * [1.097954] Scanning /home/luna/.emacs.d/modules/editor/evil/autoload/unimpaired.el
        * [1.099518] Scanning /home/luna/.emacs.d/modules/editor/file-templates/autoload.el
        * [1.100694] Scanning /home/luna/.emacs.d/modules/editor/fold/autoload/fold.el
        * [1.101973] Scanning /home/luna/.emacs.d/modules/editor/fold/autoload/hideshow.el
        * [1.102988] Scanning /home/luna/.emacs.d/modules/editor/format/autoload/evil.el
        * [1.103964] Scanning /home/luna/.emacs.d/modules/editor/format/autoload/format.el
        * [1.113760] Scanning /home/luna/.emacs.d/modules/editor/format/autoload/settings.el
        * [1.115035] Scanning /home/luna/.emacs.d/modules/editor/god/autoload.el
        * [1.115425] Scanning /home/luna/.emacs.d/modules/editor/multiple-cursors/autoload/evil-mc.el
        * [1.116626] Scanning /home/luna/.emacs.d/modules/editor/rotate-text/autoload.el
        * [1.117064] Scanning /home/luna/.emacs.d/modules/editor/snippets/autoload/settings.el
        * [1.117955] Scanning /home/luna/.emacs.d/modules/editor/snippets/autoload/snippets.el
        * [1.119594] Scanning /home/luna/.emacs.d/modules/editor/word-wrap/autoload.el
        * [1.119986] Scanning /home/luna/.emacs.d/modules/emacs/dired/autoload.el
        * [1.120810] Scanning /home/luna/.emacs.d/modules/emacs/electric/autoload.el
        * [1.121661] Scanning /home/luna/.emacs.d/modules/emacs/ibuffer/autoload/workspaces.el
        * [1.122086] Scanning /home/luna/.emacs.d/modules/emacs/vc/autoload/bug-reference-backport.el
        * [1.122645] Scanning /home/luna/.emacs.d/modules/emacs/vc/autoload/hydra.el
        * [1.123174] Scanning /home/luna/.emacs.d/modules/emacs/vc/autoload/vc.el
        * [1.124143] Scanning /home/luna/.emacs.d/modules/email/mu4e/autoload/advice.el
        * [1.124593] Scanning /home/luna/.emacs.d/modules/email/mu4e/autoload/email.el
        * [1.125167] Scanning /home/luna/.emacs.d/modules/email/mu4e/autoload/evil.el
        * [1.125576] Scanning /home/luna/.emacs.d/modules/email/mu4e/autoload/mu-lock.el
        * [1.126006] Scanning /home/luna/.emacs.d/modules/email/notmuch/autoload.el
        * [1.126398] Scanning /home/luna/.emacs.d/modules/email/wanderlust/autoload.el
        * [1.126764] Scanning /home/luna/.emacs.d/modules/input/layout/autoload/bepo.el
        * [1.127209] Scanning /home/luna/.emacs.d/modules/lang/beancount/autoload.el
        * [1.127612] Scanning /home/luna/.emacs.d/modules/lang/cc/autoload.el
        * [1.128043] Scanning /home/luna/.emacs.d/modules/lang/clojure/autoload.el
        * [1.128414] Scanning /home/luna/.emacs.d/modules/lang/common-lisp/autoload/common-lisp.el
        * [1.129215] Scanning /home/luna/.emacs.d/modules/lang/csharp/autoload.el
        * [1.130022] Scanning /home/luna/.emacs.d/modules/lang/emacs-lisp/autoload.el
        * [1.131644] Scanning /home/luna/.emacs.d/modules/lang/ess/autoload.el
        * [1.132019] Scanning /home/luna/.emacs.d/modules/lang/faust/autoload.el
        * [1.132385] Scanning /home/luna/.emacs.d/modules/lang/fortran/autoload.el
        * [1.132770] Scanning /home/luna/.emacs.d/modules/lang/go/autoload.el
        * [1.133144] Scanning /home/luna/.emacs.d/modules/lang/graphql/autoload.el
        * [1.133507] Scanning /home/luna/.emacs.d/modules/lang/haskell/autoload.el
        * [1.133878] Scanning /home/luna/.emacs.d/modules/lang/java/autoload/java.el
        * [1.134304] Scanning /home/luna/.emacs.d/modules/lang/java/autoload/lsp.el
        * [1.134721] Scanning /home/luna/.emacs.d/modules/lang/javascript/autoload.el
        * [1.135858] Scanning /home/luna/.emacs.d/modules/lang/julia/autoload.el
        * [1.136231] Scanning /home/luna/.emacs.d/modules/lang/kotlin/autoload.el
        * [1.136604] Scanning /home/luna/.emacs.d/modules/lang/latex/autoload.el
        * [1.136988] Scanning /home/luna/.emacs.d/modules/lang/lua/autoload/lua.el
        * [1.137922] Scanning /home/luna/.emacs.d/modules/lang/lua/autoload/moonscript.el
        * [1.138468] Scanning /home/luna/.emacs.d/modules/lang/markdown/autoload.el
        * [1.139558] Scanning /home/luna/.emacs.d/modules/lang/nix/autoload.el
        * [1.140497] Scanning /home/luna/.emacs.d/modules/lang/ocaml/autoload.el
        * [1.140874] Scanning /home/luna/.emacs.d/modules/lang/org/autoload/contrib-ipython.el
        * [1.141445] Scanning /home/luna/.emacs.d/modules/lang/org/autoload/contrib-present.el
        * [1.141993] Scanning /home/luna/.emacs.d/modules/lang/org/autoload/contrib-roam2.el
        * [1.143254] Scanning /home/luna/.emacs.d/modules/lang/org/autoload/org-attach.el
        * [1.144377] Scanning /home/luna/.emacs.d/modules/lang/org/autoload/org-avy.el
        * [1.145232] Scanning /home/luna/.emacs.d/modules/lang/org/autoload/org-babel.el
        * [1.146292] Scanning /home/luna/.emacs.d/modules/lang/org/autoload/org-capture.el
        * [1.147590] Scanning /home/luna/.emacs.d/modules/lang/org/autoload/org-export.el
        * [1.148545] Scanning /home/luna/.emacs.d/modules/lang/org/autoload/org-link.el
        * [1.150017] Scanning /home/luna/.emacs.d/modules/lang/org/autoload/org-refile.el
        * [1.151150] Scanning /home/luna/.emacs.d/modules/lang/org/autoload/org-tables.el
        * [1.152237] Scanning /home/luna/.emacs.d/modules/lang/org/autoload/org.el
        * [1.154471] Scanning /home/luna/.emacs.d/modules/lang/php/autoload.el
        * [1.154855] Scanning /home/luna/.emacs.d/modules/lang/plantuml/autoload.el
        * [1.155242] Scanning /home/luna/.emacs.d/modules/lang/python/autoload/conda.el
        * [1.155649] Scanning /home/luna/.emacs.d/modules/lang/python/autoload/pyenv.el
        * [1.156063] Scanning /home/luna/.emacs.d/modules/lang/python/autoload/python.el
        * [1.156486] Scanning /home/luna/.emacs.d/modules/lang/qt/autoload.el
        * [1.156853] Scanning /home/luna/.emacs.d/modules/lang/racket/autoload.el
        * [1.157219] Scanning /home/luna/.emacs.d/modules/lang/rest/autoload.el
        * [1.157603] Scanning /home/luna/.emacs.d/modules/lang/ruby/autoload.el
        * [1.157968] Scanning /home/luna/.emacs.d/modules/lang/rust/autoload.el
        * [1.158333] Scanning /home/luna/.emacs.d/modules/lang/scala/autoload.el
        * [1.158714] Scanning /home/luna/.emacs.d/modules/lang/scheme/autoload.el
        * [1.159102] Scanning /home/luna/.emacs.d/modules/lang/sh/autoload.el
        * [1.160003] Scanning /home/luna/.emacs.d/modules/lang/terra/autoload.el
        * [1.160374] Scanning /home/luna/.emacs.d/modules/lang/web/autoload/css.el
        * [1.160808] Scanning /home/luna/.emacs.d/modules/lang/web/autoload/evil.el
        * [1.161216] Scanning /home/luna/.emacs.d/modules/lang/web/autoload/html.el
        * [1.161666] Scanning /home/luna/.emacs.d/modules/os/macos/autoload.el
        * [1.162052] Scanning /home/luna/.emacs.d/modules/term/eshell/autoload/backport.el
        * [1.162496] Scanning /home/luna/.emacs.d/modules/term/eshell/autoload/commands.el
        * [1.162905] Scanning /home/luna/.emacs.d/modules/term/eshell/autoload/company.el
        * [1.163318] Scanning /home/luna/.emacs.d/modules/term/eshell/autoload/eshell.el
        * [1.163785] Scanning /home/luna/.emacs.d/modules/term/eshell/autoload/evil.el
        * [1.164198] Scanning /home/luna/.emacs.d/modules/term/eshell/autoload/prompts.el
        * [1.164608] Scanning /home/luna/.emacs.d/modules/term/eshell/autoload/settings.el
        * [1.165083] Scanning /home/luna/.emacs.d/modules/term/shell/autoload.el
        * [1.165476] Scanning /home/luna/.emacs.d/modules/term/term/autoload.el
        * [1.165846] Scanning /home/luna/.emacs.d/modules/term/vterm/autoload.el
        * [1.166752] Scanning /home/luna/.emacs.d/modules/tools/debugger/autoload/debugger.el
        * [1.167209] Scanning /home/luna/.emacs.d/modules/tools/debugger/autoload/evil.el
        * [1.167633] Scanning /home/luna/.emacs.d/modules/tools/editorconfig/autoload.el
        * [1.168064] Scanning /home/luna/.emacs.d/modules/tools/eval/autoload/eval.el
        * [1.169299] Scanning /home/luna/.emacs.d/modules/tools/eval/autoload/evil.el
        * [1.170309] Scanning /home/luna/.emacs.d/modules/tools/eval/autoload/repl.el
        * [1.171429] Scanning /home/luna/.emacs.d/modules/tools/eval/autoload/settings.el
        * [1.172490] Scanning /home/luna/.emacs.d/modules/tools/gist/autoload/evil.el
        * [1.172907] Scanning /home/luna/.emacs.d/modules/tools/lookup/autoload/docsets.el
        * [1.173575] Scanning /home/luna/.emacs.d/modules/tools/lookup/autoload/evil.el
        * [1.174589] Scanning /home/luna/.emacs.d/modules/tools/lookup/autoload/lookup.el
        * [1.176325] Scanning /home/luna/.emacs.d/modules/tools/lookup/autoload/online.el
        * [1.177403] Scanning /home/luna/.emacs.d/modules/tools/lookup/autoload/xwidget.el
        * [1.178278] Scanning /home/luna/.emacs.d/modules/tools/lsp/autoload/common.el
        * [1.179095] Scanning /home/luna/.emacs.d/modules/tools/lsp/autoload/eglot.el
        * [1.179668] Scanning /home/luna/.emacs.d/modules/tools/lsp/autoload/flycheck-eglot.el
        * [1.180553] Scanning /home/luna/.emacs.d/modules/tools/lsp/autoload/lsp-mode.el
        * [1.181640] Scanning /home/luna/.emacs.d/modules/tools/magit/autoload.el
        * [1.182778] Scanning /home/luna/.emacs.d/modules/tools/make/autoload.el
        * [1.183156] Scanning /home/luna/.emacs.d/modules/tools/pass/autoload/consult.el
        * [1.183564] Scanning /home/luna/.emacs.d/modules/tools/pass/autoload/ivy.el
        * [1.183972] Scanning /home/luna/.emacs.d/modules/tools/pass/autoload/pass.el
        * [1.184400] Scanning /home/luna/.emacs.d/modules/tools/prodigy/autoload.el
        * [1.184786] Scanning /home/luna/.emacs.d/modules/tools/rgb/autoload.el
        * [1.185280] Scanning /home/luna/.emacs.d/modules/tools/taskrunner/autoload.el
        * [1.185651] Scanning /home/luna/.emacs.d/modules/tools/tmux/autoload/evil.el
        * [1.186057] Scanning /home/luna/.emacs.d/modules/tools/tmux/autoload/tmux.el
        * [1.186495] Scanning /home/luna/.emacs.d/modules/tools/tree-sitter/autoload.el
        * [1.186881] Scanning /home/luna/.emacs.d/modules/ui/doom-dashboard/autoload.el
        * [1.187809] Scanning /home/luna/.emacs.d/modules/ui/hydra/autoload/windows.el
        * [1.188228] Scanning /home/luna/.emacs.d/modules/ui/ligatures/autoload/install.el
        * [1.188651] Scanning /home/luna/.emacs.d/modules/ui/ligatures/autoload/ligatures.el
        * [1.189166] Scanning /home/luna/.emacs.d/modules/ui/modeline/autoload.el
        * [1.190070] Scanning /home/luna/.emacs.d/modules/ui/nav-flash/autoload.el
        * [1.190454] Scanning /home/luna/.emacs.d/modules/ui/neotree/autoload.el
        * [1.190856] Scanning /home/luna/.emacs.d/modules/ui/popup/autoload/popup.el
        * [1.193080] Scanning /home/luna/.emacs.d/modules/ui/popup/autoload/settings.el
        * [1.194404] Scanning /home/luna/.emacs.d/modules/ui/tabs/autoload.el
        * [1.194774] Scanning /home/luna/.emacs.d/modules/ui/treemacs/autoload.el
        * [1.195564] Scanning /home/luna/.emacs.d/modules/ui/unicode/autoload.el
        * [1.195942] Scanning /home/luna/.emacs.d/modules/ui/vc-gutter/autoload.el
        * [1.196434] Scanning /home/luna/.emacs.d/modules/ui/vi-tilde-fringe/autoload.el
        * [1.197191] Scanning /home/luna/.emacs.d/modules/ui/workspaces/autoload/evil.el
        * [1.198268] Scanning /home/luna/.emacs.d/modules/ui/workspaces/autoload/workspaces.el
        * [1.200745] Scanning /home/luna/.emacs.d/modules/ui/zen/autoload.el
        * [1.211544] Scanning /home/luna/.emacs.d/.local/straight/build-28.1/straight/straight-autoloads.el
        * [1.212319] Scanning /home/luna/.emacs.d/.local/straight/build-28.1/use-package/use-package-autoloads.el
        * [1.213020] Scanning /home/luna/.emacs.d/.local/straight/build-28.1/bind-key/bind-key-autoloads.el
        * [1.213640] Scanning /home/luna/.emacs.d/.local/straight/build-28.1/auto-minor-mode/auto-minor-mode-autoloads.el
        * [1.214194] Scanning /home/luna/.emacs.d/.local/straight/build-28.1/gcmh/gcmh-autoloads.el
        * [1.214715] Scanning /home/luna/.emacs.d/.local/straight/build-28.1/explain-pause-mode/explain-pause-mode-autoloads.el
        * [1.215227] Scanning /home/luna/.emacs.d/.local/straight/build-28.1/all-the-icons/all-the-icons-autoloads.el
        * [1.215817] Scanning /home/luna/.emacs.d/.local/straight/build-28.1/hide-mode-line/hide-mode-line-autoloads.el
        * [1.216414] Scanning /home/luna/.emacs.d/.local/straight/build-28.1/highlight-numbers/highlight-numbers-autoloads.el
        * [1.216928] Scanning /home/luna/.emacs.d/.local/straight/build-28.1/parent-mode/parent-mode-autoloads.el
        * [1.217402] Scanning /home/luna/.emacs.d/.local/straight/build-28.1/rainbow-delimiters/rainbow-delimiters-autoloads.el
        * [1.217947] Scanning /home/luna/.emacs.d/.local/straight/build-28.1/restart-emacs/restart-emacs-autoloads.el
        * [1.218522] Scanning /home/luna/.emacs.d/.local/straight/build-28.1/better-jumper/better-jumper-autoloads.el
        * [1.219047] Scanning /home/luna/.emacs.d/.local/straight/build-28.1/dtrt-indent/dtrt-indent-autoloads.el
        * [1.219672] Scanning /home/luna/.emacs.d/.local/straight/build-28.1/helpful/helpful-autoloads.el
        * [1.220213] Scanning /home/luna/.emacs.d/.local/straight/build-28.1/dash/dash-autoloads.el
        * [1.220844] Scanning /home/luna/.emacs.d/.local/straight/build-28.1/s/s-autoloads.el
        * [1.221309] Scanning /home/luna/.emacs.d/.local/straight/build-28.1/f/f-autoloads.el
        * [1.221779] Scanning /home/luna/.emacs.d/.local/straight/build-28.1/elisp-refs/elisp-refs-autoloads.el
        * [1.222334] Scanning /home/luna/.emacs.d/.local/straight/build-28.1/pcre2el/pcre2el-autoloads.el
        * [1.222919] Scanning /home/luna/.emacs.d/.local/straight/build-28.1/smartparens/smartparens-autoloads.el
        * [1.223693] Scanning /home/luna/.emacs.d/.local/straight/build-28.1/ws-butler/ws-butler-autoloads.el
        * [1.224284] Scanning /home/luna/.emacs.d/.local/straight/build-28.1/projectile/projectile-autoloads.el
        * [1.225120] Scanning /home/luna/.emacs.d/.local/straight/build-28.1/project/project-autoloads.el
        * [1.225760] Scanning /home/luna/.emacs.d/.local/straight/build-28.1/xref/xref-autoloads.el
        * [1.226294] Scanning /home/luna/.emacs.d/.local/straight/build-28.1/general/general-autoloads.el
        * [1.227035] Scanning /home/luna/.emacs.d/.local/straight/build-28.1/which-key/which-key-autoloads.el
        * [1.227616] Scanning /home/luna/.emacs.d/.local/straight/build-28.1/company/company-autoloads.el
        * [1.228404] Scanning /home/luna/.emacs.d/.local/straight/build-28.1/company-dict/company-dict-autoloads.el
        * [1.228902] Scanning /home/luna/.emacs.d/.local/straight/build-28.1/vertico/vertico-autoloads.el
        * [1.229679] Scanning /home/luna/.emacs.d/.local/straight/build-28.1/orderless/orderless-autoloads.el
        * [1.230242] Scanning /home/luna/.emacs.d/.local/straight/build-28.1/consult/consult-autoloads.el
        * [1.231116] Scanning /home/luna/.emacs.d/.local/straight/build-28.1/compat/compat-autoloads.el
        * [1.231619] Scanning /home/luna/.emacs.d/.local/straight/build-28.1/consult-dir/consult-dir-autoloads.el
        * [1.232123] Scanning /home/luna/.emacs.d/.local/straight/build-28.1/consult-flycheck/consult-flycheck-autoloads.el
        * [1.232610] Scanning /home/luna/.emacs.d/.local/straight/build-28.1/flycheck/flycheck-autoloads.el
        * [1.233320] Scanning /home/luna/.emacs.d/.local/straight/build-28.1/pkg-info/pkg-info-autoloads.el
        * [1.233827] Scanning /home/luna/.emacs.d/.local/straight/build-28.1/epl/epl-autoloads.el
        * [1.234294] Scanning /home/luna/.emacs.d/.local/straight/build-28.1/embark/embark-autoloads.el
        * [1.234869] Scanning /home/luna/.emacs.d/.local/straight/build-28.1/embark-consult/embark-consult-autoloads.el
        * [1.235347] Scanning /home/luna/.emacs.d/.local/straight/build-28.1/marginalia/marginalia-autoloads.el
        * [1.235889] Scanning /home/luna/.emacs.d/.local/straight/build-28.1/wgrep/wgrep-autoloads.el
        * [1.236366] Scanning /home/luna/.emacs.d/.local/straight/build-28.1/doom-themes/doom-themes-autoloads.el
        * [1.237491] Scanning /home/luna/.emacs.d/.local/straight/build-28.1/solaire-mode/solaire-mode-autoloads.el
        * [1.238040] Scanning /home/luna/.emacs.d/.local/straight/build-28.1/hl-todo/hl-todo-autoloads.el
        * [1.238687] Scanning /home/luna/.emacs.d/.local/straight/build-28.1/doom-modeline/doom-modeline-autoloads.el
        * [1.239283] Scanning /home/luna/.emacs.d/.local/straight/build-28.1/shrink-path/shrink-path-autoloads.el
        * [1.239755] Scanning /home/luna/.emacs.d/.local/straight/build-28.1/anzu/anzu-autoloads.el
        * [1.240375] Scanning /home/luna/.emacs.d/.local/straight/build-28.1/evil-anzu/evil-anzu-autoloads.el
        * [1.240851] Scanning /home/luna/.emacs.d/.local/straight/build-28.1/evil/evil-autoloads.el
        * [1.241480] Scanning /home/luna/.emacs.d/.local/straight/build-28.1/goto-chg/goto-chg-autoloads.el
        * [1.242039] Scanning /home/luna/.emacs.d/.local/straight/build-28.1/evil-goggles/evil-goggles-autoloads.el
        * [1.242573] Scanning /home/luna/.emacs.d/.local/straight/build-28.1/git-gutter-fringe/git-gutter-fringe-autoloads.el
        * [1.243052] Scanning /home/luna/.emacs.d/.local/straight/build-28.1/git-gutter/git-gutter-autoloads.el
        * [1.243640] Scanning /home/luna/.emacs.d/.local/straight/build-28.1/fringe-helper/fringe-helper-autoloads.el
        * [1.244119] Scanning /home/luna/.emacs.d/.local/straight/build-28.1/vi-tilde-fringe/vi-tilde-fringe-autoloads.el
        * [1.244709] Scanning /home/luna/.emacs.d/.local/straight/build-28.1/persp-mode/persp-mode-autoloads.el
        * [1.245302] Scanning /home/luna/.emacs.d/.local/straight/build-28.1/evil-args/evil-args-autoloads.el
        * [1.245807] Scanning /home/luna/.emacs.d/.local/straight/build-28.1/evil-easymotion/evil-easymotion-autoloads.el
        * [1.246457] Scanning /home/luna/.emacs.d/.local/straight/build-28.1/avy/avy-autoloads.el
        * [1.247127] Scanning /home/luna/.emacs.d/.local/straight/build-28.1/evil-embrace/evil-embrace-autoloads.el
        * [1.247616] Scanning /home/luna/.emacs.d/.local/straight/build-28.1/embrace/embrace-autoloads.el
        * [1.248120] Scanning /home/luna/.emacs.d/.local/straight/build-28.1/expand-region/expand-region-autoloads.el
        * [1.248867] Scanning /home/luna/.emacs.d/.local/straight/build-28.1/evil-surround/evil-surround-autoloads.el
        * [1.249503] Scanning /home/luna/.emacs.d/.local/straight/build-28.1/evil-escape/evil-escape-autoloads.el
        * [1.250038] Scanning /home/luna/.emacs.d/.local/straight/build-28.1/evil-exchange/evil-exchange-autoloads.el
        * [1.250557] Scanning /home/luna/.emacs.d/.local/straight/build-28.1/evil-indent-plus/evil-indent-plus-autoloads.el
        * [1.251090] Scanning /home/luna/.emacs.d/.local/straight/build-28.1/evil-lion/evil-lion-autoloads.el
        * [1.251654] Scanning /home/luna/.emacs.d/.local/straight/build-28.1/evil-nerd-commenter/evil-nerd-commenter-autoloads.el
        * [1.252239] Scanning /home/luna/.emacs.d/.local/straight/build-28.1/evil-numbers/evil-numbers-autoloads.el
        * [1.252732] Scanning /home/luna/.emacs.d/.local/straight/build-28.1/evil-snipe/evil-snipe-autoloads.el
        * [1.253281] Scanning /home/luna/.emacs.d/.local/straight/build-28.1/evil-textobj-anyblock/evil-textobj-anyblock-autoloads.el
        * [1.253854] Scanning /home/luna/.emacs.d/.local/straight/build-28.1/evil-traces/evil-traces-autoloads.el
        * [1.254391] Scanning /home/luna/.emacs.d/.local/straight/build-28.1/evil-visualstar/evil-visualstar-autoloads.el
        * [1.254991] Scanning /home/luna/.emacs.d/.local/straight/build-28.1/exato/exato-autoloads.el
        * [1.255457] Scanning /home/luna/.emacs.d/.local/straight/build-28.1/evil-quick-diff/evil-quick-diff-autoloads.el
        * [1.255961] Scanning /home/luna/.emacs.d/.local/straight/build-28.1/evil-collection/evil-collection-autoloads.el
        * [1.256486] Scanning /home/luna/.emacs.d/.local/straight/build-28.1/annalist/annalist-autoloads.el
        * [1.257016] Scanning /home/luna/.emacs.d/.local/straight/build-28.1/yasnippet/yasnippet-autoloads.el
        * [1.257613] Scanning /home/luna/.emacs.d/.local/straight/build-28.1/vimish-fold/vimish-fold-autoloads.el
        * [1.258144] Scanning /home/luna/.emacs.d/.local/straight/build-28.1/evil-vimish-fold/evil-vimish-fold-autoloads.el
        * [1.258741] Scanning /home/luna/.emacs.d/.local/straight/build-28.1/auto-yasnippet/auto-yasnippet-autoloads.el
        * [1.259291] Scanning /home/luna/.emacs.d/.local/straight/build-28.1/doom-snippets/doom-snippets-autoloads.el
        * [1.259810] Scanning /home/luna/.emacs.d/.local/straight/build-28.1/diredfl/diredfl-autoloads.el
        * [1.260373] Scanning /home/luna/.emacs.d/.local/straight/build-28.1/dired-git-info/dired-git-info-autoloads.el
        * [1.260903] Scanning /home/luna/.emacs.d/.local/straight/build-28.1/diff-hl/diff-hl-autoloads.el
        * [1.261595] Scanning /home/luna/.emacs.d/.local/straight/build-28.1/dired-rsync/dired-rsync-autoloads.el
        * [1.262104] Scanning /home/luna/.emacs.d/.local/straight/build-28.1/fd-dired/fd-dired-autoloads.el
        * [1.262628] Scanning /home/luna/.emacs.d/.local/straight/build-28.1/undo-fu/undo-fu-autoloads.el
        * [1.263129] Scanning /home/luna/.emacs.d/.local/straight/build-28.1/undo-fu-session/undo-fu-session-autoloads.el
        * [1.263700] Scanning /home/luna/.emacs.d/.local/straight/build-28.1/browse-at-remote/browse-at-remote-autoloads.el
        * [1.264238] Scanning /home/luna/.emacs.d/.local/straight/build-28.1/git-commit/git-commit-autoloads.el
        * [1.264746] Scanning /home/luna/.emacs.d/.local/straight/build-28.1/transient/transient-autoloads.el
        * [1.265377] Scanning /home/luna/.emacs.d/.local/straight/build-28.1/with-editor/with-editor-autoloads.el
        * [1.265893] Scanning /home/luna/.emacs.d/.local/straight/build-28.1/git-timemachine/git-timemachine-autoloads.el
        * [1.266398] Scanning /home/luna/.emacs.d/.local/straight/build-28.1/git-modes/git-modes-autoloads.el
        * [1.266959] Scanning /home/luna/.emacs.d/.local/straight/build-28.1/flycheck-popup-tip/flycheck-popup-tip-autoloads.el
        * [1.267482] Scanning /home/luna/.emacs.d/.local/straight/build-28.1/popup/popup-autoloads.el
        * [1.267967] Scanning /home/luna/.emacs.d/.local/straight/build-28.1/quickrun/quickrun-autoloads.el
        * [1.268573] Scanning /home/luna/.emacs.d/.local/straight/build-28.1/eros/eros-autoloads.el
        * [1.269099] Scanning /home/luna/.emacs.d/.local/straight/build-28.1/dumb-jump/dumb-jump-autoloads.el
        * [1.269741] Scanning /home/luna/.emacs.d/.local/straight/build-28.1/request/request-autoloads.el
        * [1.270208] Scanning /home/luna/.emacs.d/.local/straight/build-28.1/magit/magit-autoloads.el
        * [1.272189] Scanning /home/luna/.emacs.d/.local/straight/build-28.1/magit-section/magit-section-autoloads.el
        * [1.272679] Scanning /home/luna/.emacs.d/.local/straight/build-28.1/magit-gitflow/magit-gitflow-autoloads.el
        * [1.273162] Scanning /home/luna/.emacs.d/.local/straight/build-28.1/magit-popup/magit-popup-autoloads.el
        * [1.273628] Scanning /home/luna/.emacs.d/.local/straight/build-28.1/magit-todos/magit-todos-autoloads.el
        * [1.274185] Scanning /home/luna/.emacs.d/.local/straight/build-28.1/async/async-autoloads.el
        * [1.274879] Scanning /home/luna/.emacs.d/.local/straight/build-28.1/code-review/code-review-autoloads.el
        * [1.275589] Scanning /home/luna/.emacs.d/.local/straight/build-28.1/closql/closql-autoloads.el
        * [1.276058] Scanning /home/luna/.emacs.d/.local/straight/build-28.1/a/a-autoloads.el
        * [1.276523] Scanning /home/luna/.emacs.d/.local/straight/build-28.1/ghub/ghub-autoloads.el
        * [1.277069] Scanning /home/luna/.emacs.d/.local/straight/build-28.1/treepy/treepy-autoloads.el
        * [1.277543] Scanning /home/luna/.emacs.d/.local/straight/build-28.1/uuidgen/uuidgen-autoloads.el
        * [1.278039] Scanning /home/luna/.emacs.d/.local/straight/build-28.1/deferred/deferred-autoloads.el
        * [1.278509] Scanning /home/luna/.emacs.d/.local/straight/build-28.1/markdown-mode/markdown-mode-autoloads.el
        * [1.279063] Scanning /home/luna/.emacs.d/.local/straight/build-28.1/forge/forge-autoloads.el
        * [1.279813] Scanning /home/luna/.emacs.d/.local/straight/build-28.1/emacsql-sqlite/emacsql-sqlite-autoloads.el
        * [1.280290] Scanning /home/luna/.emacs.d/.local/straight/build-28.1/emacsql/emacsql-autoloads.el
        * [1.280795] Scanning /home/luna/.emacs.d/.local/straight/build-28.1/yaml/yaml-autoloads.el
        * [1.281267] Scanning /home/luna/.emacs.d/.local/straight/build-28.1/emojify/emojify-autoloads.el
        * [1.281796] Scanning /home/luna/.emacs.d/.local/straight/build-28.1/ht/ht-autoloads.el
        * [1.282260] Scanning /home/luna/.emacs.d/.local/straight/build-28.1/highlight-quoted/highlight-quoted-autoloads.el
        * [1.282767] Scanning /home/luna/.emacs.d/.local/straight/build-28.1/macrostep/macrostep-autoloads.el
        * [1.283354] Scanning /home/luna/.emacs.d/.local/straight/build-28.1/overseer/overseer-autoloads.el
        * [1.283906] Scanning /home/luna/.emacs.d/.local/straight/build-28.1/elisp-def/elisp-def-autoloads.el
        * [1.284427] Scanning /home/luna/.emacs.d/.local/straight/build-28.1/elisp-demos/elisp-demos-autoloads.el
        * [1.284932] Scanning /home/luna/.emacs.d/.local/straight/build-28.1/flycheck-package/flycheck-package-autoloads.el
        * [1.285443] Scanning /home/luna/.emacs.d/.local/straight/build-28.1/package-lint/package-lint-autoloads.el
        * [1.285991] Scanning /home/luna/.emacs.d/.local/straight/build-28.1/flycheck-cask/flycheck-cask-autoloads.el
        * [1.286498] Scanning /home/luna/.emacs.d/.local/straight/build-28.1/buttercup/buttercup-autoloads.el
        * [1.287088] Scanning /home/luna/.emacs.d/.local/straight/build-28.1/markdown-toc/markdown-toc-autoloads.el
        * [1.287693] Scanning /home/luna/.emacs.d/.local/straight/build-28.1/edit-indirect/edit-indirect-autoloads.el
        * [1.288242] Scanning /home/luna/.emacs.d/.local/straight/build-28.1/evil-markdown/evil-markdown-autoloads.el
        * [1.288763] Scanning /home/luna/.emacs.d/.local/straight/build-28.1/org/org-autoloads.el
        * [1.289863] Scanning /home/luna/.emacs.d/.local/straight/build-28.1/org-contrib/org-contrib-autoloads.el
        * [1.290590] Scanning /home/luna/.emacs.d/.local/straight/build-28.1/htmlize/htmlize-autoloads.el
        * [1.291224] Scanning /home/luna/.emacs.d/.local/straight/build-28.1/org-yt/org-yt-autoloads.el
        * [1.291698] Scanning /home/luna/.emacs.d/.local/straight/build-28.1/ox-clip/ox-clip-autoloads.el
        * [1.292203] Scanning /home/luna/.emacs.d/.local/straight/build-28.1/toc-org/toc-org-autoloads.el
        * [1.292710] Scanning /home/luna/.emacs.d/.local/straight/build-28.1/org-cliplink/org-cliplink-autoloads.el
        * [1.293266] Scanning /home/luna/.emacs.d/.local/straight/build-28.1/evil-org/evil-org-autoloads.el
        * [1.293829] Scanning /home/luna/.emacs.d/.local/straight/build-28.1/orgit/orgit-autoloads.el
        * [1.294484] Scanning /home/luna/.emacs.d/.local/straight/build-28.1/ob-async/ob-async-autoloads.el
        * [1.295003] Scanning /home/luna/.emacs.d/.local/straight/build-28.1/company-shell/company-shell-autoloads.el
        * [1.295519] Scanning /home/luna/.emacs.d/.local/straight/build-28.1/drag-stuff/drag-stuff-autoloads.el
        * [1.296141] Scanning /home/luna/.emacs.d/.local/straight/build-28.1/link-hint/link-hint-autoloads.el
        * [1.296702] Scanning /home/luna/.emacs.d/.local/straight/build-28.1/highlight-indent-guides/highlight-indent-guides-autoloads.el
        * [1.297243] Scanning /home/luna/.emacs.d/.local/straight/build-28.1/minimap/minimap-autoloads.el
        * [1.297777] Scanning /home/luna/.emacs.d/.local/straight/build-28.1/treemacs/treemacs-autoloads.el
        * [1.298748] Scanning /home/luna/.emacs.d/.local/straight/build-28.1/ace-window/ace-window-autoloads.el
        * [1.299354] Scanning /home/luna/.emacs.d/.local/straight/build-28.1/pfuture/pfuture-autoloads.el
        * [1.299855] Scanning /home/luna/.emacs.d/.local/straight/build-28.1/hydra/hydra-autoloads.el
        * [1.300475] Scanning /home/luna/.emacs.d/.local/straight/build-28.1/lv/lv-autoloads.el
        * [1.300946] Scanning /home/luna/.emacs.d/.local/straight/build-28.1/cfrs/cfrs-autoloads.el
        * [1.301438] Scanning /home/luna/.emacs.d/.local/straight/build-28.1/posframe/posframe-autoloads.el
        * [1.302010] Scanning /home/luna/.emacs.d/.local/straight/build-28.1/treemacs-evil/treemacs-evil-autoloads.el
        * [1.302490] Scanning /home/luna/.emacs.d/.local/straight/build-28.1/treemacs-projectile/treemacs-projectile-autoloads.el
        * [1.302992] Scanning /home/luna/.emacs.d/.local/straight/build-28.1/treemacs-magit/treemacs-magit-autoloads.el
        * [1.303466] Scanning /home/luna/.emacs.d/.local/straight/build-28.1/treemacs-persp/treemacs-persp-autoloads.el
        * [1.303944] Scanning /home/luna/.emacs.d/.local/straight/build-28.1/lsp-treemacs/lsp-treemacs-autoloads.el
        * [1.304598] Scanning /home/luna/.emacs.d/.local/straight/build-28.1/lsp-mode/lsp-mode-autoloads.el
        * [1.305705] Scanning /home/luna/.emacs.d/.local/straight/build-28.1/spinner/spinner-autoloads.el
        * [1.306297] Scanning /home/luna/.emacs.d/.local/straight/build-28.1/format-all/format-all-autoloads.el
        * [1.306822] Scanning /home/luna/.emacs.d/.local/straight/build-28.1/evil-multiedit/evil-multiedit-autoloads.el
        * [1.307401] Scanning /home/luna/.emacs.d/.local/straight/build-28.1/iedit/iedit-autoloads.el
        * [1.307958] Scanning /home/luna/.emacs.d/.local/straight/build-28.1/evil-mc/evil-mc-autoloads.el
        * [1.308591] Scanning /home/luna/.emacs.d/.local/straight/build-28.1/vterm/vterm-autoloads.el
        * [1.309174] Scanning /home/luna/.emacs.d/.local/straight/build-28.1/lsp-ui/lsp-ui-autoloads.el
        * [1.309757] Scanning /home/luna/.emacs.d/.local/straight/build-28.1/consult-lsp/consult-lsp-autoloads.el
        * [1.310264] Scanning /home/luna/.emacs.d/.local/straight/build-28.1/rainbow-mode/rainbow-mode-autoloads.el
        * [1.310779] Scanning /home/luna/.emacs.d/.local/straight/build-28.1/kurecolor/kurecolor-autoloads.el
        * [1.311424] Scanning /home/luna/.emacs.d/.local/straight/build-28.1/sly/sly-autoloads.el
        * [1.311948] Scanning /home/luna/.emacs.d/.local/straight/build-28.1/sly-macrostep/sly-macrostep-autoloads.el
        * [1.312606] Scanning /home/luna/.emacs.d/.local/straight/build-28.1/sly-repl-ansi-color/sly-repl-ansi-color-autoloads.el
        * [1.313098] Scanning /home/luna/.emacs.d/.local/straight/build-28.1/csharp-mode/csharp-mode-autoloads.el
        * [1.313617] Scanning /home/luna/.emacs.d/.local/straight/build-28.1/csproj-mode/csproj-mode-autoloads.el
        * [1.314132] Scanning /home/luna/.emacs.d/.local/straight/build-28.1/sln-mode/sln-mode-autoloads.el
        * [1.314609] Scanning /home/luna/.emacs.d/.local/straight/build-28.1/shader-mode/shader-mode-autoloads.el
        * [1.315087] Scanning /home/luna/.emacs.d/.local/straight/build-28.1/gdscript-mode/gdscript-mode-autoloads.el
        * [1.315754] Scanning /home/luna/.emacs.d/.local/straight/build-28.1/rjsx-mode/rjsx-mode-autoloads.el
        * [1.316298] Scanning /home/luna/.emacs.d/.local/straight/build-28.1/js2-mode/js2-mode-autoloads.el
        * [1.316926] Scanning /home/luna/.emacs.d/.local/straight/build-28.1/typescript-mode/typescript-mode-autoloads.el
        * [1.317450] Scanning /home/luna/.emacs.d/.local/straight/build-28.1/js2-refactor/js2-refactor-autoloads.el
        * [1.318065] Scanning /home/luna/.emacs.d/.local/straight/build-28.1/multiple-cursors/multiple-cursors-autoloads.el
        * [1.318843] Scanning /home/luna/.emacs.d/.local/straight/build-28.1/npm-mode/npm-mode-autoloads.el
        * [1.319403] Scanning /home/luna/.emacs.d/.local/straight/build-28.1/add-node-modules-path/add-node-modules-path-autoloads.el
        * [1.319924] Scanning /home/luna/.emacs.d/.local/straight/build-28.1/nodejs-repl/nodejs-repl-autoloads.el
        * [1.320448] Scanning /home/luna/.emacs.d/.local/straight/build-28.1/skewer-mode/skewer-mode-autoloads.el
        * [1.321109] Scanning /home/luna/.emacs.d/.local/straight/build-28.1/simple-httpd/simple-httpd-autoloads.el
        * [1.321618] Scanning /home/luna/.emacs.d/.local/straight/build-28.1/tide/tide-autoloads.el
        * [1.322222] Scanning /home/luna/.emacs.d/.local/straight/build-28.1/xref-js2/xref-js2-autoloads.el
        * [1.322700] Scanning /home/luna/.emacs.d/.local/straight/build-28.1/lua-mode/lua-mode-autoloads.el
        * [1.323221] Scanning /home/luna/.emacs.d/.local/straight/build-28.1/company-lua/company-lua-autoloads.el
        * [1.323704] Scanning /home/luna/.emacs.d/.local/straight/build-28.1/nix-mode/nix-mode-autoloads.el
        * [1.324522] Scanning /home/luna/.emacs.d/.local/straight/build-28.1/nix-update/nix-update-autoloads.el
        * [1.324996] Scanning /home/luna/.emacs.d/.local/straight/build-28.1/company-nixos-options/company-nixos-options-autoloads.el
        * [1.325487] Scanning /home/luna/.emacs.d/.local/straight/build-28.1/nixos-options/nixos-options-autoloads.el
        * [1.325961] Scanning /home/luna/.emacs.d/.local/straight/build-28.1/org-download/org-download-autoloads.el
        * [1.326443] Scanning /home/luna/.emacs.d/.local/straight/build-28.1/org-appear/org-appear-autoloads.el
        * [1.326960] Scanning /home/luna/.emacs.d/.local/straight/build-28.1/org-superstar/org-superstar-autoloads.el
        * [1.327502] Scanning /home/luna/.emacs.d/.local/straight/build-28.1/org-fancy-priorities/org-fancy-priorities-autoloads.el
        * [1.328024] Scanning /home/luna/.emacs.d/.local/straight/build-28.1/org-roam/org-roam-autoloads.el
        * [1.328727] Scanning /home/luna/.emacs.d/.local/straight/build-28.1/ox-hugo/ox-hugo-autoloads.el
        * [1.329372] Scanning /home/luna/.emacs.d/.local/straight/build-28.1/tomelr/tomelr-autoloads.el
        * [1.329837] Scanning /home/luna/.emacs.d/.local/straight/build-28.1/map/map-autoloads.el
        * [1.330301] Scanning /home/luna/.emacs.d/.local/straight/build-28.1/yaml-mode/yaml-mode-autoloads.el
        * [1.330815] Scanning /home/luna/.emacs.d/.local/straight/build-28.1/elcord/elcord-autoloads.el
        * [1.331330] Scanning /home/luna/.emacs.d/.local/straight/build-28.1/elfeed/elfeed-autoloads.el
        * [1.331997] Scanning /home/luna/.emacs.d/.local/straight/build-28.1/elfeed-goodies/elfeed-goodies-autoloads.el
        * [1.332575] Scanning /home/luna/.emacs.d/.local/straight/build-28.1/popwin/popwin-autoloads.el
        * [1.333089] Scanning /home/luna/.emacs.d/.local/straight/build-28.1/powerline/powerline-autoloads.el
        * [1.333710] Scanning /home/luna/.emacs.d/.local/straight/build-28.1/elfeed-org/elfeed-org-autoloads.el
    > Byte-compiling autoloads file...
    ✓ Generated .local/autoloads.28.1.elc
  - Restart Emacs or use 'M-x doom/reload' for changes to take effect
✓ Finished in 1.95657s
* [1.496241] GC count: 0 (0.000000s)
