* [0.073170] Starting!
* [0.073215] doom-cli-run: (emacs --no-splash --load /home/luna/.emacs.d/bin/doom -- sync)
* [0.074454] Starting!
* [0.074491] doom-cli-run: (emacs --no-splash --load /home/luna/.emacs.d/bin/doom -- sync)
* [0.074559] doom-cli-context-execute: found (doom)
* [0.074767] Autoloading /home/luna/.emacs.d/core/cli/sync.el
* [0.083742] doom-cli-context-execute: found (doom sync)
* [0.083940] doom-cli-context-execute: doom sync
* [0.084180] doom-cli-execute: (:before) ((input) (context . #s(doom-cli-context (25300 32141 817859 154000) 42176 1 (235 . 54) nil nil doom nil nil (doom sync) nil (sync) ((--jobs) (-j) (-p) (-u) (-c) (-e) (--eval) (-E) (--strict-load) (--load) (-L) (--color) (--pager) (--emacsdir) (--doomdir) (--debug) (-D) (--force) (-!)) ((t) ((doom sync)) ((doom) sync))  *doom-cli stdin*  *doom-cli stdout*  *doom-cli stderr* nil)) (_) (evals) (loads) (color?) (pager) (emacsdir) (doomdir) (debug?) (force?))
* [0.084224] doom-cli-execute: (:before doom build) nil
* [0.099176] Initializing straight
* [0.142093] Initializing recipes
* [0.144423] Installing core packages
* [0.144792] doom-cli-execute: (doom sync) ((jobs) (purge?) (update?) (noelc?) (noenvvar?))
> Compiling your literate config...
  Tangled 15 code blocks from config.org
Restarting...
* [0.073469] Restored context: 42176
* [0.073536] Autoloading /home/luna/.emacs.d/core/cli/sync.el
* [0.082453] doom-cli-context-execute: doom sync
* [0.082724] doom-cli-execute: (:before) ((input) (context . #s(doom-cli-context (25300 32141 817859 154000) 42176 2 (235 . 54) nil nil doom nil nil (doom sync) nil (sync) ((--jobs) (-j) (-p) (-u) (-c) (-e) (--eval) (-E) (--strict-load) (--load) (-L) (--color) (--pager) (--emacsdir) (--doomdir) (--debug) (-D) (--force) (-!)) ((t) ((doom sync)) ((doom) sync))  *doom-cli stdin*  *doom-cli stdout*  *doom-cli stderr* nil)) (_) (evals) (loads) (color?) (pager) (emacsdir) (doomdir) (debug?) (force?))
* [0.082772] doom-cli-execute: (:before doom build) nil
* [0.097736] Initializing straight
* [0.140844] Initializing recipes
* [0.143205] Installing core packages
* [0.143563] doom-cli-execute: (doom sync) ((jobs) (purge?) (update?) (noelc?) (noenvvar?))
> Synchronizing your config with Doom Emacs...
    * [0.143878] doom-cli-call: (doom sync) -> (doom env)
    * [0.143952] doom-cli-context-execute: found (doom)
    * [0.144126] Autoloading /home/luna/.emacs.d/core/cli/env.el
    * [0.146291] doom-cli-context-execute: found (doom env)
    * [0.146481] doom-cli-context-execute: doom env
    * [0.146694] doom-cli-execute: (:before) ((input) (context . #s(doom-cli-context (25300 32141 817859 154000) 42176 2 (235 . 54) nil nil doom nil nil (doom env) nil (sync) ((--deny) (-d) (--allow) (-a) (-o) (--deny-all) (--allow-all) (--jobs) (-j) (-p) (-u) (-c) (-e) (--eval) (-E) (--strict-load) (--load) (-L) (--color) (--pager) (--emacsdir) (--doomdir) (--debug) (-D) (--force) (-!)) ((t) ((doom env)) ((doom) env))  *doom-cli stdin*  *doom-cli stdout*  *doom-cli stderr* nil)) (_) (evals) (loads) (color?) (pager) (emacsdir) (doomdir) (debug?) (force?))
    * [0.146740] doom-cli-execute: (doom env) ((rules) (output-file) (deny-only) (allow-only))
  > Regenerating envvars file
        * [0.147217] Ignored __DOOMRESTART
        * [0.147244] Ignored OLDPWD
        * [0.147304] Ignored DBUS_SESSION_BUS_ADDRESS
        * [0.147461] Ignored __NOTANGLE
        * [0.147549] Ignored __DOOMCONTEXT
        * [0.147604] Ignored SHLVL
        * [0.147628] Ignored DISPLAY
        * [0.147666] Ignored USER
        * [0.147699] Ignored __DOOMPID
        * [0.147752] Ignored TERM
        * [0.147970] Ignored __DOOMGPIPE
        * [0.148020] Ignored HOME
        * [0.148066] Ignored XAUTHORITY
        * [0.148090] Ignored XDG_SESSION_TYPE
        * [0.148137] Ignored PWD
        * [0.148219] Ignored __DOOMSTEP
        * [0.148250] Ignored __DOOMGEOM
        * [0.148278] Ignored SSH_AGENT_PID
        * [0.148352] Ignored SSH_AUTH_SOCK
        * [0.148511] Ignored __DOOMPIPE
    ✓ Generated ~/.emacs.d/.local/env
    * [0.149079] Initializing package.el
    * [0.259863] Initializing straight.el
  > Installing packages...
    > Updating recipe repos...
      > Updating recipes for melpa...
      ✓ melpa updated (944b211 -> 7d95324)
        - $ cd /home/luna/.emacs.d/.local/straight/repos/melpa/
          $ git config --get remote.origin.url
        
          https://github.com/melpa/melpa.git
        
          [Return code: 0]
        
          $ cd /home/luna/.emacs.d/.local/straight/repos/melpa/
          $ git fetch origin
        
          From https://github.com/melpa/melpa
             944b211..7d95324  master     -> origin/master
      > Updating recipes for gnu-elpa-mirror...
      > Updating recipes for el-get...
      > Updating recipes for emacsmirror-mirror...
    > Cloning elcord...
    > Building elcord...
      INFO     Scraping files for elcord-autoloads.el... 
    elcord: Warning: Use keywords rather than deprecated positional arguments to `define-minor-mode'
      INFO     Scraping files for elcord-autoloads.el...done
    ✓ Installed 1 packages
  > (Re)building packages...
    - No packages need rebuilding
  > Purging orphaned packages (for the emperor)...
    - No builds to purge
    - Skipping elpa packages
    - Skipping repos
    - Skipping regrafting
  > (Re)generating autoloads file...
    > Generating autoloads file...
        * [51.373500] Scanning /home/luna/.emacs.d/core/autoload/buffers.el
        * [51.375684] Scanning /home/luna/.emacs.d/core/autoload/config.el
        * [51.376684] Scanning /home/luna/.emacs.d/core/autoload/debug.el
        * [51.378346] Scanning /home/luna/.emacs.d/core/autoload/files.el
        * [51.380088] Scanning /home/luna/.emacs.d/core/autoload/fonts.el
        * [51.381646] Scanning /home/luna/.emacs.d/core/autoload/help.el
        * [51.383859] Scanning /home/luna/.emacs.d/core/autoload/packages.el
        * [51.385237] Scanning /home/luna/.emacs.d/core/autoload/plist.el
        * [51.386189] Scanning /home/luna/.emacs.d/core/autoload/print.el
        * [51.387986] Scanning /home/luna/.emacs.d/core/autoload/process.el
        * [51.388757] Scanning /home/luna/.emacs.d/core/autoload/projects.el
        * [51.390017] Scanning /home/luna/.emacs.d/core/autoload/sandbox.el
        * [51.390919] Scanning /home/luna/.emacs.d/core/autoload/scratch.el
        * [51.392161] Scanning /home/luna/.emacs.d/core/autoload/sessions.el
        * [51.393167] Scanning /home/luna/.emacs.d/core/autoload/store.el
        * [51.394237] Scanning /home/luna/.emacs.d/core/autoload/system.el
        * [51.395045] Scanning /home/luna/.emacs.d/core/autoload/text.el
        * [51.396770] Scanning /home/luna/.emacs.d/core/autoload/themes.el
        * [51.397627] Scanning /home/luna/.emacs.d/core/autoload/ui.el
        * [51.399023] Scanning /home/luna/.emacs.d/modules/app/calendar/autoload.el
        * [51.399349] Scanning /home/luna/.emacs.d/modules/app/emms/autoload.el
        * [51.399663] Scanning /home/luna/.emacs.d/modules/app/irc/autoload/irc.el
        * [51.400022] Scanning /home/luna/.emacs.d/modules/app/irc/autoload/ivy.el
        * [51.400398] Scanning /home/luna/.emacs.d/modules/app/irc/autoload/settings.el
        * [51.400893] Scanning /home/luna/.emacs.d/modules/app/irc/autoload/vertico.el
        * [51.401243] Scanning /home/luna/.emacs.d/modules/app/rss/autoload.el
        * [51.401575] Scanning /home/luna/.emacs.d/modules/app/twitter/autoload.el
        * [51.401953] Scanning /home/luna/.emacs.d/modules/checkers/spell/autoload/+flyspell.el
        * [51.402463] Scanning /home/luna/.emacs.d/modules/checkers/spell/autoload/+spell-fu.el
        * [51.402837] Scanning /home/luna/.emacs.d/modules/checkers/syntax/autoload.el
        * [51.403616] Scanning /home/luna/.emacs.d/modules/completion/company/autoload.el
        * [51.404715] Scanning /home/luna/.emacs.d/modules/completion/helm/autoload/evil.el
        * [51.405080] Scanning /home/luna/.emacs.d/modules/completion/helm/autoload/helm.el
        * [51.405472] Scanning /home/luna/.emacs.d/modules/completion/helm/autoload/posframe.el
        * [51.405862] Scanning /home/luna/.emacs.d/modules/completion/ivy/autoload/evil.el
        * [51.406217] Scanning /home/luna/.emacs.d/modules/completion/ivy/autoload/hydras.el
        * [51.406568] Scanning /home/luna/.emacs.d/modules/completion/ivy/autoload/ivy.el
        * [51.406989] Scanning /home/luna/.emacs.d/modules/completion/ivy/autoload/posframe.el
        * [51.407334] Scanning /home/luna/.emacs.d/modules/completion/vertico/autoload/evil.el
        * [51.418053] Scanning /home/luna/.emacs.d/modules/completion/vertico/autoload/magit.el
        * [51.418972] Scanning /home/luna/.emacs.d/modules/completion/vertico/autoload/vertico.el
        * [51.420422] Scanning /home/luna/.emacs.d/modules/completion/vertico/autoload/workspaces.el
        * [51.421363] Scanning /home/luna/.emacs.d/modules/config/default/autoload/default.el
        * [51.422306] Scanning /home/luna/.emacs.d/modules/config/default/autoload/deferred.el
        * [51.423048] Scanning /home/luna/.emacs.d/modules/config/default/autoload/files.el
        * [51.423998] Scanning /home/luna/.emacs.d/modules/config/default/autoload/search.el
        * [51.425161] Scanning /home/luna/.emacs.d/modules/config/default/autoload/text.el
        * [51.426292] Scanning /home/luna/.emacs.d/modules/config/literate/autoload.el
        * [51.427349] Scanning /home/luna/.emacs.d/modules/editor/evil/autoload/advice.el
        * [51.428797] Scanning /home/luna/.emacs.d/modules/editor/evil/autoload/embrace.el
        * [51.429763] Scanning /home/luna/.emacs.d/modules/editor/evil/autoload/evil.el
        * [51.431103] Scanning /home/luna/.emacs.d/modules/editor/evil/autoload/ex.el
        * [51.432292] Scanning /home/luna/.emacs.d/modules/editor/evil/autoload/files.el
        * [51.433210] Scanning /home/luna/.emacs.d/modules/editor/evil/autoload/textobjects.el
        * [51.434236] Scanning /home/luna/.emacs.d/modules/editor/evil/autoload/unimpaired.el
        * [51.435823] Scanning /home/luna/.emacs.d/modules/editor/file-templates/autoload.el
        * [51.436957] Scanning /home/luna/.emacs.d/modules/editor/fold/autoload/fold.el
        * [51.438157] Scanning /home/luna/.emacs.d/modules/editor/fold/autoload/hideshow.el
        * [51.439266] Scanning /home/luna/.emacs.d/modules/editor/format/autoload/evil.el
        * [51.440166] Scanning /home/luna/.emacs.d/modules/editor/format/autoload/format.el
        * [51.449493] Scanning /home/luna/.emacs.d/modules/editor/format/autoload/settings.el
        * [51.450731] Scanning /home/luna/.emacs.d/modules/editor/god/autoload.el
        * [51.451123] Scanning /home/luna/.emacs.d/modules/editor/multiple-cursors/autoload/evil-mc.el
        * [51.452427] Scanning /home/luna/.emacs.d/modules/editor/rotate-text/autoload.el
        * [51.452806] Scanning /home/luna/.emacs.d/modules/editor/snippets/autoload/settings.el
        * [51.453584] Scanning /home/luna/.emacs.d/modules/editor/snippets/autoload/snippets.el
        * [51.455095] Scanning /home/luna/.emacs.d/modules/editor/word-wrap/autoload.el
        * [51.455468] Scanning /home/luna/.emacs.d/modules/emacs/dired/autoload.el
        * [51.456174] Scanning /home/luna/.emacs.d/modules/emacs/electric/autoload.el
        * [51.456923] Scanning /home/luna/.emacs.d/modules/emacs/ibuffer/autoload/workspaces.el
        * [51.457303] Scanning /home/luna/.emacs.d/modules/emacs/vc/autoload/bug-reference-backport.el
        * [51.457803] Scanning /home/luna/.emacs.d/modules/emacs/vc/autoload/hydra.el
        * [51.458258] Scanning /home/luna/.emacs.d/modules/emacs/vc/autoload/vc.el
        * [51.459186] Scanning /home/luna/.emacs.d/modules/email/mu4e/autoload/advice.el
        * [51.459573] Scanning /home/luna/.emacs.d/modules/email/mu4e/autoload/email.el
        * [51.460104] Scanning /home/luna/.emacs.d/modules/email/mu4e/autoload/evil.el
        * [51.460445] Scanning /home/luna/.emacs.d/modules/email/mu4e/autoload/mu-lock.el
        * [51.460811] Scanning /home/luna/.emacs.d/modules/email/notmuch/autoload.el
        * [51.461148] Scanning /home/luna/.emacs.d/modules/email/wanderlust/autoload.el
        * [51.461456] Scanning /home/luna/.emacs.d/modules/input/layout/autoload/bepo.el
        * [51.461876] Scanning /home/luna/.emacs.d/modules/lang/beancount/autoload.el
        * [51.462220] Scanning /home/luna/.emacs.d/modules/lang/cc/autoload.el
        * [51.462597] Scanning /home/luna/.emacs.d/modules/lang/clojure/autoload.el
        * [51.463002] Scanning /home/luna/.emacs.d/modules/lang/common-lisp/autoload/common-lisp.el
        * [51.463792] Scanning /home/luna/.emacs.d/modules/lang/csharp/autoload.el
        * [51.464630] Scanning /home/luna/.emacs.d/modules/lang/emacs-lisp/autoload.el
        * [51.466132] Scanning /home/luna/.emacs.d/modules/lang/ess/autoload.el
        * [51.466445] Scanning /home/luna/.emacs.d/modules/lang/faust/autoload.el
        * [51.466756] Scanning /home/luna/.emacs.d/modules/lang/fortran/autoload.el
        * [51.467102] Scanning /home/luna/.emacs.d/modules/lang/go/autoload.el
        * [51.467464] Scanning /home/luna/.emacs.d/modules/lang/graphql/autoload.el
        * [51.467787] Scanning /home/luna/.emacs.d/modules/lang/haskell/autoload.el
        * [51.468125] Scanning /home/luna/.emacs.d/modules/lang/java/autoload/java.el
        * [51.468705] Scanning /home/luna/.emacs.d/modules/lang/java/autoload/lsp.el
        * [51.469074] Scanning /home/luna/.emacs.d/modules/lang/javascript/autoload.el
        * [51.470139] Scanning /home/luna/.emacs.d/modules/lang/julia/autoload.el
        * [51.470456] Scanning /home/luna/.emacs.d/modules/lang/kotlin/autoload.el
        * [51.470766] Scanning /home/luna/.emacs.d/modules/lang/latex/autoload.el
        * [51.471096] Scanning /home/luna/.emacs.d/modules/lang/lua/autoload/lua.el
        * [51.471957] Scanning /home/luna/.emacs.d/modules/lang/lua/autoload/moonscript.el
        * [51.472421] Scanning /home/luna/.emacs.d/modules/lang/markdown/autoload.el
        * [51.473398] Scanning /home/luna/.emacs.d/modules/lang/nix/autoload.el
        * [51.474464] Scanning /home/luna/.emacs.d/modules/lang/ocaml/autoload.el
        * [51.474777] Scanning /home/luna/.emacs.d/modules/lang/org/autoload/contrib-ipython.el
        * [51.475356] Scanning /home/luna/.emacs.d/modules/lang/org/autoload/contrib-present.el
        * [51.475827] Scanning /home/luna/.emacs.d/modules/lang/org/autoload/contrib-roam2.el
        * [51.477010] Scanning /home/luna/.emacs.d/modules/lang/org/autoload/org-attach.el
        * [51.477923] Scanning /home/luna/.emacs.d/modules/lang/org/autoload/org-avy.el
        * [51.478795] Scanning /home/luna/.emacs.d/modules/lang/org/autoload/org-babel.el
        * [51.479832] Scanning /home/luna/.emacs.d/modules/lang/org/autoload/org-capture.el
        * [51.481252] Scanning /home/luna/.emacs.d/modules/lang/org/autoload/org-export.el
        * [51.482144] Scanning /home/luna/.emacs.d/modules/lang/org/autoload/org-link.el
        * [51.483501] Scanning /home/luna/.emacs.d/modules/lang/org/autoload/org-refile.el
        * [51.484615] Scanning /home/luna/.emacs.d/modules/lang/org/autoload/org-tables.el
        * [51.485643] Scanning /home/luna/.emacs.d/modules/lang/org/autoload/org.el
        * [51.487770] Scanning /home/luna/.emacs.d/modules/lang/php/autoload.el
        * [51.488090] Scanning /home/luna/.emacs.d/modules/lang/plantuml/autoload.el
        * [51.488498] Scanning /home/luna/.emacs.d/modules/lang/python/autoload/conda.el
        * [51.488844] Scanning /home/luna/.emacs.d/modules/lang/python/autoload/pyenv.el
        * [51.489195] Scanning /home/luna/.emacs.d/modules/lang/python/autoload/python.el
        * [51.489549] Scanning /home/luna/.emacs.d/modules/lang/qt/autoload.el
        * [51.489849] Scanning /home/luna/.emacs.d/modules/lang/racket/autoload.el
        * [51.490160] Scanning /home/luna/.emacs.d/modules/lang/rest/autoload.el
        * [51.490471] Scanning /home/luna/.emacs.d/modules/lang/ruby/autoload.el
        * [51.490780] Scanning /home/luna/.emacs.d/modules/lang/rust/autoload.el
        * [51.491091] Scanning /home/luna/.emacs.d/modules/lang/scala/autoload.el
        * [51.491405] Scanning /home/luna/.emacs.d/modules/lang/scheme/autoload.el
        * [51.491734] Scanning /home/luna/.emacs.d/modules/lang/sh/autoload.el
        * [51.492581] Scanning /home/luna/.emacs.d/modules/lang/terra/autoload.el
        * [51.492897] Scanning /home/luna/.emacs.d/modules/lang/web/autoload/css.el
        * [51.493262] Scanning /home/luna/.emacs.d/modules/lang/web/autoload/evil.el
        * [51.493605] Scanning /home/luna/.emacs.d/modules/lang/web/autoload/html.el
        * [51.493988] Scanning /home/luna/.emacs.d/modules/os/macos/autoload.el
        * [51.494315] Scanning /home/luna/.emacs.d/modules/term/eshell/autoload/backport.el
        * [51.494690] Scanning /home/luna/.emacs.d/modules/term/eshell/autoload/commands.el
        * [51.495036] Scanning /home/luna/.emacs.d/modules/term/eshell/autoload/company.el
        * [51.495430] Scanning /home/luna/.emacs.d/modules/term/eshell/autoload/eshell.el
        * [51.495828] Scanning /home/luna/.emacs.d/modules/term/eshell/autoload/evil.el
        * [51.496208] Scanning /home/luna/.emacs.d/modules/term/eshell/autoload/prompts.el
        * [51.496683] Scanning /home/luna/.emacs.d/modules/term/eshell/autoload/settings.el
        * [51.497161] Scanning /home/luna/.emacs.d/modules/term/shell/autoload.el
        * [51.497496] Scanning /home/luna/.emacs.d/modules/term/term/autoload.el
        * [51.497810] Scanning /home/luna/.emacs.d/modules/term/vterm/autoload.el
        * [51.498667] Scanning /home/luna/.emacs.d/modules/tools/debugger/autoload/debugger.el
        * [51.499140] Scanning /home/luna/.emacs.d/modules/tools/debugger/autoload/evil.el
        * [51.499493] Scanning /home/luna/.emacs.d/modules/tools/editorconfig/autoload.el
        * [51.499847] Scanning /home/luna/.emacs.d/modules/tools/eval/autoload/eval.el
        * [51.501015] Scanning /home/luna/.emacs.d/modules/tools/eval/autoload/evil.el
        * [51.501999] Scanning /home/luna/.emacs.d/modules/tools/eval/autoload/repl.el
        * [51.503077] Scanning /home/luna/.emacs.d/modules/tools/eval/autoload/settings.el
        * [51.504023] Scanning /home/luna/.emacs.d/modules/tools/gist/autoload/evil.el
        * [51.504373] Scanning /home/luna/.emacs.d/modules/tools/lookup/autoload/docsets.el
        * [51.504956] Scanning /home/luna/.emacs.d/modules/tools/lookup/autoload/evil.el
        * [51.505902] Scanning /home/luna/.emacs.d/modules/tools/lookup/autoload/lookup.el
        * [51.507523] Scanning /home/luna/.emacs.d/modules/tools/lookup/autoload/online.el
        * [51.508555] Scanning /home/luna/.emacs.d/modules/tools/lookup/autoload/xwidget.el
        * [51.509335] Scanning /home/luna/.emacs.d/modules/tools/lsp/autoload/common.el
        * [51.510098] Scanning /home/luna/.emacs.d/modules/tools/lsp/autoload/eglot.el
        * [51.510607] Scanning /home/luna/.emacs.d/modules/tools/lsp/autoload/flycheck-eglot.el
        * [51.511405] Scanning /home/luna/.emacs.d/modules/tools/lsp/autoload/lsp-mode.el
        * [51.512427] Scanning /home/luna/.emacs.d/modules/tools/magit/autoload.el
        * [51.513659] Scanning /home/luna/.emacs.d/modules/tools/make/autoload.el
        * [51.513996] Scanning /home/luna/.emacs.d/modules/tools/pass/autoload/consult.el
        * [51.514351] Scanning /home/luna/.emacs.d/modules/tools/pass/autoload/ivy.el
        * [51.514694] Scanning /home/luna/.emacs.d/modules/tools/pass/autoload/pass.el
        * [51.515044] Scanning /home/luna/.emacs.d/modules/tools/prodigy/autoload.el
        * [51.515402] Scanning /home/luna/.emacs.d/modules/tools/rgb/autoload.el
        * [51.515815] Scanning /home/luna/.emacs.d/modules/tools/taskrunner/autoload.el
        * [51.516124] Scanning /home/luna/.emacs.d/modules/tools/tmux/autoload/evil.el
        * [51.516467] Scanning /home/luna/.emacs.d/modules/tools/tmux/autoload/tmux.el
        * [51.516838] Scanning /home/luna/.emacs.d/modules/tools/tree-sitter/autoload.el
        * [51.517165] Scanning /home/luna/.emacs.d/modules/ui/doom-dashboard/autoload.el
        * [51.518031] Scanning /home/luna/.emacs.d/modules/ui/hydra/autoload/windows.el
        * [51.518411] Scanning /home/luna/.emacs.d/modules/ui/ligatures/autoload/install.el
        * [51.518829] Scanning /home/luna/.emacs.d/modules/ui/ligatures/autoload/ligatures.el
        * [51.519331] Scanning /home/luna/.emacs.d/modules/ui/modeline/autoload.el
        * [51.520142] Scanning /home/luna/.emacs.d/modules/ui/nav-flash/autoload.el
        * [51.520471] Scanning /home/luna/.emacs.d/modules/ui/neotree/autoload.el
        * [51.520794] Scanning /home/luna/.emacs.d/modules/ui/popup/autoload/popup.el
        * [51.522987] Scanning /home/luna/.emacs.d/modules/ui/popup/autoload/settings.el
        * [51.524290] Scanning /home/luna/.emacs.d/modules/ui/tabs/autoload.el
        * [51.524602] Scanning /home/luna/.emacs.d/modules/ui/treemacs/autoload.el
        * [51.525373] Scanning /home/luna/.emacs.d/modules/ui/unicode/autoload.el
        * [51.525689] Scanning /home/luna/.emacs.d/modules/ui/vc-gutter/autoload.el
        * [51.526114] Scanning /home/luna/.emacs.d/modules/ui/vi-tilde-fringe/autoload.el
        * [51.526775] Scanning /home/luna/.emacs.d/modules/ui/workspaces/autoload/evil.el
        * [51.527725] Scanning /home/luna/.emacs.d/modules/ui/workspaces/autoload/workspaces.el
        * [51.530115] Scanning /home/luna/.emacs.d/modules/ui/zen/autoload.el
        * [51.540012] Scanning /home/luna/.emacs.d/.local/straight/build-28.1/straight/straight-autoloads.el
        * [51.540698] Scanning /home/luna/.emacs.d/.local/straight/build-28.1/use-package/use-package-autoloads.el
        * [51.541331] Scanning /home/luna/.emacs.d/.local/straight/build-28.1/bind-key/bind-key-autoloads.el
        * [51.541970] Scanning /home/luna/.emacs.d/.local/straight/build-28.1/auto-minor-mode/auto-minor-mode-autoloads.el
        * [51.542460] Scanning /home/luna/.emacs.d/.local/straight/build-28.1/gcmh/gcmh-autoloads.el
        * [51.542918] Scanning /home/luna/.emacs.d/.local/straight/build-28.1/explain-pause-mode/explain-pause-mode-autoloads.el
        * [51.543400] Scanning /home/luna/.emacs.d/.local/straight/build-28.1/all-the-icons/all-the-icons-autoloads.el
        * [51.543915] Scanning /home/luna/.emacs.d/.local/straight/build-28.1/hide-mode-line/hide-mode-line-autoloads.el
        * [51.544446] Scanning /home/luna/.emacs.d/.local/straight/build-28.1/highlight-numbers/highlight-numbers-autoloads.el
        * [51.544889] Scanning /home/luna/.emacs.d/.local/straight/build-28.1/parent-mode/parent-mode-autoloads.el
        * [51.545340] Scanning /home/luna/.emacs.d/.local/straight/build-28.1/rainbow-delimiters/rainbow-delimiters-autoloads.el
        * [51.545805] Scanning /home/luna/.emacs.d/.local/straight/build-28.1/restart-emacs/restart-emacs-autoloads.el
        * [51.546378] Scanning /home/luna/.emacs.d/.local/straight/build-28.1/better-jumper/better-jumper-autoloads.el
        * [51.546944] Scanning /home/luna/.emacs.d/.local/straight/build-28.1/dtrt-indent/dtrt-indent-autoloads.el
        * [51.547504] Scanning /home/luna/.emacs.d/.local/straight/build-28.1/helpful/helpful-autoloads.el
        * [51.548003] Scanning /home/luna/.emacs.d/.local/straight/build-28.1/dash/dash-autoloads.el
        * [51.548604] Scanning /home/luna/.emacs.d/.local/straight/build-28.1/s/s-autoloads.el
        * [51.549005] Scanning /home/luna/.emacs.d/.local/straight/build-28.1/f/f-autoloads.el
        * [51.549407] Scanning /home/luna/.emacs.d/.local/straight/build-28.1/elisp-refs/elisp-refs-autoloads.el
        * [51.549888] Scanning /home/luna/.emacs.d/.local/straight/build-28.1/pcre2el/pcre2el-autoloads.el
        * [51.550408] Scanning /home/luna/.emacs.d/.local/straight/build-28.1/smartparens/smartparens-autoloads.el
        * [51.551235] Scanning /home/luna/.emacs.d/.local/straight/build-28.1/ws-butler/ws-butler-autoloads.el
        * [51.551778] Scanning /home/luna/.emacs.d/.local/straight/build-28.1/projectile/projectile-autoloads.el
        * [51.552635] Scanning /home/luna/.emacs.d/.local/straight/build-28.1/project/project-autoloads.el
        * [51.553205] Scanning /home/luna/.emacs.d/.local/straight/build-28.1/xref/xref-autoloads.el
        * [51.553677] Scanning /home/luna/.emacs.d/.local/straight/build-28.1/general/general-autoloads.el
        * [51.554342] Scanning /home/luna/.emacs.d/.local/straight/build-28.1/which-key/which-key-autoloads.el
        * [51.554913] Scanning /home/luna/.emacs.d/.local/straight/build-28.1/company/company-autoloads.el
        * [51.555666] Scanning /home/luna/.emacs.d/.local/straight/build-28.1/company-dict/company-dict-autoloads.el
        * [51.556092] Scanning /home/luna/.emacs.d/.local/straight/build-28.1/vertico/vertico-autoloads.el
        * [51.556806] Scanning /home/luna/.emacs.d/.local/straight/build-28.1/orderless/orderless-autoloads.el
        * [51.557295] Scanning /home/luna/.emacs.d/.local/straight/build-28.1/consult/consult-autoloads.el
        * [51.558089] Scanning /home/luna/.emacs.d/.local/straight/build-28.1/compat/compat-autoloads.el
        * [51.558565] Scanning /home/luna/.emacs.d/.local/straight/build-28.1/consult-dir/consult-dir-autoloads.el
        * [51.559005] Scanning /home/luna/.emacs.d/.local/straight/build-28.1/consult-flycheck/consult-flycheck-autoloads.el
        * [51.559426] Scanning /home/luna/.emacs.d/.local/straight/build-28.1/flycheck/flycheck-autoloads.el
        * [51.560062] Scanning /home/luna/.emacs.d/.local/straight/build-28.1/pkg-info/pkg-info-autoloads.el
        * [51.560499] Scanning /home/luna/.emacs.d/.local/straight/build-28.1/epl/epl-autoloads.el
        * [51.560898] Scanning /home/luna/.emacs.d/.local/straight/build-28.1/embark/embark-autoloads.el
        * [51.561393] Scanning /home/luna/.emacs.d/.local/straight/build-28.1/embark-consult/embark-consult-autoloads.el
        * [51.561849] Scanning /home/luna/.emacs.d/.local/straight/build-28.1/marginalia/marginalia-autoloads.el
        * [51.562317] Scanning /home/luna/.emacs.d/.local/straight/build-28.1/wgrep/wgrep-autoloads.el
        * [51.562762] Scanning /home/luna/.emacs.d/.local/straight/build-28.1/doom-themes/doom-themes-autoloads.el
        * [51.563863] Scanning /home/luna/.emacs.d/.local/straight/build-28.1/solaire-mode/solaire-mode-autoloads.el
        * [51.564353] Scanning /home/luna/.emacs.d/.local/straight/build-28.1/hl-todo/hl-todo-autoloads.el
        * [51.564954] Scanning /home/luna/.emacs.d/.local/straight/build-28.1/doom-modeline/doom-modeline-autoloads.el
        * [51.565515] Scanning /home/luna/.emacs.d/.local/straight/build-28.1/shrink-path/shrink-path-autoloads.el
        * [51.565925] Scanning /home/luna/.emacs.d/.local/straight/build-28.1/anzu/anzu-autoloads.el
        * [51.566475] Scanning /home/luna/.emacs.d/.local/straight/build-28.1/evil-anzu/evil-anzu-autoloads.el
        * [51.566908] Scanning /home/luna/.emacs.d/.local/straight/build-28.1/evil/evil-autoloads.el
        * [51.567497] Scanning /home/luna/.emacs.d/.local/straight/build-28.1/goto-chg/goto-chg-autoloads.el
        * [51.568055] Scanning /home/luna/.emacs.d/.local/straight/build-28.1/evil-goggles/evil-goggles-autoloads.el
        * [51.568562] Scanning /home/luna/.emacs.d/.local/straight/build-28.1/git-gutter-fringe/git-gutter-fringe-autoloads.el
        * [51.569045] Scanning /home/luna/.emacs.d/.local/straight/build-28.1/git-gutter/git-gutter-autoloads.el
        * [51.569581] Scanning /home/luna/.emacs.d/.local/straight/build-28.1/fringe-helper/fringe-helper-autoloads.el
        * [51.570000] Scanning /home/luna/.emacs.d/.local/straight/build-28.1/vi-tilde-fringe/vi-tilde-fringe-autoloads.el
        * [51.570517] Scanning /home/luna/.emacs.d/.local/straight/build-28.1/persp-mode/persp-mode-autoloads.el
        * [51.571040] Scanning /home/luna/.emacs.d/.local/straight/build-28.1/evil-args/evil-args-autoloads.el
        * [51.571478] Scanning /home/luna/.emacs.d/.local/straight/build-28.1/evil-easymotion/evil-easymotion-autoloads.el
        * [51.572109] Scanning /home/luna/.emacs.d/.local/straight/build-28.1/avy/avy-autoloads.el
        * [51.572710] Scanning /home/luna/.emacs.d/.local/straight/build-28.1/evil-embrace/evil-embrace-autoloads.el
        * [51.573137] Scanning /home/luna/.emacs.d/.local/straight/build-28.1/embrace/embrace-autoloads.el
        * [51.573570] Scanning /home/luna/.emacs.d/.local/straight/build-28.1/expand-region/expand-region-autoloads.el
        * [51.574242] Scanning /home/luna/.emacs.d/.local/straight/build-28.1/evil-surround/evil-surround-autoloads.el
        * [51.574807] Scanning /home/luna/.emacs.d/.local/straight/build-28.1/evil-escape/evil-escape-autoloads.el
        * [51.575322] Scanning /home/luna/.emacs.d/.local/straight/build-28.1/evil-exchange/evil-exchange-autoloads.el
        * [51.575759] Scanning /home/luna/.emacs.d/.local/straight/build-28.1/evil-indent-plus/evil-indent-plus-autoloads.el
        * [51.576216] Scanning /home/luna/.emacs.d/.local/straight/build-28.1/evil-lion/evil-lion-autoloads.el
        * [51.576704] Scanning /home/luna/.emacs.d/.local/straight/build-28.1/evil-nerd-commenter/evil-nerd-commenter-autoloads.el
        * [51.577212] Scanning /home/luna/.emacs.d/.local/straight/build-28.1/evil-numbers/evil-numbers-autoloads.el
        * [51.577636] Scanning /home/luna/.emacs.d/.local/straight/build-28.1/evil-snipe/evil-snipe-autoloads.el
        * [51.578121] Scanning /home/luna/.emacs.d/.local/straight/build-28.1/evil-textobj-anyblock/evil-textobj-anyblock-autoloads.el
        * [51.578666] Scanning /home/luna/.emacs.d/.local/straight/build-28.1/evil-traces/evil-traces-autoloads.el
        * [51.579211] Scanning /home/luna/.emacs.d/.local/straight/build-28.1/evil-visualstar/evil-visualstar-autoloads.el
        * [51.579873] Scanning /home/luna/.emacs.d/.local/straight/build-28.1/exato/exato-autoloads.el
        * [51.580290] Scanning /home/luna/.emacs.d/.local/straight/build-28.1/evil-quick-diff/evil-quick-diff-autoloads.el
        * [51.580756] Scanning /home/luna/.emacs.d/.local/straight/build-28.1/evil-collection/evil-collection-autoloads.el
        * [51.581223] Scanning /home/luna/.emacs.d/.local/straight/build-28.1/annalist/annalist-autoloads.el
        * [51.581709] Scanning /home/luna/.emacs.d/.local/straight/build-28.1/yasnippet/yasnippet-autoloads.el
        * [51.582279] Scanning /home/luna/.emacs.d/.local/straight/build-28.1/vimish-fold/vimish-fold-autoloads.el
        * [51.582735] Scanning /home/luna/.emacs.d/.local/straight/build-28.1/evil-vimish-fold/evil-vimish-fold-autoloads.el
        * [51.583266] Scanning /home/luna/.emacs.d/.local/straight/build-28.1/auto-yasnippet/auto-yasnippet-autoloads.el
        * [51.583780] Scanning /home/luna/.emacs.d/.local/straight/build-28.1/doom-snippets/doom-snippets-autoloads.el
        * [51.584338] Scanning /home/luna/.emacs.d/.local/straight/build-28.1/diredfl/diredfl-autoloads.el
        * [51.584863] Scanning /home/luna/.emacs.d/.local/straight/build-28.1/dired-git-info/dired-git-info-autoloads.el
        * [51.585365] Scanning /home/luna/.emacs.d/.local/straight/build-28.1/diff-hl/diff-hl-autoloads.el
        * [51.586069] Scanning /home/luna/.emacs.d/.local/straight/build-28.1/dired-rsync/dired-rsync-autoloads.el
        * [51.586538] Scanning /home/luna/.emacs.d/.local/straight/build-28.1/fd-dired/fd-dired-autoloads.el
        * [51.587002] Scanning /home/luna/.emacs.d/.local/straight/build-28.1/undo-fu/undo-fu-autoloads.el
        * [51.587481] Scanning /home/luna/.emacs.d/.local/straight/build-28.1/undo-fu-session/undo-fu-session-autoloads.el
        * [51.588038] Scanning /home/luna/.emacs.d/.local/straight/build-28.1/browse-at-remote/browse-at-remote-autoloads.el
        * [51.588530] Scanning /home/luna/.emacs.d/.local/straight/build-28.1/git-commit/git-commit-autoloads.el
        * [51.589064] Scanning /home/luna/.emacs.d/.local/straight/build-28.1/transient/transient-autoloads.el
        * [51.589662] Scanning /home/luna/.emacs.d/.local/straight/build-28.1/with-editor/with-editor-autoloads.el
        * [51.590112] Scanning /home/luna/.emacs.d/.local/straight/build-28.1/git-timemachine/git-timemachine-autoloads.el
        * [51.590553] Scanning /home/luna/.emacs.d/.local/straight/build-28.1/git-modes/git-modes-autoloads.el
        * [51.591060] Scanning /home/luna/.emacs.d/.local/straight/build-28.1/flycheck-popup-tip/flycheck-popup-tip-autoloads.el
        * [51.591513] Scanning /home/luna/.emacs.d/.local/straight/build-28.1/popup/popup-autoloads.el
        * [51.591955] Scanning /home/luna/.emacs.d/.local/straight/build-28.1/quickrun/quickrun-autoloads.el
        * [51.592493] Scanning /home/luna/.emacs.d/.local/straight/build-28.1/eros/eros-autoloads.el
        * [51.592943] Scanning /home/luna/.emacs.d/.local/straight/build-28.1/dumb-jump/dumb-jump-autoloads.el
        * [51.593541] Scanning /home/luna/.emacs.d/.local/straight/build-28.1/request/request-autoloads.el
        * [51.593946] Scanning /home/luna/.emacs.d/.local/straight/build-28.1/magit/magit-autoloads.el
        * [51.595859] Scanning /home/luna/.emacs.d/.local/straight/build-28.1/magit-section/magit-section-autoloads.el
        * [51.596344] Scanning /home/luna/.emacs.d/.local/straight/build-28.1/magit-gitflow/magit-gitflow-autoloads.el
        * [51.596877] Scanning /home/luna/.emacs.d/.local/straight/build-28.1/magit-popup/magit-popup-autoloads.el
        * [51.597298] Scanning /home/luna/.emacs.d/.local/straight/build-28.1/magit-todos/magit-todos-autoloads.el
        * [51.597795] Scanning /home/luna/.emacs.d/.local/straight/build-28.1/async/async-autoloads.el
        * [51.598422] Scanning /home/luna/.emacs.d/.local/straight/build-28.1/code-review/code-review-autoloads.el
        * [51.599091] Scanning /home/luna/.emacs.d/.local/straight/build-28.1/closql/closql-autoloads.el
        * [51.599492] Scanning /home/luna/.emacs.d/.local/straight/build-28.1/a/a-autoloads.el
        * [51.599889] Scanning /home/luna/.emacs.d/.local/straight/build-28.1/ghub/ghub-autoloads.el
        * [51.600462] Scanning /home/luna/.emacs.d/.local/straight/build-28.1/treepy/treepy-autoloads.el
        * [51.600985] Scanning /home/luna/.emacs.d/.local/straight/build-28.1/uuidgen/uuidgen-autoloads.el
        * [51.601436] Scanning /home/luna/.emacs.d/.local/straight/build-28.1/deferred/deferred-autoloads.el
        * [51.601882] Scanning /home/luna/.emacs.d/.local/straight/build-28.1/markdown-mode/markdown-mode-autoloads.el
        * [51.602442] Scanning /home/luna/.emacs.d/.local/straight/build-28.1/forge/forge-autoloads.el
        * [51.603120] Scanning /home/luna/.emacs.d/.local/straight/build-28.1/emacsql-sqlite/emacsql-sqlite-autoloads.el
        * [51.603535] Scanning /home/luna/.emacs.d/.local/straight/build-28.1/emacsql/emacsql-autoloads.el
        * [51.603965] Scanning /home/luna/.emacs.d/.local/straight/build-28.1/yaml/yaml-autoloads.el
        * [51.604363] Scanning /home/luna/.emacs.d/.local/straight/build-28.1/emojify/emojify-autoloads.el
        * [51.604818] Scanning /home/luna/.emacs.d/.local/straight/build-28.1/ht/ht-autoloads.el
        * [51.605261] Scanning /home/luna/.emacs.d/.local/straight/build-28.1/highlight-quoted/highlight-quoted-autoloads.el
        * [51.605701] Scanning /home/luna/.emacs.d/.local/straight/build-28.1/macrostep/macrostep-autoloads.el
        * [51.606215] Scanning /home/luna/.emacs.d/.local/straight/build-28.1/overseer/overseer-autoloads.el
        * [51.606695] Scanning /home/luna/.emacs.d/.local/straight/build-28.1/elisp-def/elisp-def-autoloads.el
        * [51.607139] Scanning /home/luna/.emacs.d/.local/straight/build-28.1/elisp-demos/elisp-demos-autoloads.el
        * [51.607577] Scanning /home/luna/.emacs.d/.local/straight/build-28.1/flycheck-package/flycheck-package-autoloads.el
        * [51.607990] Scanning /home/luna/.emacs.d/.local/straight/build-28.1/package-lint/package-lint-autoloads.el
        * [51.608503] Scanning /home/luna/.emacs.d/.local/straight/build-28.1/flycheck-cask/flycheck-cask-autoloads.el
        * [51.608942] Scanning /home/luna/.emacs.d/.local/straight/build-28.1/buttercup/buttercup-autoloads.el
        * [51.609465] Scanning /home/luna/.emacs.d/.local/straight/build-28.1/markdown-toc/markdown-toc-autoloads.el
        * [51.609982] Scanning /home/luna/.emacs.d/.local/straight/build-28.1/edit-indirect/edit-indirect-autoloads.el
        * [51.610460] Scanning /home/luna/.emacs.d/.local/straight/build-28.1/evil-markdown/evil-markdown-autoloads.el
        * [51.610905] Scanning /home/luna/.emacs.d/.local/straight/build-28.1/org/org-autoloads.el
        * [51.611952] Scanning /home/luna/.emacs.d/.local/straight/build-28.1/org-contrib/org-contrib-autoloads.el
        * [51.612660] Scanning /home/luna/.emacs.d/.local/straight/build-28.1/htmlize/htmlize-autoloads.el
        * [51.613326] Scanning /home/luna/.emacs.d/.local/straight/build-28.1/org-yt/org-yt-autoloads.el
        * [51.613797] Scanning /home/luna/.emacs.d/.local/straight/build-28.1/ox-clip/ox-clip-autoloads.el
        * [51.614247] Scanning /home/luna/.emacs.d/.local/straight/build-28.1/toc-org/toc-org-autoloads.el
        * [51.614708] Scanning /home/luna/.emacs.d/.local/straight/build-28.1/org-cliplink/org-cliplink-autoloads.el
        * [51.615251] Scanning /home/luna/.emacs.d/.local/straight/build-28.1/evil-org/evil-org-autoloads.el
        * [51.615742] Scanning /home/luna/.emacs.d/.local/straight/build-28.1/orgit/orgit-autoloads.el
        * [51.616318] Scanning /home/luna/.emacs.d/.local/straight/build-28.1/ob-async/ob-async-autoloads.el
        * [51.616771] Scanning /home/luna/.emacs.d/.local/straight/build-28.1/company-shell/company-shell-autoloads.el
        * [51.617221] Scanning /home/luna/.emacs.d/.local/straight/build-28.1/drag-stuff/drag-stuff-autoloads.el
        * [51.617856] Scanning /home/luna/.emacs.d/.local/straight/build-28.1/link-hint/link-hint-autoloads.el
        * [51.618353] Scanning /home/luna/.emacs.d/.local/straight/build-28.1/highlight-indent-guides/highlight-indent-guides-autoloads.el
        * [51.618896] Scanning /home/luna/.emacs.d/.local/straight/build-28.1/minimap/minimap-autoloads.el
        * [51.619400] Scanning /home/luna/.emacs.d/.local/straight/build-28.1/treemacs/treemacs-autoloads.el
        * [51.620301] Scanning /home/luna/.emacs.d/.local/straight/build-28.1/ace-window/ace-window-autoloads.el
        * [51.620840] Scanning /home/luna/.emacs.d/.local/straight/build-28.1/pfuture/pfuture-autoloads.el
        * [51.621276] Scanning /home/luna/.emacs.d/.local/straight/build-28.1/hydra/hydra-autoloads.el
        * [51.621863] Scanning /home/luna/.emacs.d/.local/straight/build-28.1/lv/lv-autoloads.el
        * [51.622259] Scanning /home/luna/.emacs.d/.local/straight/build-28.1/cfrs/cfrs-autoloads.el
        * [51.622666] Scanning /home/luna/.emacs.d/.local/straight/build-28.1/posframe/posframe-autoloads.el
        * [51.623177] Scanning /home/luna/.emacs.d/.local/straight/build-28.1/treemacs-evil/treemacs-evil-autoloads.el
        * [51.623583] Scanning /home/luna/.emacs.d/.local/straight/build-28.1/treemacs-projectile/treemacs-projectile-autoloads.el
        * [51.624009] Scanning /home/luna/.emacs.d/.local/straight/build-28.1/treemacs-magit/treemacs-magit-autoloads.el
        * [51.624416] Scanning /home/luna/.emacs.d/.local/straight/build-28.1/treemacs-persp/treemacs-persp-autoloads.el
        * [51.624828] Scanning /home/luna/.emacs.d/.local/straight/build-28.1/lsp-treemacs/lsp-treemacs-autoloads.el
        * [51.625443] Scanning /home/luna/.emacs.d/.local/straight/build-28.1/lsp-mode/lsp-mode-autoloads.el
        * [51.626455] Scanning /home/luna/.emacs.d/.local/straight/build-28.1/spinner/spinner-autoloads.el
        * [51.627008] Scanning /home/luna/.emacs.d/.local/straight/build-28.1/format-all/format-all-autoloads.el
        * [51.627467] Scanning /home/luna/.emacs.d/.local/straight/build-28.1/evil-multiedit/evil-multiedit-autoloads.el
        * [51.627974] Scanning /home/luna/.emacs.d/.local/straight/build-28.1/iedit/iedit-autoloads.el
        * [51.628471] Scanning /home/luna/.emacs.d/.local/straight/build-28.1/evil-mc/evil-mc-autoloads.el
        * [51.629052] Scanning /home/luna/.emacs.d/.local/straight/build-28.1/vterm/vterm-autoloads.el
        * [51.629644] Scanning /home/luna/.emacs.d/.local/straight/build-28.1/lsp-ui/lsp-ui-autoloads.el
        * [51.630321] Scanning /home/luna/.emacs.d/.local/straight/build-28.1/consult-lsp/consult-lsp-autoloads.el
        * [51.630836] Scanning /home/luna/.emacs.d/.local/straight/build-28.1/rainbow-mode/rainbow-mode-autoloads.el
        * [51.631299] Scanning /home/luna/.emacs.d/.local/straight/build-28.1/kurecolor/kurecolor-autoloads.el
        * [51.631933] Scanning /home/luna/.emacs.d/.local/straight/build-28.1/sly/sly-autoloads.el
        * [51.632398] Scanning /home/luna/.emacs.d/.local/straight/build-28.1/sly-macrostep/sly-macrostep-autoloads.el
        * [51.632969] Scanning /home/luna/.emacs.d/.local/straight/build-28.1/sly-repl-ansi-color/sly-repl-ansi-color-autoloads.el
        * [51.633383] Scanning /home/luna/.emacs.d/.local/straight/build-28.1/csharp-mode/csharp-mode-autoloads.el
        * [51.633889] Scanning /home/luna/.emacs.d/.local/straight/build-28.1/csproj-mode/csproj-mode-autoloads.el
        * [51.634381] Scanning /home/luna/.emacs.d/.local/straight/build-28.1/sln-mode/sln-mode-autoloads.el
        * [51.634800] Scanning /home/luna/.emacs.d/.local/straight/build-28.1/shader-mode/shader-mode-autoloads.el
        * [51.635260] Scanning /home/luna/.emacs.d/.local/straight/build-28.1/gdscript-mode/gdscript-mode-autoloads.el
        * [51.635920] Scanning /home/luna/.emacs.d/.local/straight/build-28.1/rjsx-mode/rjsx-mode-autoloads.el
        * [51.636403] Scanning /home/luna/.emacs.d/.local/straight/build-28.1/js2-mode/js2-mode-autoloads.el
        * [51.636956] Scanning /home/luna/.emacs.d/.local/straight/build-28.1/typescript-mode/typescript-mode-autoloads.el
        * [51.637410] Scanning /home/luna/.emacs.d/.local/straight/build-28.1/js2-refactor/js2-refactor-autoloads.el
        * [51.637954] Scanning /home/luna/.emacs.d/.local/straight/build-28.1/multiple-cursors/multiple-cursors-autoloads.el
        * [51.638709] Scanning /home/luna/.emacs.d/.local/straight/build-28.1/npm-mode/npm-mode-autoloads.el
        * [51.639199] Scanning /home/luna/.emacs.d/.local/straight/build-28.1/add-node-modules-path/add-node-modules-path-autoloads.el
        * [51.639645] Scanning /home/luna/.emacs.d/.local/straight/build-28.1/nodejs-repl/nodejs-repl-autoloads.el
        * [51.640098] Scanning /home/luna/.emacs.d/.local/straight/build-28.1/skewer-mode/skewer-mode-autoloads.el
        * [51.640687] Scanning /home/luna/.emacs.d/.local/straight/build-28.1/simple-httpd/simple-httpd-autoloads.el
        * [51.641123] Scanning /home/luna/.emacs.d/.local/straight/build-28.1/tide/tide-autoloads.el
        * [51.641658] Scanning /home/luna/.emacs.d/.local/straight/build-28.1/xref-js2/xref-js2-autoloads.el
        * [51.642119] Scanning /home/luna/.emacs.d/.local/straight/build-28.1/lua-mode/lua-mode-autoloads.el
        * [51.642564] Scanning /home/luna/.emacs.d/.local/straight/build-28.1/company-lua/company-lua-autoloads.el
        * [51.642982] Scanning /home/luna/.emacs.d/.local/straight/build-28.1/nix-mode/nix-mode-autoloads.el
        * [51.643712] Scanning /home/luna/.emacs.d/.local/straight/build-28.1/nix-update/nix-update-autoloads.el
        * [51.644129] Scanning /home/luna/.emacs.d/.local/straight/build-28.1/company-nixos-options/company-nixos-options-autoloads.el
        * [51.644547] Scanning /home/luna/.emacs.d/.local/straight/build-28.1/nixos-options/nixos-options-autoloads.el
        * [51.644949] Scanning /home/luna/.emacs.d/.local/straight/build-28.1/org-download/org-download-autoloads.el
        * [51.645411] Scanning /home/luna/.emacs.d/.local/straight/build-28.1/org-appear/org-appear-autoloads.el
        * [51.645939] Scanning /home/luna/.emacs.d/.local/straight/build-28.1/org-superstar/org-superstar-autoloads.el
        * [51.646485] Scanning /home/luna/.emacs.d/.local/straight/build-28.1/org-fancy-priorities/org-fancy-priorities-autoloads.el
        * [51.647049] Scanning /home/luna/.emacs.d/.local/straight/build-28.1/org-roam/org-roam-autoloads.el
        * [51.647725] Scanning /home/luna/.emacs.d/.local/straight/build-28.1/ox-hugo/ox-hugo-autoloads.el
        * [51.648306] Scanning /home/luna/.emacs.d/.local/straight/build-28.1/tomelr/tomelr-autoloads.el
        * [51.648756] Scanning /home/luna/.emacs.d/.local/straight/build-28.1/map/map-autoloads.el
        * [51.649154] Scanning /home/luna/.emacs.d/.local/straight/build-28.1/yaml-mode/yaml-mode-autoloads.el
        * [51.649599] Scanning /home/luna/.emacs.d/.local/straight/build-28.1/elcord/elcord-autoloads.el
    > Byte-compiling autoloads file...
    ✓ Generated .local/autoloads.28.1.elc
  - Restart Emacs or use 'M-x doom/reload' for changes to take effect
✓ Finished in 52.27621s
* [51.801077] GC count: 0 (0.000000s)
