* [0.073406] Starting!
* [0.073438] doom-cli-run: (emacs --no-splash --load /home/luna/.emacs.d/bin/doom -- sync -e)
* [0.075411] Starting!
* [0.075444] doom-cli-run: (emacs --no-splash --load /home/luna/.emacs.d/bin/doom -- sync -e)
* [0.075508] doom-cli-context-execute: found (doom)
* [0.075707] Autoloading /home/luna/.emacs.d/core/cli/sync.el
* [0.084827] doom-cli-context-execute: found (doom sync)
* [0.085007] Found switch: -e
* [0.085182] doom-cli-context-execute: doom sync
* [0.085423] doom-cli-execute: (:before) ((input) (context . #s(doom-cli-context (25300 31379 883992 671000) 40521 1 (236 . 15) nil nil doom nil nil (doom sync) nil (sync -e) ((--jobs) (-j) (-p) (-u) (-c) (-e . -e) (--eval) (-E) (--strict-load) (--load) (-L) (--color) (--pager) (--emacsdir) (--doomdir) (--debug) (-D) (--force) (-!)) ((t) ((doom sync) -e) ((doom) sync -e))  *doom-cli stdin*  *doom-cli stdout*  *doom-cli stderr* nil)) (_) (evals) (loads) (color?) (pager) (emacsdir) (doomdir) (debug?) (force?))
* [0.085466] doom-cli-execute: (:before doom build) nil
* [0.100707] Initializing straight
* [0.147014] Initializing recipes
* [0.150686] Installing core packages
* [0.151094] doom-cli-execute: (doom sync) ((jobs) (purge?) (update?) (noelc?) (noenvvar? . -e))
> Compiling your literate config...
  Tangled 10 code blocks from config.org
Restarting...
* [0.073689] Restored context: 40521
* [0.073756] Autoloading /home/luna/.emacs.d/core/cli/sync.el
* [0.082522] doom-cli-context-execute: doom sync
* [0.082786] doom-cli-execute: (:before) ((input) (context . #s(doom-cli-context (25300 31379 883992 671000) 40521 2 (236 . 15) nil nil doom nil nil (doom sync) nil (sync -e) ((--jobs) (-j) (-p) (-u) (-c) (-e . -e) (--eval) (-E) (--strict-load) (--load) (-L) (--color) (--pager) (--emacsdir) (--doomdir) (--debug) (-D) (--force) (-!)) ((t) ((doom sync) -e) ((doom) sync -e))  *doom-cli stdin*  *doom-cli stdout*  *doom-cli stderr* nil)) (_) (evals) (loads) (color?) (pager) (emacsdir) (doomdir) (debug?) (force?))
* [0.082836] doom-cli-execute: (:before doom build) nil
* [0.097394] Initializing straight
* [0.141630] Initializing recipes
* [0.143746] Installing core packages
* [0.144091] doom-cli-execute: (doom sync) ((jobs) (purge?) (update?) (noelc?) (noenvvar? . -e))
> Synchronizing your config with Doom Emacs...
    * [0.144344] Initializing package.el
    * [0.165468] Initializing straight.el
  > Installing packages...
    - No packages need to be installed
  > (Re)building packages...
    - No packages need rebuilding
  > Purging orphaned packages (for the emperor)...
    - No builds to purge
    - Skipping elpa packages
    - Skipping repos
    - Skipping regrafting
  > (Re)generating autoloads file...
    > Generating autoloads file...
        * [1.160473] Scanning /home/luna/.emacs.d/core/autoload/buffers.el
        * [1.162838] Scanning /home/luna/.emacs.d/core/autoload/config.el
        * [1.163913] Scanning /home/luna/.emacs.d/core/autoload/debug.el
        * [1.165724] Scanning /home/luna/.emacs.d/core/autoload/files.el
        * [1.167465] Scanning /home/luna/.emacs.d/core/autoload/fonts.el
        * [1.169117] Scanning /home/luna/.emacs.d/core/autoload/help.el
        * [1.171206] Scanning /home/luna/.emacs.d/core/autoload/packages.el
        * [1.172554] Scanning /home/luna/.emacs.d/core/autoload/plist.el
        * [1.173477] Scanning /home/luna/.emacs.d/core/autoload/print.el
        * [1.175289] Scanning /home/luna/.emacs.d/core/autoload/process.el
        * [1.176104] Scanning /home/luna/.emacs.d/core/autoload/projects.el
        * [1.177390] Scanning /home/luna/.emacs.d/core/autoload/sandbox.el
        * [1.178368] Scanning /home/luna/.emacs.d/core/autoload/scratch.el
        * [1.179891] Scanning /home/luna/.emacs.d/core/autoload/sessions.el
        * [1.180964] Scanning /home/luna/.emacs.d/core/autoload/store.el
        * [1.182214] Scanning /home/luna/.emacs.d/core/autoload/system.el
        * [1.183235] Scanning /home/luna/.emacs.d/core/autoload/text.el
        * [1.185116] Scanning /home/luna/.emacs.d/core/autoload/themes.el
        * [1.186058] Scanning /home/luna/.emacs.d/core/autoload/ui.el
        * [1.187519] Scanning /home/luna/.emacs.d/modules/app/calendar/autoload.el
        * [1.187899] Scanning /home/luna/.emacs.d/modules/app/emms/autoload.el
        * [1.188283] Scanning /home/luna/.emacs.d/modules/app/irc/autoload/irc.el
        * [1.188749] Scanning /home/luna/.emacs.d/modules/app/irc/autoload/ivy.el
        * [1.189151] Scanning /home/luna/.emacs.d/modules/app/irc/autoload/settings.el
        * [1.189605] Scanning /home/luna/.emacs.d/modules/app/irc/autoload/vertico.el
        * [1.190016] Scanning /home/luna/.emacs.d/modules/app/rss/autoload.el
        * [1.190393] Scanning /home/luna/.emacs.d/modules/app/twitter/autoload.el
        * [1.190770] Scanning /home/luna/.emacs.d/modules/checkers/spell/autoload/+flyspell.el
        * [1.191233] Scanning /home/luna/.emacs.d/modules/checkers/spell/autoload/+spell-fu.el
        * [1.191669] Scanning /home/luna/.emacs.d/modules/checkers/syntax/autoload.el
        * [1.192586] Scanning /home/luna/.emacs.d/modules/completion/company/autoload.el
        * [1.193759] Scanning /home/luna/.emacs.d/modules/completion/helm/autoload/evil.el
        * [1.194174] Scanning /home/luna/.emacs.d/modules/completion/helm/autoload/helm.el
        * [1.194594] Scanning /home/luna/.emacs.d/modules/completion/helm/autoload/posframe.el
        * [1.195060] Scanning /home/luna/.emacs.d/modules/completion/ivy/autoload/evil.el
        * [1.195517] Scanning /home/luna/.emacs.d/modules/completion/ivy/autoload/hydras.el
        * [1.195949] Scanning /home/luna/.emacs.d/modules/completion/ivy/autoload/ivy.el
        * [1.196449] Scanning /home/luna/.emacs.d/modules/completion/ivy/autoload/posframe.el
        * [1.196858] Scanning /home/luna/.emacs.d/modules/completion/vertico/autoload/evil.el
        * [1.207795] Scanning /home/luna/.emacs.d/modules/completion/vertico/autoload/magit.el
        * [1.208699] Scanning /home/luna/.emacs.d/modules/completion/vertico/autoload/vertico.el
        * [1.210207] Scanning /home/luna/.emacs.d/modules/completion/vertico/autoload/workspaces.el
        * [1.211276] Scanning /home/luna/.emacs.d/modules/config/default/autoload/default.el
        * [1.212403] Scanning /home/luna/.emacs.d/modules/config/default/autoload/deferred.el
        * [1.213320] Scanning /home/luna/.emacs.d/modules/config/default/autoload/files.el
        * [1.214406] Scanning /home/luna/.emacs.d/modules/config/default/autoload/search.el
        * [1.215816] Scanning /home/luna/.emacs.d/modules/config/default/autoload/text.el
        * [1.217250] Scanning /home/luna/.emacs.d/modules/config/literate/autoload.el
        * [1.218426] Scanning /home/luna/.emacs.d/modules/editor/evil/autoload/advice.el
        * [1.219906] Scanning /home/luna/.emacs.d/modules/editor/evil/autoload/embrace.el
        * [1.220840] Scanning /home/luna/.emacs.d/modules/editor/evil/autoload/evil.el
        * [1.222409] Scanning /home/luna/.emacs.d/modules/editor/evil/autoload/ex.el
        * [1.223640] Scanning /home/luna/.emacs.d/modules/editor/evil/autoload/files.el
        * [1.224615] Scanning /home/luna/.emacs.d/modules/editor/evil/autoload/textobjects.el
        * [1.225714] Scanning /home/luna/.emacs.d/modules/editor/evil/autoload/unimpaired.el
        * [1.227256] Scanning /home/luna/.emacs.d/modules/editor/file-templates/autoload.el
        * [1.228553] Scanning /home/luna/.emacs.d/modules/editor/fold/autoload/fold.el
        * [1.229956] Scanning /home/luna/.emacs.d/modules/editor/fold/autoload/hideshow.el
        * [1.230987] Scanning /home/luna/.emacs.d/modules/editor/format/autoload/evil.el
        * [1.232091] Scanning /home/luna/.emacs.d/modules/editor/format/autoload/format.el
        * [1.241437] Scanning /home/luna/.emacs.d/modules/editor/format/autoload/settings.el
        * [1.242716] Scanning /home/luna/.emacs.d/modules/editor/god/autoload.el
        * [1.243121] Scanning /home/luna/.emacs.d/modules/editor/multiple-cursors/autoload/evil-mc.el
        * [1.244298] Scanning /home/luna/.emacs.d/modules/editor/rotate-text/autoload.el
        * [1.244793] Scanning /home/luna/.emacs.d/modules/editor/snippets/autoload/settings.el
        * [1.245886] Scanning /home/luna/.emacs.d/modules/editor/snippets/autoload/snippets.el
        * [1.247636] Scanning /home/luna/.emacs.d/modules/editor/word-wrap/autoload.el
        * [1.248099] Scanning /home/luna/.emacs.d/modules/emacs/dired/autoload.el
        * [1.248998] Scanning /home/luna/.emacs.d/modules/emacs/electric/autoload.el
        * [1.249963] Scanning /home/luna/.emacs.d/modules/emacs/ibuffer/autoload/workspaces.el
        * [1.250373] Scanning /home/luna/.emacs.d/modules/emacs/vc/autoload/bug-reference-backport.el
        * [1.250938] Scanning /home/luna/.emacs.d/modules/emacs/vc/autoload/hydra.el
        * [1.251497] Scanning /home/luna/.emacs.d/modules/emacs/vc/autoload/vc.el
        * [1.252610] Scanning /home/luna/.emacs.d/modules/email/mu4e/autoload/advice.el
        * [1.253057] Scanning /home/luna/.emacs.d/modules/email/mu4e/autoload/email.el
        * [1.253621] Scanning /home/luna/.emacs.d/modules/email/mu4e/autoload/evil.el
        * [1.254029] Scanning /home/luna/.emacs.d/modules/email/mu4e/autoload/mu-lock.el
        * [1.254445] Scanning /home/luna/.emacs.d/modules/email/notmuch/autoload.el
        * [1.254835] Scanning /home/luna/.emacs.d/modules/email/wanderlust/autoload.el
        * [1.255198] Scanning /home/luna/.emacs.d/modules/input/layout/autoload/bepo.el
        * [1.255694] Scanning /home/luna/.emacs.d/modules/lang/beancount/autoload.el
        * [1.256129] Scanning /home/luna/.emacs.d/modules/lang/cc/autoload.el
        * [1.256577] Scanning /home/luna/.emacs.d/modules/lang/clojure/autoload.el
        * [1.256982] Scanning /home/luna/.emacs.d/modules/lang/common-lisp/autoload/common-lisp.el
        * [1.257854] Scanning /home/luna/.emacs.d/modules/lang/csharp/autoload.el
        * [1.258698] Scanning /home/luna/.emacs.d/modules/lang/emacs-lisp/autoload.el
        * [1.260325] Scanning /home/luna/.emacs.d/modules/lang/ess/autoload.el
        * [1.260718] Scanning /home/luna/.emacs.d/modules/lang/faust/autoload.el
        * [1.261079] Scanning /home/luna/.emacs.d/modules/lang/fortran/autoload.el
        * [1.261453] Scanning /home/luna/.emacs.d/modules/lang/go/autoload.el
        * [1.261919] Scanning /home/luna/.emacs.d/modules/lang/graphql/autoload.el
        * [1.262335] Scanning /home/luna/.emacs.d/modules/lang/haskell/autoload.el
        * [1.262714] Scanning /home/luna/.emacs.d/modules/lang/java/autoload/java.el
        * [1.263146] Scanning /home/luna/.emacs.d/modules/lang/java/autoload/lsp.el
        * [1.263556] Scanning /home/luna/.emacs.d/modules/lang/javascript/autoload.el
        * [1.264740] Scanning /home/luna/.emacs.d/modules/lang/julia/autoload.el
        * [1.265131] Scanning /home/luna/.emacs.d/modules/lang/kotlin/autoload.el
        * [1.265704] Scanning /home/luna/.emacs.d/modules/lang/latex/autoload.el
        * [1.266084] Scanning /home/luna/.emacs.d/modules/lang/lua/autoload/lua.el
        * [1.267077] Scanning /home/luna/.emacs.d/modules/lang/lua/autoload/moonscript.el
        * [1.267626] Scanning /home/luna/.emacs.d/modules/lang/markdown/autoload.el
        * [1.268746] Scanning /home/luna/.emacs.d/modules/lang/nix/autoload.el
        * [1.269658] Scanning /home/luna/.emacs.d/modules/lang/ocaml/autoload.el
        * [1.270029] Scanning /home/luna/.emacs.d/modules/lang/org/autoload/contrib-ipython.el
        * [1.270587] Scanning /home/luna/.emacs.d/modules/lang/org/autoload/contrib-present.el
        * [1.271133] Scanning /home/luna/.emacs.d/modules/lang/org/autoload/contrib-roam2.el
        * [1.272441] Scanning /home/luna/.emacs.d/modules/lang/org/autoload/org-attach.el
        * [1.273391] Scanning /home/luna/.emacs.d/modules/lang/org/autoload/org-avy.el
        * [1.274234] Scanning /home/luna/.emacs.d/modules/lang/org/autoload/org-babel.el
        * [1.275318] Scanning /home/luna/.emacs.d/modules/lang/org/autoload/org-capture.el
        * [1.276574] Scanning /home/luna/.emacs.d/modules/lang/org/autoload/org-export.el
        * [1.277502] Scanning /home/luna/.emacs.d/modules/lang/org/autoload/org-link.el
        * [1.279003] Scanning /home/luna/.emacs.d/modules/lang/org/autoload/org-refile.el
        * [1.280108] Scanning /home/luna/.emacs.d/modules/lang/org/autoload/org-tables.el
        * [1.281206] Scanning /home/luna/.emacs.d/modules/lang/org/autoload/org.el
        * [1.283566] Scanning /home/luna/.emacs.d/modules/lang/php/autoload.el
        * [1.283936] Scanning /home/luna/.emacs.d/modules/lang/plantuml/autoload.el
        * [1.284319] Scanning /home/luna/.emacs.d/modules/lang/python/autoload/conda.el
        * [1.284724] Scanning /home/luna/.emacs.d/modules/lang/python/autoload/pyenv.el
        * [1.285139] Scanning /home/luna/.emacs.d/modules/lang/python/autoload/python.el
        * [1.285582] Scanning /home/luna/.emacs.d/modules/lang/qt/autoload.el
        * [1.285943] Scanning /home/luna/.emacs.d/modules/lang/racket/autoload.el
        * [1.286305] Scanning /home/luna/.emacs.d/modules/lang/rest/autoload.el
        * [1.286662] Scanning /home/luna/.emacs.d/modules/lang/ruby/autoload.el
        * [1.287024] Scanning /home/luna/.emacs.d/modules/lang/rust/autoload.el
        * [1.287385] Scanning /home/luna/.emacs.d/modules/lang/scala/autoload.el
        * [1.287755] Scanning /home/luna/.emacs.d/modules/lang/scheme/autoload.el
        * [1.288134] Scanning /home/luna/.emacs.d/modules/lang/sh/autoload.el
        * [1.289058] Scanning /home/luna/.emacs.d/modules/lang/terra/autoload.el
        * [1.289416] Scanning /home/luna/.emacs.d/modules/lang/web/autoload/css.el
        * [1.289844] Scanning /home/luna/.emacs.d/modules/lang/web/autoload/evil.el
        * [1.290241] Scanning /home/luna/.emacs.d/modules/lang/web/autoload/html.el
        * [1.290690] Scanning /home/luna/.emacs.d/modules/os/macos/autoload.el
        * [1.291067] Scanning /home/luna/.emacs.d/modules/term/eshell/autoload/backport.el
        * [1.291497] Scanning /home/luna/.emacs.d/modules/term/eshell/autoload/commands.el
        * [1.291942] Scanning /home/luna/.emacs.d/modules/term/eshell/autoload/company.el
        * [1.292347] Scanning /home/luna/.emacs.d/modules/term/eshell/autoload/eshell.el
        * [1.292810] Scanning /home/luna/.emacs.d/modules/term/eshell/autoload/evil.el
        * [1.293205] Scanning /home/luna/.emacs.d/modules/term/eshell/autoload/prompts.el
        * [1.293605] Scanning /home/luna/.emacs.d/modules/term/eshell/autoload/settings.el
        * [1.294070] Scanning /home/luna/.emacs.d/modules/term/shell/autoload.el
        * [1.294455] Scanning /home/luna/.emacs.d/modules/term/term/autoload.el
        * [1.294826] Scanning /home/luna/.emacs.d/modules/term/vterm/autoload.el
        * [1.295879] Scanning /home/luna/.emacs.d/modules/tools/debugger/autoload/debugger.el
        * [1.296372] Scanning /home/luna/.emacs.d/modules/tools/debugger/autoload/evil.el
        * [1.296789] Scanning /home/luna/.emacs.d/modules/tools/editorconfig/autoload.el
        * [1.297192] Scanning /home/luna/.emacs.d/modules/tools/eval/autoload/eval.el
        * [1.298500] Scanning /home/luna/.emacs.d/modules/tools/eval/autoload/evil.el
        * [1.299530] Scanning /home/luna/.emacs.d/modules/tools/eval/autoload/repl.el
        * [1.300822] Scanning /home/luna/.emacs.d/modules/tools/eval/autoload/settings.el
        * [1.301927] Scanning /home/luna/.emacs.d/modules/tools/gist/autoload/evil.el
        * [1.302395] Scanning /home/luna/.emacs.d/modules/tools/lookup/autoload/docsets.el
        * [1.303049] Scanning /home/luna/.emacs.d/modules/tools/lookup/autoload/evil.el
        * [1.304051] Scanning /home/luna/.emacs.d/modules/tools/lookup/autoload/lookup.el
        * [1.305824] Scanning /home/luna/.emacs.d/modules/tools/lookup/autoload/online.el
        * [1.306908] Scanning /home/luna/.emacs.d/modules/tools/lookup/autoload/xwidget.el
        * [1.307769] Scanning /home/luna/.emacs.d/modules/tools/lsp/autoload/common.el
        * [1.308627] Scanning /home/luna/.emacs.d/modules/tools/lsp/autoload/eglot.el
        * [1.309210] Scanning /home/luna/.emacs.d/modules/tools/lsp/autoload/flycheck-eglot.el
        * [1.310099] Scanning /home/luna/.emacs.d/modules/tools/lsp/autoload/lsp-mode.el
        * [1.311177] Scanning /home/luna/.emacs.d/modules/tools/magit/autoload.el
        * [1.312427] Scanning /home/luna/.emacs.d/modules/tools/make/autoload.el
        * [1.312948] Scanning /home/luna/.emacs.d/modules/tools/pass/autoload/consult.el
        * [1.313358] Scanning /home/luna/.emacs.d/modules/tools/pass/autoload/ivy.el
        * [1.313779] Scanning /home/luna/.emacs.d/modules/tools/pass/autoload/pass.el
        * [1.314186] Scanning /home/luna/.emacs.d/modules/tools/prodigy/autoload.el
        * [1.314553] Scanning /home/luna/.emacs.d/modules/tools/rgb/autoload.el
        * [1.315134] Scanning /home/luna/.emacs.d/modules/tools/taskrunner/autoload.el
        * [1.315541] Scanning /home/luna/.emacs.d/modules/tools/tmux/autoload/evil.el
        * [1.315980] Scanning /home/luna/.emacs.d/modules/tools/tmux/autoload/tmux.el
        * [1.316558] Scanning /home/luna/.emacs.d/modules/tools/tree-sitter/autoload.el
        * [1.316952] Scanning /home/luna/.emacs.d/modules/ui/doom-dashboard/autoload.el
        * [1.317911] Scanning /home/luna/.emacs.d/modules/ui/hydra/autoload/windows.el
        * [1.318320] Scanning /home/luna/.emacs.d/modules/ui/ligatures/autoload/install.el
        * [1.318806] Scanning /home/luna/.emacs.d/modules/ui/ligatures/autoload/ligatures.el
        * [1.319313] Scanning /home/luna/.emacs.d/modules/ui/modeline/autoload.el
        * [1.320252] Scanning /home/luna/.emacs.d/modules/ui/nav-flash/autoload.el
        * [1.320628] Scanning /home/luna/.emacs.d/modules/ui/neotree/autoload.el
        * [1.321006] Scanning /home/luna/.emacs.d/modules/ui/popup/autoload/popup.el
        * [1.323241] Scanning /home/luna/.emacs.d/modules/ui/popup/autoload/settings.el
        * [1.324532] Scanning /home/luna/.emacs.d/modules/ui/tabs/autoload.el
        * [1.324899] Scanning /home/luna/.emacs.d/modules/ui/treemacs/autoload.el
        * [1.325736] Scanning /home/luna/.emacs.d/modules/ui/unicode/autoload.el
        * [1.326099] Scanning /home/luna/.emacs.d/modules/ui/vc-gutter/autoload.el
        * [1.326579] Scanning /home/luna/.emacs.d/modules/ui/vi-tilde-fringe/autoload.el
        * [1.327328] Scanning /home/luna/.emacs.d/modules/ui/workspaces/autoload/evil.el
        * [1.328408] Scanning /home/luna/.emacs.d/modules/ui/workspaces/autoload/workspaces.el
        * [1.331068] Scanning /home/luna/.emacs.d/modules/ui/zen/autoload.el
        * [1.341687] Scanning /home/luna/.emacs.d/.local/straight/build-28.1/straight/straight-autoloads.el
        * [1.342489] Scanning /home/luna/.emacs.d/.local/straight/build-28.1/use-package/use-package-autoloads.el
        * [1.343177] Scanning /home/luna/.emacs.d/.local/straight/build-28.1/bind-key/bind-key-autoloads.el
        * [1.343815] Scanning /home/luna/.emacs.d/.local/straight/build-28.1/auto-minor-mode/auto-minor-mode-autoloads.el
        * [1.344356] Scanning /home/luna/.emacs.d/.local/straight/build-28.1/gcmh/gcmh-autoloads.el
        * [1.344888] Scanning /home/luna/.emacs.d/.local/straight/build-28.1/explain-pause-mode/explain-pause-mode-autoloads.el
        * [1.345512] Scanning /home/luna/.emacs.d/.local/straight/build-28.1/all-the-icons/all-the-icons-autoloads.el
        * [1.346277] Scanning /home/luna/.emacs.d/.local/straight/build-28.1/hide-mode-line/hide-mode-line-autoloads.el
        * [1.346890] Scanning /home/luna/.emacs.d/.local/straight/build-28.1/highlight-numbers/highlight-numbers-autoloads.el
        * [1.347388] Scanning /home/luna/.emacs.d/.local/straight/build-28.1/parent-mode/parent-mode-autoloads.el
        * [1.347858] Scanning /home/luna/.emacs.d/.local/straight/build-28.1/rainbow-delimiters/rainbow-delimiters-autoloads.el
        * [1.348477] Scanning /home/luna/.emacs.d/.local/straight/build-28.1/restart-emacs/restart-emacs-autoloads.el
        * [1.349101] Scanning /home/luna/.emacs.d/.local/straight/build-28.1/better-jumper/better-jumper-autoloads.el
        * [1.349616] Scanning /home/luna/.emacs.d/.local/straight/build-28.1/dtrt-indent/dtrt-indent-autoloads.el
        * [1.350263] Scanning /home/luna/.emacs.d/.local/straight/build-28.1/helpful/helpful-autoloads.el
        * [1.350803] Scanning /home/luna/.emacs.d/.local/straight/build-28.1/dash/dash-autoloads.el
        * [1.351413] Scanning /home/luna/.emacs.d/.local/straight/build-28.1/s/s-autoloads.el
        * [1.351935] Scanning /home/luna/.emacs.d/.local/straight/build-28.1/f/f-autoloads.el
        * [1.352396] Scanning /home/luna/.emacs.d/.local/straight/build-28.1/elisp-refs/elisp-refs-autoloads.el
        * [1.352947] Scanning /home/luna/.emacs.d/.local/straight/build-28.1/pcre2el/pcre2el-autoloads.el
        * [1.353516] Scanning /home/luna/.emacs.d/.local/straight/build-28.1/smartparens/smartparens-autoloads.el
        * [1.354287] Scanning /home/luna/.emacs.d/.local/straight/build-28.1/ws-butler/ws-butler-autoloads.el
        * [1.354888] Scanning /home/luna/.emacs.d/.local/straight/build-28.1/projectile/projectile-autoloads.el
        * [1.355813] Scanning /home/luna/.emacs.d/.local/straight/build-28.1/project/project-autoloads.el
        * [1.356496] Scanning /home/luna/.emacs.d/.local/straight/build-28.1/xref/xref-autoloads.el
        * [1.357033] Scanning /home/luna/.emacs.d/.local/straight/build-28.1/general/general-autoloads.el
        * [1.357796] Scanning /home/luna/.emacs.d/.local/straight/build-28.1/which-key/which-key-autoloads.el
        * [1.358356] Scanning /home/luna/.emacs.d/.local/straight/build-28.1/company/company-autoloads.el
        * [1.359174] Scanning /home/luna/.emacs.d/.local/straight/build-28.1/company-dict/company-dict-autoloads.el
        * [1.359689] Scanning /home/luna/.emacs.d/.local/straight/build-28.1/vertico/vertico-autoloads.el
        * [1.360458] Scanning /home/luna/.emacs.d/.local/straight/build-28.1/orderless/orderless-autoloads.el
        * [1.361020] Scanning /home/luna/.emacs.d/.local/straight/build-28.1/consult/consult-autoloads.el
        * [1.361967] Scanning /home/luna/.emacs.d/.local/straight/build-28.1/compat/compat-autoloads.el
        * [1.362498] Scanning /home/luna/.emacs.d/.local/straight/build-28.1/consult-dir/consult-dir-autoloads.el
        * [1.363080] Scanning /home/luna/.emacs.d/.local/straight/build-28.1/consult-flycheck/consult-flycheck-autoloads.el
        * [1.363557] Scanning /home/luna/.emacs.d/.local/straight/build-28.1/flycheck/flycheck-autoloads.el
        * [1.364261] Scanning /home/luna/.emacs.d/.local/straight/build-28.1/pkg-info/pkg-info-autoloads.el
        * [1.364809] Scanning /home/luna/.emacs.d/.local/straight/build-28.1/epl/epl-autoloads.el
        * [1.365353] Scanning /home/luna/.emacs.d/.local/straight/build-28.1/embark/embark-autoloads.el
        * [1.365942] Scanning /home/luna/.emacs.d/.local/straight/build-28.1/embark-consult/embark-consult-autoloads.el
        * [1.366530] Scanning /home/luna/.emacs.d/.local/straight/build-28.1/marginalia/marginalia-autoloads.el
        * [1.367123] Scanning /home/luna/.emacs.d/.local/straight/build-28.1/wgrep/wgrep-autoloads.el
        * [1.367603] Scanning /home/luna/.emacs.d/.local/straight/build-28.1/doom-themes/doom-themes-autoloads.el
        * [1.368757] Scanning /home/luna/.emacs.d/.local/straight/build-28.1/solaire-mode/solaire-mode-autoloads.el
        * [1.369288] Scanning /home/luna/.emacs.d/.local/straight/build-28.1/hl-todo/hl-todo-autoloads.el
        * [1.369919] Scanning /home/luna/.emacs.d/.local/straight/build-28.1/doom-modeline/doom-modeline-autoloads.el
        * [1.370527] Scanning /home/luna/.emacs.d/.local/straight/build-28.1/shrink-path/shrink-path-autoloads.el
        * [1.370995] Scanning /home/luna/.emacs.d/.local/straight/build-28.1/anzu/anzu-autoloads.el
        * [1.371601] Scanning /home/luna/.emacs.d/.local/straight/build-28.1/evil-anzu/evil-anzu-autoloads.el
        * [1.372114] Scanning /home/luna/.emacs.d/.local/straight/build-28.1/evil/evil-autoloads.el
        * [1.372756] Scanning /home/luna/.emacs.d/.local/straight/build-28.1/goto-chg/goto-chg-autoloads.el
        * [1.373298] Scanning /home/luna/.emacs.d/.local/straight/build-28.1/evil-goggles/evil-goggles-autoloads.el
        * [1.373828] Scanning /home/luna/.emacs.d/.local/straight/build-28.1/git-gutter-fringe/git-gutter-fringe-autoloads.el
        * [1.374295] Scanning /home/luna/.emacs.d/.local/straight/build-28.1/git-gutter/git-gutter-autoloads.el
        * [1.374875] Scanning /home/luna/.emacs.d/.local/straight/build-28.1/fringe-helper/fringe-helper-autoloads.el
        * [1.375376] Scanning /home/luna/.emacs.d/.local/straight/build-28.1/vi-tilde-fringe/vi-tilde-fringe-autoloads.el
        * [1.375952] Scanning /home/luna/.emacs.d/.local/straight/build-28.1/persp-mode/persp-mode-autoloads.el
        * [1.376555] Scanning /home/luna/.emacs.d/.local/straight/build-28.1/evil-args/evil-args-autoloads.el
        * [1.377057] Scanning /home/luna/.emacs.d/.local/straight/build-28.1/evil-easymotion/evil-easymotion-autoloads.el
        * [1.377714] Scanning /home/luna/.emacs.d/.local/straight/build-28.1/avy/avy-autoloads.el
        * [1.378455] Scanning /home/luna/.emacs.d/.local/straight/build-28.1/evil-embrace/evil-embrace-autoloads.el
        * [1.378974] Scanning /home/luna/.emacs.d/.local/straight/build-28.1/embrace/embrace-autoloads.el
        * [1.379485] Scanning /home/luna/.emacs.d/.local/straight/build-28.1/expand-region/expand-region-autoloads.el
        * [1.380222] Scanning /home/luna/.emacs.d/.local/straight/build-28.1/evil-surround/evil-surround-autoloads.el
        * [1.380853] Scanning /home/luna/.emacs.d/.local/straight/build-28.1/evil-escape/evil-escape-autoloads.el
        * [1.381391] Scanning /home/luna/.emacs.d/.local/straight/build-28.1/evil-exchange/evil-exchange-autoloads.el
        * [1.381971] Scanning /home/luna/.emacs.d/.local/straight/build-28.1/evil-indent-plus/evil-indent-plus-autoloads.el
        * [1.382478] Scanning /home/luna/.emacs.d/.local/straight/build-28.1/evil-lion/evil-lion-autoloads.el
        * [1.383047] Scanning /home/luna/.emacs.d/.local/straight/build-28.1/evil-nerd-commenter/evil-nerd-commenter-autoloads.el
        * [1.383624] Scanning /home/luna/.emacs.d/.local/straight/build-28.1/evil-numbers/evil-numbers-autoloads.el
        * [1.384173] Scanning /home/luna/.emacs.d/.local/straight/build-28.1/evil-snipe/evil-snipe-autoloads.el
        * [1.384838] Scanning /home/luna/.emacs.d/.local/straight/build-28.1/evil-textobj-anyblock/evil-textobj-anyblock-autoloads.el
        * [1.385454] Scanning /home/luna/.emacs.d/.local/straight/build-28.1/evil-traces/evil-traces-autoloads.el
        * [1.386008] Scanning /home/luna/.emacs.d/.local/straight/build-28.1/evil-visualstar/evil-visualstar-autoloads.el
        * [1.386636] Scanning /home/luna/.emacs.d/.local/straight/build-28.1/exato/exato-autoloads.el
        * [1.387108] Scanning /home/luna/.emacs.d/.local/straight/build-28.1/evil-quick-diff/evil-quick-diff-autoloads.el
        * [1.387609] Scanning /home/luna/.emacs.d/.local/straight/build-28.1/evil-collection/evil-collection-autoloads.el
        * [1.388140] Scanning /home/luna/.emacs.d/.local/straight/build-28.1/annalist/annalist-autoloads.el
        * [1.388691] Scanning /home/luna/.emacs.d/.local/straight/build-28.1/yasnippet/yasnippet-autoloads.el
        * [1.389267] Scanning /home/luna/.emacs.d/.local/straight/build-28.1/vimish-fold/vimish-fold-autoloads.el
        * [1.389790] Scanning /home/luna/.emacs.d/.local/straight/build-28.1/evil-vimish-fold/evil-vimish-fold-autoloads.el
        * [1.390374] Scanning /home/luna/.emacs.d/.local/straight/build-28.1/auto-yasnippet/auto-yasnippet-autoloads.el
        * [1.390917] Scanning /home/luna/.emacs.d/.local/straight/build-28.1/doom-snippets/doom-snippets-autoloads.el
        * [1.391422] Scanning /home/luna/.emacs.d/.local/straight/build-28.1/diredfl/diredfl-autoloads.el
        * [1.392030] Scanning /home/luna/.emacs.d/.local/straight/build-28.1/dired-git-info/dired-git-info-autoloads.el
        * [1.392541] Scanning /home/luna/.emacs.d/.local/straight/build-28.1/diff-hl/diff-hl-autoloads.el
        * [1.393222] Scanning /home/luna/.emacs.d/.local/straight/build-28.1/dired-rsync/dired-rsync-autoloads.el
        * [1.393725] Scanning /home/luna/.emacs.d/.local/straight/build-28.1/fd-dired/fd-dired-autoloads.el
        * [1.394229] Scanning /home/luna/.emacs.d/.local/straight/build-28.1/undo-fu/undo-fu-autoloads.el
        * [1.394768] Scanning /home/luna/.emacs.d/.local/straight/build-28.1/undo-fu-session/undo-fu-session-autoloads.el
        * [1.395415] Scanning /home/luna/.emacs.d/.local/straight/build-28.1/browse-at-remote/browse-at-remote-autoloads.el
        * [1.396088] Scanning /home/luna/.emacs.d/.local/straight/build-28.1/git-commit/git-commit-autoloads.el
        * [1.396678] Scanning /home/luna/.emacs.d/.local/straight/build-28.1/transient/transient-autoloads.el
        * [1.397291] Scanning /home/luna/.emacs.d/.local/straight/build-28.1/with-editor/with-editor-autoloads.el
        * [1.397799] Scanning /home/luna/.emacs.d/.local/straight/build-28.1/git-timemachine/git-timemachine-autoloads.el
        * [1.398367] Scanning /home/luna/.emacs.d/.local/straight/build-28.1/git-modes/git-modes-autoloads.el
        * [1.398947] Scanning /home/luna/.emacs.d/.local/straight/build-28.1/flycheck-popup-tip/flycheck-popup-tip-autoloads.el
        * [1.399448] Scanning /home/luna/.emacs.d/.local/straight/build-28.1/popup/popup-autoloads.el
        * [1.399951] Scanning /home/luna/.emacs.d/.local/straight/build-28.1/quickrun/quickrun-autoloads.el
        * [1.400635] Scanning /home/luna/.emacs.d/.local/straight/build-28.1/eros/eros-autoloads.el
        * [1.401164] Scanning /home/luna/.emacs.d/.local/straight/build-28.1/dumb-jump/dumb-jump-autoloads.el
        * [1.401795] Scanning /home/luna/.emacs.d/.local/straight/build-28.1/request/request-autoloads.el
        * [1.402340] Scanning /home/luna/.emacs.d/.local/straight/build-28.1/magit/magit-autoloads.el
        * [1.404270] Scanning /home/luna/.emacs.d/.local/straight/build-28.1/magit-section/magit-section-autoloads.el
        * [1.404745] Scanning /home/luna/.emacs.d/.local/straight/build-28.1/magit-gitflow/magit-gitflow-autoloads.el
        * [1.405253] Scanning /home/luna/.emacs.d/.local/straight/build-28.1/magit-popup/magit-popup-autoloads.el
        * [1.405727] Scanning /home/luna/.emacs.d/.local/straight/build-28.1/magit-todos/magit-todos-autoloads.el
        * [1.406265] Scanning /home/luna/.emacs.d/.local/straight/build-28.1/async/async-autoloads.el
        * [1.406949] Scanning /home/luna/.emacs.d/.local/straight/build-28.1/code-review/code-review-autoloads.el
        * [1.407640] Scanning /home/luna/.emacs.d/.local/straight/build-28.1/closql/closql-autoloads.el
        * [1.408098] Scanning /home/luna/.emacs.d/.local/straight/build-28.1/a/a-autoloads.el
        * [1.408605] Scanning /home/luna/.emacs.d/.local/straight/build-28.1/ghub/ghub-autoloads.el
        * [1.409147] Scanning /home/luna/.emacs.d/.local/straight/build-28.1/treepy/treepy-autoloads.el
        * [1.409602] Scanning /home/luna/.emacs.d/.local/straight/build-28.1/uuidgen/uuidgen-autoloads.el
        * [1.410090] Scanning /home/luna/.emacs.d/.local/straight/build-28.1/deferred/deferred-autoloads.el
        * [1.410551] Scanning /home/luna/.emacs.d/.local/straight/build-28.1/markdown-mode/markdown-mode-autoloads.el
        * [1.411099] Scanning /home/luna/.emacs.d/.local/straight/build-28.1/forge/forge-autoloads.el
        * [1.411863] Scanning /home/luna/.emacs.d/.local/straight/build-28.1/emacsql-sqlite/emacsql-sqlite-autoloads.el
        * [1.412509] Scanning /home/luna/.emacs.d/.local/straight/build-28.1/emacsql/emacsql-autoloads.el
        * [1.413071] Scanning /home/luna/.emacs.d/.local/straight/build-28.1/yaml/yaml-autoloads.el
        * [1.413532] Scanning /home/luna/.emacs.d/.local/straight/build-28.1/emojify/emojify-autoloads.el
        * [1.414049] Scanning /home/luna/.emacs.d/.local/straight/build-28.1/ht/ht-autoloads.el
        * [1.414502] Scanning /home/luna/.emacs.d/.local/straight/build-28.1/highlight-quoted/highlight-quoted-autoloads.el
        * [1.415041] Scanning /home/luna/.emacs.d/.local/straight/build-28.1/macrostep/macrostep-autoloads.el
        * [1.415655] Scanning /home/luna/.emacs.d/.local/straight/build-28.1/overseer/overseer-autoloads.el
        * [1.416392] Scanning /home/luna/.emacs.d/.local/straight/build-28.1/elisp-def/elisp-def-autoloads.el
        * [1.416959] Scanning /home/luna/.emacs.d/.local/straight/build-28.1/elisp-demos/elisp-demos-autoloads.el
        * [1.417444] Scanning /home/luna/.emacs.d/.local/straight/build-28.1/flycheck-package/flycheck-package-autoloads.el
        * [1.417947] Scanning /home/luna/.emacs.d/.local/straight/build-28.1/package-lint/package-lint-autoloads.el
        * [1.418495] Scanning /home/luna/.emacs.d/.local/straight/build-28.1/flycheck-cask/flycheck-cask-autoloads.el
        * [1.419014] Scanning /home/luna/.emacs.d/.local/straight/build-28.1/buttercup/buttercup-autoloads.el
        * [1.419592] Scanning /home/luna/.emacs.d/.local/straight/build-28.1/markdown-toc/markdown-toc-autoloads.el
        * [1.420178] Scanning /home/luna/.emacs.d/.local/straight/build-28.1/edit-indirect/edit-indirect-autoloads.el
        * [1.420715] Scanning /home/luna/.emacs.d/.local/straight/build-28.1/evil-markdown/evil-markdown-autoloads.el
        * [1.421218] Scanning /home/luna/.emacs.d/.local/straight/build-28.1/org/org-autoloads.el
        * [1.422343] Scanning /home/luna/.emacs.d/.local/straight/build-28.1/org-contrib/org-contrib-autoloads.el
        * [1.423071] Scanning /home/luna/.emacs.d/.local/straight/build-28.1/htmlize/htmlize-autoloads.el
        * [1.423681] Scanning /home/luna/.emacs.d/.local/straight/build-28.1/org-yt/org-yt-autoloads.el
        * [1.424142] Scanning /home/luna/.emacs.d/.local/straight/build-28.1/ox-clip/ox-clip-autoloads.el
        * [1.424632] Scanning /home/luna/.emacs.d/.local/straight/build-28.1/toc-org/toc-org-autoloads.el
        * [1.425132] Scanning /home/luna/.emacs.d/.local/straight/build-28.1/org-cliplink/org-cliplink-autoloads.el
        * [1.425744] Scanning /home/luna/.emacs.d/.local/straight/build-28.1/evil-org/evil-org-autoloads.el
        * [1.426294] Scanning /home/luna/.emacs.d/.local/straight/build-28.1/orgit/orgit-autoloads.el
        * [1.426932] Scanning /home/luna/.emacs.d/.local/straight/build-28.1/ob-async/ob-async-autoloads.el
        * [1.427438] Scanning /home/luna/.emacs.d/.local/straight/build-28.1/company-shell/company-shell-autoloads.el
        * [1.427950] Scanning /home/luna/.emacs.d/.local/straight/build-28.1/drag-stuff/drag-stuff-autoloads.el
        * [1.428718] Scanning /home/luna/.emacs.d/.local/straight/build-28.1/link-hint/link-hint-autoloads.el
        * [1.429470] Scanning /home/luna/.emacs.d/.local/straight/build-28.1/highlight-indent-guides/highlight-indent-guides-autoloads.el
        * [1.430042] Scanning /home/luna/.emacs.d/.local/straight/build-28.1/minimap/minimap-autoloads.el
        * [1.430647] Scanning /home/luna/.emacs.d/.local/straight/build-28.1/treemacs/treemacs-autoloads.el
        * [1.431747] Scanning /home/luna/.emacs.d/.local/straight/build-28.1/ace-window/ace-window-autoloads.el
        * [1.432417] Scanning /home/luna/.emacs.d/.local/straight/build-28.1/pfuture/pfuture-autoloads.el
        * [1.432968] Scanning /home/luna/.emacs.d/.local/straight/build-28.1/hydra/hydra-autoloads.el
        * [1.433633] Scanning /home/luna/.emacs.d/.local/straight/build-28.1/lv/lv-autoloads.el
        * [1.434092] Scanning /home/luna/.emacs.d/.local/straight/build-28.1/cfrs/cfrs-autoloads.el
        * [1.434576] Scanning /home/luna/.emacs.d/.local/straight/build-28.1/posframe/posframe-autoloads.el
        * [1.435158] Scanning /home/luna/.emacs.d/.local/straight/build-28.1/treemacs-evil/treemacs-evil-autoloads.el
        * [1.435649] Scanning /home/luna/.emacs.d/.local/straight/build-28.1/treemacs-projectile/treemacs-projectile-autoloads.el
        * [1.436144] Scanning /home/luna/.emacs.d/.local/straight/build-28.1/treemacs-magit/treemacs-magit-autoloads.el
        * [1.436605] Scanning /home/luna/.emacs.d/.local/straight/build-28.1/treemacs-persp/treemacs-persp-autoloads.el
        * [1.437075] Scanning /home/luna/.emacs.d/.local/straight/build-28.1/lsp-treemacs/lsp-treemacs-autoloads.el
        * [1.437705] Scanning /home/luna/.emacs.d/.local/straight/build-28.1/lsp-mode/lsp-mode-autoloads.el
        * [1.438845] Scanning /home/luna/.emacs.d/.local/straight/build-28.1/spinner/spinner-autoloads.el
        * [1.439427] Scanning /home/luna/.emacs.d/.local/straight/build-28.1/format-all/format-all-autoloads.el
        * [1.439946] Scanning /home/luna/.emacs.d/.local/straight/build-28.1/evil-multiedit/evil-multiedit-autoloads.el
        * [1.440512] Scanning /home/luna/.emacs.d/.local/straight/build-28.1/iedit/iedit-autoloads.el
        * [1.441060] Scanning /home/luna/.emacs.d/.local/straight/build-28.1/evil-mc/evil-mc-autoloads.el
        * [1.441686] Scanning /home/luna/.emacs.d/.local/straight/build-28.1/vterm/vterm-autoloads.el
        * [1.442306] Scanning /home/luna/.emacs.d/.local/straight/build-28.1/lsp-ui/lsp-ui-autoloads.el
        * [1.442905] Scanning /home/luna/.emacs.d/.local/straight/build-28.1/consult-lsp/consult-lsp-autoloads.el
        * [1.443399] Scanning /home/luna/.emacs.d/.local/straight/build-28.1/rainbow-mode/rainbow-mode-autoloads.el
        * [1.443902] Scanning /home/luna/.emacs.d/.local/straight/build-28.1/kurecolor/kurecolor-autoloads.el
        * [1.444532] Scanning /home/luna/.emacs.d/.local/straight/build-28.1/sly/sly-autoloads.el
        * [1.445087] Scanning /home/luna/.emacs.d/.local/straight/build-28.1/sly-macrostep/sly-macrostep-autoloads.el
        * [1.445874] Scanning /home/luna/.emacs.d/.local/straight/build-28.1/sly-repl-ansi-color/sly-repl-ansi-color-autoloads.el
        * [1.446365] Scanning /home/luna/.emacs.d/.local/straight/build-28.1/csharp-mode/csharp-mode-autoloads.el
        * [1.446911] Scanning /home/luna/.emacs.d/.local/straight/build-28.1/csproj-mode/csproj-mode-autoloads.el
        * [1.447424] Scanning /home/luna/.emacs.d/.local/straight/build-28.1/sln-mode/sln-mode-autoloads.el
        * [1.447910] Scanning /home/luna/.emacs.d/.local/straight/build-28.1/shader-mode/shader-mode-autoloads.el
        * [1.448448] Scanning /home/luna/.emacs.d/.local/straight/build-28.1/gdscript-mode/gdscript-mode-autoloads.el
        * [1.449160] Scanning /home/luna/.emacs.d/.local/straight/build-28.1/rjsx-mode/rjsx-mode-autoloads.el
        * [1.449765] Scanning /home/luna/.emacs.d/.local/straight/build-28.1/js2-mode/js2-mode-autoloads.el
        * [1.450377] Scanning /home/luna/.emacs.d/.local/straight/build-28.1/typescript-mode/typescript-mode-autoloads.el
        * [1.450893] Scanning /home/luna/.emacs.d/.local/straight/build-28.1/js2-refactor/js2-refactor-autoloads.el
        * [1.451533] Scanning /home/luna/.emacs.d/.local/straight/build-28.1/multiple-cursors/multiple-cursors-autoloads.el
        * [1.452398] Scanning /home/luna/.emacs.d/.local/straight/build-28.1/npm-mode/npm-mode-autoloads.el
        * [1.452952] Scanning /home/luna/.emacs.d/.local/straight/build-28.1/add-node-modules-path/add-node-modules-path-autoloads.el
        * [1.453461] Scanning /home/luna/.emacs.d/.local/straight/build-28.1/nodejs-repl/nodejs-repl-autoloads.el
        * [1.454030] Scanning /home/luna/.emacs.d/.local/straight/build-28.1/skewer-mode/skewer-mode-autoloads.el
        * [1.454714] Scanning /home/luna/.emacs.d/.local/straight/build-28.1/simple-httpd/simple-httpd-autoloads.el
        * [1.455273] Scanning /home/luna/.emacs.d/.local/straight/build-28.1/tide/tide-autoloads.el
        * [1.455899] Scanning /home/luna/.emacs.d/.local/straight/build-28.1/xref-js2/xref-js2-autoloads.el
        * [1.456391] Scanning /home/luna/.emacs.d/.local/straight/build-28.1/lua-mode/lua-mode-autoloads.el
        * [1.456931] Scanning /home/luna/.emacs.d/.local/straight/build-28.1/company-lua/company-lua-autoloads.el
        * [1.457467] Scanning /home/luna/.emacs.d/.local/straight/build-28.1/nix-mode/nix-mode-autoloads.el
        * [1.458330] Scanning /home/luna/.emacs.d/.local/straight/build-28.1/nix-update/nix-update-autoloads.el
        * [1.458852] Scanning /home/luna/.emacs.d/.local/straight/build-28.1/company-nixos-options/company-nixos-options-autoloads.el
        * [1.459332] Scanning /home/luna/.emacs.d/.local/straight/build-28.1/nixos-options/nixos-options-autoloads.el
        * [1.459804] Scanning /home/luna/.emacs.d/.local/straight/build-28.1/org-download/org-download-autoloads.el
        * [1.460274] Scanning /home/luna/.emacs.d/.local/straight/build-28.1/org-appear/org-appear-autoloads.el
        * [1.460786] Scanning /home/luna/.emacs.d/.local/straight/build-28.1/org-superstar/org-superstar-autoloads.el
        * [1.461312] Scanning /home/luna/.emacs.d/.local/straight/build-28.1/org-fancy-priorities/org-fancy-priorities-autoloads.el
        * [1.461837] Scanning /home/luna/.emacs.d/.local/straight/build-28.1/org-roam/org-roam-autoloads.el
        * [1.462616] Scanning /home/luna/.emacs.d/.local/straight/build-28.1/ox-hugo/ox-hugo-autoloads.el
        * [1.463307] Scanning /home/luna/.emacs.d/.local/straight/build-28.1/tomelr/tomelr-autoloads.el
        * [1.463829] Scanning /home/luna/.emacs.d/.local/straight/build-28.1/map/map-autoloads.el
        * [1.464289] Scanning /home/luna/.emacs.d/.local/straight/build-28.1/yaml-mode/yaml-mode-autoloads.el
    > Byte-compiling autoloads file...
    ✓ Generated .local/autoloads.28.1.elc
  - Restart Emacs or use 'M-x doom/reload' for changes to take effect
✓ Finished in 2.08629s
* [1.627296] GC count: 0 (0.000000s)
