* [0.073826] Starting!
* [0.073858] doom-cli-run: (emacs --no-splash --load /home/luna/.emacs.d/bin/doom -- sync -e)
* [0.074776] Starting!
* [0.074808] doom-cli-run: (emacs --no-splash --load /home/luna/.emacs.d/bin/doom -- sync -e)
* [0.074872] doom-cli-context-execute: found (doom)
* [0.075070] Autoloading /home/luna/.emacs.d/core/cli/sync.el
* [0.083547] doom-cli-context-execute: found (doom sync)
* [0.083736] Found switch: -e
* [0.083911] doom-cli-context-execute: doom sync
* [0.084155] doom-cli-execute: (:before) ((input) (context . #s(doom-cli-context (25300 31591 69695 625000) 41404 1 (235 . 15) nil nil doom nil nil (doom sync) nil (sync -e) ((--jobs) (-j) (-p) (-u) (-c) (-e . -e) (--eval) (-E) (--strict-load) (--load) (-L) (--color) (--pager) (--emacsdir) (--doomdir) (--debug) (-D) (--force) (-!)) ((t) ((doom sync) -e) ((doom) sync -e))  *doom-cli stdin*  *doom-cli stdout*  *doom-cli stderr* nil)) (_) (evals) (loads) (color?) (pager) (emacsdir) (doomdir) (debug?) (force?))
* [0.084199] doom-cli-execute: (:before doom build) nil
* [0.098913] Initializing straight
* [0.142394] Initializing recipes
* [0.144729] Installing core packages
* [0.145081] doom-cli-execute: (doom sync) ((jobs) (purge?) (update?) (noelc?) (noenvvar? . -e))
> Compiling your literate config...
  Tangled 12 code blocks from config.org
Restarting...
* [0.074112] Restored context: 41404
* [0.074180] Autoloading /home/luna/.emacs.d/core/cli/sync.el
* [0.082931] doom-cli-context-execute: doom sync
* [0.083196] doom-cli-execute: (:before) ((input) (context . #s(doom-cli-context (25300 31591 69695 625000) 41404 2 (235 . 15) nil nil doom nil nil (doom sync) nil (sync -e) ((--jobs) (-j) (-p) (-u) (-c) (-e . -e) (--eval) (-E) (--strict-load) (--load) (-L) (--color) (--pager) (--emacsdir) (--doomdir) (--debug) (-D) (--force) (-!)) ((t) ((doom sync) -e) ((doom) sync -e))  *doom-cli stdin*  *doom-cli stdout*  *doom-cli stderr* nil)) (_) (evals) (loads) (color?) (pager) (emacsdir) (doomdir) (debug?) (force?))
* [0.083243] doom-cli-execute: (:before doom build) nil
* [0.097828] Initializing straight
* [0.141775] Initializing recipes
* [0.144097] Installing core packages
* [0.144479] doom-cli-execute: (doom sync) ((jobs) (purge?) (update?) (noelc?) (noenvvar? . -e))
> Synchronizing your config with Doom Emacs...
    * [0.144764] Initializing package.el
    * [0.165460] Initializing straight.el
  > Installing packages...
    - No packages need to be installed
  > (Re)building packages...
    - No packages need rebuilding
  > Purging orphaned packages (for the emperor)...
    - No builds to purge
    - Skipping elpa packages
    - Skipping repos
    - Skipping regrafting
  > (Re)generating autoloads file...
    > Generating autoloads file...
        * [1.519507] Scanning /home/luna/.emacs.d/core/autoload/buffers.el
        * [1.521726] Scanning /home/luna/.emacs.d/core/autoload/config.el
        * [1.522892] Scanning /home/luna/.emacs.d/core/autoload/debug.el
        * [1.524605] Scanning /home/luna/.emacs.d/core/autoload/files.el
        * [1.526253] Scanning /home/luna/.emacs.d/core/autoload/fonts.el
        * [1.528043] Scanning /home/luna/.emacs.d/core/autoload/help.el
        * [1.530190] Scanning /home/luna/.emacs.d/core/autoload/packages.el
        * [1.531599] Scanning /home/luna/.emacs.d/core/autoload/plist.el
        * [1.532564] Scanning /home/luna/.emacs.d/core/autoload/print.el
        * [1.534439] Scanning /home/luna/.emacs.d/core/autoload/process.el
        * [1.535375] Scanning /home/luna/.emacs.d/core/autoload/projects.el
        * [1.536671] Scanning /home/luna/.emacs.d/core/autoload/sandbox.el
        * [1.537644] Scanning /home/luna/.emacs.d/core/autoload/scratch.el
        * [1.538870] Scanning /home/luna/.emacs.d/core/autoload/sessions.el
        * [1.539972] Scanning /home/luna/.emacs.d/core/autoload/store.el
        * [1.541098] Scanning /home/luna/.emacs.d/core/autoload/system.el
        * [1.542080] Scanning /home/luna/.emacs.d/core/autoload/text.el
        * [1.543914] Scanning /home/luna/.emacs.d/core/autoload/themes.el
        * [1.544877] Scanning /home/luna/.emacs.d/core/autoload/ui.el
        * [1.546358] Scanning /home/luna/.emacs.d/modules/app/calendar/autoload.el
        * [1.546734] Scanning /home/luna/.emacs.d/modules/app/emms/autoload.el
        * [1.547098] Scanning /home/luna/.emacs.d/modules/app/irc/autoload/irc.el
        * [1.547515] Scanning /home/luna/.emacs.d/modules/app/irc/autoload/ivy.el
        * [1.547966] Scanning /home/luna/.emacs.d/modules/app/irc/autoload/settings.el
        * [1.548518] Scanning /home/luna/.emacs.d/modules/app/irc/autoload/vertico.el
        * [1.548925] Scanning /home/luna/.emacs.d/modules/app/rss/autoload.el
        * [1.549307] Scanning /home/luna/.emacs.d/modules/app/twitter/autoload.el
        * [1.549682] Scanning /home/luna/.emacs.d/modules/checkers/spell/autoload/+flyspell.el
        * [1.550150] Scanning /home/luna/.emacs.d/modules/checkers/spell/autoload/+spell-fu.el
        * [1.550585] Scanning /home/luna/.emacs.d/modules/checkers/syntax/autoload.el
        * [1.551431] Scanning /home/luna/.emacs.d/modules/completion/company/autoload.el
        * [1.552653] Scanning /home/luna/.emacs.d/modules/completion/helm/autoload/evil.el
        * [1.553071] Scanning /home/luna/.emacs.d/modules/completion/helm/autoload/helm.el
        * [1.553495] Scanning /home/luna/.emacs.d/modules/completion/helm/autoload/posframe.el
        * [1.553906] Scanning /home/luna/.emacs.d/modules/completion/ivy/autoload/evil.el
        * [1.554309] Scanning /home/luna/.emacs.d/modules/completion/ivy/autoload/hydras.el
        * [1.554721] Scanning /home/luna/.emacs.d/modules/completion/ivy/autoload/ivy.el
        * [1.555254] Scanning /home/luna/.emacs.d/modules/completion/ivy/autoload/posframe.el
        * [1.555656] Scanning /home/luna/.emacs.d/modules/completion/vertico/autoload/evil.el
        * [1.566443] Scanning /home/luna/.emacs.d/modules/completion/vertico/autoload/magit.el
        * [1.567303] Scanning /home/luna/.emacs.d/modules/completion/vertico/autoload/vertico.el
        * [1.568855] Scanning /home/luna/.emacs.d/modules/completion/vertico/autoload/workspaces.el
        * [1.569880] Scanning /home/luna/.emacs.d/modules/config/default/autoload/default.el
        * [1.570856] Scanning /home/luna/.emacs.d/modules/config/default/autoload/deferred.el
        * [1.571731] Scanning /home/luna/.emacs.d/modules/config/default/autoload/files.el
        * [1.572916] Scanning /home/luna/.emacs.d/modules/config/default/autoload/search.el
        * [1.574099] Scanning /home/luna/.emacs.d/modules/config/default/autoload/text.el
        * [1.575457] Scanning /home/luna/.emacs.d/modules/config/literate/autoload.el
        * [1.576558] Scanning /home/luna/.emacs.d/modules/editor/evil/autoload/advice.el
        * [1.578160] Scanning /home/luna/.emacs.d/modules/editor/evil/autoload/embrace.el
        * [1.579155] Scanning /home/luna/.emacs.d/modules/editor/evil/autoload/evil.el
        * [1.580534] Scanning /home/luna/.emacs.d/modules/editor/evil/autoload/ex.el
        * [1.581959] Scanning /home/luna/.emacs.d/modules/editor/evil/autoload/files.el
        * [1.583031] Scanning /home/luna/.emacs.d/modules/editor/evil/autoload/textobjects.el
        * [1.584159] Scanning /home/luna/.emacs.d/modules/editor/evil/autoload/unimpaired.el
        * [1.585951] Scanning /home/luna/.emacs.d/modules/editor/file-templates/autoload.el
        * [1.587106] Scanning /home/luna/.emacs.d/modules/editor/fold/autoload/fold.el
        * [1.588317] Scanning /home/luna/.emacs.d/modules/editor/fold/autoload/hideshow.el
        * [1.589453] Scanning /home/luna/.emacs.d/modules/editor/format/autoload/evil.el
        * [1.590412] Scanning /home/luna/.emacs.d/modules/editor/format/autoload/format.el
        * [1.600203] Scanning /home/luna/.emacs.d/modules/editor/format/autoload/settings.el
        * [1.601476] Scanning /home/luna/.emacs.d/modules/editor/god/autoload.el
        * [1.601902] Scanning /home/luna/.emacs.d/modules/editor/multiple-cursors/autoload/evil-mc.el
        * [1.603073] Scanning /home/luna/.emacs.d/modules/editor/rotate-text/autoload.el
        * [1.603497] Scanning /home/luna/.emacs.d/modules/editor/snippets/autoload/settings.el
        * [1.604337] Scanning /home/luna/.emacs.d/modules/editor/snippets/autoload/snippets.el
        * [1.606085] Scanning /home/luna/.emacs.d/modules/editor/word-wrap/autoload.el
        * [1.606473] Scanning /home/luna/.emacs.d/modules/emacs/dired/autoload.el
        * [1.607269] Scanning /home/luna/.emacs.d/modules/emacs/electric/autoload.el
        * [1.608193] Scanning /home/luna/.emacs.d/modules/emacs/ibuffer/autoload/workspaces.el
        * [1.608740] Scanning /home/luna/.emacs.d/modules/emacs/vc/autoload/bug-reference-backport.el
        * [1.609283] Scanning /home/luna/.emacs.d/modules/emacs/vc/autoload/hydra.el
        * [1.609805] Scanning /home/luna/.emacs.d/modules/emacs/vc/autoload/vc.el
        * [1.611030] Scanning /home/luna/.emacs.d/modules/email/mu4e/autoload/advice.el
        * [1.611472] Scanning /home/luna/.emacs.d/modules/email/mu4e/autoload/email.el
        * [1.612084] Scanning /home/luna/.emacs.d/modules/email/mu4e/autoload/evil.el
        * [1.612484] Scanning /home/luna/.emacs.d/modules/email/mu4e/autoload/mu-lock.el
        * [1.612907] Scanning /home/luna/.emacs.d/modules/email/notmuch/autoload.el
        * [1.613296] Scanning /home/luna/.emacs.d/modules/email/wanderlust/autoload.el
        * [1.613652] Scanning /home/luna/.emacs.d/modules/input/layout/autoload/bepo.el
        * [1.614086] Scanning /home/luna/.emacs.d/modules/lang/beancount/autoload.el
        * [1.614495] Scanning /home/luna/.emacs.d/modules/lang/cc/autoload.el
        * [1.615023] Scanning /home/luna/.emacs.d/modules/lang/clojure/autoload.el
        * [1.615393] Scanning /home/luna/.emacs.d/modules/lang/common-lisp/autoload/common-lisp.el
        * [1.616207] Scanning /home/luna/.emacs.d/modules/lang/csharp/autoload.el
        * [1.617060] Scanning /home/luna/.emacs.d/modules/lang/emacs-lisp/autoload.el
        * [1.618707] Scanning /home/luna/.emacs.d/modules/lang/ess/autoload.el
        * [1.619072] Scanning /home/luna/.emacs.d/modules/lang/faust/autoload.el
        * [1.619433] Scanning /home/luna/.emacs.d/modules/lang/fortran/autoload.el
        * [1.619812] Scanning /home/luna/.emacs.d/modules/lang/go/autoload.el
        * [1.620176] Scanning /home/luna/.emacs.d/modules/lang/graphql/autoload.el
        * [1.620541] Scanning /home/luna/.emacs.d/modules/lang/haskell/autoload.el
        * [1.620899] Scanning /home/luna/.emacs.d/modules/lang/java/autoload/java.el
        * [1.621313] Scanning /home/luna/.emacs.d/modules/lang/java/autoload/lsp.el
        * [1.621755] Scanning /home/luna/.emacs.d/modules/lang/javascript/autoload.el
        * [1.622907] Scanning /home/luna/.emacs.d/modules/lang/julia/autoload.el
        * [1.623275] Scanning /home/luna/.emacs.d/modules/lang/kotlin/autoload.el
        * [1.623647] Scanning /home/luna/.emacs.d/modules/lang/latex/autoload.el
        * [1.624023] Scanning /home/luna/.emacs.d/modules/lang/lua/autoload/lua.el
        * [1.624927] Scanning /home/luna/.emacs.d/modules/lang/lua/autoload/moonscript.el
        * [1.625571] Scanning /home/luna/.emacs.d/modules/lang/markdown/autoload.el
        * [1.626719] Scanning /home/luna/.emacs.d/modules/lang/nix/autoload.el
        * [1.627895] Scanning /home/luna/.emacs.d/modules/lang/ocaml/autoload.el
        * [1.628369] Scanning /home/luna/.emacs.d/modules/lang/org/autoload/contrib-ipython.el
        * [1.628937] Scanning /home/luna/.emacs.d/modules/lang/org/autoload/contrib-present.el
        * [1.629478] Scanning /home/luna/.emacs.d/modules/lang/org/autoload/contrib-roam2.el
        * [1.630721] Scanning /home/luna/.emacs.d/modules/lang/org/autoload/org-attach.el
        * [1.631842] Scanning /home/luna/.emacs.d/modules/lang/org/autoload/org-avy.el
        * [1.632697] Scanning /home/luna/.emacs.d/modules/lang/org/autoload/org-babel.el
        * [1.633758] Scanning /home/luna/.emacs.d/modules/lang/org/autoload/org-capture.el
        * [1.635079] Scanning /home/luna/.emacs.d/modules/lang/org/autoload/org-export.el
        * [1.636003] Scanning /home/luna/.emacs.d/modules/lang/org/autoload/org-link.el
        * [1.637438] Scanning /home/luna/.emacs.d/modules/lang/org/autoload/org-refile.el
        * [1.638574] Scanning /home/luna/.emacs.d/modules/lang/org/autoload/org-tables.el
        * [1.639703] Scanning /home/luna/.emacs.d/modules/lang/org/autoload/org.el
        * [1.642095] Scanning /home/luna/.emacs.d/modules/lang/php/autoload.el
        * [1.642464] Scanning /home/luna/.emacs.d/modules/lang/plantuml/autoload.el
        * [1.642841] Scanning /home/luna/.emacs.d/modules/lang/python/autoload/conda.el
        * [1.643265] Scanning /home/luna/.emacs.d/modules/lang/python/autoload/pyenv.el
        * [1.643804] Scanning /home/luna/.emacs.d/modules/lang/python/autoload/python.el
        * [1.644312] Scanning /home/luna/.emacs.d/modules/lang/qt/autoload.el
        * [1.644670] Scanning /home/luna/.emacs.d/modules/lang/racket/autoload.el
        * [1.645081] Scanning /home/luna/.emacs.d/modules/lang/rest/autoload.el
        * [1.645438] Scanning /home/luna/.emacs.d/modules/lang/ruby/autoload.el
        * [1.645797] Scanning /home/luna/.emacs.d/modules/lang/rust/autoload.el
        * [1.646160] Scanning /home/luna/.emacs.d/modules/lang/scala/autoload.el
        * [1.646524] Scanning /home/luna/.emacs.d/modules/lang/scheme/autoload.el
        * [1.646906] Scanning /home/luna/.emacs.d/modules/lang/sh/autoload.el
        * [1.647807] Scanning /home/luna/.emacs.d/modules/lang/terra/autoload.el
        * [1.648285] Scanning /home/luna/.emacs.d/modules/lang/web/autoload/css.el
        * [1.648727] Scanning /home/luna/.emacs.d/modules/lang/web/autoload/evil.el
        * [1.649124] Scanning /home/luna/.emacs.d/modules/lang/web/autoload/html.el
        * [1.649571] Scanning /home/luna/.emacs.d/modules/os/macos/autoload.el
        * [1.649945] Scanning /home/luna/.emacs.d/modules/term/eshell/autoload/backport.el
        * [1.650377] Scanning /home/luna/.emacs.d/modules/term/eshell/autoload/commands.el
        * [1.650781] Scanning /home/luna/.emacs.d/modules/term/eshell/autoload/company.el
        * [1.651190] Scanning /home/luna/.emacs.d/modules/term/eshell/autoload/eshell.el
        * [1.651716] Scanning /home/luna/.emacs.d/modules/term/eshell/autoload/evil.el
        * [1.652116] Scanning /home/luna/.emacs.d/modules/term/eshell/autoload/prompts.el
        * [1.652519] Scanning /home/luna/.emacs.d/modules/term/eshell/autoload/settings.el
        * [1.652988] Scanning /home/luna/.emacs.d/modules/term/shell/autoload.el
        * [1.653370] Scanning /home/luna/.emacs.d/modules/term/term/autoload.el
        * [1.653734] Scanning /home/luna/.emacs.d/modules/term/vterm/autoload.el
        * [1.654633] Scanning /home/luna/.emacs.d/modules/tools/debugger/autoload/debugger.el
        * [1.655121] Scanning /home/luna/.emacs.d/modules/tools/debugger/autoload/evil.el
        * [1.655529] Scanning /home/luna/.emacs.d/modules/tools/editorconfig/autoload.el
        * [1.656001] Scanning /home/luna/.emacs.d/modules/tools/eval/autoload/eval.el
        * [1.657176] Scanning /home/luna/.emacs.d/modules/tools/eval/autoload/evil.el
        * [1.658156] Scanning /home/luna/.emacs.d/modules/tools/eval/autoload/repl.el
        * [1.659290] Scanning /home/luna/.emacs.d/modules/tools/eval/autoload/settings.el
        * [1.660444] Scanning /home/luna/.emacs.d/modules/tools/gist/autoload/evil.el
        * [1.660885] Scanning /home/luna/.emacs.d/modules/tools/lookup/autoload/docsets.el
        * [1.661580] Scanning /home/luna/.emacs.d/modules/tools/lookup/autoload/evil.el
        * [1.662589] Scanning /home/luna/.emacs.d/modules/tools/lookup/autoload/lookup.el
        * [1.664389] Scanning /home/luna/.emacs.d/modules/tools/lookup/autoload/online.el
        * [1.665493] Scanning /home/luna/.emacs.d/modules/tools/lookup/autoload/xwidget.el
        * [1.666350] Scanning /home/luna/.emacs.d/modules/tools/lsp/autoload/common.el
        * [1.667165] Scanning /home/luna/.emacs.d/modules/tools/lsp/autoload/eglot.el
        * [1.667743] Scanning /home/luna/.emacs.d/modules/tools/lsp/autoload/flycheck-eglot.el
        * [1.668663] Scanning /home/luna/.emacs.d/modules/tools/lsp/autoload/lsp-mode.el
        * [1.669714] Scanning /home/luna/.emacs.d/modules/tools/magit/autoload.el
        * [1.670834] Scanning /home/luna/.emacs.d/modules/tools/make/autoload.el
        * [1.671201] Scanning /home/luna/.emacs.d/modules/tools/pass/autoload/consult.el
        * [1.671633] Scanning /home/luna/.emacs.d/modules/tools/pass/autoload/ivy.el
        * [1.672050] Scanning /home/luna/.emacs.d/modules/tools/pass/autoload/pass.el
        * [1.672493] Scanning /home/luna/.emacs.d/modules/tools/prodigy/autoload.el
        * [1.672933] Scanning /home/luna/.emacs.d/modules/tools/rgb/autoload.el
        * [1.673407] Scanning /home/luna/.emacs.d/modules/tools/taskrunner/autoload.el
        * [1.673769] Scanning /home/luna/.emacs.d/modules/tools/tmux/autoload/evil.el
        * [1.674174] Scanning /home/luna/.emacs.d/modules/tools/tmux/autoload/tmux.el
        * [1.674599] Scanning /home/luna/.emacs.d/modules/tools/tree-sitter/autoload.el
        * [1.675019] Scanning /home/luna/.emacs.d/modules/ui/doom-dashboard/autoload.el
        * [1.675891] Scanning /home/luna/.emacs.d/modules/ui/hydra/autoload/windows.el
        * [1.676304] Scanning /home/luna/.emacs.d/modules/ui/ligatures/autoload/install.el
        * [1.676781] Scanning /home/luna/.emacs.d/modules/ui/ligatures/autoload/ligatures.el
        * [1.677372] Scanning /home/luna/.emacs.d/modules/ui/modeline/autoload.el
        * [1.678335] Scanning /home/luna/.emacs.d/modules/ui/nav-flash/autoload.el
        * [1.678718] Scanning /home/luna/.emacs.d/modules/ui/neotree/autoload.el
        * [1.679088] Scanning /home/luna/.emacs.d/modules/ui/popup/autoload/popup.el
        * [1.681365] Scanning /home/luna/.emacs.d/modules/ui/popup/autoload/settings.el
        * [1.682722] Scanning /home/luna/.emacs.d/modules/ui/tabs/autoload.el
        * [1.683146] Scanning /home/luna/.emacs.d/modules/ui/treemacs/autoload.el
        * [1.683924] Scanning /home/luna/.emacs.d/modules/ui/unicode/autoload.el
        * [1.684294] Scanning /home/luna/.emacs.d/modules/ui/vc-gutter/autoload.el
        * [1.684783] Scanning /home/luna/.emacs.d/modules/ui/vi-tilde-fringe/autoload.el
        * [1.685590] Scanning /home/luna/.emacs.d/modules/ui/workspaces/autoload/evil.el
        * [1.686617] Scanning /home/luna/.emacs.d/modules/ui/workspaces/autoload/workspaces.el
        * [1.689175] Scanning /home/luna/.emacs.d/modules/ui/zen/autoload.el
        * [1.699951] Scanning /home/luna/.emacs.d/.local/straight/build-28.1/straight/straight-autoloads.el
        * [1.700710] Scanning /home/luna/.emacs.d/.local/straight/build-28.1/use-package/use-package-autoloads.el
        * [1.701404] Scanning /home/luna/.emacs.d/.local/straight/build-28.1/bind-key/bind-key-autoloads.el
        * [1.702074] Scanning /home/luna/.emacs.d/.local/straight/build-28.1/auto-minor-mode/auto-minor-mode-autoloads.el
        * [1.702615] Scanning /home/luna/.emacs.d/.local/straight/build-28.1/gcmh/gcmh-autoloads.el
        * [1.703124] Scanning /home/luna/.emacs.d/.local/straight/build-28.1/explain-pause-mode/explain-pause-mode-autoloads.el
        * [1.703624] Scanning /home/luna/.emacs.d/.local/straight/build-28.1/all-the-icons/all-the-icons-autoloads.el
        * [1.704201] Scanning /home/luna/.emacs.d/.local/straight/build-28.1/hide-mode-line/hide-mode-line-autoloads.el
        * [1.704791] Scanning /home/luna/.emacs.d/.local/straight/build-28.1/highlight-numbers/highlight-numbers-autoloads.el
        * [1.705344] Scanning /home/luna/.emacs.d/.local/straight/build-28.1/parent-mode/parent-mode-autoloads.el
        * [1.705841] Scanning /home/luna/.emacs.d/.local/straight/build-28.1/rainbow-delimiters/rainbow-delimiters-autoloads.el
        * [1.706460] Scanning /home/luna/.emacs.d/.local/straight/build-28.1/restart-emacs/restart-emacs-autoloads.el
        * [1.707016] Scanning /home/luna/.emacs.d/.local/straight/build-28.1/better-jumper/better-jumper-autoloads.el
        * [1.707528] Scanning /home/luna/.emacs.d/.local/straight/build-28.1/dtrt-indent/dtrt-indent-autoloads.el
        * [1.708141] Scanning /home/luna/.emacs.d/.local/straight/build-28.1/helpful/helpful-autoloads.el
        * [1.708729] Scanning /home/luna/.emacs.d/.local/straight/build-28.1/dash/dash-autoloads.el
        * [1.709333] Scanning /home/luna/.emacs.d/.local/straight/build-28.1/s/s-autoloads.el
        * [1.709785] Scanning /home/luna/.emacs.d/.local/straight/build-28.1/f/f-autoloads.el
        * [1.710464] Scanning /home/luna/.emacs.d/.local/straight/build-28.1/elisp-refs/elisp-refs-autoloads.el
        * [1.711220] Scanning /home/luna/.emacs.d/.local/straight/build-28.1/pcre2el/pcre2el-autoloads.el
        * [1.711834] Scanning /home/luna/.emacs.d/.local/straight/build-28.1/smartparens/smartparens-autoloads.el
        * [1.712600] Scanning /home/luna/.emacs.d/.local/straight/build-28.1/ws-butler/ws-butler-autoloads.el
        * [1.713167] Scanning /home/luna/.emacs.d/.local/straight/build-28.1/projectile/projectile-autoloads.el
        * [1.713985] Scanning /home/luna/.emacs.d/.local/straight/build-28.1/project/project-autoloads.el
        * [1.714724] Scanning /home/luna/.emacs.d/.local/straight/build-28.1/xref/xref-autoloads.el
        * [1.715284] Scanning /home/luna/.emacs.d/.local/straight/build-28.1/general/general-autoloads.el
        * [1.716013] Scanning /home/luna/.emacs.d/.local/straight/build-28.1/which-key/which-key-autoloads.el
        * [1.716570] Scanning /home/luna/.emacs.d/.local/straight/build-28.1/company/company-autoloads.el
        * [1.717340] Scanning /home/luna/.emacs.d/.local/straight/build-28.1/company-dict/company-dict-autoloads.el
        * [1.717830] Scanning /home/luna/.emacs.d/.local/straight/build-28.1/vertico/vertico-autoloads.el
        * [1.718646] Scanning /home/luna/.emacs.d/.local/straight/build-28.1/orderless/orderless-autoloads.el
        * [1.719194] Scanning /home/luna/.emacs.d/.local/straight/build-28.1/consult/consult-autoloads.el
        * [1.720041] Scanning /home/luna/.emacs.d/.local/straight/build-28.1/compat/compat-autoloads.el
        * [1.720533] Scanning /home/luna/.emacs.d/.local/straight/build-28.1/consult-dir/consult-dir-autoloads.el
        * [1.721030] Scanning /home/luna/.emacs.d/.local/straight/build-28.1/consult-flycheck/consult-flycheck-autoloads.el
        * [1.721507] Scanning /home/luna/.emacs.d/.local/straight/build-28.1/flycheck/flycheck-autoloads.el
        * [1.722248] Scanning /home/luna/.emacs.d/.local/straight/build-28.1/pkg-info/pkg-info-autoloads.el
        * [1.722810] Scanning /home/luna/.emacs.d/.local/straight/build-28.1/epl/epl-autoloads.el
        * [1.723262] Scanning /home/luna/.emacs.d/.local/straight/build-28.1/embark/embark-autoloads.el
        * [1.723816] Scanning /home/luna/.emacs.d/.local/straight/build-28.1/embark-consult/embark-consult-autoloads.el
        * [1.724283] Scanning /home/luna/.emacs.d/.local/straight/build-28.1/marginalia/marginalia-autoloads.el
        * [1.724807] Scanning /home/luna/.emacs.d/.local/straight/build-28.1/wgrep/wgrep-autoloads.el
        * [1.725320] Scanning /home/luna/.emacs.d/.local/straight/build-28.1/doom-themes/doom-themes-autoloads.el
        * [1.726417] Scanning /home/luna/.emacs.d/.local/straight/build-28.1/solaire-mode/solaire-mode-autoloads.el
        * [1.727133] Scanning /home/luna/.emacs.d/.local/straight/build-28.1/hl-todo/hl-todo-autoloads.el
        * [1.727820] Scanning /home/luna/.emacs.d/.local/straight/build-28.1/doom-modeline/doom-modeline-autoloads.el
        * [1.728455] Scanning /home/luna/.emacs.d/.local/straight/build-28.1/shrink-path/shrink-path-autoloads.el
        * [1.728916] Scanning /home/luna/.emacs.d/.local/straight/build-28.1/anzu/anzu-autoloads.el
        * [1.729524] Scanning /home/luna/.emacs.d/.local/straight/build-28.1/evil-anzu/evil-anzu-autoloads.el
        * [1.729985] Scanning /home/luna/.emacs.d/.local/straight/build-28.1/evil/evil-autoloads.el
        * [1.730643] Scanning /home/luna/.emacs.d/.local/straight/build-28.1/goto-chg/goto-chg-autoloads.el
        * [1.731408] Scanning /home/luna/.emacs.d/.local/straight/build-28.1/evil-goggles/evil-goggles-autoloads.el
        * [1.731985] Scanning /home/luna/.emacs.d/.local/straight/build-28.1/git-gutter-fringe/git-gutter-fringe-autoloads.el
        * [1.732454] Scanning /home/luna/.emacs.d/.local/straight/build-28.1/git-gutter/git-gutter-autoloads.el
        * [1.733029] Scanning /home/luna/.emacs.d/.local/straight/build-28.1/fringe-helper/fringe-helper-autoloads.el
        * [1.733496] Scanning /home/luna/.emacs.d/.local/straight/build-28.1/vi-tilde-fringe/vi-tilde-fringe-autoloads.el
        * [1.734082] Scanning /home/luna/.emacs.d/.local/straight/build-28.1/persp-mode/persp-mode-autoloads.el
        * [1.734664] Scanning /home/luna/.emacs.d/.local/straight/build-28.1/evil-args/evil-args-autoloads.el
        * [1.735202] Scanning /home/luna/.emacs.d/.local/straight/build-28.1/evil-easymotion/evil-easymotion-autoloads.el
        * [1.735839] Scanning /home/luna/.emacs.d/.local/straight/build-28.1/avy/avy-autoloads.el
        * [1.736502] Scanning /home/luna/.emacs.d/.local/straight/build-28.1/evil-embrace/evil-embrace-autoloads.el
        * [1.736974] Scanning /home/luna/.emacs.d/.local/straight/build-28.1/embrace/embrace-autoloads.el
        * [1.737471] Scanning /home/luna/.emacs.d/.local/straight/build-28.1/expand-region/expand-region-autoloads.el
        * [1.738203] Scanning /home/luna/.emacs.d/.local/straight/build-28.1/evil-surround/evil-surround-autoloads.el
        * [1.738879] Scanning /home/luna/.emacs.d/.local/straight/build-28.1/evil-escape/evil-escape-autoloads.el
        * [1.739500] Scanning /home/luna/.emacs.d/.local/straight/build-28.1/evil-exchange/evil-exchange-autoloads.el
        * [1.740045] Scanning /home/luna/.emacs.d/.local/straight/build-28.1/evil-indent-plus/evil-indent-plus-autoloads.el
        * [1.740556] Scanning /home/luna/.emacs.d/.local/straight/build-28.1/evil-lion/evil-lion-autoloads.el
        * [1.741102] Scanning /home/luna/.emacs.d/.local/straight/build-28.1/evil-nerd-commenter/evil-nerd-commenter-autoloads.el
        * [1.741714] Scanning /home/luna/.emacs.d/.local/straight/build-28.1/evil-numbers/evil-numbers-autoloads.el
        * [1.742200] Scanning /home/luna/.emacs.d/.local/straight/build-28.1/evil-snipe/evil-snipe-autoloads.el
        * [1.742741] Scanning /home/luna/.emacs.d/.local/straight/build-28.1/evil-textobj-anyblock/evil-textobj-anyblock-autoloads.el
        * [1.743393] Scanning /home/luna/.emacs.d/.local/straight/build-28.1/evil-traces/evil-traces-autoloads.el
        * [1.744081] Scanning /home/luna/.emacs.d/.local/straight/build-28.1/evil-visualstar/evil-visualstar-autoloads.el
        * [1.744769] Scanning /home/luna/.emacs.d/.local/straight/build-28.1/exato/exato-autoloads.el
        * [1.745273] Scanning /home/luna/.emacs.d/.local/straight/build-28.1/evil-quick-diff/evil-quick-diff-autoloads.el
        * [1.745769] Scanning /home/luna/.emacs.d/.local/straight/build-28.1/evil-collection/evil-collection-autoloads.el
        * [1.746285] Scanning /home/luna/.emacs.d/.local/straight/build-28.1/annalist/annalist-autoloads.el
        * [1.746809] Scanning /home/luna/.emacs.d/.local/straight/build-28.1/yasnippet/yasnippet-autoloads.el
        * [1.747390] Scanning /home/luna/.emacs.d/.local/straight/build-28.1/vimish-fold/vimish-fold-autoloads.el
        * [1.747975] Scanning /home/luna/.emacs.d/.local/straight/build-28.1/evil-vimish-fold/evil-vimish-fold-autoloads.el
        * [1.748603] Scanning /home/luna/.emacs.d/.local/straight/build-28.1/auto-yasnippet/auto-yasnippet-autoloads.el
        * [1.749174] Scanning /home/luna/.emacs.d/.local/straight/build-28.1/doom-snippets/doom-snippets-autoloads.el
        * [1.749686] Scanning /home/luna/.emacs.d/.local/straight/build-28.1/diredfl/diredfl-autoloads.el
        * [1.750245] Scanning /home/luna/.emacs.d/.local/straight/build-28.1/dired-git-info/dired-git-info-autoloads.el
        * [1.750760] Scanning /home/luna/.emacs.d/.local/straight/build-28.1/diff-hl/diff-hl-autoloads.el
        * [1.751437] Scanning /home/luna/.emacs.d/.local/straight/build-28.1/dired-rsync/dired-rsync-autoloads.el
        * [1.751983] Scanning /home/luna/.emacs.d/.local/straight/build-28.1/fd-dired/fd-dired-autoloads.el
        * [1.752518] Scanning /home/luna/.emacs.d/.local/straight/build-28.1/undo-fu/undo-fu-autoloads.el
        * [1.753023] Scanning /home/luna/.emacs.d/.local/straight/build-28.1/undo-fu-session/undo-fu-session-autoloads.el
        * [1.753593] Scanning /home/luna/.emacs.d/.local/straight/build-28.1/browse-at-remote/browse-at-remote-autoloads.el
        * [1.754095] Scanning /home/luna/.emacs.d/.local/straight/build-28.1/git-commit/git-commit-autoloads.el
        * [1.754593] Scanning /home/luna/.emacs.d/.local/straight/build-28.1/transient/transient-autoloads.el
        * [1.755252] Scanning /home/luna/.emacs.d/.local/straight/build-28.1/with-editor/with-editor-autoloads.el
        * [1.755795] Scanning /home/luna/.emacs.d/.local/straight/build-28.1/git-timemachine/git-timemachine-autoloads.el
        * [1.756354] Scanning /home/luna/.emacs.d/.local/straight/build-28.1/git-modes/git-modes-autoloads.el
        * [1.756911] Scanning /home/luna/.emacs.d/.local/straight/build-28.1/flycheck-popup-tip/flycheck-popup-tip-autoloads.el
        * [1.757414] Scanning /home/luna/.emacs.d/.local/straight/build-28.1/popup/popup-autoloads.el
        * [1.757871] Scanning /home/luna/.emacs.d/.local/straight/build-28.1/quickrun/quickrun-autoloads.el
        * [1.758510] Scanning /home/luna/.emacs.d/.local/straight/build-28.1/eros/eros-autoloads.el
        * [1.759025] Scanning /home/luna/.emacs.d/.local/straight/build-28.1/dumb-jump/dumb-jump-autoloads.el
        * [1.759651] Scanning /home/luna/.emacs.d/.local/straight/build-28.1/request/request-autoloads.el
        * [1.760215] Scanning /home/luna/.emacs.d/.local/straight/build-28.1/magit/magit-autoloads.el
        * [1.762490] Scanning /home/luna/.emacs.d/.local/straight/build-28.1/magit-section/magit-section-autoloads.el
        * [1.762964] Scanning /home/luna/.emacs.d/.local/straight/build-28.1/magit-gitflow/magit-gitflow-autoloads.el
        * [1.763432] Scanning /home/luna/.emacs.d/.local/straight/build-28.1/magit-popup/magit-popup-autoloads.el
        * [1.763888] Scanning /home/luna/.emacs.d/.local/straight/build-28.1/magit-todos/magit-todos-autoloads.el
        * [1.764533] Scanning /home/luna/.emacs.d/.local/straight/build-28.1/async/async-autoloads.el
        * [1.765296] Scanning /home/luna/.emacs.d/.local/straight/build-28.1/code-review/code-review-autoloads.el
        * [1.765990] Scanning /home/luna/.emacs.d/.local/straight/build-28.1/closql/closql-autoloads.el
        * [1.766448] Scanning /home/luna/.emacs.d/.local/straight/build-28.1/a/a-autoloads.el
        * [1.766904] Scanning /home/luna/.emacs.d/.local/straight/build-28.1/ghub/ghub-autoloads.el
        * [1.767462] Scanning /home/luna/.emacs.d/.local/straight/build-28.1/treepy/treepy-autoloads.el
        * [1.767965] Scanning /home/luna/.emacs.d/.local/straight/build-28.1/uuidgen/uuidgen-autoloads.el
        * [1.768497] Scanning /home/luna/.emacs.d/.local/straight/build-28.1/deferred/deferred-autoloads.el
        * [1.768960] Scanning /home/luna/.emacs.d/.local/straight/build-28.1/markdown-mode/markdown-mode-autoloads.el
        * [1.769503] Scanning /home/luna/.emacs.d/.local/straight/build-28.1/forge/forge-autoloads.el
        * [1.770235] Scanning /home/luna/.emacs.d/.local/straight/build-28.1/emacsql-sqlite/emacsql-sqlite-autoloads.el
        * [1.770701] Scanning /home/luna/.emacs.d/.local/straight/build-28.1/emacsql/emacsql-autoloads.el
        * [1.771193] Scanning /home/luna/.emacs.d/.local/straight/build-28.1/yaml/yaml-autoloads.el
        * [1.771694] Scanning /home/luna/.emacs.d/.local/straight/build-28.1/emojify/emojify-autoloads.el
        * [1.772209] Scanning /home/luna/.emacs.d/.local/straight/build-28.1/ht/ht-autoloads.el
        * [1.772766] Scanning /home/luna/.emacs.d/.local/straight/build-28.1/highlight-quoted/highlight-quoted-autoloads.el
        * [1.773324] Scanning /home/luna/.emacs.d/.local/straight/build-28.1/macrostep/macrostep-autoloads.el
        * [1.773931] Scanning /home/luna/.emacs.d/.local/straight/build-28.1/overseer/overseer-autoloads.el
        * [1.774471] Scanning /home/luna/.emacs.d/.local/straight/build-28.1/elisp-def/elisp-def-autoloads.el
        * [1.775027] Scanning /home/luna/.emacs.d/.local/straight/build-28.1/elisp-demos/elisp-demos-autoloads.el
        * [1.775512] Scanning /home/luna/.emacs.d/.local/straight/build-28.1/flycheck-package/flycheck-package-autoloads.el
        * [1.776005] Scanning /home/luna/.emacs.d/.local/straight/build-28.1/package-lint/package-lint-autoloads.el
        * [1.776555] Scanning /home/luna/.emacs.d/.local/straight/build-28.1/flycheck-cask/flycheck-cask-autoloads.el
        * [1.777238] Scanning /home/luna/.emacs.d/.local/straight/build-28.1/buttercup/buttercup-autoloads.el
        * [1.777935] Scanning /home/luna/.emacs.d/.local/straight/build-28.1/markdown-toc/markdown-toc-autoloads.el
        * [1.778563] Scanning /home/luna/.emacs.d/.local/straight/build-28.1/edit-indirect/edit-indirect-autoloads.el
        * [1.779104] Scanning /home/luna/.emacs.d/.local/straight/build-28.1/evil-markdown/evil-markdown-autoloads.el
        * [1.779627] Scanning /home/luna/.emacs.d/.local/straight/build-28.1/org/org-autoloads.el
        * [1.780703] Scanning /home/luna/.emacs.d/.local/straight/build-28.1/org-contrib/org-contrib-autoloads.el
        * [1.781479] Scanning /home/luna/.emacs.d/.local/straight/build-28.1/htmlize/htmlize-autoloads.el
        * [1.782132] Scanning /home/luna/.emacs.d/.local/straight/build-28.1/org-yt/org-yt-autoloads.el
        * [1.782604] Scanning /home/luna/.emacs.d/.local/straight/build-28.1/ox-clip/ox-clip-autoloads.el
        * [1.783099] Scanning /home/luna/.emacs.d/.local/straight/build-28.1/toc-org/toc-org-autoloads.el
        * [1.783596] Scanning /home/luna/.emacs.d/.local/straight/build-28.1/org-cliplink/org-cliplink-autoloads.el
        * [1.784145] Scanning /home/luna/.emacs.d/.local/straight/build-28.1/evil-org/evil-org-autoloads.el
        * [1.784701] Scanning /home/luna/.emacs.d/.local/straight/build-28.1/orgit/orgit-autoloads.el
        * [1.785381] Scanning /home/luna/.emacs.d/.local/straight/build-28.1/ob-async/ob-async-autoloads.el
        * [1.785887] Scanning /home/luna/.emacs.d/.local/straight/build-28.1/company-shell/company-shell-autoloads.el
        * [1.786395] Scanning /home/luna/.emacs.d/.local/straight/build-28.1/drag-stuff/drag-stuff-autoloads.el
        * [1.787002] Scanning /home/luna/.emacs.d/.local/straight/build-28.1/link-hint/link-hint-autoloads.el
        * [1.787551] Scanning /home/luna/.emacs.d/.local/straight/build-28.1/highlight-indent-guides/highlight-indent-guides-autoloads.el
        * [1.788083] Scanning /home/luna/.emacs.d/.local/straight/build-28.1/minimap/minimap-autoloads.el
        * [1.788640] Scanning /home/luna/.emacs.d/.local/straight/build-28.1/treemacs/treemacs-autoloads.el
        * [1.789826] Scanning /home/luna/.emacs.d/.local/straight/build-28.1/ace-window/ace-window-autoloads.el
        * [1.790419] Scanning /home/luna/.emacs.d/.local/straight/build-28.1/pfuture/pfuture-autoloads.el
        * [1.790912] Scanning /home/luna/.emacs.d/.local/straight/build-28.1/hydra/hydra-autoloads.el
        * [1.791522] Scanning /home/luna/.emacs.d/.local/straight/build-28.1/lv/lv-autoloads.el
        * [1.792035] Scanning /home/luna/.emacs.d/.local/straight/build-28.1/cfrs/cfrs-autoloads.el
        * [1.792511] Scanning /home/luna/.emacs.d/.local/straight/build-28.1/posframe/posframe-autoloads.el
        * [1.793064] Scanning /home/luna/.emacs.d/.local/straight/build-28.1/treemacs-evil/treemacs-evil-autoloads.el
        * [1.793675] Scanning /home/luna/.emacs.d/.local/straight/build-28.1/treemacs-projectile/treemacs-projectile-autoloads.el
        * [1.794258] Scanning /home/luna/.emacs.d/.local/straight/build-28.1/treemacs-magit/treemacs-magit-autoloads.el
        * [1.794760] Scanning /home/luna/.emacs.d/.local/straight/build-28.1/treemacs-persp/treemacs-persp-autoloads.el
        * [1.795266] Scanning /home/luna/.emacs.d/.local/straight/build-28.1/lsp-treemacs/lsp-treemacs-autoloads.el
        * [1.795903] Scanning /home/luna/.emacs.d/.local/straight/build-28.1/lsp-mode/lsp-mode-autoloads.el
        * [1.796975] Scanning /home/luna/.emacs.d/.local/straight/build-28.1/spinner/spinner-autoloads.el
        * [1.797554] Scanning /home/luna/.emacs.d/.local/straight/build-28.1/format-all/format-all-autoloads.el
        * [1.798103] Scanning /home/luna/.emacs.d/.local/straight/build-28.1/evil-multiedit/evil-multiedit-autoloads.el
        * [1.798714] Scanning /home/luna/.emacs.d/.local/straight/build-28.1/iedit/iedit-autoloads.el
        * [1.799236] Scanning /home/luna/.emacs.d/.local/straight/build-28.1/evil-mc/evil-mc-autoloads.el
        * [1.799860] Scanning /home/luna/.emacs.d/.local/straight/build-28.1/vterm/vterm-autoloads.el
        * [1.800431] Scanning /home/luna/.emacs.d/.local/straight/build-28.1/lsp-ui/lsp-ui-autoloads.el
        * [1.801004] Scanning /home/luna/.emacs.d/.local/straight/build-28.1/consult-lsp/consult-lsp-autoloads.el
        * [1.801516] Scanning /home/luna/.emacs.d/.local/straight/build-28.1/rainbow-mode/rainbow-mode-autoloads.el
        * [1.802047] Scanning /home/luna/.emacs.d/.local/straight/build-28.1/kurecolor/kurecolor-autoloads.el
        * [1.802733] Scanning /home/luna/.emacs.d/.local/straight/build-28.1/sly/sly-autoloads.el
        * [1.803251] Scanning /home/luna/.emacs.d/.local/straight/build-28.1/sly-macrostep/sly-macrostep-autoloads.el
        * [1.803897] Scanning /home/luna/.emacs.d/.local/straight/build-28.1/sly-repl-ansi-color/sly-repl-ansi-color-autoloads.el
        * [1.804370] Scanning /home/luna/.emacs.d/.local/straight/build-28.1/csharp-mode/csharp-mode-autoloads.el
        * [1.804886] Scanning /home/luna/.emacs.d/.local/straight/build-28.1/csproj-mode/csproj-mode-autoloads.el
        * [1.805428] Scanning /home/luna/.emacs.d/.local/straight/build-28.1/sln-mode/sln-mode-autoloads.el
        * [1.805916] Scanning /home/luna/.emacs.d/.local/straight/build-28.1/shader-mode/shader-mode-autoloads.el
        * [1.806459] Scanning /home/luna/.emacs.d/.local/straight/build-28.1/gdscript-mode/gdscript-mode-autoloads.el
        * [1.807149] Scanning /home/luna/.emacs.d/.local/straight/build-28.1/rjsx-mode/rjsx-mode-autoloads.el
        * [1.807682] Scanning /home/luna/.emacs.d/.local/straight/build-28.1/js2-mode/js2-mode-autoloads.el
        * [1.808343] Scanning /home/luna/.emacs.d/.local/straight/build-28.1/typescript-mode/typescript-mode-autoloads.el
        * [1.808850] Scanning /home/luna/.emacs.d/.local/straight/build-28.1/js2-refactor/js2-refactor-autoloads.el
        * [1.809448] Scanning /home/luna/.emacs.d/.local/straight/build-28.1/multiple-cursors/multiple-cursors-autoloads.el
        * [1.810530] Scanning /home/luna/.emacs.d/.local/straight/build-28.1/npm-mode/npm-mode-autoloads.el
        * [1.811259] Scanning /home/luna/.emacs.d/.local/straight/build-28.1/add-node-modules-path/add-node-modules-path-autoloads.el
        * [1.811825] Scanning /home/luna/.emacs.d/.local/straight/build-28.1/nodejs-repl/nodejs-repl-autoloads.el
        * [1.812337] Scanning /home/luna/.emacs.d/.local/straight/build-28.1/skewer-mode/skewer-mode-autoloads.el
        * [1.812975] Scanning /home/luna/.emacs.d/.local/straight/build-28.1/simple-httpd/simple-httpd-autoloads.el
        * [1.813475] Scanning /home/luna/.emacs.d/.local/straight/build-28.1/tide/tide-autoloads.el
        * [1.814071] Scanning /home/luna/.emacs.d/.local/straight/build-28.1/xref-js2/xref-js2-autoloads.el
        * [1.814536] Scanning /home/luna/.emacs.d/.local/straight/build-28.1/lua-mode/lua-mode-autoloads.el
        * [1.815120] Scanning /home/luna/.emacs.d/.local/straight/build-28.1/company-lua/company-lua-autoloads.el
        * [1.815594] Scanning /home/luna/.emacs.d/.local/straight/build-28.1/nix-mode/nix-mode-autoloads.el
        * [1.816389] Scanning /home/luna/.emacs.d/.local/straight/build-28.1/nix-update/nix-update-autoloads.el
        * [1.816847] Scanning /home/luna/.emacs.d/.local/straight/build-28.1/company-nixos-options/company-nixos-options-autoloads.el
        * [1.817326] Scanning /home/luna/.emacs.d/.local/straight/build-28.1/nixos-options/nixos-options-autoloads.el
        * [1.817793] Scanning /home/luna/.emacs.d/.local/straight/build-28.1/org-download/org-download-autoloads.el
        * [1.818298] Scanning /home/luna/.emacs.d/.local/straight/build-28.1/org-appear/org-appear-autoloads.el
        * [1.818817] Scanning /home/luna/.emacs.d/.local/straight/build-28.1/org-superstar/org-superstar-autoloads.el
        * [1.819435] Scanning /home/luna/.emacs.d/.local/straight/build-28.1/org-fancy-priorities/org-fancy-priorities-autoloads.el
        * [1.819949] Scanning /home/luna/.emacs.d/.local/straight/build-28.1/org-roam/org-roam-autoloads.el
        * [1.820637] Scanning /home/luna/.emacs.d/.local/straight/build-28.1/ox-hugo/ox-hugo-autoloads.el
        * [1.821266] Scanning /home/luna/.emacs.d/.local/straight/build-28.1/tomelr/tomelr-autoloads.el
        * [1.821769] Scanning /home/luna/.emacs.d/.local/straight/build-28.1/map/map-autoloads.el
        * [1.822227] Scanning /home/luna/.emacs.d/.local/straight/build-28.1/yaml-mode/yaml-mode-autoloads.el
    > Byte-compiling autoloads file...
    ✓ Generated .local/autoloads.28.1.elc
  - Restart Emacs or use 'M-x doom/reload' for changes to take effect
✓ Finished in 2.45246s
* [1.985589] GC count: 0 (0.000000s)
