* [0.072201] Starting!
* [0.072235] doom-cli-run: (emacs --no-splash --load /home/luna/.emacs.d/bin/doom -- sync -e)
* [0.074362] Starting!
* [0.074395] doom-cli-run: (emacs --no-splash --load /home/luna/.emacs.d/bin/doom -- sync -e)
* [0.074457] doom-cli-context-execute: found (doom)
* [0.074651] Autoloading /home/luna/.emacs.d/core/cli/sync.el
* [0.083883] doom-cli-context-execute: found (doom sync)
* [0.084120] Found switch: -e
* [0.084311] doom-cli-context-execute: doom sync
* [0.084567] doom-cli-execute: (:before) ((input) (context . #s(doom-cli-context (25300 33296 783170 842000) 43797 1 (209 . 14) nil nil doom nil nil (doom sync) nil (sync -e) ((--jobs) (-j) (-p) (-u) (-c) (-e . -e) (--eval) (-E) (--strict-load) (--load) (-L) (--color) (--pager) (--emacsdir) (--doomdir) (--debug) (-D) (--force) (-!)) ((t) ((doom sync) -e) ((doom) sync -e))  *doom-cli stdin*  *doom-cli stdout*  *doom-cli stderr* nil)) (_) (evals) (loads) (color?) (pager) (emacsdir) (doomdir) (debug?) (force?))
* [0.084613] doom-cli-execute: (:before doom build) nil
* [0.099254] Initializing straight
* [0.143857] Initializing recipes
* [0.146314] Installing core packages
* [0.146675] doom-cli-execute: (doom sync) ((jobs) (purge?) (update?) (noelc?) (noenvvar? . -e))
> Compiling your literate config...
  Tangled 17 code blocks from config.org
Restarting...
* [0.072485] Restored context: 43797
* [0.072552] Autoloading /home/luna/.emacs.d/core/cli/sync.el
* [0.081068] doom-cli-context-execute: doom sync
* [0.081326] doom-cli-execute: (:before) ((input) (context . #s(doom-cli-context (25300 33296 783170 842000) 43797 2 (209 . 14) nil nil doom nil nil (doom sync) nil (sync -e) ((--jobs) (-j) (-p) (-u) (-c) (-e . -e) (--eval) (-E) (--strict-load) (--load) (-L) (--color) (--pager) (--emacsdir) (--doomdir) (--debug) (-D) (--force) (-!)) ((t) ((doom sync) -e) ((doom) sync -e))  *doom-cli stdin*  *doom-cli stdout*  *doom-cli stderr* nil)) (_) (evals) (loads) (color?) (pager) (emacsdir) (doomdir) (debug?) (force?))
* [0.081372] doom-cli-execute: (:before doom build) nil
* [0.095805] Initializing straight
* [0.139021] Initializing recipes
* [0.141314] Installing core packages
* [0.141683] doom-cli-execute: (doom sync) ((jobs) (purge?) (update?) (noelc?) (noenvvar? . -e))
> Synchronizing your config with Doom Emacs...
    * [0.141938] Initializing package.el
    * [0.269478] Initializing straight.el
  > Installing packages...
    > Updating recipe repos...
      > Updating recipes for melpa...
      ✓ melpa updated (7d95324 -> a6207f5)
        - $ cd /home/luna/.emacs.d/.local/straight/repos/melpa/
          $ git config --get remote.origin.url
        
          https://github.com/melpa/melpa.git
        
          [Return code: 0]
        
          $ cd /home/luna/.emacs.d/.local/straight/repos/melpa/
          $ git fetch origin
        
          From https://github.com/melpa/melpa
             7d95324..a6207f5  master     -> origin/master
      > Updating recipes for gnu-elpa-mirror...
      > Updating recipes for el-get...
      > Updating recipes for emacsmirror-mirror...
    > Cloning elfeed...
    - Checked out elfeed: 162d7d545ed41c27967d108c04aa31f5a61c8e16
    > Building elfeed...
      INFO     Scraping files for elfeed-autoloads.el... 
      INFO     Scraping files for elfeed-autoloads.el...done
    > Cloning elfeed-goodies...
    - Checked out elfeed-goodies: c9d9cd196746add3010d74f43b5c9866562f39fb
    > Building elfeed-goodies...
    > Building elfeed-goodies > Cloning popwin...
    > Building elfeed-goodies > Building popwin...
      INFO     Scraping files for popwin-autoloads.el... 
      INFO     Scraping files for popwin-autoloads.el...done
    > Building elfeed-goodies > Cloning powerline...
    > Building elfeed-goodies > Building powerline...
      INFO     Scraping files for powerline-autoloads.el... 
      INFO     Scraping files for powerline-autoloads.el...done
    > Building elfeed-goodies...
      INFO     Scraping files for elfeed-goodies-autoloads.el... 
      INFO     Scraping files for elfeed-goodies-autoloads.el...done
    > Cloning elfeed-org...
    - Checked out elfeed-org: d28c858303e60dcb3a6eb18ea85ee3cb9e3dd623
    > Building elfeed-org...
      INFO     Scraping files for elfeed-org-autoloads.el... 
      INFO     Scraping files for elfeed-org-autoloads.el...done
    ✓ Installed 5 packages
  > (Re)building packages...
    - No packages need rebuilding
  > Purging orphaned packages (for the emperor)...
    - No builds to purge
    - Skipping elpa packages
    - Skipping repos
    - Skipping regrafting
  > (Re)generating autoloads file...
    > Generating autoloads file...
        * [13.130392] Scanning /home/luna/.emacs.d/core/autoload/buffers.el
        * [13.132650] Scanning /home/luna/.emacs.d/core/autoload/config.el
        * [13.133740] Scanning /home/luna/.emacs.d/core/autoload/debug.el
        * [13.135652] Scanning /home/luna/.emacs.d/core/autoload/files.el
        * [13.137266] Scanning /home/luna/.emacs.d/core/autoload/fonts.el
        * [13.138942] Scanning /home/luna/.emacs.d/core/autoload/help.el
        * [13.141207] Scanning /home/luna/.emacs.d/core/autoload/packages.el
        * [13.142564] Scanning /home/luna/.emacs.d/core/autoload/plist.el
        * [13.143495] Scanning /home/luna/.emacs.d/core/autoload/print.el
        * [13.145304] Scanning /home/luna/.emacs.d/core/autoload/process.el
        * [13.146122] Scanning /home/luna/.emacs.d/core/autoload/projects.el
        * [13.147455] Scanning /home/luna/.emacs.d/core/autoload/sandbox.el
        * [13.148524] Scanning /home/luna/.emacs.d/core/autoload/scratch.el
        * [13.149731] Scanning /home/luna/.emacs.d/core/autoload/sessions.el
        * [13.150899] Scanning /home/luna/.emacs.d/core/autoload/store.el
        * [13.152072] Scanning /home/luna/.emacs.d/core/autoload/system.el
        * [13.152981] Scanning /home/luna/.emacs.d/core/autoload/text.el
        * [13.154700] Scanning /home/luna/.emacs.d/core/autoload/themes.el
        * [13.155623] Scanning /home/luna/.emacs.d/core/autoload/ui.el
        * [13.157102] Scanning /home/luna/.emacs.d/modules/app/calendar/autoload.el
        * [13.157492] Scanning /home/luna/.emacs.d/modules/app/emms/autoload.el
        * [13.157862] Scanning /home/luna/.emacs.d/modules/app/irc/autoload/irc.el
        * [13.158286] Scanning /home/luna/.emacs.d/modules/app/irc/autoload/ivy.el
        * [13.158697] Scanning /home/luna/.emacs.d/modules/app/irc/autoload/settings.el
        * [13.159172] Scanning /home/luna/.emacs.d/modules/app/irc/autoload/vertico.el
        * [13.159582] Scanning /home/luna/.emacs.d/modules/app/rss/autoload.el
        * [13.160795] Scanning /home/luna/.emacs.d/modules/app/twitter/autoload.el
        * [13.161269] Scanning /home/luna/.emacs.d/modules/checkers/spell/autoload/+flyspell.el
        * [13.161746] Scanning /home/luna/.emacs.d/modules/checkers/spell/autoload/+spell-fu.el
        * [13.162177] Scanning /home/luna/.emacs.d/modules/checkers/syntax/autoload.el
        * [13.163028] Scanning /home/luna/.emacs.d/modules/completion/company/autoload.el
        * [13.164383] Scanning /home/luna/.emacs.d/modules/completion/helm/autoload/evil.el
        * [13.164832] Scanning /home/luna/.emacs.d/modules/completion/helm/autoload/helm.el
        * [13.165316] Scanning /home/luna/.emacs.d/modules/completion/helm/autoload/posframe.el
        * [13.165728] Scanning /home/luna/.emacs.d/modules/completion/ivy/autoload/evil.el
        * [13.166132] Scanning /home/luna/.emacs.d/modules/completion/ivy/autoload/hydras.el
        * [13.166537] Scanning /home/luna/.emacs.d/modules/completion/ivy/autoload/ivy.el
        * [13.167078] Scanning /home/luna/.emacs.d/modules/completion/ivy/autoload/posframe.el
        * [13.167524] Scanning /home/luna/.emacs.d/modules/completion/vertico/autoload/evil.el
        * [13.178491] Scanning /home/luna/.emacs.d/modules/completion/vertico/autoload/magit.el
        * [13.179347] Scanning /home/luna/.emacs.d/modules/completion/vertico/autoload/vertico.el
        * [13.180909] Scanning /home/luna/.emacs.d/modules/completion/vertico/autoload/workspaces.el
        * [13.182002] Scanning /home/luna/.emacs.d/modules/config/default/autoload/default.el
        * [13.182988] Scanning /home/luna/.emacs.d/modules/config/default/autoload/deferred.el
        * [13.183853] Scanning /home/luna/.emacs.d/modules/config/default/autoload/files.el
        * [13.184940] Scanning /home/luna/.emacs.d/modules/config/default/autoload/search.el
        * [13.186173] Scanning /home/luna/.emacs.d/modules/config/default/autoload/text.el
        * [13.187429] Scanning /home/luna/.emacs.d/modules/config/literate/autoload.el
        * [13.188481] Scanning /home/luna/.emacs.d/modules/editor/evil/autoload/advice.el
        * [13.189952] Scanning /home/luna/.emacs.d/modules/editor/evil/autoload/embrace.el
        * [13.190938] Scanning /home/luna/.emacs.d/modules/editor/evil/autoload/evil.el
        * [13.192315] Scanning /home/luna/.emacs.d/modules/editor/evil/autoload/ex.el
        * [13.193551] Scanning /home/luna/.emacs.d/modules/editor/evil/autoload/files.el
        * [13.194576] Scanning /home/luna/.emacs.d/modules/editor/evil/autoload/textobjects.el
        * [13.195669] Scanning /home/luna/.emacs.d/modules/editor/evil/autoload/unimpaired.el
        * [13.197383] Scanning /home/luna/.emacs.d/modules/editor/file-templates/autoload.el
        * [13.198543] Scanning /home/luna/.emacs.d/modules/editor/fold/autoload/fold.el
        * [13.199750] Scanning /home/luna/.emacs.d/modules/editor/fold/autoload/hideshow.el
        * [13.200778] Scanning /home/luna/.emacs.d/modules/editor/format/autoload/evil.el
        * [13.201774] Scanning /home/luna/.emacs.d/modules/editor/format/autoload/format.el
        * [13.211078] Scanning /home/luna/.emacs.d/modules/editor/format/autoload/settings.el
        * [13.212338] Scanning /home/luna/.emacs.d/modules/editor/god/autoload.el
        * [13.212713] Scanning /home/luna/.emacs.d/modules/editor/multiple-cursors/autoload/evil-mc.el
        * [13.213920] Scanning /home/luna/.emacs.d/modules/editor/rotate-text/autoload.el
        * [13.214358] Scanning /home/luna/.emacs.d/modules/editor/snippets/autoload/settings.el
        * [13.215285] Scanning /home/luna/.emacs.d/modules/editor/snippets/autoload/snippets.el
        * [13.216900] Scanning /home/luna/.emacs.d/modules/editor/word-wrap/autoload.el
        * [13.217307] Scanning /home/luna/.emacs.d/modules/emacs/dired/autoload.el
        * [13.218177] Scanning /home/luna/.emacs.d/modules/emacs/electric/autoload.el
        * [13.219015] Scanning /home/luna/.emacs.d/modules/emacs/ibuffer/autoload/workspaces.el
        * [13.219434] Scanning /home/luna/.emacs.d/modules/emacs/vc/autoload/bug-reference-backport.el
        * [13.219978] Scanning /home/luna/.emacs.d/modules/emacs/vc/autoload/hydra.el
        * [13.220495] Scanning /home/luna/.emacs.d/modules/emacs/vc/autoload/vc.el
        * [13.221583] Scanning /home/luna/.emacs.d/modules/email/mu4e/autoload/advice.el
        * [13.222019] Scanning /home/luna/.emacs.d/modules/email/mu4e/autoload/email.el
        * [13.222611] Scanning /home/luna/.emacs.d/modules/email/mu4e/autoload/evil.el
        * [13.223021] Scanning /home/luna/.emacs.d/modules/email/mu4e/autoload/mu-lock.el
        * [13.223452] Scanning /home/luna/.emacs.d/modules/email/notmuch/autoload.el
        * [13.223854] Scanning /home/luna/.emacs.d/modules/email/wanderlust/autoload.el
        * [13.224231] Scanning /home/luna/.emacs.d/modules/input/layout/autoload/bepo.el
        * [13.224664] Scanning /home/luna/.emacs.d/modules/lang/beancount/autoload.el
        * [13.225055] Scanning /home/luna/.emacs.d/modules/lang/cc/autoload.el
        * [13.225480] Scanning /home/luna/.emacs.d/modules/lang/clojure/autoload.el
        * [13.225840] Scanning /home/luna/.emacs.d/modules/lang/common-lisp/autoload/common-lisp.el
        * [13.226632] Scanning /home/luna/.emacs.d/modules/lang/csharp/autoload.el
        * [13.227585] Scanning /home/luna/.emacs.d/modules/lang/emacs-lisp/autoload.el
        * [13.229100] Scanning /home/luna/.emacs.d/modules/lang/ess/autoload.el
        * [13.229465] Scanning /home/luna/.emacs.d/modules/lang/faust/autoload.el
        * [13.229828] Scanning /home/luna/.emacs.d/modules/lang/fortran/autoload.el
        * [13.230200] Scanning /home/luna/.emacs.d/modules/lang/go/autoload.el
        * [13.230611] Scanning /home/luna/.emacs.d/modules/lang/graphql/autoload.el
        * [13.231036] Scanning /home/luna/.emacs.d/modules/lang/haskell/autoload.el
        * [13.231397] Scanning /home/luna/.emacs.d/modules/lang/java/autoload/java.el
        * [13.231812] Scanning /home/luna/.emacs.d/modules/lang/java/autoload/lsp.el
        * [13.232220] Scanning /home/luna/.emacs.d/modules/lang/javascript/autoload.el
        * [13.233293] Scanning /home/luna/.emacs.d/modules/lang/julia/autoload.el
        * [13.233668] Scanning /home/luna/.emacs.d/modules/lang/kotlin/autoload.el
        * [13.234052] Scanning /home/luna/.emacs.d/modules/lang/latex/autoload.el
        * [13.234452] Scanning /home/luna/.emacs.d/modules/lang/lua/autoload/lua.el
        * [13.235437] Scanning /home/luna/.emacs.d/modules/lang/lua/autoload/moonscript.el
        * [13.235982] Scanning /home/luna/.emacs.d/modules/lang/markdown/autoload.el
        * [13.237109] Scanning /home/luna/.emacs.d/modules/lang/nix/autoload.el
        * [13.238174] Scanning /home/luna/.emacs.d/modules/lang/ocaml/autoload.el
        * [13.238601] Scanning /home/luna/.emacs.d/modules/lang/org/autoload/contrib-ipython.el
        * [13.239163] Scanning /home/luna/.emacs.d/modules/lang/org/autoload/contrib-present.el
        * [13.239721] Scanning /home/luna/.emacs.d/modules/lang/org/autoload/contrib-roam2.el
        * [13.241007] Scanning /home/luna/.emacs.d/modules/lang/org/autoload/org-attach.el
        * [13.241973] Scanning /home/luna/.emacs.d/modules/lang/org/autoload/org-avy.el
        * [13.242813] Scanning /home/luna/.emacs.d/modules/lang/org/autoload/org-babel.el
        * [13.243885] Scanning /home/luna/.emacs.d/modules/lang/org/autoload/org-capture.el
        * [13.245164] Scanning /home/luna/.emacs.d/modules/lang/org/autoload/org-export.el
        * [13.246089] Scanning /home/luna/.emacs.d/modules/lang/org/autoload/org-link.el
        * [13.247629] Scanning /home/luna/.emacs.d/modules/lang/org/autoload/org-refile.el
        * [13.248755] Scanning /home/luna/.emacs.d/modules/lang/org/autoload/org-tables.el
        * [13.249857] Scanning /home/luna/.emacs.d/modules/lang/org/autoload/org.el
        * [13.252226] Scanning /home/luna/.emacs.d/modules/lang/php/autoload.el
        * [13.252613] Scanning /home/luna/.emacs.d/modules/lang/plantuml/autoload.el
        * [13.253000] Scanning /home/luna/.emacs.d/modules/lang/python/autoload/conda.el
        * [13.253410] Scanning /home/luna/.emacs.d/modules/lang/python/autoload/pyenv.el
        * [13.253820] Scanning /home/luna/.emacs.d/modules/lang/python/autoload/python.el
        * [13.254277] Scanning /home/luna/.emacs.d/modules/lang/qt/autoload.el
        * [13.254639] Scanning /home/luna/.emacs.d/modules/lang/racket/autoload.el
        * [13.255007] Scanning /home/luna/.emacs.d/modules/lang/rest/autoload.el
        * [13.255379] Scanning /home/luna/.emacs.d/modules/lang/ruby/autoload.el
        * [13.255743] Scanning /home/luna/.emacs.d/modules/lang/rust/autoload.el
        * [13.256113] Scanning /home/luna/.emacs.d/modules/lang/scala/autoload.el
        * [13.256494] Scanning /home/luna/.emacs.d/modules/lang/scheme/autoload.el
        * [13.256882] Scanning /home/luna/.emacs.d/modules/lang/sh/autoload.el
        * [13.257841] Scanning /home/luna/.emacs.d/modules/lang/terra/autoload.el
        * [13.258214] Scanning /home/luna/.emacs.d/modules/lang/web/autoload/css.el
        * [13.258643] Scanning /home/luna/.emacs.d/modules/lang/web/autoload/evil.el
        * [13.259051] Scanning /home/luna/.emacs.d/modules/lang/web/autoload/html.el
        * [13.259499] Scanning /home/luna/.emacs.d/modules/os/macos/autoload.el
        * [13.259882] Scanning /home/luna/.emacs.d/modules/term/eshell/autoload/backport.el
        * [13.260332] Scanning /home/luna/.emacs.d/modules/term/eshell/autoload/commands.el
        * [13.260752] Scanning /home/luna/.emacs.d/modules/term/eshell/autoload/company.el
        * [13.261169] Scanning /home/luna/.emacs.d/modules/term/eshell/autoload/eshell.el
        * [13.261632] Scanning /home/luna/.emacs.d/modules/term/eshell/autoload/evil.el
        * [13.262046] Scanning /home/luna/.emacs.d/modules/term/eshell/autoload/prompts.el
        * [13.262453] Scanning /home/luna/.emacs.d/modules/term/eshell/autoload/settings.el
        * [13.262926] Scanning /home/luna/.emacs.d/modules/term/shell/autoload.el
        * [13.263321] Scanning /home/luna/.emacs.d/modules/term/term/autoload.el
        * [13.263695] Scanning /home/luna/.emacs.d/modules/term/vterm/autoload.el
        * [13.264647] Scanning /home/luna/.emacs.d/modules/tools/debugger/autoload/debugger.el
        * [13.265116] Scanning /home/luna/.emacs.d/modules/tools/debugger/autoload/evil.el
        * [13.265534] Scanning /home/luna/.emacs.d/modules/tools/editorconfig/autoload.el
        * [13.265939] Scanning /home/luna/.emacs.d/modules/tools/eval/autoload/eval.el
        * [13.267133] Scanning /home/luna/.emacs.d/modules/tools/eval/autoload/evil.el
        * [13.268176] Scanning /home/luna/.emacs.d/modules/tools/eval/autoload/repl.el
        * [13.269306] Scanning /home/luna/.emacs.d/modules/tools/eval/autoload/settings.el
        * [13.270369] Scanning /home/luna/.emacs.d/modules/tools/gist/autoload/evil.el
        * [13.270804] Scanning /home/luna/.emacs.d/modules/tools/lookup/autoload/docsets.el
        * [13.271458] Scanning /home/luna/.emacs.d/modules/tools/lookup/autoload/evil.el
        * [13.272453] Scanning /home/luna/.emacs.d/modules/tools/lookup/autoload/lookup.el
        * [13.274231] Scanning /home/luna/.emacs.d/modules/tools/lookup/autoload/online.el
        * [13.275358] Scanning /home/luna/.emacs.d/modules/tools/lookup/autoload/xwidget.el
        * [13.276238] Scanning /home/luna/.emacs.d/modules/tools/lsp/autoload/common.el
        * [13.277071] Scanning /home/luna/.emacs.d/modules/tools/lsp/autoload/eglot.el
        * [13.277676] Scanning /home/luna/.emacs.d/modules/tools/lsp/autoload/flycheck-eglot.el
        * [13.278563] Scanning /home/luna/.emacs.d/modules/tools/lsp/autoload/lsp-mode.el
        * [13.279625] Scanning /home/luna/.emacs.d/modules/tools/magit/autoload.el
        * [13.280775] Scanning /home/luna/.emacs.d/modules/tools/make/autoload.el
        * [13.281152] Scanning /home/luna/.emacs.d/modules/tools/pass/autoload/consult.el
        * [13.281576] Scanning /home/luna/.emacs.d/modules/tools/pass/autoload/ivy.el
        * [13.282086] Scanning /home/luna/.emacs.d/modules/tools/pass/autoload/pass.el
        * [13.282511] Scanning /home/luna/.emacs.d/modules/tools/prodigy/autoload.el
        * [13.282880] Scanning /home/luna/.emacs.d/modules/tools/rgb/autoload.el
        * [13.283371] Scanning /home/luna/.emacs.d/modules/tools/taskrunner/autoload.el
        * [13.283747] Scanning /home/luna/.emacs.d/modules/tools/tmux/autoload/evil.el
        * [13.284251] Scanning /home/luna/.emacs.d/modules/tools/tmux/autoload/tmux.el
        * [13.284690] Scanning /home/luna/.emacs.d/modules/tools/tree-sitter/autoload.el
        * [13.285072] Scanning /home/luna/.emacs.d/modules/ui/doom-dashboard/autoload.el
        * [13.285955] Scanning /home/luna/.emacs.d/modules/ui/hydra/autoload/windows.el
        * [13.286391] Scanning /home/luna/.emacs.d/modules/ui/ligatures/autoload/install.el
        * [13.286817] Scanning /home/luna/.emacs.d/modules/ui/ligatures/autoload/ligatures.el
        * [13.287353] Scanning /home/luna/.emacs.d/modules/ui/modeline/autoload.el
        * [13.288306] Scanning /home/luna/.emacs.d/modules/ui/nav-flash/autoload.el
        * [13.288683] Scanning /home/luna/.emacs.d/modules/ui/neotree/autoload.el
        * [13.289131] Scanning /home/luna/.emacs.d/modules/ui/popup/autoload/popup.el
        * [13.291428] Scanning /home/luna/.emacs.d/modules/ui/popup/autoload/settings.el
        * [13.292776] Scanning /home/luna/.emacs.d/modules/ui/tabs/autoload.el
        * [13.293139] Scanning /home/luna/.emacs.d/modules/ui/treemacs/autoload.el
        * [13.293986] Scanning /home/luna/.emacs.d/modules/ui/unicode/autoload.el
        * [13.294355] Scanning /home/luna/.emacs.d/modules/ui/vc-gutter/autoload.el
        * [13.294839] Scanning /home/luna/.emacs.d/modules/ui/vi-tilde-fringe/autoload.el
        * [13.295587] Scanning /home/luna/.emacs.d/modules/ui/workspaces/autoload/evil.el
        * [13.296618] Scanning /home/luna/.emacs.d/modules/ui/workspaces/autoload/workspaces.el
        * [13.299151] Scanning /home/luna/.emacs.d/modules/ui/zen/autoload.el
        * [13.310005] Scanning /home/luna/.emacs.d/.local/straight/build-28.1/straight/straight-autoloads.el
        * [13.310830] Scanning /home/luna/.emacs.d/.local/straight/build-28.1/use-package/use-package-autoloads.el
        * [13.311595] Scanning /home/luna/.emacs.d/.local/straight/build-28.1/bind-key/bind-key-autoloads.el
        * [13.312204] Scanning /home/luna/.emacs.d/.local/straight/build-28.1/auto-minor-mode/auto-minor-mode-autoloads.el
        * [13.312772] Scanning /home/luna/.emacs.d/.local/straight/build-28.1/gcmh/gcmh-autoloads.el
        * [13.313289] Scanning /home/luna/.emacs.d/.local/straight/build-28.1/explain-pause-mode/explain-pause-mode-autoloads.el
        * [13.313785] Scanning /home/luna/.emacs.d/.local/straight/build-28.1/all-the-icons/all-the-icons-autoloads.el
        * [13.314415] Scanning /home/luna/.emacs.d/.local/straight/build-28.1/hide-mode-line/hide-mode-line-autoloads.el
        * [13.315007] Scanning /home/luna/.emacs.d/.local/straight/build-28.1/highlight-numbers/highlight-numbers-autoloads.el
        * [13.315570] Scanning /home/luna/.emacs.d/.local/straight/build-28.1/parent-mode/parent-mode-autoloads.el
        * [13.316034] Scanning /home/luna/.emacs.d/.local/straight/build-28.1/rainbow-delimiters/rainbow-delimiters-autoloads.el
        * [13.316558] Scanning /home/luna/.emacs.d/.local/straight/build-28.1/restart-emacs/restart-emacs-autoloads.el
        * [13.317146] Scanning /home/luna/.emacs.d/.local/straight/build-28.1/better-jumper/better-jumper-autoloads.el
        * [13.317678] Scanning /home/luna/.emacs.d/.local/straight/build-28.1/dtrt-indent/dtrt-indent-autoloads.el
        * [13.318303] Scanning /home/luna/.emacs.d/.local/straight/build-28.1/helpful/helpful-autoloads.el
        * [13.318850] Scanning /home/luna/.emacs.d/.local/straight/build-28.1/dash/dash-autoloads.el
        * [13.319465] Scanning /home/luna/.emacs.d/.local/straight/build-28.1/s/s-autoloads.el
        * [13.319940] Scanning /home/luna/.emacs.d/.local/straight/build-28.1/f/f-autoloads.el
        * [13.320397] Scanning /home/luna/.emacs.d/.local/straight/build-28.1/elisp-refs/elisp-refs-autoloads.el
        * [13.320971] Scanning /home/luna/.emacs.d/.local/straight/build-28.1/pcre2el/pcre2el-autoloads.el
        * [13.321554] Scanning /home/luna/.emacs.d/.local/straight/build-28.1/smartparens/smartparens-autoloads.el
        * [13.322336] Scanning /home/luna/.emacs.d/.local/straight/build-28.1/ws-butler/ws-butler-autoloads.el
        * [13.322920] Scanning /home/luna/.emacs.d/.local/straight/build-28.1/projectile/projectile-autoloads.el
        * [13.323766] Scanning /home/luna/.emacs.d/.local/straight/build-28.1/project/project-autoloads.el
        * [13.324410] Scanning /home/luna/.emacs.d/.local/straight/build-28.1/xref/xref-autoloads.el
        * [13.324949] Scanning /home/luna/.emacs.d/.local/straight/build-28.1/general/general-autoloads.el
        * [13.325732] Scanning /home/luna/.emacs.d/.local/straight/build-28.1/which-key/which-key-autoloads.el
        * [13.326296] Scanning /home/luna/.emacs.d/.local/straight/build-28.1/company/company-autoloads.el
        * [13.327068] Scanning /home/luna/.emacs.d/.local/straight/build-28.1/company-dict/company-dict-autoloads.el
        * [13.327592] Scanning /home/luna/.emacs.d/.local/straight/build-28.1/vertico/vertico-autoloads.el
        * [13.328361] Scanning /home/luna/.emacs.d/.local/straight/build-28.1/orderless/orderless-autoloads.el
        * [13.328910] Scanning /home/luna/.emacs.d/.local/straight/build-28.1/consult/consult-autoloads.el
        * [13.329764] Scanning /home/luna/.emacs.d/.local/straight/build-28.1/compat/compat-autoloads.el
        * [13.330255] Scanning /home/luna/.emacs.d/.local/straight/build-28.1/consult-dir/consult-dir-autoloads.el
        * [13.330794] Scanning /home/luna/.emacs.d/.local/straight/build-28.1/consult-flycheck/consult-flycheck-autoloads.el
        * [13.331269] Scanning /home/luna/.emacs.d/.local/straight/build-28.1/flycheck/flycheck-autoloads.el
        * [13.332057] Scanning /home/luna/.emacs.d/.local/straight/build-28.1/pkg-info/pkg-info-autoloads.el
        * [13.332565] Scanning /home/luna/.emacs.d/.local/straight/build-28.1/epl/epl-autoloads.el
        * [13.333032] Scanning /home/luna/.emacs.d/.local/straight/build-28.1/embark/embark-autoloads.el
        * [13.333601] Scanning /home/luna/.emacs.d/.local/straight/build-28.1/embark-consult/embark-consult-autoloads.el
        * [13.334099] Scanning /home/luna/.emacs.d/.local/straight/build-28.1/marginalia/marginalia-autoloads.el
        * [13.334692] Scanning /home/luna/.emacs.d/.local/straight/build-28.1/wgrep/wgrep-autoloads.el
        * [13.335175] Scanning /home/luna/.emacs.d/.local/straight/build-28.1/doom-themes/doom-themes-autoloads.el
        * [13.336305] Scanning /home/luna/.emacs.d/.local/straight/build-28.1/solaire-mode/solaire-mode-autoloads.el
        * [13.336849] Scanning /home/luna/.emacs.d/.local/straight/build-28.1/hl-todo/hl-todo-autoloads.el
        * [13.337493] Scanning /home/luna/.emacs.d/.local/straight/build-28.1/doom-modeline/doom-modeline-autoloads.el
        * [13.338120] Scanning /home/luna/.emacs.d/.local/straight/build-28.1/shrink-path/shrink-path-autoloads.el
        * [13.338602] Scanning /home/luna/.emacs.d/.local/straight/build-28.1/anzu/anzu-autoloads.el
        * [13.339216] Scanning /home/luna/.emacs.d/.local/straight/build-28.1/evil-anzu/evil-anzu-autoloads.el
        * [13.339685] Scanning /home/luna/.emacs.d/.local/straight/build-28.1/evil/evil-autoloads.el
        * [13.340344] Scanning /home/luna/.emacs.d/.local/straight/build-28.1/goto-chg/goto-chg-autoloads.el
        * [13.340910] Scanning /home/luna/.emacs.d/.local/straight/build-28.1/evil-goggles/evil-goggles-autoloads.el
        * [13.341448] Scanning /home/luna/.emacs.d/.local/straight/build-28.1/git-gutter-fringe/git-gutter-fringe-autoloads.el
        * [13.341942] Scanning /home/luna/.emacs.d/.local/straight/build-28.1/git-gutter/git-gutter-autoloads.el
        * [13.342551] Scanning /home/luna/.emacs.d/.local/straight/build-28.1/fringe-helper/fringe-helper-autoloads.el
        * [13.343056] Scanning /home/luna/.emacs.d/.local/straight/build-28.1/vi-tilde-fringe/vi-tilde-fringe-autoloads.el
        * [13.343661] Scanning /home/luna/.emacs.d/.local/straight/build-28.1/persp-mode/persp-mode-autoloads.el
        * [13.344295] Scanning /home/luna/.emacs.d/.local/straight/build-28.1/evil-args/evil-args-autoloads.el
        * [13.344787] Scanning /home/luna/.emacs.d/.local/straight/build-28.1/evil-easymotion/evil-easymotion-autoloads.el
        * [13.345464] Scanning /home/luna/.emacs.d/.local/straight/build-28.1/avy/avy-autoloads.el
        * [13.346172] Scanning /home/luna/.emacs.d/.local/straight/build-28.1/evil-embrace/evil-embrace-autoloads.el
        * [13.346646] Scanning /home/luna/.emacs.d/.local/straight/build-28.1/embrace/embrace-autoloads.el
        * [13.347182] Scanning /home/luna/.emacs.d/.local/straight/build-28.1/expand-region/expand-region-autoloads.el
        * [13.347950] Scanning /home/luna/.emacs.d/.local/straight/build-28.1/evil-surround/evil-surround-autoloads.el
        * [13.348588] Scanning /home/luna/.emacs.d/.local/straight/build-28.1/evil-escape/evil-escape-autoloads.el
        * [13.349145] Scanning /home/luna/.emacs.d/.local/straight/build-28.1/evil-exchange/evil-exchange-autoloads.el
        * [13.349655] Scanning /home/luna/.emacs.d/.local/straight/build-28.1/evil-indent-plus/evil-indent-plus-autoloads.el
        * [13.350247] Scanning /home/luna/.emacs.d/.local/straight/build-28.1/evil-lion/evil-lion-autoloads.el
        * [13.350828] Scanning /home/luna/.emacs.d/.local/straight/build-28.1/evil-nerd-commenter/evil-nerd-commenter-autoloads.el
        * [13.351412] Scanning /home/luna/.emacs.d/.local/straight/build-28.1/evil-numbers/evil-numbers-autoloads.el
        * [13.351925] Scanning /home/luna/.emacs.d/.local/straight/build-28.1/evil-snipe/evil-snipe-autoloads.el
        * [13.352482] Scanning /home/luna/.emacs.d/.local/straight/build-28.1/evil-textobj-anyblock/evil-textobj-anyblock-autoloads.el
        * [13.353053] Scanning /home/luna/.emacs.d/.local/straight/build-28.1/evil-traces/evil-traces-autoloads.el
        * [13.353580] Scanning /home/luna/.emacs.d/.local/straight/build-28.1/evil-visualstar/evil-visualstar-autoloads.el
        * [13.354183] Scanning /home/luna/.emacs.d/.local/straight/build-28.1/exato/exato-autoloads.el
        * [13.354651] Scanning /home/luna/.emacs.d/.local/straight/build-28.1/evil-quick-diff/evil-quick-diff-autoloads.el
        * [13.355159] Scanning /home/luna/.emacs.d/.local/straight/build-28.1/evil-collection/evil-collection-autoloads.el
        * [13.355688] Scanning /home/luna/.emacs.d/.local/straight/build-28.1/annalist/annalist-autoloads.el
        * [13.356223] Scanning /home/luna/.emacs.d/.local/straight/build-28.1/yasnippet/yasnippet-autoloads.el
        * [13.356817] Scanning /home/luna/.emacs.d/.local/straight/build-28.1/vimish-fold/vimish-fold-autoloads.el
        * [13.357365] Scanning /home/luna/.emacs.d/.local/straight/build-28.1/evil-vimish-fold/evil-vimish-fold-autoloads.el
        * [13.357965] Scanning /home/luna/.emacs.d/.local/straight/build-28.1/auto-yasnippet/auto-yasnippet-autoloads.el
        * [13.358516] Scanning /home/luna/.emacs.d/.local/straight/build-28.1/doom-snippets/doom-snippets-autoloads.el
        * [13.359043] Scanning /home/luna/.emacs.d/.local/straight/build-28.1/diredfl/diredfl-autoloads.el
        * [13.359599] Scanning /home/luna/.emacs.d/.local/straight/build-28.1/dired-git-info/dired-git-info-autoloads.el
        * [13.360112] Scanning /home/luna/.emacs.d/.local/straight/build-28.1/diff-hl/diff-hl-autoloads.el
        * [13.360831] Scanning /home/luna/.emacs.d/.local/straight/build-28.1/dired-rsync/dired-rsync-autoloads.el
        * [13.361322] Scanning /home/luna/.emacs.d/.local/straight/build-28.1/fd-dired/fd-dired-autoloads.el
        * [13.361833] Scanning /home/luna/.emacs.d/.local/straight/build-28.1/undo-fu/undo-fu-autoloads.el
        * [13.362354] Scanning /home/luna/.emacs.d/.local/straight/build-28.1/undo-fu-session/undo-fu-session-autoloads.el
        * [13.362920] Scanning /home/luna/.emacs.d/.local/straight/build-28.1/browse-at-remote/browse-at-remote-autoloads.el
        * [13.363455] Scanning /home/luna/.emacs.d/.local/straight/build-28.1/git-commit/git-commit-autoloads.el
        * [13.363993] Scanning /home/luna/.emacs.d/.local/straight/build-28.1/transient/transient-autoloads.el
        * [13.364641] Scanning /home/luna/.emacs.d/.local/straight/build-28.1/with-editor/with-editor-autoloads.el
        * [13.365166] Scanning /home/luna/.emacs.d/.local/straight/build-28.1/git-timemachine/git-timemachine-autoloads.el
        * [13.365673] Scanning /home/luna/.emacs.d/.local/straight/build-28.1/git-modes/git-modes-autoloads.el
        * [13.366234] Scanning /home/luna/.emacs.d/.local/straight/build-28.1/flycheck-popup-tip/flycheck-popup-tip-autoloads.el
        * [13.366751] Scanning /home/luna/.emacs.d/.local/straight/build-28.1/popup/popup-autoloads.el
        * [13.367231] Scanning /home/luna/.emacs.d/.local/straight/build-28.1/quickrun/quickrun-autoloads.el
        * [13.367882] Scanning /home/luna/.emacs.d/.local/straight/build-28.1/eros/eros-autoloads.el
        * [13.368422] Scanning /home/luna/.emacs.d/.local/straight/build-28.1/dumb-jump/dumb-jump-autoloads.el
        * [13.369056] Scanning /home/luna/.emacs.d/.local/straight/build-28.1/request/request-autoloads.el
        * [13.369554] Scanning /home/luna/.emacs.d/.local/straight/build-28.1/magit/magit-autoloads.el
        * [13.371556] Scanning /home/luna/.emacs.d/.local/straight/build-28.1/magit-section/magit-section-autoloads.el
        * [13.372040] Scanning /home/luna/.emacs.d/.local/straight/build-28.1/magit-gitflow/magit-gitflow-autoloads.el
        * [13.372520] Scanning /home/luna/.emacs.d/.local/straight/build-28.1/magit-popup/magit-popup-autoloads.el
        * [13.372998] Scanning /home/luna/.emacs.d/.local/straight/build-28.1/magit-todos/magit-todos-autoloads.el
        * [13.373592] Scanning /home/luna/.emacs.d/.local/straight/build-28.1/async/async-autoloads.el
        * [13.374302] Scanning /home/luna/.emacs.d/.local/straight/build-28.1/code-review/code-review-autoloads.el
        * [13.375113] Scanning /home/luna/.emacs.d/.local/straight/build-28.1/closql/closql-autoloads.el
        * [13.375572] Scanning /home/luna/.emacs.d/.local/straight/build-28.1/a/a-autoloads.el
        * [13.376037] Scanning /home/luna/.emacs.d/.local/straight/build-28.1/ghub/ghub-autoloads.el
        * [13.376620] Scanning /home/luna/.emacs.d/.local/straight/build-28.1/treepy/treepy-autoloads.el
        * [13.377197] Scanning /home/luna/.emacs.d/.local/straight/build-28.1/uuidgen/uuidgen-autoloads.el
        * [13.377702] Scanning /home/luna/.emacs.d/.local/straight/build-28.1/deferred/deferred-autoloads.el
        * [13.378162] Scanning /home/luna/.emacs.d/.local/straight/build-28.1/markdown-mode/markdown-mode-autoloads.el
        * [13.378715] Scanning /home/luna/.emacs.d/.local/straight/build-28.1/forge/forge-autoloads.el
        * [13.379452] Scanning /home/luna/.emacs.d/.local/straight/build-28.1/emacsql-sqlite/emacsql-sqlite-autoloads.el
        * [13.379917] Scanning /home/luna/.emacs.d/.local/straight/build-28.1/emacsql/emacsql-autoloads.el
        * [13.380408] Scanning /home/luna/.emacs.d/.local/straight/build-28.1/yaml/yaml-autoloads.el
        * [13.380910] Scanning /home/luna/.emacs.d/.local/straight/build-28.1/emojify/emojify-autoloads.el
        * [13.381421] Scanning /home/luna/.emacs.d/.local/straight/build-28.1/ht/ht-autoloads.el
        * [13.381939] Scanning /home/luna/.emacs.d/.local/straight/build-28.1/highlight-quoted/highlight-quoted-autoloads.el
        * [13.382436] Scanning /home/luna/.emacs.d/.local/straight/build-28.1/macrostep/macrostep-autoloads.el
        * [13.383009] Scanning /home/luna/.emacs.d/.local/straight/build-28.1/overseer/overseer-autoloads.el
        * [13.383606] Scanning /home/luna/.emacs.d/.local/straight/build-28.1/elisp-def/elisp-def-autoloads.el
        * [13.384154] Scanning /home/luna/.emacs.d/.local/straight/build-28.1/elisp-demos/elisp-demos-autoloads.el
        * [13.384656] Scanning /home/luna/.emacs.d/.local/straight/build-28.1/flycheck-package/flycheck-package-autoloads.el
        * [13.385150] Scanning /home/luna/.emacs.d/.local/straight/build-28.1/package-lint/package-lint-autoloads.el
        * [13.385710] Scanning /home/luna/.emacs.d/.local/straight/build-28.1/flycheck-cask/flycheck-cask-autoloads.el
        * [13.386219] Scanning /home/luna/.emacs.d/.local/straight/build-28.1/buttercup/buttercup-autoloads.el
        * [13.386811] Scanning /home/luna/.emacs.d/.local/straight/build-28.1/markdown-toc/markdown-toc-autoloads.el
        * [13.387408] Scanning /home/luna/.emacs.d/.local/straight/build-28.1/edit-indirect/edit-indirect-autoloads.el
        * [13.387957] Scanning /home/luna/.emacs.d/.local/straight/build-28.1/evil-markdown/evil-markdown-autoloads.el
        * [13.388481] Scanning /home/luna/.emacs.d/.local/straight/build-28.1/org/org-autoloads.el
        * [13.389581] Scanning /home/luna/.emacs.d/.local/straight/build-28.1/org-contrib/org-contrib-autoloads.el
        * [13.390319] Scanning /home/luna/.emacs.d/.local/straight/build-28.1/htmlize/htmlize-autoloads.el
        * [13.390962] Scanning /home/luna/.emacs.d/.local/straight/build-28.1/org-yt/org-yt-autoloads.el
        * [13.391456] Scanning /home/luna/.emacs.d/.local/straight/build-28.1/ox-clip/ox-clip-autoloads.el
        * [13.391951] Scanning /home/luna/.emacs.d/.local/straight/build-28.1/toc-org/toc-org-autoloads.el
        * [13.392447] Scanning /home/luna/.emacs.d/.local/straight/build-28.1/org-cliplink/org-cliplink-autoloads.el
        * [13.392991] Scanning /home/luna/.emacs.d/.local/straight/build-28.1/evil-org/evil-org-autoloads.el
        * [13.393538] Scanning /home/luna/.emacs.d/.local/straight/build-28.1/orgit/orgit-autoloads.el
        * [13.394219] Scanning /home/luna/.emacs.d/.local/straight/build-28.1/ob-async/ob-async-autoloads.el
        * [13.394725] Scanning /home/luna/.emacs.d/.local/straight/build-28.1/company-shell/company-shell-autoloads.el
        * [13.395231] Scanning /home/luna/.emacs.d/.local/straight/build-28.1/drag-stuff/drag-stuff-autoloads.el
        * [13.395845] Scanning /home/luna/.emacs.d/.local/straight/build-28.1/link-hint/link-hint-autoloads.el
        * [13.396417] Scanning /home/luna/.emacs.d/.local/straight/build-28.1/highlight-indent-guides/highlight-indent-guides-autoloads.el
        * [13.396960] Scanning /home/luna/.emacs.d/.local/straight/build-28.1/minimap/minimap-autoloads.el
        * [13.397492] Scanning /home/luna/.emacs.d/.local/straight/build-28.1/treemacs/treemacs-autoloads.el
        * [13.398472] Scanning /home/luna/.emacs.d/.local/straight/build-28.1/ace-window/ace-window-autoloads.el
        * [13.399080] Scanning /home/luna/.emacs.d/.local/straight/build-28.1/pfuture/pfuture-autoloads.el
        * [13.399583] Scanning /home/luna/.emacs.d/.local/straight/build-28.1/hydra/hydra-autoloads.el
        * [13.400202] Scanning /home/luna/.emacs.d/.local/straight/build-28.1/lv/lv-autoloads.el
        * [13.400676] Scanning /home/luna/.emacs.d/.local/straight/build-28.1/cfrs/cfrs-autoloads.el
        * [13.401160] Scanning /home/luna/.emacs.d/.local/straight/build-28.1/posframe/posframe-autoloads.el
        * [13.401742] Scanning /home/luna/.emacs.d/.local/straight/build-28.1/treemacs-evil/treemacs-evil-autoloads.el
        * [13.402228] Scanning /home/luna/.emacs.d/.local/straight/build-28.1/treemacs-projectile/treemacs-projectile-autoloads.el
        * [13.402721] Scanning /home/luna/.emacs.d/.local/straight/build-28.1/treemacs-magit/treemacs-magit-autoloads.el
        * [13.403195] Scanning /home/luna/.emacs.d/.local/straight/build-28.1/treemacs-persp/treemacs-persp-autoloads.el
        * [13.403671] Scanning /home/luna/.emacs.d/.local/straight/build-28.1/lsp-treemacs/lsp-treemacs-autoloads.el
        * [13.404309] Scanning /home/luna/.emacs.d/.local/straight/build-28.1/lsp-mode/lsp-mode-autoloads.el
        * [13.405409] Scanning /home/luna/.emacs.d/.local/straight/build-28.1/spinner/spinner-autoloads.el
        * [13.406001] Scanning /home/luna/.emacs.d/.local/straight/build-28.1/format-all/format-all-autoloads.el
        * [13.406525] Scanning /home/luna/.emacs.d/.local/straight/build-28.1/evil-multiedit/evil-multiedit-autoloads.el
        * [13.407116] Scanning /home/luna/.emacs.d/.local/straight/build-28.1/iedit/iedit-autoloads.el
        * [13.407654] Scanning /home/luna/.emacs.d/.local/straight/build-28.1/evil-mc/evil-mc-autoloads.el
        * [13.408294] Scanning /home/luna/.emacs.d/.local/straight/build-28.1/vterm/vterm-autoloads.el
        * [13.408885] Scanning /home/luna/.emacs.d/.local/straight/build-28.1/lsp-ui/lsp-ui-autoloads.el
        * [13.409451] Scanning /home/luna/.emacs.d/.local/straight/build-28.1/consult-lsp/consult-lsp-autoloads.el
        * [13.409945] Scanning /home/luna/.emacs.d/.local/straight/build-28.1/rainbow-mode/rainbow-mode-autoloads.el
        * [13.410444] Scanning /home/luna/.emacs.d/.local/straight/build-28.1/kurecolor/kurecolor-autoloads.el
        * [13.411114] Scanning /home/luna/.emacs.d/.local/straight/build-28.1/sly/sly-autoloads.el
        * [13.411630] Scanning /home/luna/.emacs.d/.local/straight/build-28.1/sly-macrostep/sly-macrostep-autoloads.el
        * [13.412279] Scanning /home/luna/.emacs.d/.local/straight/build-28.1/sly-repl-ansi-color/sly-repl-ansi-color-autoloads.el
        * [13.412749] Scanning /home/luna/.emacs.d/.local/straight/build-28.1/csharp-mode/csharp-mode-autoloads.el
        * [13.413260] Scanning /home/luna/.emacs.d/.local/straight/build-28.1/csproj-mode/csproj-mode-autoloads.el
        * [13.413754] Scanning /home/luna/.emacs.d/.local/straight/build-28.1/sln-mode/sln-mode-autoloads.el
        * [13.414264] Scanning /home/luna/.emacs.d/.local/straight/build-28.1/shader-mode/shader-mode-autoloads.el
        * [13.414744] Scanning /home/luna/.emacs.d/.local/straight/build-28.1/gdscript-mode/gdscript-mode-autoloads.el
        * [13.415487] Scanning /home/luna/.emacs.d/.local/straight/build-28.1/rjsx-mode/rjsx-mode-autoloads.el
        * [13.416022] Scanning /home/luna/.emacs.d/.local/straight/build-28.1/js2-mode/js2-mode-autoloads.el
        * [13.416657] Scanning /home/luna/.emacs.d/.local/straight/build-28.1/typescript-mode/typescript-mode-autoloads.el
        * [13.417254] Scanning /home/luna/.emacs.d/.local/straight/build-28.1/js2-refactor/js2-refactor-autoloads.el
        * [13.417871] Scanning /home/luna/.emacs.d/.local/straight/build-28.1/multiple-cursors/multiple-cursors-autoloads.el
        * [13.418685] Scanning /home/luna/.emacs.d/.local/straight/build-28.1/npm-mode/npm-mode-autoloads.el
        * [13.419246] Scanning /home/luna/.emacs.d/.local/straight/build-28.1/add-node-modules-path/add-node-modules-path-autoloads.el
        * [13.419806] Scanning /home/luna/.emacs.d/.local/straight/build-28.1/nodejs-repl/nodejs-repl-autoloads.el
        * [13.420332] Scanning /home/luna/.emacs.d/.local/straight/build-28.1/skewer-mode/skewer-mode-autoloads.el
        * [13.420993] Scanning /home/luna/.emacs.d/.local/straight/build-28.1/simple-httpd/simple-httpd-autoloads.el
        * [13.421502] Scanning /home/luna/.emacs.d/.local/straight/build-28.1/tide/tide-autoloads.el
        * [13.422119] Scanning /home/luna/.emacs.d/.local/straight/build-28.1/xref-js2/xref-js2-autoloads.el
        * [13.422585] Scanning /home/luna/.emacs.d/.local/straight/build-28.1/lua-mode/lua-mode-autoloads.el
        * [13.423113] Scanning /home/luna/.emacs.d/.local/straight/build-28.1/company-lua/company-lua-autoloads.el
        * [13.423604] Scanning /home/luna/.emacs.d/.local/straight/build-28.1/nix-mode/nix-mode-autoloads.el
        * [13.424428] Scanning /home/luna/.emacs.d/.local/straight/build-28.1/nix-update/nix-update-autoloads.el
        * [13.424909] Scanning /home/luna/.emacs.d/.local/straight/build-28.1/company-nixos-options/company-nixos-options-autoloads.el
        * [13.425392] Scanning /home/luna/.emacs.d/.local/straight/build-28.1/nixos-options/nixos-options-autoloads.el
        * [13.425863] Scanning /home/luna/.emacs.d/.local/straight/build-28.1/org-download/org-download-autoloads.el
        * [13.426363] Scanning /home/luna/.emacs.d/.local/straight/build-28.1/org-appear/org-appear-autoloads.el
        * [13.426859] Scanning /home/luna/.emacs.d/.local/straight/build-28.1/org-superstar/org-superstar-autoloads.el
        * [13.427429] Scanning /home/luna/.emacs.d/.local/straight/build-28.1/org-fancy-priorities/org-fancy-priorities-autoloads.el
        * [13.427978] Scanning /home/luna/.emacs.d/.local/straight/build-28.1/org-roam/org-roam-autoloads.el
        * [13.428657] Scanning /home/luna/.emacs.d/.local/straight/build-28.1/ox-hugo/ox-hugo-autoloads.el
        * [13.429317] Scanning /home/luna/.emacs.d/.local/straight/build-28.1/tomelr/tomelr-autoloads.el
        * [13.429779] Scanning /home/luna/.emacs.d/.local/straight/build-28.1/map/map-autoloads.el
        * [13.430252] Scanning /home/luna/.emacs.d/.local/straight/build-28.1/yaml-mode/yaml-mode-autoloads.el
        * [13.430811] Scanning /home/luna/.emacs.d/.local/straight/build-28.1/elcord/elcord-autoloads.el
        * [13.431315] Scanning /home/luna/.emacs.d/.local/straight/build-28.1/elfeed/elfeed-autoloads.el
        * [13.432044] Scanning /home/luna/.emacs.d/.local/straight/build-28.1/elfeed-goodies/elfeed-goodies-autoloads.el
        * [13.432605] Scanning /home/luna/.emacs.d/.local/straight/build-28.1/popwin/popwin-autoloads.el
        * [13.433127] Scanning /home/luna/.emacs.d/.local/straight/build-28.1/powerline/powerline-autoloads.el
        * [13.433753] Scanning /home/luna/.emacs.d/.local/straight/build-28.1/elfeed-org/elfeed-org-autoloads.el
    > Byte-compiling autoloads file...
    ✓ Generated .local/autoloads.28.1.elc
  - Restart Emacs or use 'M-x doom/reload' for changes to take effect
✓ Finished in 14.06449s
* [13.586871] GC count: 0 (0.000000s)
