* [0.083085] Starting!
* [0.083125] doom-cli-run: (emacs --no-splash --load bin/doom -- install)
* [0.083188] doom-cli-context-execute: found (doom)
* [0.083401] Autoloading /home/luna/.emacs.d/core/cli/install.el
* [0.091111] doom-cli-context-execute: found (doom install)
* [0.091312] doom-cli-context-execute: doom install
* [0.091520] doom-cli-execute: (:before) ((input) (context . #s(doom-cli-context (25300 21351 670796 360000) 19145 1 (235 . 54) nil nil doom nil nil (doom install) nil (install) ((--hooks) (--fonts) (--install) (--env) (--config) (--eval) (-E) (--strict-load) (--load) (-L) (--color) (--pager) (--emacsdir) (--doomdir) (--debug) (-D) (--force) (-!)) ((t) ((doom install)) ((doom) install))  *doom-cli stdin*  *doom-cli stdout*  *doom-cli stderr* nil)) (_) (evals) (loads) (color?) (pager) (emacsdir) (doomdir) (debug?) (force?))
* [0.091723] doom-cli-execute: (doom install) ((context . #s(doom-cli-context (25300 21351 670796 360000) 19145 1 (235 . 54) nil nil doom nil nil (doom install) nil (install) ((--hooks) (--fonts) (--install) (--env) (--config) (--eval) (-E) (--strict-load) (--load) (-L) (--color) (--pager) (--emacsdir) (--doomdir) (--debug) (-D) (--force) (-!)) ((t) ((doom install)) ((doom) install))  *doom-cli stdin*  *doom-cli stdout*  *doom-cli stderr* nil)) (hooks? . :yes) (fonts? . :yes) (install? . :yes) (envfile? . :yes) (config? . :yes))
Installing Doom Emacs!

✓ Created ~/.doom.d/
  - Creating ~/.doom.d/init.el
  ✓ Done!
  - Creating ~/.doom.d/config.el
  ✓ Done!
  - Creating ~/.doom.d/packages.el
  ✓ Done!
* [0.120956] Initializing user config
* [4.005047] doom-cli-call: (doom install) -> (doom env)
* [4.005143] doom-cli-context-execute: found (doom)
* [4.005321] Autoloading /home/luna/.emacs.d/core/cli/env.el
* [4.007188] doom-cli-context-execute: found (doom env)
* [4.007362] doom-cli-context-execute: doom env
* [4.007562] doom-cli-execute: (:before) ((input) (context . #s(doom-cli-context (25300 21351 670796 360000) 19145 1 (235 . 54) nil nil doom nil nil (doom env) nil (install) ((--deny) (-d) (--allow) (-a) (-o) (--deny-all) (--allow-all) (--hooks) (--fonts) (--install) (--env) (--config) (--eval) (-E) (--strict-load) (--load) (-L) (--color) (--pager) (--emacsdir) (--doomdir) (--debug) (-D) (--force) (-!)) ((t) ((doom env)) ((doom) env))  *doom-cli stdin*  *doom-cli stdout*  *doom-cli stderr* nil)) (_) (evals) (loads) (color?) (pager) (emacsdir) (doomdir) (debug?) (force?))
* [4.007606] doom-cli-execute: (doom env) ((rules) (output-file) (deny-only) (allow-only))
> Generating envvars file
    * [4.007920] Ignored OLDPWD
    * [4.007984] Ignored DBUS_SESSION_BUS_ADDRESS
    * [4.008170] Ignored SHLVL
    * [4.008194] Ignored DISPLAY
    * [4.008230] Ignored USER
    * [4.008258] Ignored __DOOMPID
    * [4.008308] Ignored TERM
    * [4.008525] Ignored __DOOMGPIPE
    * [4.008579] Ignored HOME
    * [4.008623] Ignored XAUTHORITY
    * [4.008646] Ignored XDG_SESSION_TYPE
    * [4.008693] Ignored PWD
    * [4.008771] Ignored __DOOMSTEP
    * [4.008801] Ignored __DOOMGEOM
    * [4.008828] Ignored SSH_AGENT_PID
    * [4.008901] Ignored SSH_AUTH_SOCK
    * [4.009004] Ignored __DOOMPIPE
  ✓ Generated ~/.emacs.d/.local/env
Installing plugins
* [4.009561] Initializing straight
> Installing straight...
* [4.579854] Initializing recipes
* [7.037513] Installing core packages
  > Cloning use-package...
* [8.570675] Initializing package.el
* [8.624467] Initializing straight.el
> Installing packages...
  > Building straight...
    INFO     Scraping files for straight-autoloads.el... 
    INFO     Scraping files for straight-autoloads.el...done
  - Checked out use-package: a7422fb8ab1baee19adb2717b5b47b9c3812a84c
  > Building use-package...
  > Building use-package > Building bind-key...
    INFO     Scraping files for bind-key-autoloads.el... 
    INFO     Scraping files for bind-key-autoloads.el...done
  > Building use-package...
    INFO     Scraping files for use-package-autoloads.el... 
    INFO     Scraping files for use-package-autoloads.el...done
  > Updating recipe repos...
    > Updating recipes for melpa...
    > Updating recipes for gnu-elpa-mirror...
    > Updating recipes for el-get...
    > Updating recipes for emacsmirror-mirror...
  > Cloning auto-minor-mode...
  - Checked out auto-minor-mode: 17cfa1b54800fdef2975c0c0531dad34846a5065
  > Building auto-minor-mode...
    INFO     Scraping files for auto-minor-mode-autoloads.el... 
    INFO     Scraping files for auto-minor-mode-autoloads.el...done
  > Cloning gcmh...
  - Checked out gcmh: 0089f9c3a6d4e9a310d0791cf6fa8f35642ecfd9
  > Building gcmh...
    INFO     Scraping files for gcmh-autoloads.el... 
    INFO     Scraping files for gcmh-autoloads.el...done
  > Cloning explain-pause-mode...
  - Checked out explain-pause-mode: 2356c8c3639cbeeb9751744dbe737267849b4b51
  > Building explain-pause-mode...
    INFO     Scraping files for explain-pause-mode-autoloads.el... 
    INFO     Scraping files for explain-pause-mode-autoloads.el...done
  > Cloning all-the-icons.el...
  > Building all-the-icons...
    INFO     Scraping files for all-the-icons-autoloads.el... 
    INFO     Scraping files for all-the-icons-autoloads.el...done
  > Cloning emacs-hide-mode-line...
  > Building hide-mode-line...
    INFO     Scraping files for hide-mode-line-autoloads.el... 
    INFO     Scraping files for hide-mode-line-autoloads.el...done
  > Cloning highlight-numbers...
  - Checked out highlight-numbers: 8b4744c7f46c72b1d3d599d4fb75ef8183dee307
  > Building highlight-numbers...
  > Building highlight-numbers > Cloning parent-mode...
  > Building highlight-numbers > Building parent-mode...
    INFO     Scraping files for parent-mode-autoloads.el... 
    INFO     Scraping files for parent-mode-autoloads.el...done
  > Building highlight-numbers...
    INFO     Scraping files for highlight-numbers-autoloads.el... 
    INFO     Scraping files for highlight-numbers-autoloads.el...done
  > Cloning rainbow-delimiters...
  - Checked out rainbow-delimiters: a32b39bdfe6c61c322c37226d66e1b6d4f107ed0
  > Building rainbow-delimiters...
    INFO     Scraping files for rainbow-delimiters-autoloads.el... 
    INFO     Scraping files for rainbow-delimiters-autoloads.el...done
  > Cloning restart-emacs...
  - Checked out restart-emacs: 1607da2bc657fe05ae01f7fdf26f716eafead02c
  > Building restart-emacs...
    INFO     Scraping files for restart-emacs-autoloads.el... 
    INFO     Scraping files for restart-emacs-autoloads.el...done
  > Cloning better-jumper...
  - Checked out better-jumper: 47622213783ece37d5337dc28d33b530540fc319
  > Building better-jumper...
    INFO     Scraping files for better-jumper-autoloads.el... 
    INFO     Scraping files for better-jumper-autoloads.el...done
  > Cloning dtrt-indent...
  - Checked out dtrt-indent: 57f4072fa8acd5f7af40b11f5f33607bca324fe1
  > Building dtrt-indent...
    INFO     Scraping files for dtrt-indent-autoloads.el... 
    INFO     Scraping files for dtrt-indent-autoloads.el...done
  > Cloning helpful...
  - Checked out helpful: 209971ba9f576ba080352642cfbf25df5692b1d7
  > Building helpful...
  > Building helpful > Cloning dash.el...
  > Building helpful > Building dash...
    INFO     Scraping files for dash-autoloads.el... 
    INFO     Scraping files for dash-autoloads.el...done
  > Building helpful > Cloning s.el...
  > Building helpful > Building s...
    INFO     Scraping files for s-autoloads.el... 
    INFO     Scraping files for s-autoloads.el...done
  > Building helpful > Cloning f.el...
  > Building helpful > Building f...
    INFO     Scraping files for f-autoloads.el... 
    INFO     Scraping files for f-autoloads.el...done
  > Building helpful > Cloning elisp-refs...
  > Building helpful > Building elisp-refs...
    INFO     Scraping files for elisp-refs-autoloads.el... 
    INFO     Scraping files for elisp-refs-autoloads.el...done
  > Building helpful...
    INFO     Scraping files for helpful-autoloads.el... 
    INFO     Scraping files for helpful-autoloads.el...done
  > Cloning pcre2el...
  - Checked out pcre2el: 0b5b2a2c173aab3fd14aac6cf5e90ad3bf58fa7d
  > Building pcre2el...
    INFO     Scraping files for pcre2el-autoloads.el... 
  pcre2el: Warning: Use keywords rather than deprecated positional arguments to `define-minor-mode'
  pcre2el: Warning: Use keywords rather than deprecated positional arguments to `define-minor-mode'
    INFO     Scraping files for pcre2el-autoloads.el...done
  > Cloning smartparens...
  - Checked out smartparens: ec15aaa748b21c9b8453dd95604ccc95fc1138cf
  > Building smartparens...
    INFO     Scraping files for smartparens-autoloads.el... 
    INFO     Scraping files for smartparens-autoloads.el...done
  > Cloning ws-butler...
  - Checked out ws-butler: 572a10c11b6cb88293de48acbb59a059d36f9ba5
  > Building ws-butler...
    INFO     Scraping files for ws-butler-autoloads.el... 
    INFO     Scraping files for ws-butler-autoloads.el...done
  > Cloning projectile...
  - Checked out projectile: 4d6da873ae54dbf6043b015efd9b737e2ce152c6
  > Building projectile...
    INFO     Scraping files for projectile-autoloads.el... 
    INFO     Scraping files for projectile-autoloads.el...done
  > Cloning project...
  - Checked out project: c52ec9368928eb7ef321fd6af082832494c20a3b
  > Building project...
  > Building project > Cloning xref...
  > Building project > Building xref...
    INFO     Scraping files for xref-autoloads.el... 
    INFO     Scraping files for xref-autoloads.el...done
  > Building project...
    INFO     Scraping files for project-autoloads.el... 
    INFO     Scraping files for project-autoloads.el...done
  > Cloning general.el...
  > Building general...
    INFO     Scraping files for general-autoloads.el... 
    INFO     Scraping files for general-autoloads.el...done
  > Cloning emacs-which-key...
  > Building which-key...
    INFO     Scraping files for which-key-autoloads.el... 
    INFO     Scraping files for which-key-autoloads.el...done
  > Cloning company-mode (for company)...
  > Building company...
    INFO     Scraping files for company-autoloads.el... 
    INFO     Scraping files for company-autoloads.el...done
  > Cloning emacs-company-dict...
  > Building company-dict...
    INFO     Scraping files for company-dict-autoloads.el... 
    INFO     Scraping files for company-dict-autoloads.el...done
  > Cloning vertico...
  - Checked out vertico: e5935b5bbfc0d820c54ed1ad52e36e8c48248fd7
  > Building vertico...
    INFO     Scraping files for vertico-autoloads.el... 
    INFO     Scraping files for vertico-autoloads.el...done
  > Cloning orderless...
  - Checked out orderless: 75eeae21971d86b51a712ed8ecd6434463b2d866
  > Building orderless...
    INFO     Scraping files for orderless-autoloads.el... 
    INFO     Scraping files for orderless-autoloads.el...done
  > Cloning consult...
  - Checked out consult: b15c81f7766a8981f2f022fc47bbeb7000696caf
  > Building consult...
  > Building consult > Cloning compat...
  > Building consult > Building compat...
    INFO     Scraping files for compat-autoloads.el... 
    INFO     Scraping files for compat-autoloads.el...done
  > Building consult...
    INFO     Scraping files for consult-autoloads.el... 
    INFO     Scraping files for consult-autoloads.el...done
  > Cloning consult-dir...
  - Checked out consult-dir: d397ca6ea67af4d3c59a330a778affd825f0efd9
  > Building consult-dir...
    INFO     Scraping files for consult-dir-autoloads.el... 
    INFO     Scraping files for consult-dir-autoloads.el...done
  > Cloning consult-flycheck...
  - Checked out consult-flycheck: 9b40f136c017fadf6239d7602d16bf73b4ad5198
  > Building consult-flycheck...
  > Building consult-flycheck > Cloning flycheck...
  - Checked out flycheck: 784f184cdd9f9cb4e3dbb997c09d93e954142842
  > Building consult-flycheck > Building flycheck...
  > Building consult-flycheck > Building flycheck > Cloning pkg-info...
  > Building consult-flycheck > Building flycheck > Building pkg-info...
  > Building consult-flycheck > Building flycheck > Building pkg-info > Cloning epl...
  > Building consult-flycheck > Building flycheck > Building pkg-info > Building epl...
    INFO     Scraping files for epl-autoloads.el... 
    INFO     Scraping files for epl-autoloads.el...done
  > Building consult-flycheck > Building flycheck > Building pkg-info...
    INFO     Scraping files for pkg-info-autoloads.el... 
    INFO     Scraping files for pkg-info-autoloads.el...done
  > Building consult-flycheck > Building flycheck...
    INFO     Scraping files for flycheck-autoloads.el... 
    INFO     Scraping files for flycheck-autoloads.el...done
  > Building consult-flycheck...
    INFO     Scraping files for consult-flycheck-autoloads.el... 
    INFO     Scraping files for consult-flycheck-autoloads.el...done
  > Cloning embark...
  - Checked out embark: 97270d725761ee02db461b45b18ec16ae31f203e
  > Building embark...
    INFO     Scraping files for embark-autoloads.el... 
    INFO     Scraping files for embark-autoloads.el...done
  > Building embark-consult...
    INFO     Scraping files for embark-consult-autoloads.el... 
    INFO     Scraping files for embark-consult-autoloads.el...done
  > Cloning marginalia...
  - Checked out marginalia: 26f2bd9ee7b63bcad6604108e2f565b34bc6083b
  > Building marginalia...
    INFO     Scraping files for marginalia-autoloads.el... 
    INFO     Scraping files for marginalia-autoloads.el...done
  > Cloning Emacs-wgrep (for wgrep)...
  > Building wgrep...
    INFO     Scraping files for wgrep-autoloads.el... 
    INFO     Scraping files for wgrep-autoloads.el...done
  > Cloning themes (for doom-themes)...
  > Building doom-themes...
    INFO     Scraping files for doom-themes-autoloads.el... 
    INFO     Scraping files for doom-themes-autoloads.el...done
  > Cloning emacs-solaire-mode...
  > Building solaire-mode...
    INFO     Scraping files for solaire-mode-autoloads.el... 
    INFO     Scraping files for solaire-mode-autoloads.el...done
  > Cloning hl-todo...
  - Checked out hl-todo: e52285965b5ee89c18080661d4f80270143ae8dc
  > Building hl-todo...
    INFO     Scraping files for hl-todo-autoloads.el... 
    INFO     Scraping files for hl-todo-autoloads.el...done
  > Cloning doom-modeline...
  - Checked out doom-modeline: ce9899f00af40edb78f58b9af5c3685d67c8eed2
  > Building doom-modeline...
  > Building doom-modeline > Cloning shrink-path.el...
  > Building doom-modeline > Building shrink-path...
    INFO     Scraping files for shrink-path-autoloads.el... 
    INFO     Scraping files for shrink-path-autoloads.el...done
  > Building doom-modeline...
    INFO     Scraping files for doom-modeline-autoloads.el... 
    INFO     Scraping files for doom-modeline-autoloads.el...done
  > Cloning anzu...
  - Checked out anzu: 5abb37455ea44fa401d5f4c1bdc58adb2448db67
  > Building anzu...
    INFO     Scraping files for anzu-autoloads.el... 
    INFO     Scraping files for anzu-autoloads.el...done
  > Cloning evil-anzu...
  - Checked out evil-anzu: d3f6ed4773b48767bd5f4708c7f083336a8a8a86
  > Building evil-anzu...
  > Building evil-anzu > Cloning evil...
  - Checked out evil: 157af04d2cf466e301e82b0e667c5e7203fd96a2
  > Building evil-anzu > Building evil...
  > Building evil-anzu > Building evil > Cloning goto-chg...
  > Building evil-anzu > Building evil > Building goto-chg...
    INFO     Scraping files for goto-chg-autoloads.el... 
    INFO     Scraping files for goto-chg-autoloads.el...done
  > Building evil-anzu > Building evil...
    INFO     Scraping files for evil-autoloads.el... 
    INFO     Scraping files for evil-autoloads.el...done
  > Building evil-anzu...
    INFO     Scraping files for evil-anzu-autoloads.el... 
    INFO     Scraping files for evil-anzu-autoloads.el...done
  > Cloning evil-goggles...
  - Checked out evil-goggles: 8f20a16e74016f37ad76dc4f2230d9b00c6df3c2
  > Building evil-goggles...
    INFO     Scraping files for evil-goggles-autoloads.el... 
    INFO     Scraping files for evil-goggles-autoloads.el...done
  > Cloning git-gutter-fringe...
  - Checked out git-gutter-fringe: 648cb5b57faec55711803cdc9434e55a733c3eba
  > Building git-gutter-fringe...
  > Building git-gutter-fringe > Cloning git-gutter...
  > Building git-gutter-fringe > Building git-gutter...
    INFO     Scraping files for git-gutter-autoloads.el... 
    INFO     Scraping files for git-gutter-autoloads.el...done
  > Building git-gutter-fringe > Cloning fringe-helper.el...
  > Building git-gutter-fringe > Building fringe-helper...
    INFO     Scraping files for fringe-helper-autoloads.el... 
    INFO     Scraping files for fringe-helper-autoloads.el...done
  > Building git-gutter-fringe...
    INFO     Scraping files for git-gutter-fringe-autoloads.el... 
    INFO     Scraping files for git-gutter-fringe-autoloads.el...done
  > Cloning vi-tilde-fringe...
  - Checked out vi-tilde-fringe: f1597a8d54535bb1d84b442577b2024e6f910308
  > Building vi-tilde-fringe...
    INFO     Scraping files for vi-tilde-fringe-autoloads.el... 
    INFO     Scraping files for vi-tilde-fringe-autoloads.el...done
  > Cloning persp-mode.el...
  > Building persp-mode...
    INFO     Scraping files for persp-mode-autoloads.el... 
    INFO     Scraping files for persp-mode-autoloads.el...done
  > Cloning evil-args...
  - Checked out evil-args: 2671071a4a57eaee7cc8c27b9e4b6fc60fd2ccd3
  > Building evil-args...
    INFO     Scraping files for evil-args-autoloads.el... 
    INFO     Scraping files for evil-args-autoloads.el...done
  > Cloning evil-easymotion...
  - Checked out evil-easymotion: f96c2ed38ddc07908db7c3c11bcd6285a3e8c2e9
  > Building evil-easymotion...
  > Building evil-easymotion > Cloning avy...
  - Checked out avy: ba5f035be33693d1a136a5cbeedb24327f551a92
  > Building evil-easymotion > Building avy...
    INFO     Scraping files for avy-autoloads.el... 
    INFO     Scraping files for avy-autoloads.el...done
  > Building evil-easymotion...
    INFO     Scraping files for evil-easymotion-autoloads.el... 
    INFO     Scraping files for evil-easymotion-autoloads.el...done
  > Cloning evil-embrace.el...
  > Building evil-embrace...
  > Building evil-embrace > Cloning embrace.el...
  > Building evil-embrace > Building embrace...
  > Building evil-embrace > Building embrace > Cloning expand-region.el...
  > Building evil-embrace > Building embrace > Building expand-region...
    INFO     Scraping files for expand-region-autoloads.el... 
    INFO     Scraping files for expand-region-autoloads.el...done
  > Building evil-embrace > Building embrace...
    INFO     Scraping files for embrace-autoloads.el... 
    INFO     Scraping files for embrace-autoloads.el...done
  > Building evil-embrace > Cloning evil-surround...
  - Checked out evil-surround: c9e1449bf3f740b5e9b99e7820df4eca7fc7cf02
  > Building evil-embrace > Building evil-surround...
    INFO     Scraping files for evil-surround-autoloads.el... 
    INFO     Scraping files for evil-surround-autoloads.el...done
  > Building evil-embrace...
    INFO     Scraping files for evil-embrace-autoloads.el... 
    INFO     Scraping files for evil-embrace-autoloads.el...done
  > Cloning evil-escape...
  - Checked out evil-escape: 819f1ee1cf3f69a1ae920e6004f2c0baeebbe077
  > Building evil-escape...
    INFO     Scraping files for evil-escape-autoloads.el... 
    INFO     Scraping files for evil-escape-autoloads.el...done
  > Cloning evil-exchange...
  - Checked out evil-exchange: 5f0a2d41434c17c6fb02e4f744043775de1c63a2
  > Building evil-exchange...
    INFO     Scraping files for evil-exchange-autoloads.el... 
    INFO     Scraping files for evil-exchange-autoloads.el...done
  > Cloning evil-indent-plus...
  - Checked out evil-indent-plus: b4dacbfdb57f474f798bfbf5026d434d549eb65c
  > Building evil-indent-plus...
    INFO     Scraping files for evil-indent-plus-autoloads.el... 
    INFO     Scraping files for evil-indent-plus-autoloads.el...done
  > Cloning evil-lion...
  - Checked out evil-lion: 4da660e124731ed65e7aaa6c067c30e876619429
  > Building evil-lion...
    INFO     Scraping files for evil-lion-autoloads.el... 
    INFO     Scraping files for evil-lion-autoloads.el...done
  > Cloning evil-nerd-commenter...
  - Checked out evil-nerd-commenter: 386cd758a477d1b1ba742ef698ecc19916b43fbe
  > Building evil-nerd-commenter...
    INFO     Scraping files for evil-nerd-commenter-autoloads.el... 
    INFO     Scraping files for evil-nerd-commenter-autoloads.el...done
  > Cloning evil-numbers...
  - Checked out evil-numbers: 08f0c1ee93b8a563770eaefaf21ab9087fca7bdb
  > Building evil-numbers...
    INFO     Scraping files for evil-numbers-autoloads.el... 
    INFO     Scraping files for evil-numbers-autoloads.el...done
  > Cloning evil-snipe...
  - Checked out evil-snipe: c07788c35cf8cd8e652a494322fdc0643e30a89f
  > Building evil-snipe...
    INFO     Scraping files for evil-snipe-autoloads.el... 
    INFO     Scraping files for evil-snipe-autoloads.el...done
  > Cloning evil-textobj-anyblock...
  - Checked out evil-textobj-anyblock: 29280cd71a05429364cdceef2ff595ae8afade4d
  > Building evil-textobj-anyblock...
    INFO     Scraping files for evil-textobj-anyblock-autoloads.el... 
    INFO     Scraping files for evil-textobj-anyblock-autoloads.el...done
  > Cloning evil-traces...
  - Checked out evil-traces: 290b5323542c46af364ec485c8ec9000040acf90
  > Building evil-traces...
    INFO     Scraping files for evil-traces-autoloads.el... 
    INFO     Scraping files for evil-traces-autoloads.el...done
  > Cloning evil-visualstar...
  - Checked out evil-visualstar: 06c053d8f7381f91c53311b1234872ca96ced752
  > Building evil-visualstar...
    INFO     Scraping files for evil-visualstar-autoloads.el... 
    INFO     Scraping files for evil-visualstar-autoloads.el...done
  > Cloning exato...
  - Checked out exato: aee7af7b7a0e7551478f453d1de7d5b9cb2e06c4
  > Building exato...
    INFO     Scraping files for exato-autoloads.el... 
    INFO     Scraping files for exato-autoloads.el...done
  > Cloning evil-quick-diff...
  - Checked out evil-quick-diff: 69c883720b30a892c63bc89f49d4f0e8b8028908
  > Building evil-quick-diff...
    INFO     Scraping files for evil-quick-diff-autoloads.el... 
    INFO     Scraping files for evil-quick-diff-autoloads.el...done
  > Cloning evil-collection...
  - Checked out evil-collection: 6cc02b238cde28d850ac68ce429d24dd1e354ad4
  > Building evil-collection...
  > Building evil-collection > Cloning annalist.el...
  > Building evil-collection > Building annalist...
    INFO     Scraping files for annalist-autoloads.el... 
    INFO     Scraping files for annalist-autoloads.el...done
  > Building evil-collection...
    INFO     Scraping files for evil-collection-autoloads.el... 
    INFO     Scraping files for evil-collection-autoloads.el...done
  > Cloning yasnippet...
  - Checked out yasnippet: 5cbdbf0d2015540c59ed8ee0fcf4788effdf75b6
  > Building yasnippet...
    INFO     Scraping files for yasnippet-autoloads.el... 
    INFO     Scraping files for yasnippet-autoloads.el...done
  > Cloning vimish-fold...
  - Checked out vimish-fold: a6501cbfe3db791f9ca17fd986c7202a87f3adb8
  > Building vimish-fold...
    INFO     Scraping files for vimish-fold-autoloads.el... 
    INFO     Scraping files for vimish-fold-autoloads.el...done
  > Cloning evil-vimish-fold...
  - Checked out evil-vimish-fold: b6e0e6b91b8cd047e80debef1a536d9d49eef31a
  > Building evil-vimish-fold...
    INFO     Scraping files for evil-vimish-fold-autoloads.el... 
    INFO     Scraping files for evil-vimish-fold-autoloads.el...done
  > Cloning auto-yasnippet...
  - Checked out auto-yasnippet: db9e0dd4335b2202cd5dac95bbbc87a1032d9bbe
  > Building auto-yasnippet...
    INFO     Scraping files for auto-yasnippet-autoloads.el... 
    INFO     Scraping files for auto-yasnippet-autoloads.el...done
  > Cloning snippets (for doom-snippets)...
  > Building doom-snippets...
    INFO     Scraping files for doom-snippets-autoloads.el... 
  doom-snippets-lib:0: Warning: Not registering prefix "%".  Affects: ("%")
    INFO     Scraping files for doom-snippets-autoloads.el...done
  > Cloning diredfl...
  - Checked out diredfl: f9140b2c42151dca669003d685c9f079b2e3dc37
  > Building diredfl...
    INFO     Scraping files for diredfl-autoloads.el... 
    INFO     Scraping files for diredfl-autoloads.el...done
  > Cloning dired-git-info...
  - Checked out dired-git-info: 9461476a28a5fec0784260f6e318237c662c3430
  > Building dired-git-info...
    INFO     Scraping files for dired-git-info-autoloads.el... 
    INFO     Scraping files for dired-git-info-autoloads.el...done
  > Cloning diff-hl...
  - Checked out diff-hl: 4a08b02afec1fc6b1e84de46cc34f75f6c9c3bcc
  > Building diff-hl...
    INFO     Scraping files for diff-hl-autoloads.el... 
    INFO     Scraping files for diff-hl-autoloads.el...done
  > Cloning dired-rsync...
  - Checked out dired-rsync: 7940d9154d0a908693999b0e1ea351a6d365c93d
  > Building dired-rsync...
    INFO     Scraping files for dired-rsync-autoloads.el... 
    INFO     Scraping files for dired-rsync-autoloads.el...done
  > Cloning fd-dired...
  - Checked out fd-dired: 458464771bb220b6eb87ccfd4c985c436e57dc7e
  > Building fd-dired...
    INFO     Scraping files for fd-dired-autoloads.el... 
    INFO     Scraping files for fd-dired-autoloads.el...done
  > Cloning emacs-undo-fu...
  > Building undo-fu...
    INFO     Scraping files for undo-fu-autoloads.el... 
    INFO     Scraping files for undo-fu-autoloads.el...done
  > Cloning emacs-undo-fu-session...
  > Building undo-fu-session...
    INFO     Scraping files for undo-fu-session-autoloads.el... 
    INFO     Scraping files for undo-fu-session-autoloads.el...done
  > Cloning browse-at-remote...
  - Checked out browse-at-remote: cef26f2c063f2473af42d0e126c8613fe2f709e4
  > Building browse-at-remote...
    INFO     Scraping files for browse-at-remote-autoloads.el... 
    INFO     Scraping files for browse-at-remote-autoloads.el...done
  > Cloning magit (for git-commit)...
  > Building git-commit...
  > Building git-commit > Cloning transient...
  > Building git-commit > Building transient...
    INFO     Scraping files for transient-autoloads.el... 
    INFO     Scraping files for transient-autoloads.el...done
  > Building git-commit > Cloning with-editor...
  > Building git-commit > Building with-editor...
    INFO     Scraping files for with-editor-autoloads.el... 
    INFO     Scraping files for with-editor-autoloads.el...done
  > Building git-commit...
    INFO     Scraping files for git-commit-autoloads.el... 
    INFO     Scraping files for git-commit-autoloads.el...done
  > Cloning git-timemachine...
  - Checked out git-timemachine: 3381797bcbf906b18dff654a2361032d2d01b4a3
  > Building git-timemachine...
    INFO     Scraping files for git-timemachine-autoloads.el... 
    INFO     Scraping files for git-timemachine-autoloads.el...done
  > Cloning git-modes...
  - Checked out git-modes: 62fbf2e5b84ca789e7bc2f87939386023b5ba3df
  > Building git-modes...
    INFO     Scraping files for git-modes-autoloads.el... 
    INFO     Scraping files for git-modes-autoloads.el...done
  > Cloning flycheck-popup-tip...
  - Checked out flycheck-popup-tip: ef86aad907f27ca076859d8d9416f4f7727619c6
  > Building flycheck-popup-tip...
  > Building flycheck-popup-tip > Cloning popup-el (for popup)...
  > Building flycheck-popup-tip > Building popup...
    INFO     Scraping files for popup-autoloads.el... 
    INFO     Scraping files for popup-autoloads.el...done
  > Building flycheck-popup-tip...
    INFO     Scraping files for flycheck-popup-tip-autoloads.el... 
    INFO     Scraping files for flycheck-popup-tip-autoloads.el...done
  > Cloning quickrun...
  - Checked out quickrun: 314beae43cac2e4943e9ed4850e8e147bc3d2fac
  > Building quickrun...
    INFO     Scraping files for quickrun-autoloads.el... 
    INFO     Scraping files for quickrun-autoloads.el...done
  > Cloning eros...
  - Checked out eros: dd8910279226259e100dab798b073a52f9b4233a
  > Building eros...
    INFO     Scraping files for eros-autoloads.el... 
    INFO     Scraping files for eros-autoloads.el...done
  > Cloning dumb-jump...
  - Checked out dumb-jump: 1dd583011f4025b1b8c75fd785691851b6c5dfa3
  > Building dumb-jump...
    INFO     Scraping files for dumb-jump-autoloads.el... 
    INFO     Scraping files for dumb-jump-autoloads.el...done
  > Cloning emacs-request...
  > Building request...
    INFO     Scraping files for request-autoloads.el... 
    INFO     Scraping files for request-autoloads.el...done
  - Checked out magit: c1fb53d3de6390961ccd8dfb1cc135383508d0fc
  > Building magit...
  > Building magit > Building magit-section...
    INFO     Scraping files for magit-section-autoloads.el... 
    INFO     Scraping files for magit-section-autoloads.el...done
  > Building magit...
    INFO     Scraping files for magit-autoloads.el... 
    INFO     Scraping files for magit-autoloads.el...30% 
    INFO     Scraping files for magit-autoloads.el...41% 
    INFO     Scraping files for magit-autoloads.el...done
  > Cloning magit-gitflow...
  - Checked out magit-gitflow: cc41b561ec6eea947fe9a176349fb4f771ed865b
  > Building magit-gitflow...
  > Building magit-gitflow > Cloning magit-popup...
  > Building magit-gitflow > Building magit-popup...
    INFO     Scraping files for magit-popup-autoloads.el... 
    INFO     Scraping files for magit-popup-autoloads.el...done
  > Building magit-gitflow...
    INFO     Scraping files for magit-gitflow-autoloads.el... 
    INFO     Scraping files for magit-gitflow-autoloads.el...done
  > Cloning magit-todos...
  - Checked out magit-todos: 67fd80c2f10aec4d5b2a24b5d3d53c08cc1f05dc
  > Building magit-todos...
  > Building magit-todos > Cloning emacs-async...
  > Building magit-todos > Building async...
    INFO     Scraping files for async-autoloads.el... 
    INFO     Scraping files for async-autoloads.el...done
  > Building magit-todos...
    INFO     Scraping files for magit-todos-autoloads.el... 
    INFO     Scraping files for magit-todos-autoloads.el...done
  > Cloning code-review...
  - Checked out code-review: d38fbe59304ed31c759ce733cda16f69a8ef2d8c
  > Building code-review...
  > Building code-review > Cloning closql...
  > Building code-review > Building closql...
    INFO     Scraping files for closql-autoloads.el... 
    INFO     Scraping files for closql-autoloads.el...done
  > Building code-review > Cloning a.el...
  > Building code-review > Building a...
    INFO     Scraping files for a-autoloads.el... 
    INFO     Scraping files for a-autoloads.el...done
  > Building code-review > Cloning ghub...
  > Building code-review > Building ghub...
  > Building code-review > Building ghub > Cloning treepy.el...
  > Building code-review > Building ghub > Building treepy...
    INFO     Scraping files for treepy-autoloads.el... 
    INFO     Scraping files for treepy-autoloads.el...done
  > Building code-review > Building ghub...
    INFO     Scraping files for ghub-autoloads.el... 
    INFO     Scraping files for ghub-autoloads.el...done
  > Building code-review > Cloning uuidgen-el (for uuidgen)...
  > Building code-review > Building uuidgen...
    INFO     Scraping files for uuidgen-autoloads.el... 
    INFO     Scraping files for uuidgen-autoloads.el...done
  > Building code-review > Cloning emacs-deferred...
  > Building code-review > Building deferred...
    INFO     Scraping files for deferred-autoloads.el... 
    INFO     Scraping files for deferred-autoloads.el...done
  > Building code-review > Cloning markdown-mode...
  - Checked out markdown-mode: 1f709778ac7990f4a07fdf11fe37bc6541810b29
  > Building code-review > Building markdown-mode...
    INFO     Scraping files for markdown-mode-autoloads.el... 
    INFO     Scraping files for markdown-mode-autoloads.el...done
  > Building code-review > Cloning forge...
  > Building code-review > Building forge...
  > Building code-review > Building forge > Cloning emacsql (for emacsql-sqlite)...
  > Building code-review > Building forge > Building emacsql-sqlite...
  > Building code-review > Building forge > Building emacsql-sqlite > Building emacsql...
    INFO     Scraping files for emacsql-autoloads.el... 
    INFO     Scraping files for emacsql-autoloads.el...done
  > Building code-review > Building forge > Building emacsql-sqlite...
    INFO     Scraping files for emacsql-sqlite-autoloads.el... 
    INFO     Scraping files for emacsql-sqlite-autoloads.el...done
  > Building code-review > Building forge > Cloning yaml.el...
  > Building code-review > Building forge > Building yaml...
    INFO     Scraping files for yaml-autoloads.el... 
    INFO     Scraping files for yaml-autoloads.el...done
  > Building code-review > Building forge...
    INFO     Scraping files for forge-autoloads.el... 
    INFO     Scraping files for forge-autoloads.el...done
  > Building code-review > Cloning emacs-emojify...
  > Building code-review > Building emojify...
  > Building code-review > Building emojify > Cloning ht.el...
  > Building code-review > Building emojify > Building ht...
    INFO     Scraping files for ht-autoloads.el... 
  ht:0: Warning: Not registering prefix "ht".  Affects: ("ht" "ht<-alist" "ht<-plist" "ht?" "ht-get" "ht-get*" "ht-update" "ht-update!" "ht-merge" "ht-map" "ht-keys" "ht-values" "ht-items" "ht-amap" "ht-aeach" "ht->plist" "ht->alist" "ht-to-plist" "ht-to-alist" "ht-p" "ht-create" "ht-clear" "ht-clear!" "ht-copy" "ht-contains?" "ht-contains-p" "ht-size" "ht-set" "ht-set!" "ht-select" "ht-select-keys" "ht-remove" "ht-remove!" "ht-reject" "ht-reject!" "ht-delete-if" "ht-from-alist" "ht-from-plist" "ht-find" "ht-each" "ht-empty?" "ht-empty-p" "ht-equal?" "ht-equal-p")
    INFO     Scraping files for ht-autoloads.el...done
  > Building code-review > Building emojify...
    INFO     Scraping files for emojify-autoloads.el... 
    INFO     Scraping files for emojify-autoloads.el...done
  > Building code-review...
    INFO     Scraping files for code-review-autoloads.el... 
    INFO     Scraping files for code-review-autoloads.el...done
  > Cloning highlight-quoted...
  - Checked out highlight-quoted: 24103478158cd19fbcfb4339a3f1fa1f054f1469
  > Building highlight-quoted...
    INFO     Scraping files for highlight-quoted-autoloads.el... 
    INFO     Scraping files for highlight-quoted-autoloads.el...done
  > Cloning macrostep...
  - Checked out macrostep: 424e3734a1ee526a1bd7b5c3cd1d3ef19d184267
  > Building macrostep...
    INFO     Scraping files for macrostep-autoloads.el... 
  macrostep: Warning: Use keywords rather than deprecated positional arguments to `define-minor-mode'
    INFO     Scraping files for macrostep-autoloads.el...done
  > Cloning overseer.el...
  > Building overseer...
    INFO     Scraping files for overseer-autoloads.el... 
  overseer: Warning: Use keywords rather than deprecated positional arguments to `define-minor-mode'
    INFO     Scraping files for overseer-autoloads.el...done
  > Cloning elisp-def...
  - Checked out elisp-def: dfca043ec0cbead67bd9c526cb009daf771d0fa2
  > Building elisp-def...
    INFO     Scraping files for elisp-def-autoloads.el... 
  elisp-def: Warning: Use keywords rather than deprecated positional arguments to `define-minor-mode'
    INFO     Scraping files for elisp-def-autoloads.el...done
  > Cloning elisp-demos...
  - Checked out elisp-demos: 01c301b516e9949d0239d20f6834afbc9acf0abb
  > Building elisp-demos...
    INFO     Scraping files for elisp-demos-autoloads.el... 
    INFO     Scraping files for elisp-demos-autoloads.el...done
  > Cloning flycheck-package...
  - Checked out flycheck-package: 615c1ed8c6fb7c73abec6aaa73d3fef498d231bc
  > Building flycheck-package...
  > Building flycheck-package > Cloning package-lint...
  > Building flycheck-package > Building package-lint...
    INFO     Scraping files for package-lint-autoloads.el... 
    INFO     Scraping files for package-lint-autoloads.el...done
  > Building flycheck-package...
    INFO     Scraping files for flycheck-package-autoloads.el... 
    INFO     Scraping files for flycheck-package-autoloads.el...done
  > Cloning flycheck-cask...
  - Checked out flycheck-cask: 4b2ede6362ded4a45678dfbef1876faa42edbd58
  > Building flycheck-cask...
    INFO     Scraping files for flycheck-cask-autoloads.el... 
    INFO     Scraping files for flycheck-cask-autoloads.el...done
  > Cloning emacs-buttercup...
  > Building buttercup...
    INFO     Scraping files for buttercup-autoloads.el... 
  buttercup:0: Warning: Not registering prefix "it".  Affects: ("it")
    INFO     Scraping files for buttercup-autoloads.el...done
  > Cloning markdown-toc...
  - Checked out markdown-toc: 3d724e518a897343b5ede0b976d6fb46c46bcc01
  > Building markdown-toc...
    INFO     Scraping files for markdown-toc-autoloads.el... 
    INFO     Scraping files for markdown-toc-autoloads.el...done
  > Cloning edit-indirect...
  - Checked out edit-indirect: f80f63822ffae78de38dbe72cacaeb1aaa96c732
  > Building edit-indirect...
    INFO     Scraping files for edit-indirect-autoloads.el... 
    INFO     Scraping files for edit-indirect-autoloads.el...done
  > Cloning evil-markdown...
  - Checked out evil-markdown: 8e6cc68af83914b2fa9fd3a3b8472573dbcef477
  > Building evil-markdown...
    INFO     Scraping files for evil-markdown-autoloads.el... 
    INFO     Scraping files for evil-markdown-autoloads.el...done
  > Cloning org...
  - Checked out org: e9da29b6fafe63abbc2774e9d485ac13d2811b65
  > Building org...
    INFO     Scraping files for org-autoloads.el... 
    INFO     Scraping files for org-autoloads.el...82% 
    INFO     Scraping files for org-autoloads.el...done
  > Cloning org-contrib...
  - Checked out org-contrib: c1e0980fd7a57ca2042fd78acfb1dfb5c3bc03fa
  > Building org-contrib...
    INFO     Scraping files for org-contrib-autoloads.el... 
    INFO     Scraping files for org-contrib-autoloads.el...done
  > Cloning emacs-htmlize...
  > Building htmlize...
    INFO     Scraping files for htmlize-autoloads.el... 
    INFO     Scraping files for htmlize-autoloads.el...done
  > Cloning org-yt...
  - Checked out org-yt: 40cc1ac76d741055cbefa13860d9f070a7ade001
  > Building org-yt...
    INFO     Scraping files for org-yt-autoloads.el... 
    INFO     Scraping files for org-yt-autoloads.el...done
  > Cloning ox-clip...
  - Checked out ox-clip: ff117cf3c619eef12eccc0ccbfa3f11adb73ea68
  > Building ox-clip...
    INFO     Scraping files for ox-clip-autoloads.el... 
    INFO     Scraping files for ox-clip-autoloads.el...done
  > Cloning toc-org...
  - Checked out toc-org: bf2e4b358efbd860ecafe6e74776de0885d9d100
  > Building toc-org...
    INFO     Scraping files for toc-org-autoloads.el... 
    INFO     Scraping files for toc-org-autoloads.el...done
  > Cloning org-cliplink...
  - Checked out org-cliplink: 13e0940b65d22bec34e2de4bc8cba1412a7abfbc
  > Building org-cliplink...
    INFO     Scraping files for org-cliplink-autoloads.el... 
    INFO     Scraping files for org-cliplink-autoloads.el...done
  > Cloning evil-org-mode (for evil-org)...
  > Building evil-org...
    INFO     Scraping files for evil-org-autoloads.el... 
    INFO     Scraping files for evil-org-autoloads.el...done
  > Cloning orgit...
  - Checked out orgit: b33b916915db5f91d2c9da4cb1a2457ccbb09332
  > Building orgit...
    INFO     Scraping files for orgit-autoloads.el... 
    INFO     Scraping files for orgit-autoloads.el...done
  > Cloning ob-async...
  - Checked out ob-async: 9aac486073f5c356ada20e716571be33a350a982
  > Building ob-async...
    INFO     Scraping files for ob-async-autoloads.el... 
    INFO     Scraping files for ob-async-autoloads.el...done
  > Cloning company-shell...
  - Checked out company-shell: a77f4de75912aa87314cde92c603b831d5050246
  > Building company-shell...
    INFO     Scraping files for company-shell-autoloads.el... 
    INFO     Scraping files for company-shell-autoloads.el...done
  > Cloning drag-stuff.el...
  > Building drag-stuff...
    INFO     Scraping files for drag-stuff-autoloads.el... 
    INFO     Scraping files for drag-stuff-autoloads.el...done
  > Cloning link-hint.el...
  > Building link-hint...
    INFO     Scraping files for link-hint-autoloads.el... 
    INFO     Scraping files for link-hint-autoloads.el...done
  ✓ Installed 147 packages
Regenerating autoloads files
> (Re)generating autoloads file...
  > Generating autoloads file...
    * [306.279218] Scanning /home/luna/.emacs.d/core/autoload/buffers.el
    * [306.281362] Scanning /home/luna/.emacs.d/core/autoload/config.el
    * [306.282410] Scanning /home/luna/.emacs.d/core/autoload/debug.el
    * [306.284088] Scanning /home/luna/.emacs.d/core/autoload/files.el
    * [306.285606] Scanning /home/luna/.emacs.d/core/autoload/fonts.el
    * [306.287088] Scanning /home/luna/.emacs.d/core/autoload/help.el
    * [306.289128] Scanning /home/luna/.emacs.d/core/autoload/packages.el
    * [306.290412] Scanning /home/luna/.emacs.d/core/autoload/plist.el
    * [306.291347] Scanning /home/luna/.emacs.d/core/autoload/print.el
    * [306.293169] Scanning /home/luna/.emacs.d/core/autoload/process.el
    * [306.293947] Scanning /home/luna/.emacs.d/core/autoload/projects.el
    * [306.295247] Scanning /home/luna/.emacs.d/core/autoload/sandbox.el
    * [306.296220] Scanning /home/luna/.emacs.d/core/autoload/scratch.el
    * [306.297386] Scanning /home/luna/.emacs.d/core/autoload/sessions.el
    * [306.298415] Scanning /home/luna/.emacs.d/core/autoload/store.el
    * [306.299587] Scanning /home/luna/.emacs.d/core/autoload/system.el
    * [306.300432] Scanning /home/luna/.emacs.d/core/autoload/text.el
    * [306.302092] Scanning /home/luna/.emacs.d/core/autoload/themes.el
    * [306.302957] Scanning /home/luna/.emacs.d/core/autoload/ui.el
    * [306.304319] Scanning /home/luna/.emacs.d/modules/app/calendar/autoload.el
    * [306.304631] Scanning /home/luna/.emacs.d/modules/app/emms/autoload.el
    * [306.304926] Scanning /home/luna/.emacs.d/modules/app/irc/autoload/irc.el
    * [306.305271] Scanning /home/luna/.emacs.d/modules/app/irc/autoload/ivy.el
    * [306.305598] Scanning /home/luna/.emacs.d/modules/app/irc/autoload/settings.el
    * [306.305977] Scanning /home/luna/.emacs.d/modules/app/irc/autoload/vertico.el
    * [306.306307] Scanning /home/luna/.emacs.d/modules/app/rss/autoload.el
    * [306.306621] Scanning /home/luna/.emacs.d/modules/app/twitter/autoload.el
    * [306.306944] Scanning /home/luna/.emacs.d/modules/checkers/spell/autoload/+flyspell.el
    * [306.307329] Scanning /home/luna/.emacs.d/modules/checkers/spell/autoload/+spell-fu.el
    * [306.307681] Scanning /home/luna/.emacs.d/modules/checkers/syntax/autoload.el
    * [306.308489] Scanning /home/luna/.emacs.d/modules/completion/company/autoload.el
    * [306.309612] Scanning /home/luna/.emacs.d/modules/completion/helm/autoload/evil.el
    * [306.309958] Scanning /home/luna/.emacs.d/modules/completion/helm/autoload/helm.el
    * [306.310305] Scanning /home/luna/.emacs.d/modules/completion/helm/autoload/posframe.el
    * [306.310644] Scanning /home/luna/.emacs.d/modules/completion/ivy/autoload/evil.el
    * [306.310974] Scanning /home/luna/.emacs.d/modules/completion/ivy/autoload/hydras.el
    * [306.311306] Scanning /home/luna/.emacs.d/modules/completion/ivy/autoload/ivy.el
    * [306.311711] Scanning /home/luna/.emacs.d/modules/completion/ivy/autoload/posframe.el
    * [306.312060] Scanning /home/luna/.emacs.d/modules/completion/vertico/autoload/evil.el
    * [306.312986] Scanning /home/luna/.emacs.d/modules/completion/vertico/autoload/magit.el
    * [306.313760] Scanning /home/luna/.emacs.d/modules/completion/vertico/autoload/vertico.el
    * [306.315186] Scanning /home/luna/.emacs.d/modules/completion/vertico/autoload/workspaces.el
    * [306.316150] Scanning /home/luna/.emacs.d/modules/config/default/autoload/default.el
    * [306.317072] Scanning /home/luna/.emacs.d/modules/config/default/autoload/deferred.el
    * [306.317841] Scanning /home/luna/.emacs.d/modules/config/default/autoload/files.el
    * [306.318814] Scanning /home/luna/.emacs.d/modules/config/default/autoload/search.el
    * [306.319927] Scanning /home/luna/.emacs.d/modules/config/default/autoload/text.el
    * [306.321082] Scanning /home/luna/.emacs.d/modules/config/literate/autoload.el
    * [306.321415] Scanning /home/luna/.emacs.d/modules/editor/evil/autoload/advice.el
    * [306.322798] Scanning /home/luna/.emacs.d/modules/editor/evil/autoload/embrace.el
    * [306.323692] Scanning /home/luna/.emacs.d/modules/editor/evil/autoload/evil.el
    * [306.325045] Scanning /home/luna/.emacs.d/modules/editor/evil/autoload/ex.el
    * [306.326241] Scanning /home/luna/.emacs.d/modules/editor/evil/autoload/files.el
    * [306.327216] Scanning /home/luna/.emacs.d/modules/editor/evil/autoload/textobjects.el
    * [306.328230] Scanning /home/luna/.emacs.d/modules/editor/evil/autoload/unimpaired.el
    * [306.329746] Scanning /home/luna/.emacs.d/modules/editor/file-templates/autoload.el
    * [306.330859] Scanning /home/luna/.emacs.d/modules/editor/fold/autoload/fold.el
    * [306.332038] Scanning /home/luna/.emacs.d/modules/editor/fold/autoload/hideshow.el
    * [306.333044] Scanning /home/luna/.emacs.d/modules/editor/format/autoload/evil.el
    * [306.333370] Scanning /home/luna/.emacs.d/modules/editor/format/autoload/format.el
    * [306.333763] Scanning /home/luna/.emacs.d/modules/editor/format/autoload/settings.el
    * [306.334308] Scanning /home/luna/.emacs.d/modules/editor/god/autoload.el
    * [306.334612] Scanning /home/luna/.emacs.d/modules/editor/multiple-cursors/autoload/evil-mc.el
    * [306.334967] Scanning /home/luna/.emacs.d/modules/editor/rotate-text/autoload.el
    * [306.335332] Scanning /home/luna/.emacs.d/modules/editor/snippets/autoload/settings.el
    * [306.336111] Scanning /home/luna/.emacs.d/modules/editor/snippets/autoload/snippets.el
    * [306.337626] Scanning /home/luna/.emacs.d/modules/editor/word-wrap/autoload.el
    * [306.337948] Scanning /home/luna/.emacs.d/modules/emacs/dired/autoload.el
    * [306.338709] Scanning /home/luna/.emacs.d/modules/emacs/electric/autoload.el
    * [306.339479] Scanning /home/luna/.emacs.d/modules/emacs/ibuffer/autoload/workspaces.el
    * [306.339851] Scanning /home/luna/.emacs.d/modules/emacs/vc/autoload/bug-reference-backport.el
    * [306.340305] Scanning /home/luna/.emacs.d/modules/emacs/vc/autoload/hydra.el
    * [306.340736] Scanning /home/luna/.emacs.d/modules/emacs/vc/autoload/vc.el
    * [306.341669] Scanning /home/luna/.emacs.d/modules/email/mu4e/autoload/advice.el
    * [306.342053] Scanning /home/luna/.emacs.d/modules/email/mu4e/autoload/email.el
    * [306.342553] Scanning /home/luna/.emacs.d/modules/email/mu4e/autoload/evil.el
    * [306.342885] Scanning /home/luna/.emacs.d/modules/email/mu4e/autoload/mu-lock.el
    * [306.343233] Scanning /home/luna/.emacs.d/modules/email/notmuch/autoload.el
    * [306.343551] Scanning /home/luna/.emacs.d/modules/email/wanderlust/autoload.el
    * [306.343845] Scanning /home/luna/.emacs.d/modules/input/layout/autoload/bepo.el
    * [306.344215] Scanning /home/luna/.emacs.d/modules/lang/beancount/autoload.el
    * [306.344539] Scanning /home/luna/.emacs.d/modules/lang/cc/autoload.el
    * [306.344899] Scanning /home/luna/.emacs.d/modules/lang/clojure/autoload.el
    * [306.345204] Scanning /home/luna/.emacs.d/modules/lang/common-lisp/autoload/common-lisp.el
    * [306.345533] Scanning /home/luna/.emacs.d/modules/lang/csharp/autoload.el
    * [306.345826] Scanning /home/luna/.emacs.d/modules/lang/emacs-lisp/autoload.el
    * [306.347363] Scanning /home/luna/.emacs.d/modules/lang/ess/autoload.el
    * [306.347663] Scanning /home/luna/.emacs.d/modules/lang/faust/autoload.el
    * [306.347957] Scanning /home/luna/.emacs.d/modules/lang/fortran/autoload.el
    * [306.348282] Scanning /home/luna/.emacs.d/modules/lang/go/autoload.el
    * [306.348610] Scanning /home/luna/.emacs.d/modules/lang/graphql/autoload.el
    * [306.348912] Scanning /home/luna/.emacs.d/modules/lang/haskell/autoload.el
    * [306.349206] Scanning /home/luna/.emacs.d/modules/lang/java/autoload/java.el
    * [306.349544] Scanning /home/luna/.emacs.d/modules/lang/java/autoload/lsp.el
    * [306.349865] Scanning /home/luna/.emacs.d/modules/lang/javascript/autoload.el
    * [306.350182] Scanning /home/luna/.emacs.d/modules/lang/julia/autoload.el
    * [306.350474] Scanning /home/luna/.emacs.d/modules/lang/kotlin/autoload.el
    * [306.350776] Scanning /home/luna/.emacs.d/modules/lang/latex/autoload.el
    * [306.351074] Scanning /home/luna/.emacs.d/modules/lang/lua/autoload/lua.el
    * [306.351397] Scanning /home/luna/.emacs.d/modules/lang/lua/autoload/moonscript.el
    * [306.351745] Scanning /home/luna/.emacs.d/modules/lang/markdown/autoload.el
    * [306.352782] Scanning /home/luna/.emacs.d/modules/lang/nix/autoload.el
    * [306.353098] Scanning /home/luna/.emacs.d/modules/lang/ocaml/autoload.el
    * [306.353392] Scanning /home/luna/.emacs.d/modules/lang/org/autoload/contrib-ipython.el
    * [306.353856] Scanning /home/luna/.emacs.d/modules/lang/org/autoload/contrib-present.el
    * [306.354301] Scanning /home/luna/.emacs.d/modules/lang/org/autoload/contrib-roam2.el
    * [306.354762] Scanning /home/luna/.emacs.d/modules/lang/org/autoload/org-attach.el
    * [306.355653] Scanning /home/luna/.emacs.d/modules/lang/org/autoload/org-avy.el
    * [306.356461] Scanning /home/luna/.emacs.d/modules/lang/org/autoload/org-babel.el
    * [306.357477] Scanning /home/luna/.emacs.d/modules/lang/org/autoload/org-capture.el
    * [306.358715] Scanning /home/luna/.emacs.d/modules/lang/org/autoload/org-export.el
    * [306.359589] Scanning /home/luna/.emacs.d/modules/lang/org/autoload/org-link.el
    * [306.360985] Scanning /home/luna/.emacs.d/modules/lang/org/autoload/org-refile.el
    * [306.362102] Scanning /home/luna/.emacs.d/modules/lang/org/autoload/org-tables.el
    * [306.363073] Scanning /home/luna/.emacs.d/modules/lang/org/autoload/org.el
    * [306.365186] Scanning /home/luna/.emacs.d/modules/lang/php/autoload.el
    * [306.365491] Scanning /home/luna/.emacs.d/modules/lang/plantuml/autoload.el
    * [306.365804] Scanning /home/luna/.emacs.d/modules/lang/python/autoload/conda.el
    * [306.366130] Scanning /home/luna/.emacs.d/modules/lang/python/autoload/pyenv.el
    * [306.366461] Scanning /home/luna/.emacs.d/modules/lang/python/autoload/python.el
    * [306.366798] Scanning /home/luna/.emacs.d/modules/lang/qt/autoload.el
    * [306.367092] Scanning /home/luna/.emacs.d/modules/lang/racket/autoload.el
    * [306.367384] Scanning /home/luna/.emacs.d/modules/lang/rest/autoload.el
    * [306.367674] Scanning /home/luna/.emacs.d/modules/lang/ruby/autoload.el
    * [306.367966] Scanning /home/luna/.emacs.d/modules/lang/rust/autoload.el
    * [306.368258] Scanning /home/luna/.emacs.d/modules/lang/scala/autoload.el
    * [306.368561] Scanning /home/luna/.emacs.d/modules/lang/scheme/autoload.el
    * [306.368872] Scanning /home/luna/.emacs.d/modules/lang/sh/autoload.el
    * [306.369695] Scanning /home/luna/.emacs.d/modules/lang/terra/autoload.el
    * [306.369991] Scanning /home/luna/.emacs.d/modules/lang/web/autoload/css.el
    * [306.370336] Scanning /home/luna/.emacs.d/modules/lang/web/autoload/evil.el
    * [306.370661] Scanning /home/luna/.emacs.d/modules/lang/web/autoload/html.el
    * [306.371025] Scanning /home/luna/.emacs.d/modules/os/macos/autoload.el
    * [306.371333] Scanning /home/luna/.emacs.d/modules/term/eshell/autoload/backport.el
    * [306.371691] Scanning /home/luna/.emacs.d/modules/term/eshell/autoload/commands.el
    * [306.372030] Scanning /home/luna/.emacs.d/modules/term/eshell/autoload/company.el
    * [306.372363] Scanning /home/luna/.emacs.d/modules/term/eshell/autoload/eshell.el
    * [306.372744] Scanning /home/luna/.emacs.d/modules/term/eshell/autoload/evil.el
    * [306.373109] Scanning /home/luna/.emacs.d/modules/term/eshell/autoload/prompts.el
    * [306.373445] Scanning /home/luna/.emacs.d/modules/term/eshell/autoload/settings.el
    * [306.373841] Scanning /home/luna/.emacs.d/modules/term/shell/autoload.el
    * [306.374161] Scanning /home/luna/.emacs.d/modules/term/term/autoload.el
    * [306.374460] Scanning /home/luna/.emacs.d/modules/term/vterm/autoload.el
    * [306.374764] Scanning /home/luna/.emacs.d/modules/tools/debugger/autoload/debugger.el
    * [306.375125] Scanning /home/luna/.emacs.d/modules/tools/debugger/autoload/evil.el
    * [306.375457] Scanning /home/luna/.emacs.d/modules/tools/editorconfig/autoload.el
    * [306.375804] Scanning /home/luna/.emacs.d/modules/tools/eval/autoload/eval.el
    * [306.377001] Scanning /home/luna/.emacs.d/modules/tools/eval/autoload/evil.el
    * [306.377956] Scanning /home/luna/.emacs.d/modules/tools/eval/autoload/repl.el
    * [306.378987] Scanning /home/luna/.emacs.d/modules/tools/eval/autoload/settings.el
    * [306.379998] Scanning /home/luna/.emacs.d/modules/tools/gist/autoload/evil.el
    * [306.380327] Scanning /home/luna/.emacs.d/modules/tools/lookup/autoload/docsets.el
    * [306.380921] Scanning /home/luna/.emacs.d/modules/tools/lookup/autoload/evil.el
    * [306.381860] Scanning /home/luna/.emacs.d/modules/tools/lookup/autoload/lookup.el
    * [306.383499] Scanning /home/luna/.emacs.d/modules/tools/lookup/autoload/online.el
    * [306.384502] Scanning /home/luna/.emacs.d/modules/tools/lookup/autoload/xwidget.el
    * [306.385309] Scanning /home/luna/.emacs.d/modules/tools/lsp/autoload/common.el
    * [306.385656] Scanning /home/luna/.emacs.d/modules/tools/lsp/autoload/eglot.el
    * [306.386032] Scanning /home/luna/.emacs.d/modules/tools/lsp/autoload/flycheck-eglot.el
    * [306.386375] Scanning /home/luna/.emacs.d/modules/tools/lsp/autoload/lsp-mode.el
    * [306.386748] Scanning /home/luna/.emacs.d/modules/tools/magit/autoload.el
    * [306.387804] Scanning /home/luna/.emacs.d/modules/tools/make/autoload.el
    * [306.388106] Scanning /home/luna/.emacs.d/modules/tools/pass/autoload/consult.el
    * [306.388437] Scanning /home/luna/.emacs.d/modules/tools/pass/autoload/ivy.el
    * [306.388760] Scanning /home/luna/.emacs.d/modules/tools/pass/autoload/pass.el
    * [306.389097] Scanning /home/luna/.emacs.d/modules/tools/prodigy/autoload.el
    * [306.389392] Scanning /home/luna/.emacs.d/modules/tools/rgb/autoload.el
    * [306.389683] Scanning /home/luna/.emacs.d/modules/tools/taskrunner/autoload.el
    * [306.389975] Scanning /home/luna/.emacs.d/modules/tools/tmux/autoload/evil.el
    * [306.390304] Scanning /home/luna/.emacs.d/modules/tools/tmux/autoload/tmux.el
    * [306.390659] Scanning /home/luna/.emacs.d/modules/tools/tree-sitter/autoload.el
    * [306.390972] Scanning /home/luna/.emacs.d/modules/ui/doom-dashboard/autoload.el
    * [306.391889] Scanning /home/luna/.emacs.d/modules/ui/hydra/autoload/windows.el
    * [306.392228] Scanning /home/luna/.emacs.d/modules/ui/ligatures/autoload/install.el
    * [306.392577] Scanning /home/luna/.emacs.d/modules/ui/ligatures/autoload/ligatures.el
    * [306.393022] Scanning /home/luna/.emacs.d/modules/ui/modeline/autoload.el
    * [306.393876] Scanning /home/luna/.emacs.d/modules/ui/nav-flash/autoload.el
    * [306.394198] Scanning /home/luna/.emacs.d/modules/ui/neotree/autoload.el
    * [306.394508] Scanning /home/luna/.emacs.d/modules/ui/popup/autoload/popup.el
    * [306.396685] Scanning /home/luna/.emacs.d/modules/ui/popup/autoload/settings.el
    * [306.397938] Scanning /home/luna/.emacs.d/modules/ui/tabs/autoload.el
    * [306.398241] Scanning /home/luna/.emacs.d/modules/ui/treemacs/autoload.el
    * [306.398542] Scanning /home/luna/.emacs.d/modules/ui/unicode/autoload.el
    * [306.398838] Scanning /home/luna/.emacs.d/modules/ui/vc-gutter/autoload.el
    * [306.399235] Scanning /home/luna/.emacs.d/modules/ui/vi-tilde-fringe/autoload.el
    * [306.399924] Scanning /home/luna/.emacs.d/modules/ui/workspaces/autoload/evil.el
    * [306.400895] Scanning /home/luna/.emacs.d/modules/ui/workspaces/autoload/workspaces.el
    * [306.403269] Scanning /home/luna/.emacs.d/modules/ui/zen/autoload.el
    * [306.410223] Scanning /home/luna/.emacs.d/.local/straight/build-28.1/straight/straight-autoloads.el
    * [306.410930] Scanning /home/luna/.emacs.d/.local/straight/build-28.1/use-package/use-package-autoloads.el
    * [306.411553] Scanning /home/luna/.emacs.d/.local/straight/build-28.1/bind-key/bind-key-autoloads.el
    * [306.412104] Scanning /home/luna/.emacs.d/.local/straight/build-28.1/auto-minor-mode/auto-minor-mode-autoloads.el
    * [306.412571] Scanning /home/luna/.emacs.d/.local/straight/build-28.1/gcmh/gcmh-autoloads.el
    * [306.413011] Scanning /home/luna/.emacs.d/.local/straight/build-28.1/explain-pause-mode/explain-pause-mode-autoloads.el
    * [306.413444] Scanning /home/luna/.emacs.d/.local/straight/build-28.1/all-the-icons/all-the-icons-autoloads.el
    * [306.413949] Scanning /home/luna/.emacs.d/.local/straight/build-28.1/hide-mode-line/hide-mode-line-autoloads.el
    * [306.414469] Scanning /home/luna/.emacs.d/.local/straight/build-28.1/highlight-numbers/highlight-numbers-autoloads.el
    * [306.414895] Scanning /home/luna/.emacs.d/.local/straight/build-28.1/parent-mode/parent-mode-autoloads.el
    * [306.415298] Scanning /home/luna/.emacs.d/.local/straight/build-28.1/rainbow-delimiters/rainbow-delimiters-autoloads.el
    * [306.415752] Scanning /home/luna/.emacs.d/.local/straight/build-28.1/restart-emacs/restart-emacs-autoloads.el
    * [306.416231] Scanning /home/luna/.emacs.d/.local/straight/build-28.1/better-jumper/better-jumper-autoloads.el
    * [306.416670] Scanning /home/luna/.emacs.d/.local/straight/build-28.1/dtrt-indent/dtrt-indent-autoloads.el
    * [306.417211] Scanning /home/luna/.emacs.d/.local/straight/build-28.1/helpful/helpful-autoloads.el
    * [306.417672] Scanning /home/luna/.emacs.d/.local/straight/build-28.1/dash/dash-autoloads.el
    * [306.418203] Scanning /home/luna/.emacs.d/.local/straight/build-28.1/s/s-autoloads.el
    * [306.418586] Scanning /home/luna/.emacs.d/.local/straight/build-28.1/f/f-autoloads.el
    * [306.418969] Scanning /home/luna/.emacs.d/.local/straight/build-28.1/elisp-refs/elisp-refs-autoloads.el
    * [306.419442] Scanning /home/luna/.emacs.d/.local/straight/build-28.1/pcre2el/pcre2el-autoloads.el
    * [306.419964] Scanning /home/luna/.emacs.d/.local/straight/build-28.1/smartparens/smartparens-autoloads.el
    * [306.420654] Scanning /home/luna/.emacs.d/.local/straight/build-28.1/ws-butler/ws-butler-autoloads.el
    * [306.421151] Scanning /home/luna/.emacs.d/.local/straight/build-28.1/projectile/projectile-autoloads.el
    * [306.421906] Scanning /home/luna/.emacs.d/.local/straight/build-28.1/project/project-autoloads.el
    * [306.422459] Scanning /home/luna/.emacs.d/.local/straight/build-28.1/xref/xref-autoloads.el
    * [306.422916] Scanning /home/luna/.emacs.d/.local/straight/build-28.1/general/general-autoloads.el
    * [306.423612] Scanning /home/luna/.emacs.d/.local/straight/build-28.1/which-key/which-key-autoloads.el
    * [306.424127] Scanning /home/luna/.emacs.d/.local/straight/build-28.1/company/company-autoloads.el
    * [306.424827] Scanning /home/luna/.emacs.d/.local/straight/build-28.1/company-dict/company-dict-autoloads.el
    * [306.425261] Scanning /home/luna/.emacs.d/.local/straight/build-28.1/vertico/vertico-autoloads.el
    * [306.425964] Scanning /home/luna/.emacs.d/.local/straight/build-28.1/orderless/orderless-autoloads.el
    * [306.426446] Scanning /home/luna/.emacs.d/.local/straight/build-28.1/consult/consult-autoloads.el
    * [306.427235] Scanning /home/luna/.emacs.d/.local/straight/build-28.1/compat/compat-autoloads.el
    * [306.427661] Scanning /home/luna/.emacs.d/.local/straight/build-28.1/consult-dir/consult-dir-autoloads.el
    * [306.428087] Scanning /home/luna/.emacs.d/.local/straight/build-28.1/consult-flycheck/consult-flycheck-autoloads.el
    * [306.428495] Scanning /home/luna/.emacs.d/.local/straight/build-28.1/flycheck/flycheck-autoloads.el
    * [306.429131] Scanning /home/luna/.emacs.d/.local/straight/build-28.1/pkg-info/pkg-info-autoloads.el
    * [306.429590] Scanning /home/luna/.emacs.d/.local/straight/build-28.1/epl/epl-autoloads.el
    * [306.429971] Scanning /home/luna/.emacs.d/.local/straight/build-28.1/embark/embark-autoloads.el
    * [306.430456] Scanning /home/luna/.emacs.d/.local/straight/build-28.1/embark-consult/embark-consult-autoloads.el
    * [306.430850] Scanning /home/luna/.emacs.d/.local/straight/build-28.1/marginalia/marginalia-autoloads.el
    * [306.431308] Scanning /home/luna/.emacs.d/.local/straight/build-28.1/wgrep/wgrep-autoloads.el
    * [306.431704] Scanning /home/luna/.emacs.d/.local/straight/build-28.1/doom-themes/doom-themes-autoloads.el
    * [306.432739] Scanning /home/luna/.emacs.d/.local/straight/build-28.1/solaire-mode/solaire-mode-autoloads.el
    * [306.433246] Scanning /home/luna/.emacs.d/.local/straight/build-28.1/hl-todo/hl-todo-autoloads.el
    * [306.433849] Scanning /home/luna/.emacs.d/.local/straight/build-28.1/doom-modeline/doom-modeline-autoloads.el
    * [306.434347] Scanning /home/luna/.emacs.d/.local/straight/build-28.1/shrink-path/shrink-path-autoloads.el
    * [306.434769] Scanning /home/luna/.emacs.d/.local/straight/build-28.1/anzu/anzu-autoloads.el
    * [306.435317] Scanning /home/luna/.emacs.d/.local/straight/build-28.1/evil-anzu/evil-anzu-autoloads.el
    * [306.435709] Scanning /home/luna/.emacs.d/.local/straight/build-28.1/evil/evil-autoloads.el
    * [306.436254] Scanning /home/luna/.emacs.d/.local/straight/build-28.1/goto-chg/goto-chg-autoloads.el
    * [306.436731] Scanning /home/luna/.emacs.d/.local/straight/build-28.1/evil-goggles/evil-goggles-autoloads.el
    * [306.437189] Scanning /home/luna/.emacs.d/.local/straight/build-28.1/git-gutter-fringe/git-gutter-fringe-autoloads.el
    * [306.437578] Scanning /home/luna/.emacs.d/.local/straight/build-28.1/git-gutter/git-gutter-autoloads.el
    * [306.438073] Scanning /home/luna/.emacs.d/.local/straight/build-28.1/fringe-helper/fringe-helper-autoloads.el
    * [306.438487] Scanning /home/luna/.emacs.d/.local/straight/build-28.1/vi-tilde-fringe/vi-tilde-fringe-autoloads.el
    * [306.438976] Scanning /home/luna/.emacs.d/.local/straight/build-28.1/persp-mode/persp-mode-autoloads.el
    * [306.439496] Scanning /home/luna/.emacs.d/.local/straight/build-28.1/evil-args/evil-args-autoloads.el
    * [306.439921] Scanning /home/luna/.emacs.d/.local/straight/build-28.1/evil-easymotion/evil-easymotion-autoloads.el
    * [306.440493] Scanning /home/luna/.emacs.d/.local/straight/build-28.1/avy/avy-autoloads.el
    * [306.441091] Scanning /home/luna/.emacs.d/.local/straight/build-28.1/evil-embrace/evil-embrace-autoloads.el
    * [306.441500] Scanning /home/luna/.emacs.d/.local/straight/build-28.1/embrace/embrace-autoloads.el
    * [306.441940] Scanning /home/luna/.emacs.d/.local/straight/build-28.1/expand-region/expand-region-autoloads.el
    * [306.442605] Scanning /home/luna/.emacs.d/.local/straight/build-28.1/evil-surround/evil-surround-autoloads.el
    * [306.443162] Scanning /home/luna/.emacs.d/.local/straight/build-28.1/evil-escape/evil-escape-autoloads.el
    * [306.443616] Scanning /home/luna/.emacs.d/.local/straight/build-28.1/evil-exchange/evil-exchange-autoloads.el
    * [306.444044] Scanning /home/luna/.emacs.d/.local/straight/build-28.1/evil-indent-plus/evil-indent-plus-autoloads.el
    * [306.444488] Scanning /home/luna/.emacs.d/.local/straight/build-28.1/evil-lion/evil-lion-autoloads.el
    * [306.444964] Scanning /home/luna/.emacs.d/.local/straight/build-28.1/evil-nerd-commenter/evil-nerd-commenter-autoloads.el
    * [306.445466] Scanning /home/luna/.emacs.d/.local/straight/build-28.1/evil-numbers/evil-numbers-autoloads.el
    * [306.445881] Scanning /home/luna/.emacs.d/.local/straight/build-28.1/evil-snipe/evil-snipe-autoloads.el
    * [306.446348] Scanning /home/luna/.emacs.d/.local/straight/build-28.1/evil-textobj-anyblock/evil-textobj-anyblock-autoloads.el
    * [306.446835] Scanning /home/luna/.emacs.d/.local/straight/build-28.1/evil-traces/evil-traces-autoloads.el
    * [306.447295] Scanning /home/luna/.emacs.d/.local/straight/build-28.1/evil-visualstar/evil-visualstar-autoloads.el
    * [306.447807] Scanning /home/luna/.emacs.d/.local/straight/build-28.1/exato/exato-autoloads.el
    * [306.448191] Scanning /home/luna/.emacs.d/.local/straight/build-28.1/evil-quick-diff/evil-quick-diff-autoloads.el
    * [306.448616] Scanning /home/luna/.emacs.d/.local/straight/build-28.1/evil-collection/evil-collection-autoloads.el
    * [306.449061] Scanning /home/luna/.emacs.d/.local/straight/build-28.1/annalist/annalist-autoloads.el
    * [306.449511] Scanning /home/luna/.emacs.d/.local/straight/build-28.1/yasnippet/yasnippet-autoloads.el
    * [306.450019] Scanning /home/luna/.emacs.d/.local/straight/build-28.1/vimish-fold/vimish-fold-autoloads.el
    * [306.450461] Scanning /home/luna/.emacs.d/.local/straight/build-28.1/evil-vimish-fold/evil-vimish-fold-autoloads.el
    * [306.450978] Scanning /home/luna/.emacs.d/.local/straight/build-28.1/auto-yasnippet/auto-yasnippet-autoloads.el
    * [306.451446] Scanning /home/luna/.emacs.d/.local/straight/build-28.1/doom-snippets/doom-snippets-autoloads.el
    * [306.451885] Scanning /home/luna/.emacs.d/.local/straight/build-28.1/diredfl/diredfl-autoloads.el
    * [306.452373] Scanning /home/luna/.emacs.d/.local/straight/build-28.1/dired-git-info/dired-git-info-autoloads.el
    * [306.452814] Scanning /home/luna/.emacs.d/.local/straight/build-28.1/diff-hl/diff-hl-autoloads.el
    * [306.453419] Scanning /home/luna/.emacs.d/.local/straight/build-28.1/dired-rsync/dired-rsync-autoloads.el
    * [306.453842] Scanning /home/luna/.emacs.d/.local/straight/build-28.1/fd-dired/fd-dired-autoloads.el
    * [306.454281] Scanning /home/luna/.emacs.d/.local/straight/build-28.1/undo-fu/undo-fu-autoloads.el
    * [306.454714] Scanning /home/luna/.emacs.d/.local/straight/build-28.1/undo-fu-session/undo-fu-session-autoloads.el
    * [306.455219] Scanning /home/luna/.emacs.d/.local/straight/build-28.1/browse-at-remote/browse-at-remote-autoloads.el
    * [306.455650] Scanning /home/luna/.emacs.d/.local/straight/build-28.1/git-commit/git-commit-autoloads.el
    * [306.456075] Scanning /home/luna/.emacs.d/.local/straight/build-28.1/transient/transient-autoloads.el
    * [306.456621] Scanning /home/luna/.emacs.d/.local/straight/build-28.1/with-editor/with-editor-autoloads.el
    * [306.457061] Scanning /home/luna/.emacs.d/.local/straight/build-28.1/git-timemachine/git-timemachine-autoloads.el
    * [306.457486] Scanning /home/luna/.emacs.d/.local/straight/build-28.1/git-modes/git-modes-autoloads.el
    * [306.457967] Scanning /home/luna/.emacs.d/.local/straight/build-28.1/flycheck-popup-tip/flycheck-popup-tip-autoloads.el
    * [306.458407] Scanning /home/luna/.emacs.d/.local/straight/build-28.1/popup/popup-autoloads.el
    * [306.458792] Scanning /home/luna/.emacs.d/.local/straight/build-28.1/quickrun/quickrun-autoloads.el
    * [306.459317] Scanning /home/luna/.emacs.d/.local/straight/build-28.1/eros/eros-autoloads.el
    * [306.459771] Scanning /home/luna/.emacs.d/.local/straight/build-28.1/dumb-jump/dumb-jump-autoloads.el
    * [306.460332] Scanning /home/luna/.emacs.d/.local/straight/build-28.1/request/request-autoloads.el
    * [306.460719] Scanning /home/luna/.emacs.d/.local/straight/build-28.1/magit/magit-autoloads.el
    * [306.462649] Scanning /home/luna/.emacs.d/.local/straight/build-28.1/magit-section/magit-section-autoloads.el
    * [306.463058] Scanning /home/luna/.emacs.d/.local/straight/build-28.1/magit-gitflow/magit-gitflow-autoloads.el
    * [306.463461] Scanning /home/luna/.emacs.d/.local/straight/build-28.1/magit-popup/magit-popup-autoloads.el
    * [306.463851] Scanning /home/luna/.emacs.d/.local/straight/build-28.1/magit-todos/magit-todos-autoloads.el
    * [306.464322] Scanning /home/luna/.emacs.d/.local/straight/build-28.1/async/async-autoloads.el
    * [306.464930] Scanning /home/luna/.emacs.d/.local/straight/build-28.1/code-review/code-review-autoloads.el
    * [306.465570] Scanning /home/luna/.emacs.d/.local/straight/build-28.1/closql/closql-autoloads.el
    * [306.465959] Scanning /home/luna/.emacs.d/.local/straight/build-28.1/a/a-autoloads.el
    * [306.466342] Scanning /home/luna/.emacs.d/.local/straight/build-28.1/ghub/ghub-autoloads.el
    * [306.466806] Scanning /home/luna/.emacs.d/.local/straight/build-28.1/treepy/treepy-autoloads.el
    * [306.467191] Scanning /home/luna/.emacs.d/.local/straight/build-28.1/uuidgen/uuidgen-autoloads.el
    * [306.467603] Scanning /home/luna/.emacs.d/.local/straight/build-28.1/deferred/deferred-autoloads.el
    * [306.467989] Scanning /home/luna/.emacs.d/.local/straight/build-28.1/markdown-mode/markdown-mode-autoloads.el
    * [306.468462] Scanning /home/luna/.emacs.d/.local/straight/build-28.1/forge/forge-autoloads.el
    * [306.469139] Scanning /home/luna/.emacs.d/.local/straight/build-28.1/emacsql-sqlite/emacsql-sqlite-autoloads.el
    * [306.469534] Scanning /home/luna/.emacs.d/.local/straight/build-28.1/emacsql/emacsql-autoloads.el
    * [306.469951] Scanning /home/luna/.emacs.d/.local/straight/build-28.1/yaml/yaml-autoloads.el
    * [306.470334] Scanning /home/luna/.emacs.d/.local/straight/build-28.1/emojify/emojify-autoloads.el
    * [306.470777] Scanning /home/luna/.emacs.d/.local/straight/build-28.1/ht/ht-autoloads.el
    * [306.471157] Scanning /home/luna/.emacs.d/.local/straight/build-28.1/highlight-quoted/highlight-quoted-autoloads.el
    * [306.471580] Scanning /home/luna/.emacs.d/.local/straight/build-28.1/macrostep/macrostep-autoloads.el
    * [306.472092] Scanning /home/luna/.emacs.d/.local/straight/build-28.1/overseer/overseer-autoloads.el
    * [306.472564] Scanning /home/luna/.emacs.d/.local/straight/build-28.1/elisp-def/elisp-def-autoloads.el
    * [306.472992] Scanning /home/luna/.emacs.d/.local/straight/build-28.1/elisp-demos/elisp-demos-autoloads.el
    * [306.473405] Scanning /home/luna/.emacs.d/.local/straight/build-28.1/flycheck-package/flycheck-package-autoloads.el
    * [306.473824] Scanning /home/luna/.emacs.d/.local/straight/build-28.1/package-lint/package-lint-autoloads.el
    * [306.474284] Scanning /home/luna/.emacs.d/.local/straight/build-28.1/flycheck-cask/flycheck-cask-autoloads.el
    * [306.474703] Scanning /home/luna/.emacs.d/.local/straight/build-28.1/buttercup/buttercup-autoloads.el
    * [306.475214] Scanning /home/luna/.emacs.d/.local/straight/build-28.1/markdown-toc/markdown-toc-autoloads.el
    * [306.475723] Scanning /home/luna/.emacs.d/.local/straight/build-28.1/edit-indirect/edit-indirect-autoloads.el
    * [306.476190] Scanning /home/luna/.emacs.d/.local/straight/build-28.1/evil-markdown/evil-markdown-autoloads.el
    * [306.476620] Scanning /home/luna/.emacs.d/.local/straight/build-28.1/org/org-autoloads.el
    * [306.477614] Scanning /home/luna/.emacs.d/.local/straight/build-28.1/org-contrib/org-contrib-autoloads.el
    * [306.478267] Scanning /home/luna/.emacs.d/.local/straight/build-28.1/htmlize/htmlize-autoloads.el
    * [306.478810] Scanning /home/luna/.emacs.d/.local/straight/build-28.1/org-yt/org-yt-autoloads.el
    * [306.479195] Scanning /home/luna/.emacs.d/.local/straight/build-28.1/ox-clip/ox-clip-autoloads.el
    * [306.479620] Scanning /home/luna/.emacs.d/.local/straight/build-28.1/toc-org/toc-org-autoloads.el
    * [306.480043] Scanning /home/luna/.emacs.d/.local/straight/build-28.1/org-cliplink/org-cliplink-autoloads.el
    * [306.480519] Scanning /home/luna/.emacs.d/.local/straight/build-28.1/evil-org/evil-org-autoloads.el
    * [306.480993] Scanning /home/luna/.emacs.d/.local/straight/build-28.1/orgit/orgit-autoloads.el
    * [306.481560] Scanning /home/luna/.emacs.d/.local/straight/build-28.1/ob-async/ob-async-autoloads.el
    * [306.482009] Scanning /home/luna/.emacs.d/.local/straight/build-28.1/company-shell/company-shell-autoloads.el
    * [306.482444] Scanning /home/luna/.emacs.d/.local/straight/build-28.1/drag-stuff/drag-stuff-autoloads.el
    * [306.482980] Scanning /home/luna/.emacs.d/.local/straight/build-28.1/link-hint/link-hint-autoloads.el
  > Byte-compiling autoloads file...
  ✓ Generated .local/autoloads.28.1.elc
Deploying commit-msg and pre-push git hooks
    * [306.596976] doom-cli-call: (doom env) -> (doom ci deploy-hooks)
    * [306.597052] doom-cli-context-execute: found (doom)
    * [306.597229] Autoloading /home/luna/.emacs.d/core/cli/ci.el
    * [306.603017] doom-cli-context-execute: found (doom ci)
    * [306.603194] doom-cli-context-execute: found (doom ci deploy-hooks)
    * [306.603364] doom-cli-context-execute: doom ci deploy-hooks
    * [306.603592] doom-cli-execute: (:before) ((input) (context . #s(doom-cli-context (25300 21351 670796 360000) 19145 1 (235 . 54) nil nil doom nil nil (doom ci deploy-hooks) nil (install) ((--deny) (-d) (--allow) (-a) (-o) (--deny-all) (--allow-all) (--hooks) (--fonts) (--install) (--env) (--config) (--eval) (-E) (--strict-load) (--load) (-L) (--color) (--pager) (--emacsdir) (--doomdir) (--debug) (-D) (--force) (-!)) ((t) ((doom ci deploy-hooks)) ((doom ci) deploy-hooks) ((doom) ci deploy-hooks))  *doom-cli stdin*  *doom-cli stdout*  *doom-cli stderr* nil)) (_) (evals) (loads) (color?) (pager) (emacsdir) (doomdir) (debug?) (force?))
    * [306.603642] doom-cli-execute: (:before doom ci) ((_))
  - Loaded "/home/luna/.emacs.d/ci.el"
    * [306.605895] doom-cli-execute: (doom ci deploy-hooks) ((force))
    ✓ Created ~/.emacs.d/.git/hooks/commit-msg
    ✓ Created ~/.emacs.d/.git/hooks/pre-push
Contacting host: raw.githubusercontent.com:443
Contacting host: raw.githubusercontent.com:443
Fonts downloaded, updating font cache... <fc-cache -f -v> 
 Successfully installed `all-the-icons' fonts to `/home/luna/.local/share/fonts/'!
✓  Finished! Doom is ready to go!

But before you doom yourself, here are some things you should know:

1. Don't forget to run 'doom sync', then restart Emacs, after modifying
   ~/.doom.d/init.el or ~/.doom.d/packages.el.

   This command ensures needed packages are installed, orphaned packages are
   removed, and your autoloads/cache files are up to date. When in doubt, run
   'doom sync'!

2. If something goes wrong, run `doom doctor`. It diagnoses common issues with
   your environment and setup, and may offer clues about what is wrong.

3. Use 'doom upgrade' to update Doom. Doing it any other way will require
   additional steps. Run 'doom help upgrade' to understand those extra steps.

4. Access Doom's documentation from within Emacs via 'SPC h d h' or 'C-h d h'
   (or 'M-x doom/help')

Have fun!

✓ Finished in 7m 17s
* [437.216924] GC count: 1 (0.430702s)
