* [0.073540] Starting!
* [0.073572] doom-cli-run: (emacs --no-splash --load /home/luna/.emacs.d/bin/doom -- sync -e)
* [0.073671] Starting!
* [0.073703] doom-cli-run: (emacs --no-splash --load /home/luna/.emacs.d/bin/doom -- sync -e)
* [0.073766] doom-cli-context-execute: found (doom)
* [0.073968] Autoloading /home/luna/.emacs.d/core/cli/sync.el
* [0.082909] doom-cli-context-execute: found (doom sync)
* [0.083133] Found switch: -e
* [0.083306] doom-cli-context-execute: doom sync
* [0.083547] doom-cli-execute: (:before) ((input) (context . #s(doom-cli-context (25300 28874 13269 788000) 39513 1 (236 . 15) nil nil doom nil nil (doom sync) nil (sync -e) ((--jobs) (-j) (-p) (-u) (-c) (-e . -e) (--eval) (-E) (--strict-load) (--load) (-L) (--color) (--pager) (--emacsdir) (--doomdir) (--debug) (-D) (--force) (-!)) ((t) ((doom sync) -e) ((doom) sync -e))  *doom-cli stdin*  *doom-cli stdout*  *doom-cli stderr* nil)) (_) (evals) (loads) (color?) (pager) (emacsdir) (doomdir) (debug?) (force?))
* [0.083590] doom-cli-execute: (:before doom build) nil
* [0.098721] Initializing straight
* [0.142407] Initializing recipes
* [0.146277] Installing core packages
* [0.146702] doom-cli-execute: (doom sync) ((jobs) (purge?) (update?) (noelc?) (noenvvar? . -e))
> Compiling your literate config...
  Tangled 3 code blocks from config.org
Restarting...
* [0.073822] Restored context: 39513
* [0.073888] Autoloading /home/luna/.emacs.d/core/cli/sync.el
* [0.082368] doom-cli-context-execute: doom sync
* [0.082635] doom-cli-execute: (:before) ((input) (context . #s(doom-cli-context (25300 28874 13269 788000) 39513 2 (236 . 15) nil nil doom nil nil (doom sync) nil (sync -e) ((--jobs) (-j) (-p) (-u) (-c) (-e . -e) (--eval) (-E) (--strict-load) (--load) (-L) (--color) (--pager) (--emacsdir) (--doomdir) (--debug) (-D) (--force) (-!)) ((t) ((doom sync) -e) ((doom) sync -e))  *doom-cli stdin*  *doom-cli stdout*  *doom-cli stderr* nil)) (_) (evals) (loads) (color?) (pager) (emacsdir) (doomdir) (debug?) (force?))
* [0.082684] doom-cli-execute: (:before doom build) nil
* [0.097373] Initializing straight
* [0.142015] Initializing recipes
* [0.144140] Installing core packages
* [0.144491] doom-cli-execute: (doom sync) ((jobs) (purge?) (update?) (noelc?) (noenvvar? . -e))
> Synchronizing your config with Doom Emacs...
    * [0.144752] Initializing package.el
    * [0.165381] Initializing straight.el
  > Installing packages...
    > Building xref...
    File mode specification error: (file-missing Cannot open load file No such file or directory pkg-info)
      INFO     Scraping files for xref-autoloads.el... 
      INFO     Scraping files for xref-autoloads.el...done
    > Building compat...
    File mode specification error: (file-missing Cannot open load file No such file or directory pkg-info)
      INFO     Scraping files for compat-autoloads.el... 
      INFO     Scraping files for compat-autoloads.el...done
    - Checked out minimap: ed7490652a676c0510ed57d5366c445de20a370b
    > Building minimap...
      INFO     Scraping files for minimap-autoloads.el... 
      INFO     Scraping files for minimap-autoloads.el...done
    - Checked out rainbow-mode: 55a8c15782197cd9db8950d2f5ed1b9caca08dae
    > Building rainbow-mode...
      INFO     Scraping files for rainbow-mode-autoloads.el... 
      INFO     Scraping files for rainbow-mode-autoloads.el...done
    ✓ Installed 4 packages
  > (Re)building packages...
    - No packages need rebuilding
  > Purging orphaned packages (for the emperor)...
    - No builds to purge
    - Skipping elpa packages
    - Skipping repos
    - Skipping regrafting
  > (Re)generating autoloads file...
    > Generating autoloads file...
        * [3.571306] Scanning /home/luna/.emacs.d/core/autoload/buffers.el
        * [3.573567] Scanning /home/luna/.emacs.d/core/autoload/config.el
        * [3.574599] Scanning /home/luna/.emacs.d/core/autoload/debug.el
        * [3.576382] Scanning /home/luna/.emacs.d/core/autoload/files.el
        * [3.577935] Scanning /home/luna/.emacs.d/core/autoload/fonts.el
        * [3.579509] Scanning /home/luna/.emacs.d/core/autoload/help.el
        * [3.582028] Scanning /home/luna/.emacs.d/core/autoload/packages.el
        * [3.583390] Scanning /home/luna/.emacs.d/core/autoload/plist.el
        * [3.584311] Scanning /home/luna/.emacs.d/core/autoload/print.el
        * [3.586176] Scanning /home/luna/.emacs.d/core/autoload/process.el
        * [3.587040] Scanning /home/luna/.emacs.d/core/autoload/projects.el
        * [3.588391] Scanning /home/luna/.emacs.d/core/autoload/sandbox.el
        * [3.589396] Scanning /home/luna/.emacs.d/core/autoload/scratch.el
        * [3.590630] Scanning /home/luna/.emacs.d/core/autoload/sessions.el
        * [3.591758] Scanning /home/luna/.emacs.d/core/autoload/store.el
        * [3.592947] Scanning /home/luna/.emacs.d/core/autoload/system.el
        * [3.593860] Scanning /home/luna/.emacs.d/core/autoload/text.el
        * [3.595563] Scanning /home/luna/.emacs.d/core/autoload/themes.el
        * [3.596547] Scanning /home/luna/.emacs.d/core/autoload/ui.el
        * [3.598090] Scanning /home/luna/.emacs.d/modules/app/calendar/autoload.el
        * [3.598502] Scanning /home/luna/.emacs.d/modules/app/emms/autoload.el
        * [3.598868] Scanning /home/luna/.emacs.d/modules/app/irc/autoload/irc.el
        * [3.599284] Scanning /home/luna/.emacs.d/modules/app/irc/autoload/ivy.el
        * [3.599744] Scanning /home/luna/.emacs.d/modules/app/irc/autoload/settings.el
        * [3.600256] Scanning /home/luna/.emacs.d/modules/app/irc/autoload/vertico.el
        * [3.600751] Scanning /home/luna/.emacs.d/modules/app/rss/autoload.el
        * [3.601137] Scanning /home/luna/.emacs.d/modules/app/twitter/autoload.el
        * [3.601514] Scanning /home/luna/.emacs.d/modules/checkers/spell/autoload/+flyspell.el
        * [3.601994] Scanning /home/luna/.emacs.d/modules/checkers/spell/autoload/+spell-fu.el
        * [3.602507] Scanning /home/luna/.emacs.d/modules/checkers/syntax/autoload.el
        * [3.603396] Scanning /home/luna/.emacs.d/modules/completion/company/autoload.el
        * [3.604576] Scanning /home/luna/.emacs.d/modules/completion/helm/autoload/evil.el
        * [3.604996] Scanning /home/luna/.emacs.d/modules/completion/helm/autoload/helm.el
        * [3.605434] Scanning /home/luna/.emacs.d/modules/completion/helm/autoload/posframe.el
        * [3.605864] Scanning /home/luna/.emacs.d/modules/completion/ivy/autoload/evil.el
        * [3.606320] Scanning /home/luna/.emacs.d/modules/completion/ivy/autoload/hydras.el
        * [3.606727] Scanning /home/luna/.emacs.d/modules/completion/ivy/autoload/ivy.el
        * [3.607210] Scanning /home/luna/.emacs.d/modules/completion/ivy/autoload/posframe.el
        * [3.607615] Scanning /home/luna/.emacs.d/modules/completion/vertico/autoload/evil.el
        * [3.618242] Scanning /home/luna/.emacs.d/modules/completion/vertico/autoload/magit.el
        * [3.619113] Scanning /home/luna/.emacs.d/modules/completion/vertico/autoload/vertico.el
        * [3.620692] Scanning /home/luna/.emacs.d/modules/completion/vertico/autoload/workspaces.el
        * [3.621730] Scanning /home/luna/.emacs.d/modules/config/default/autoload/default.el
        * [3.622793] Scanning /home/luna/.emacs.d/modules/config/default/autoload/deferred.el
        * [3.623696] Scanning /home/luna/.emacs.d/modules/config/default/autoload/files.el
        * [3.624726] Scanning /home/luna/.emacs.d/modules/config/default/autoload/search.el
        * [3.625914] Scanning /home/luna/.emacs.d/modules/config/default/autoload/text.el
        * [3.627275] Scanning /home/luna/.emacs.d/modules/config/literate/autoload.el
        * [3.628333] Scanning /home/luna/.emacs.d/modules/editor/evil/autoload/advice.el
        * [3.629938] Scanning /home/luna/.emacs.d/modules/editor/evil/autoload/embrace.el
        * [3.630955] Scanning /home/luna/.emacs.d/modules/editor/evil/autoload/evil.el
        * [3.632371] Scanning /home/luna/.emacs.d/modules/editor/evil/autoload/ex.el
        * [3.633725] Scanning /home/luna/.emacs.d/modules/editor/evil/autoload/files.el
        * [3.634732] Scanning /home/luna/.emacs.d/modules/editor/evil/autoload/textobjects.el
        * [3.635902] Scanning /home/luna/.emacs.d/modules/editor/evil/autoload/unimpaired.el
        * [3.637763] Scanning /home/luna/.emacs.d/modules/editor/file-templates/autoload.el
        * [3.639014] Scanning /home/luna/.emacs.d/modules/editor/fold/autoload/fold.el
        * [3.640323] Scanning /home/luna/.emacs.d/modules/editor/fold/autoload/hideshow.el
        * [3.641319] Scanning /home/luna/.emacs.d/modules/editor/format/autoload/evil.el
        * [3.642281] Scanning /home/luna/.emacs.d/modules/editor/format/autoload/format.el
        * [3.651714] Scanning /home/luna/.emacs.d/modules/editor/format/autoload/settings.el
        * [3.653090] Scanning /home/luna/.emacs.d/modules/editor/god/autoload.el
        * [3.653504] Scanning /home/luna/.emacs.d/modules/editor/multiple-cursors/autoload/evil-mc.el
        * [3.654769] Scanning /home/luna/.emacs.d/modules/editor/rotate-text/autoload.el
        * [3.655212] Scanning /home/luna/.emacs.d/modules/editor/snippets/autoload/settings.el
        * [3.656071] Scanning /home/luna/.emacs.d/modules/editor/snippets/autoload/snippets.el
        * [3.657716] Scanning /home/luna/.emacs.d/modules/editor/word-wrap/autoload.el
        * [3.658122] Scanning /home/luna/.emacs.d/modules/emacs/dired/autoload.el
        * [3.658921] Scanning /home/luna/.emacs.d/modules/emacs/electric/autoload.el
        * [3.659951] Scanning /home/luna/.emacs.d/modules/emacs/ibuffer/autoload/workspaces.el
        * [3.660372] Scanning /home/luna/.emacs.d/modules/emacs/vc/autoload/bug-reference-backport.el
        * [3.660935] Scanning /home/luna/.emacs.d/modules/emacs/vc/autoload/hydra.el
        * [3.661472] Scanning /home/luna/.emacs.d/modules/emacs/vc/autoload/vc.el
        * [3.662451] Scanning /home/luna/.emacs.d/modules/email/mu4e/autoload/advice.el
        * [3.662972] Scanning /home/luna/.emacs.d/modules/email/mu4e/autoload/email.el
        * [3.663650] Scanning /home/luna/.emacs.d/modules/email/mu4e/autoload/evil.el
        * [3.664066] Scanning /home/luna/.emacs.d/modules/email/mu4e/autoload/mu-lock.el
        * [3.664499] Scanning /home/luna/.emacs.d/modules/email/notmuch/autoload.el
        * [3.664904] Scanning /home/luna/.emacs.d/modules/email/wanderlust/autoload.el
        * [3.665274] Scanning /home/luna/.emacs.d/modules/input/layout/autoload/bepo.el
        * [3.665723] Scanning /home/luna/.emacs.d/modules/lang/beancount/autoload.el
        * [3.666131] Scanning /home/luna/.emacs.d/modules/lang/cc/autoload.el
        * [3.666622] Scanning /home/luna/.emacs.d/modules/lang/clojure/autoload.el
        * [3.667029] Scanning /home/luna/.emacs.d/modules/lang/common-lisp/autoload/common-lisp.el
        * [3.667854] Scanning /home/luna/.emacs.d/modules/lang/csharp/autoload.el
        * [3.668678] Scanning /home/luna/.emacs.d/modules/lang/emacs-lisp/autoload.el
        * [3.670263] Scanning /home/luna/.emacs.d/modules/lang/ess/autoload.el
        * [3.670629] Scanning /home/luna/.emacs.d/modules/lang/faust/autoload.el
        * [3.670994] Scanning /home/luna/.emacs.d/modules/lang/fortran/autoload.el
        * [3.671376] Scanning /home/luna/.emacs.d/modules/lang/go/autoload.el
        * [3.671750] Scanning /home/luna/.emacs.d/modules/lang/graphql/autoload.el
        * [3.672130] Scanning /home/luna/.emacs.d/modules/lang/haskell/autoload.el
        * [3.672509] Scanning /home/luna/.emacs.d/modules/lang/java/autoload/java.el
        * [3.673032] Scanning /home/luna/.emacs.d/modules/lang/java/autoload/lsp.el
        * [3.673431] Scanning /home/luna/.emacs.d/modules/lang/javascript/autoload.el
        * [3.674498] Scanning /home/luna/.emacs.d/modules/lang/julia/autoload.el
        * [3.674871] Scanning /home/luna/.emacs.d/modules/lang/kotlin/autoload.el
        * [3.675236] Scanning /home/luna/.emacs.d/modules/lang/latex/autoload.el
        * [3.675613] Scanning /home/luna/.emacs.d/modules/lang/lua/autoload/lua.el
        * [3.676560] Scanning /home/luna/.emacs.d/modules/lang/lua/autoload/moonscript.el
        * [3.677101] Scanning /home/luna/.emacs.d/modules/lang/markdown/autoload.el
        * [3.678217] Scanning /home/luna/.emacs.d/modules/lang/nix/autoload.el
        * [3.679153] Scanning /home/luna/.emacs.d/modules/lang/ocaml/autoload.el
        * [3.679594] Scanning /home/luna/.emacs.d/modules/lang/org/autoload/contrib-ipython.el
        * [3.680294] Scanning /home/luna/.emacs.d/modules/lang/org/autoload/contrib-present.el
        * [3.680853] Scanning /home/luna/.emacs.d/modules/lang/org/autoload/contrib-roam2.el
        * [3.682157] Scanning /home/luna/.emacs.d/modules/lang/org/autoload/org-attach.el
        * [3.683201] Scanning /home/luna/.emacs.d/modules/lang/org/autoload/org-avy.el
        * [3.684072] Scanning /home/luna/.emacs.d/modules/lang/org/autoload/org-babel.el
        * [3.685193] Scanning /home/luna/.emacs.d/modules/lang/org/autoload/org-capture.el
        * [3.686583] Scanning /home/luna/.emacs.d/modules/lang/org/autoload/org-export.el
        * [3.687569] Scanning /home/luna/.emacs.d/modules/lang/org/autoload/org-link.el
        * [3.689096] Scanning /home/luna/.emacs.d/modules/lang/org/autoload/org-refile.el
        * [3.690255] Scanning /home/luna/.emacs.d/modules/lang/org/autoload/org-tables.el
        * [3.691292] Scanning /home/luna/.emacs.d/modules/lang/org/autoload/org.el
        * [3.693587] Scanning /home/luna/.emacs.d/modules/lang/php/autoload.el
        * [3.693956] Scanning /home/luna/.emacs.d/modules/lang/plantuml/autoload.el
        * [3.694336] Scanning /home/luna/.emacs.d/modules/lang/python/autoload/conda.el
        * [3.694741] Scanning /home/luna/.emacs.d/modules/lang/python/autoload/pyenv.el
        * [3.695151] Scanning /home/luna/.emacs.d/modules/lang/python/autoload/python.el
        * [3.695569] Scanning /home/luna/.emacs.d/modules/lang/qt/autoload.el
        * [3.695925] Scanning /home/luna/.emacs.d/modules/lang/racket/autoload.el
        * [3.696348] Scanning /home/luna/.emacs.d/modules/lang/rest/autoload.el
        * [3.696761] Scanning /home/luna/.emacs.d/modules/lang/ruby/autoload.el
        * [3.697158] Scanning /home/luna/.emacs.d/modules/lang/rust/autoload.el
        * [3.697519] Scanning /home/luna/.emacs.d/modules/lang/scala/autoload.el
        * [3.697889] Scanning /home/luna/.emacs.d/modules/lang/scheme/autoload.el
        * [3.698335] Scanning /home/luna/.emacs.d/modules/lang/sh/autoload.el
        * [3.699297] Scanning /home/luna/.emacs.d/modules/lang/terra/autoload.el
        * [3.699710] Scanning /home/luna/.emacs.d/modules/lang/web/autoload/css.el
        * [3.700168] Scanning /home/luna/.emacs.d/modules/lang/web/autoload/evil.el
        * [3.700636] Scanning /home/luna/.emacs.d/modules/lang/web/autoload/html.el
        * [3.701077] Scanning /home/luna/.emacs.d/modules/os/macos/autoload.el
        * [3.701451] Scanning /home/luna/.emacs.d/modules/term/eshell/autoload/backport.el
        * [3.701890] Scanning /home/luna/.emacs.d/modules/term/eshell/autoload/commands.el
        * [3.702291] Scanning /home/luna/.emacs.d/modules/term/eshell/autoload/company.el
        * [3.702728] Scanning /home/luna/.emacs.d/modules/term/eshell/autoload/eshell.el
        * [3.703244] Scanning /home/luna/.emacs.d/modules/term/eshell/autoload/evil.el
        * [3.703644] Scanning /home/luna/.emacs.d/modules/term/eshell/autoload/prompts.el
        * [3.704048] Scanning /home/luna/.emacs.d/modules/term/eshell/autoload/settings.el
        * [3.704550] Scanning /home/luna/.emacs.d/modules/term/shell/autoload.el
        * [3.704944] Scanning /home/luna/.emacs.d/modules/term/term/autoload.el
        * [3.705326] Scanning /home/luna/.emacs.d/modules/term/vterm/autoload.el
        * [3.706297] Scanning /home/luna/.emacs.d/modules/tools/debugger/autoload/debugger.el
        * [3.706738] Scanning /home/luna/.emacs.d/modules/tools/debugger/autoload/evil.el
        * [3.707153] Scanning /home/luna/.emacs.d/modules/tools/editorconfig/autoload.el
        * [3.707564] Scanning /home/luna/.emacs.d/modules/tools/eval/autoload/eval.el
        * [3.708884] Scanning /home/luna/.emacs.d/modules/tools/eval/autoload/evil.el
        * [3.709950] Scanning /home/luna/.emacs.d/modules/tools/eval/autoload/repl.el
        * [3.711034] Scanning /home/luna/.emacs.d/modules/tools/eval/autoload/settings.el
        * [3.712064] Scanning /home/luna/.emacs.d/modules/tools/gist/autoload/evil.el
        * [3.712500] Scanning /home/luna/.emacs.d/modules/tools/lookup/autoload/docsets.el
        * [3.713289] Scanning /home/luna/.emacs.d/modules/tools/lookup/autoload/evil.el
        * [3.714411] Scanning /home/luna/.emacs.d/modules/tools/lookup/autoload/lookup.el
        * [3.716305] Scanning /home/luna/.emacs.d/modules/tools/lookup/autoload/online.el
        * [3.717531] Scanning /home/luna/.emacs.d/modules/tools/lookup/autoload/xwidget.el
        * [3.718475] Scanning /home/luna/.emacs.d/modules/tools/lsp/autoload/common.el
        * [3.719368] Scanning /home/luna/.emacs.d/modules/tools/lsp/autoload/eglot.el
        * [3.720019] Scanning /home/luna/.emacs.d/modules/tools/lsp/autoload/flycheck-eglot.el
        * [3.720939] Scanning /home/luna/.emacs.d/modules/tools/lsp/autoload/lsp-mode.el
        * [3.722025] Scanning /home/luna/.emacs.d/modules/tools/magit/autoload.el
        * [3.723209] Scanning /home/luna/.emacs.d/modules/tools/make/autoload.el
        * [3.723579] Scanning /home/luna/.emacs.d/modules/tools/pass/autoload/consult.el
        * [3.723984] Scanning /home/luna/.emacs.d/modules/tools/pass/autoload/ivy.el
        * [3.724391] Scanning /home/luna/.emacs.d/modules/tools/pass/autoload/pass.el
        * [3.724807] Scanning /home/luna/.emacs.d/modules/tools/prodigy/autoload.el
        * [3.725205] Scanning /home/luna/.emacs.d/modules/tools/rgb/autoload.el
        * [3.725681] Scanning /home/luna/.emacs.d/modules/tools/taskrunner/autoload.el
        * [3.726046] Scanning /home/luna/.emacs.d/modules/tools/tmux/autoload/evil.el
        * [3.726495] Scanning /home/luna/.emacs.d/modules/tools/tmux/autoload/tmux.el
        * [3.726922] Scanning /home/luna/.emacs.d/modules/tools/tree-sitter/autoload.el
        * [3.727306] Scanning /home/luna/.emacs.d/modules/ui/doom-dashboard/autoload.el
        * [3.728177] Scanning /home/luna/.emacs.d/modules/ui/hydra/autoload/windows.el
        * [3.728648] Scanning /home/luna/.emacs.d/modules/ui/ligatures/autoload/install.el
        * [3.729080] Scanning /home/luna/.emacs.d/modules/ui/ligatures/autoload/ligatures.el
        * [3.729670] Scanning /home/luna/.emacs.d/modules/ui/modeline/autoload.el
        * [3.730656] Scanning /home/luna/.emacs.d/modules/ui/nav-flash/autoload.el
        * [3.731070] Scanning /home/luna/.emacs.d/modules/ui/neotree/autoload.el
        * [3.731472] Scanning /home/luna/.emacs.d/modules/ui/popup/autoload/popup.el
        * [3.733778] Scanning /home/luna/.emacs.d/modules/ui/popup/autoload/settings.el
        * [3.735113] Scanning /home/luna/.emacs.d/modules/ui/tabs/autoload.el
        * [3.735494] Scanning /home/luna/.emacs.d/modules/ui/treemacs/autoload.el
        * [3.736316] Scanning /home/luna/.emacs.d/modules/ui/unicode/autoload.el
        * [3.736695] Scanning /home/luna/.emacs.d/modules/ui/vc-gutter/autoload.el
        * [3.737202] Scanning /home/luna/.emacs.d/modules/ui/vi-tilde-fringe/autoload.el
        * [3.737966] Scanning /home/luna/.emacs.d/modules/ui/workspaces/autoload/evil.el
        * [3.739040] Scanning /home/luna/.emacs.d/modules/ui/workspaces/autoload/workspaces.el
        * [3.741575] Scanning /home/luna/.emacs.d/modules/ui/zen/autoload.el
        * [3.752189] Scanning /home/luna/.emacs.d/.local/straight/build-28.1/straight/straight-autoloads.el
        * [3.753012] Scanning /home/luna/.emacs.d/.local/straight/build-28.1/use-package/use-package-autoloads.el
        * [3.753733] Scanning /home/luna/.emacs.d/.local/straight/build-28.1/bind-key/bind-key-autoloads.el
        * [3.754342] Scanning /home/luna/.emacs.d/.local/straight/build-28.1/auto-minor-mode/auto-minor-mode-autoloads.el
        * [3.754876] Scanning /home/luna/.emacs.d/.local/straight/build-28.1/gcmh/gcmh-autoloads.el
        * [3.755385] Scanning /home/luna/.emacs.d/.local/straight/build-28.1/explain-pause-mode/explain-pause-mode-autoloads.el
        * [3.755943] Scanning /home/luna/.emacs.d/.local/straight/build-28.1/all-the-icons/all-the-icons-autoloads.el
        * [3.756569] Scanning /home/luna/.emacs.d/.local/straight/build-28.1/hide-mode-line/hide-mode-line-autoloads.el
        * [3.757160] Scanning /home/luna/.emacs.d/.local/straight/build-28.1/highlight-numbers/highlight-numbers-autoloads.el
        * [3.757658] Scanning /home/luna/.emacs.d/.local/straight/build-28.1/parent-mode/parent-mode-autoloads.el
        * [3.758122] Scanning /home/luna/.emacs.d/.local/straight/build-28.1/rainbow-delimiters/rainbow-delimiters-autoloads.el
        * [3.758645] Scanning /home/luna/.emacs.d/.local/straight/build-28.1/restart-emacs/restart-emacs-autoloads.el
        * [3.759196] Scanning /home/luna/.emacs.d/.local/straight/build-28.1/better-jumper/better-jumper-autoloads.el
        * [3.759763] Scanning /home/luna/.emacs.d/.local/straight/build-28.1/dtrt-indent/dtrt-indent-autoloads.el
        * [3.760377] Scanning /home/luna/.emacs.d/.local/straight/build-28.1/helpful/helpful-autoloads.el
        * [3.760909] Scanning /home/luna/.emacs.d/.local/straight/build-28.1/dash/dash-autoloads.el
        * [3.761671] Scanning /home/luna/.emacs.d/.local/straight/build-28.1/s/s-autoloads.el
        * [3.762136] Scanning /home/luna/.emacs.d/.local/straight/build-28.1/f/f-autoloads.el
        * [3.762605] Scanning /home/luna/.emacs.d/.local/straight/build-28.1/elisp-refs/elisp-refs-autoloads.el
        * [3.763336] Scanning /home/luna/.emacs.d/.local/straight/build-28.1/pcre2el/pcre2el-autoloads.el
        * [3.763939] Scanning /home/luna/.emacs.d/.local/straight/build-28.1/smartparens/smartparens-autoloads.el
        * [3.764722] Scanning /home/luna/.emacs.d/.local/straight/build-28.1/ws-butler/ws-butler-autoloads.el
        * [3.765347] Scanning /home/luna/.emacs.d/.local/straight/build-28.1/projectile/projectile-autoloads.el
        * [3.766201] Scanning /home/luna/.emacs.d/.local/straight/build-28.1/project/project-autoloads.el
        * [3.766888] Scanning /home/luna/.emacs.d/.local/straight/build-28.1/xref/xref-autoloads.el
        * [3.767511] Scanning /home/luna/.emacs.d/.local/straight/build-28.1/general/general-autoloads.el
        * [3.768233] Scanning /home/luna/.emacs.d/.local/straight/build-28.1/which-key/which-key-autoloads.el
        * [3.768796] Scanning /home/luna/.emacs.d/.local/straight/build-28.1/company/company-autoloads.el
        * [3.769589] Scanning /home/luna/.emacs.d/.local/straight/build-28.1/company-dict/company-dict-autoloads.el
        * [3.770098] Scanning /home/luna/.emacs.d/.local/straight/build-28.1/vertico/vertico-autoloads.el
        * [3.770861] Scanning /home/luna/.emacs.d/.local/straight/build-28.1/orderless/orderless-autoloads.el
        * [3.771408] Scanning /home/luna/.emacs.d/.local/straight/build-28.1/consult/consult-autoloads.el
        * [3.772257] Scanning /home/luna/.emacs.d/.local/straight/build-28.1/compat/compat-autoloads.el
        * [3.772750] Scanning /home/luna/.emacs.d/.local/straight/build-28.1/consult-dir/consult-dir-autoloads.el
        * [3.773280] Scanning /home/luna/.emacs.d/.local/straight/build-28.1/consult-flycheck/consult-flycheck-autoloads.el
        * [3.773755] Scanning /home/luna/.emacs.d/.local/straight/build-28.1/flycheck/flycheck-autoloads.el
        * [3.774452] Scanning /home/luna/.emacs.d/.local/straight/build-28.1/pkg-info/pkg-info-autoloads.el
        * [3.774948] Scanning /home/luna/.emacs.d/.local/straight/build-28.1/epl/epl-autoloads.el
        * [3.775396] Scanning /home/luna/.emacs.d/.local/straight/build-28.1/embark/embark-autoloads.el
        * [3.775945] Scanning /home/luna/.emacs.d/.local/straight/build-28.1/embark-consult/embark-consult-autoloads.el
        * [3.776453] Scanning /home/luna/.emacs.d/.local/straight/build-28.1/marginalia/marginalia-autoloads.el
        * [3.776977] Scanning /home/luna/.emacs.d/.local/straight/build-28.1/wgrep/wgrep-autoloads.el
        * [3.777469] Scanning /home/luna/.emacs.d/.local/straight/build-28.1/doom-themes/doom-themes-autoloads.el
        * [3.778566] Scanning /home/luna/.emacs.d/.local/straight/build-28.1/solaire-mode/solaire-mode-autoloads.el
        * [3.779094] Scanning /home/luna/.emacs.d/.local/straight/build-28.1/hl-todo/hl-todo-autoloads.el
        * [3.779756] Scanning /home/luna/.emacs.d/.local/straight/build-28.1/doom-modeline/doom-modeline-autoloads.el
        * [3.780463] Scanning /home/luna/.emacs.d/.local/straight/build-28.1/shrink-path/shrink-path-autoloads.el
        * [3.780930] Scanning /home/luna/.emacs.d/.local/straight/build-28.1/anzu/anzu-autoloads.el
        * [3.781629] Scanning /home/luna/.emacs.d/.local/straight/build-28.1/evil-anzu/evil-anzu-autoloads.el
        * [3.782090] Scanning /home/luna/.emacs.d/.local/straight/build-28.1/evil/evil-autoloads.el
        * [3.782701] Scanning /home/luna/.emacs.d/.local/straight/build-28.1/goto-chg/goto-chg-autoloads.el
        * [3.783321] Scanning /home/luna/.emacs.d/.local/straight/build-28.1/evil-goggles/evil-goggles-autoloads.el
        * [3.783921] Scanning /home/luna/.emacs.d/.local/straight/build-28.1/git-gutter-fringe/git-gutter-fringe-autoloads.el
        * [3.784404] Scanning /home/luna/.emacs.d/.local/straight/build-28.1/git-gutter/git-gutter-autoloads.el
        * [3.785030] Scanning /home/luna/.emacs.d/.local/straight/build-28.1/fringe-helper/fringe-helper-autoloads.el
        * [3.785494] Scanning /home/luna/.emacs.d/.local/straight/build-28.1/vi-tilde-fringe/vi-tilde-fringe-autoloads.el
        * [3.786099] Scanning /home/luna/.emacs.d/.local/straight/build-28.1/persp-mode/persp-mode-autoloads.el
        * [3.786703] Scanning /home/luna/.emacs.d/.local/straight/build-28.1/evil-args/evil-args-autoloads.el
        * [3.787209] Scanning /home/luna/.emacs.d/.local/straight/build-28.1/evil-easymotion/evil-easymotion-autoloads.el
        * [3.787861] Scanning /home/luna/.emacs.d/.local/straight/build-28.1/avy/avy-autoloads.el
        * [3.788530] Scanning /home/luna/.emacs.d/.local/straight/build-28.1/evil-embrace/evil-embrace-autoloads.el
        * [3.789020] Scanning /home/luna/.emacs.d/.local/straight/build-28.1/embrace/embrace-autoloads.el
        * [3.789585] Scanning /home/luna/.emacs.d/.local/straight/build-28.1/expand-region/expand-region-autoloads.el
        * [3.790319] Scanning /home/luna/.emacs.d/.local/straight/build-28.1/evil-surround/evil-surround-autoloads.el
        * [3.790941] Scanning /home/luna/.emacs.d/.local/straight/build-28.1/evil-escape/evil-escape-autoloads.el
        * [3.791463] Scanning /home/luna/.emacs.d/.local/straight/build-28.1/evil-exchange/evil-exchange-autoloads.el
        * [3.791964] Scanning /home/luna/.emacs.d/.local/straight/build-28.1/evil-indent-plus/evil-indent-plus-autoloads.el
        * [3.792504] Scanning /home/luna/.emacs.d/.local/straight/build-28.1/evil-lion/evil-lion-autoloads.el
        * [3.793086] Scanning /home/luna/.emacs.d/.local/straight/build-28.1/evil-nerd-commenter/evil-nerd-commenter-autoloads.el
        * [3.793664] Scanning /home/luna/.emacs.d/.local/straight/build-28.1/evil-numbers/evil-numbers-autoloads.el
        * [3.794159] Scanning /home/luna/.emacs.d/.local/straight/build-28.1/evil-snipe/evil-snipe-autoloads.el
        * [3.794709] Scanning /home/luna/.emacs.d/.local/straight/build-28.1/evil-textobj-anyblock/evil-textobj-anyblock-autoloads.el
        * [3.795291] Scanning /home/luna/.emacs.d/.local/straight/build-28.1/evil-traces/evil-traces-autoloads.el
        * [3.795888] Scanning /home/luna/.emacs.d/.local/straight/build-28.1/evil-visualstar/evil-visualstar-autoloads.el
        * [3.796545] Scanning /home/luna/.emacs.d/.local/straight/build-28.1/exato/exato-autoloads.el
        * [3.797020] Scanning /home/luna/.emacs.d/.local/straight/build-28.1/evil-quick-diff/evil-quick-diff-autoloads.el
        * [3.797525] Scanning /home/luna/.emacs.d/.local/straight/build-28.1/evil-collection/evil-collection-autoloads.el
        * [3.798054] Scanning /home/luna/.emacs.d/.local/straight/build-28.1/annalist/annalist-autoloads.el
        * [3.798595] Scanning /home/luna/.emacs.d/.local/straight/build-28.1/yasnippet/yasnippet-autoloads.el
        * [3.799195] Scanning /home/luna/.emacs.d/.local/straight/build-28.1/vimish-fold/vimish-fold-autoloads.el
        * [3.799727] Scanning /home/luna/.emacs.d/.local/straight/build-28.1/evil-vimish-fold/evil-vimish-fold-autoloads.el
        * [3.800325] Scanning /home/luna/.emacs.d/.local/straight/build-28.1/auto-yasnippet/auto-yasnippet-autoloads.el
        * [3.800879] Scanning /home/luna/.emacs.d/.local/straight/build-28.1/doom-snippets/doom-snippets-autoloads.el
        * [3.801395] Scanning /home/luna/.emacs.d/.local/straight/build-28.1/diredfl/diredfl-autoloads.el
        * [3.801962] Scanning /home/luna/.emacs.d/.local/straight/build-28.1/dired-git-info/dired-git-info-autoloads.el
        * [3.802486] Scanning /home/luna/.emacs.d/.local/straight/build-28.1/diff-hl/diff-hl-autoloads.el
        * [3.803186] Scanning /home/luna/.emacs.d/.local/straight/build-28.1/dired-rsync/dired-rsync-autoloads.el
        * [3.803692] Scanning /home/luna/.emacs.d/.local/straight/build-28.1/fd-dired/fd-dired-autoloads.el
        * [3.804214] Scanning /home/luna/.emacs.d/.local/straight/build-28.1/undo-fu/undo-fu-autoloads.el
        * [3.804727] Scanning /home/luna/.emacs.d/.local/straight/build-28.1/undo-fu-session/undo-fu-session-autoloads.el
        * [3.805308] Scanning /home/luna/.emacs.d/.local/straight/build-28.1/browse-at-remote/browse-at-remote-autoloads.el
        * [3.805822] Scanning /home/luna/.emacs.d/.local/straight/build-28.1/git-commit/git-commit-autoloads.el
        * [3.806365] Scanning /home/luna/.emacs.d/.local/straight/build-28.1/transient/transient-autoloads.el
        * [3.806975] Scanning /home/luna/.emacs.d/.local/straight/build-28.1/with-editor/with-editor-autoloads.el
        * [3.807481] Scanning /home/luna/.emacs.d/.local/straight/build-28.1/git-timemachine/git-timemachine-autoloads.el
        * [3.807975] Scanning /home/luna/.emacs.d/.local/straight/build-28.1/git-modes/git-modes-autoloads.el
        * [3.808524] Scanning /home/luna/.emacs.d/.local/straight/build-28.1/flycheck-popup-tip/flycheck-popup-tip-autoloads.el
        * [3.809025] Scanning /home/luna/.emacs.d/.local/straight/build-28.1/popup/popup-autoloads.el
        * [3.809523] Scanning /home/luna/.emacs.d/.local/straight/build-28.1/quickrun/quickrun-autoloads.el
        * [3.810112] Scanning /home/luna/.emacs.d/.local/straight/build-28.1/eros/eros-autoloads.el
        * [3.810629] Scanning /home/luna/.emacs.d/.local/straight/build-28.1/dumb-jump/dumb-jump-autoloads.el
        * [3.811249] Scanning /home/luna/.emacs.d/.local/straight/build-28.1/request/request-autoloads.el
        * [3.811705] Scanning /home/luna/.emacs.d/.local/straight/build-28.1/magit/magit-autoloads.el
        * [3.813784] Scanning /home/luna/.emacs.d/.local/straight/build-28.1/magit-section/magit-section-autoloads.el
        * [3.814268] Scanning /home/luna/.emacs.d/.local/straight/build-28.1/magit-gitflow/magit-gitflow-autoloads.el
        * [3.814767] Scanning /home/luna/.emacs.d/.local/straight/build-28.1/magit-popup/magit-popup-autoloads.el
        * [3.815223] Scanning /home/luna/.emacs.d/.local/straight/build-28.1/magit-todos/magit-todos-autoloads.el
        * [3.815816] Scanning /home/luna/.emacs.d/.local/straight/build-28.1/async/async-autoloads.el
        * [3.816567] Scanning /home/luna/.emacs.d/.local/straight/build-28.1/code-review/code-review-autoloads.el
        * [3.817405] Scanning /home/luna/.emacs.d/.local/straight/build-28.1/closql/closql-autoloads.el
        * [3.817866] Scanning /home/luna/.emacs.d/.local/straight/build-28.1/a/a-autoloads.el
        * [3.818318] Scanning /home/luna/.emacs.d/.local/straight/build-28.1/ghub/ghub-autoloads.el
        * [3.818854] Scanning /home/luna/.emacs.d/.local/straight/build-28.1/treepy/treepy-autoloads.el
        * [3.819342] Scanning /home/luna/.emacs.d/.local/straight/build-28.1/uuidgen/uuidgen-autoloads.el
        * [3.819906] Scanning /home/luna/.emacs.d/.local/straight/build-28.1/deferred/deferred-autoloads.el
        * [3.820366] Scanning /home/luna/.emacs.d/.local/straight/build-28.1/markdown-mode/markdown-mode-autoloads.el
        * [3.820907] Scanning /home/luna/.emacs.d/.local/straight/build-28.1/forge/forge-autoloads.el
        * [3.821635] Scanning /home/luna/.emacs.d/.local/straight/build-28.1/emacsql-sqlite/emacsql-sqlite-autoloads.el
        * [3.822097] Scanning /home/luna/.emacs.d/.local/straight/build-28.1/emacsql/emacsql-autoloads.el
        * [3.822592] Scanning /home/luna/.emacs.d/.local/straight/build-28.1/yaml/yaml-autoloads.el
        * [3.823097] Scanning /home/luna/.emacs.d/.local/straight/build-28.1/emojify/emojify-autoloads.el
        * [3.823610] Scanning /home/luna/.emacs.d/.local/straight/build-28.1/ht/ht-autoloads.el
        * [3.824070] Scanning /home/luna/.emacs.d/.local/straight/build-28.1/highlight-quoted/highlight-quoted-autoloads.el
        * [3.824578] Scanning /home/luna/.emacs.d/.local/straight/build-28.1/macrostep/macrostep-autoloads.el
        * [3.825177] Scanning /home/luna/.emacs.d/.local/straight/build-28.1/overseer/overseer-autoloads.el
        * [3.825714] Scanning /home/luna/.emacs.d/.local/straight/build-28.1/elisp-def/elisp-def-autoloads.el
        * [3.826260] Scanning /home/luna/.emacs.d/.local/straight/build-28.1/elisp-demos/elisp-demos-autoloads.el
        * [3.826745] Scanning /home/luna/.emacs.d/.local/straight/build-28.1/flycheck-package/flycheck-package-autoloads.el
        * [3.827229] Scanning /home/luna/.emacs.d/.local/straight/build-28.1/package-lint/package-lint-autoloads.el
        * [3.827789] Scanning /home/luna/.emacs.d/.local/straight/build-28.1/flycheck-cask/flycheck-cask-autoloads.el
        * [3.828281] Scanning /home/luna/.emacs.d/.local/straight/build-28.1/buttercup/buttercup-autoloads.el
        * [3.828856] Scanning /home/luna/.emacs.d/.local/straight/build-28.1/markdown-toc/markdown-toc-autoloads.el
        * [3.829591] Scanning /home/luna/.emacs.d/.local/straight/build-28.1/edit-indirect/edit-indirect-autoloads.el
        * [3.830318] Scanning /home/luna/.emacs.d/.local/straight/build-28.1/evil-markdown/evil-markdown-autoloads.el
        * [3.830825] Scanning /home/luna/.emacs.d/.local/straight/build-28.1/org/org-autoloads.el
        * [3.831913] Scanning /home/luna/.emacs.d/.local/straight/build-28.1/org-contrib/org-contrib-autoloads.el
        * [3.832621] Scanning /home/luna/.emacs.d/.local/straight/build-28.1/htmlize/htmlize-autoloads.el
        * [3.833305] Scanning /home/luna/.emacs.d/.local/straight/build-28.1/org-yt/org-yt-autoloads.el
        * [3.833794] Scanning /home/luna/.emacs.d/.local/straight/build-28.1/ox-clip/ox-clip-autoloads.el
        * [3.834355] Scanning /home/luna/.emacs.d/.local/straight/build-28.1/toc-org/toc-org-autoloads.el
        * [3.834846] Scanning /home/luna/.emacs.d/.local/straight/build-28.1/org-cliplink/org-cliplink-autoloads.el
        * [3.835392] Scanning /home/luna/.emacs.d/.local/straight/build-28.1/evil-org/evil-org-autoloads.el
        * [3.835989] Scanning /home/luna/.emacs.d/.local/straight/build-28.1/orgit/orgit-autoloads.el
        * [3.836686] Scanning /home/luna/.emacs.d/.local/straight/build-28.1/ob-async/ob-async-autoloads.el
        * [3.837221] Scanning /home/luna/.emacs.d/.local/straight/build-28.1/company-shell/company-shell-autoloads.el
        * [3.837732] Scanning /home/luna/.emacs.d/.local/straight/build-28.1/drag-stuff/drag-stuff-autoloads.el
        * [3.838340] Scanning /home/luna/.emacs.d/.local/straight/build-28.1/link-hint/link-hint-autoloads.el
        * [3.838881] Scanning /home/luna/.emacs.d/.local/straight/build-28.1/highlight-indent-guides/highlight-indent-guides-autoloads.el
        * [3.839423] Scanning /home/luna/.emacs.d/.local/straight/build-28.1/minimap/minimap-autoloads.el
        * [3.839978] Scanning /home/luna/.emacs.d/.local/straight/build-28.1/treemacs/treemacs-autoloads.el
        * [3.840927] Scanning /home/luna/.emacs.d/.local/straight/build-28.1/ace-window/ace-window-autoloads.el
        * [3.841518] Scanning /home/luna/.emacs.d/.local/straight/build-28.1/pfuture/pfuture-autoloads.el
        * [3.842017] Scanning /home/luna/.emacs.d/.local/straight/build-28.1/hydra/hydra-autoloads.el
        * [3.842620] Scanning /home/luna/.emacs.d/.local/straight/build-28.1/lv/lv-autoloads.el
        * [3.843115] Scanning /home/luna/.emacs.d/.local/straight/build-28.1/cfrs/cfrs-autoloads.el
        * [3.843598] Scanning /home/luna/.emacs.d/.local/straight/build-28.1/posframe/posframe-autoloads.el
        * [3.844172] Scanning /home/luna/.emacs.d/.local/straight/build-28.1/treemacs-evil/treemacs-evil-autoloads.el
        * [3.844632] Scanning /home/luna/.emacs.d/.local/straight/build-28.1/treemacs-projectile/treemacs-projectile-autoloads.el
        * [3.845120] Scanning /home/luna/.emacs.d/.local/straight/build-28.1/treemacs-magit/treemacs-magit-autoloads.el
        * [3.845582] Scanning /home/luna/.emacs.d/.local/straight/build-28.1/treemacs-persp/treemacs-persp-autoloads.el
        * [3.846132] Scanning /home/luna/.emacs.d/.local/straight/build-28.1/lsp-treemacs/lsp-treemacs-autoloads.el
        * [3.846948] Scanning /home/luna/.emacs.d/.local/straight/build-28.1/lsp-mode/lsp-mode-autoloads.el
        * [3.848205] Scanning /home/luna/.emacs.d/.local/straight/build-28.1/spinner/spinner-autoloads.el
        * [3.848845] Scanning /home/luna/.emacs.d/.local/straight/build-28.1/format-all/format-all-autoloads.el
        * [3.849356] Scanning /home/luna/.emacs.d/.local/straight/build-28.1/evil-multiedit/evil-multiedit-autoloads.el
        * [3.849996] Scanning /home/luna/.emacs.d/.local/straight/build-28.1/iedit/iedit-autoloads.el
        * [3.850538] Scanning /home/luna/.emacs.d/.local/straight/build-28.1/evil-mc/evil-mc-autoloads.el
        * [3.851173] Scanning /home/luna/.emacs.d/.local/straight/build-28.1/vterm/vterm-autoloads.el
        * [3.851754] Scanning /home/luna/.emacs.d/.local/straight/build-28.1/lsp-ui/lsp-ui-autoloads.el
        * [3.852428] Scanning /home/luna/.emacs.d/.local/straight/build-28.1/consult-lsp/consult-lsp-autoloads.el
        * [3.852947] Scanning /home/luna/.emacs.d/.local/straight/build-28.1/rainbow-mode/rainbow-mode-autoloads.el
        * [3.853441] Scanning /home/luna/.emacs.d/.local/straight/build-28.1/kurecolor/kurecolor-autoloads.el
        * [3.854069] Scanning /home/luna/.emacs.d/.local/straight/build-28.1/sly/sly-autoloads.el
        * [3.854586] Scanning /home/luna/.emacs.d/.local/straight/build-28.1/sly-macrostep/sly-macrostep-autoloads.el
        * [3.855240] Scanning /home/luna/.emacs.d/.local/straight/build-28.1/sly-repl-ansi-color/sly-repl-ansi-color-autoloads.el
        * [3.855711] Scanning /home/luna/.emacs.d/.local/straight/build-28.1/csharp-mode/csharp-mode-autoloads.el
        * [3.856268] Scanning /home/luna/.emacs.d/.local/straight/build-28.1/csproj-mode/csproj-mode-autoloads.el
        * [3.856759] Scanning /home/luna/.emacs.d/.local/straight/build-28.1/sln-mode/sln-mode-autoloads.el
        * [3.857230] Scanning /home/luna/.emacs.d/.local/straight/build-28.1/shader-mode/shader-mode-autoloads.el
        * [3.857701] Scanning /home/luna/.emacs.d/.local/straight/build-28.1/gdscript-mode/gdscript-mode-autoloads.el
        * [3.858350] Scanning /home/luna/.emacs.d/.local/straight/build-28.1/rjsx-mode/rjsx-mode-autoloads.el
        * [3.858886] Scanning /home/luna/.emacs.d/.local/straight/build-28.1/js2-mode/js2-mode-autoloads.el
        * [3.859539] Scanning /home/luna/.emacs.d/.local/straight/build-28.1/typescript-mode/typescript-mode-autoloads.el
        * [3.860108] Scanning /home/luna/.emacs.d/.local/straight/build-28.1/js2-refactor/js2-refactor-autoloads.el
        * [3.860710] Scanning /home/luna/.emacs.d/.local/straight/build-28.1/multiple-cursors/multiple-cursors-autoloads.el
        * [3.861464] Scanning /home/luna/.emacs.d/.local/straight/build-28.1/npm-mode/npm-mode-autoloads.el
        * [3.862015] Scanning /home/luna/.emacs.d/.local/straight/build-28.1/add-node-modules-path/add-node-modules-path-autoloads.el
        * [3.862520] Scanning /home/luna/.emacs.d/.local/straight/build-28.1/nodejs-repl/nodejs-repl-autoloads.el
        * [3.863122] Scanning /home/luna/.emacs.d/.local/straight/build-28.1/skewer-mode/skewer-mode-autoloads.el
        * [3.863853] Scanning /home/luna/.emacs.d/.local/straight/build-28.1/simple-httpd/simple-httpd-autoloads.el
        * [3.864349] Scanning /home/luna/.emacs.d/.local/straight/build-28.1/tide/tide-autoloads.el
        * [3.864942] Scanning /home/luna/.emacs.d/.local/straight/build-28.1/xref-js2/xref-js2-autoloads.el
        * [3.865418] Scanning /home/luna/.emacs.d/.local/straight/build-28.1/lua-mode/lua-mode-autoloads.el
        * [3.865916] Scanning /home/luna/.emacs.d/.local/straight/build-28.1/company-lua/company-lua-autoloads.el
        * [3.866484] Scanning /home/luna/.emacs.d/.local/straight/build-28.1/nix-mode/nix-mode-autoloads.el
        * [3.867399] Scanning /home/luna/.emacs.d/.local/straight/build-28.1/nix-update/nix-update-autoloads.el
        * [3.867858] Scanning /home/luna/.emacs.d/.local/straight/build-28.1/company-nixos-options/company-nixos-options-autoloads.el
        * [3.868357] Scanning /home/luna/.emacs.d/.local/straight/build-28.1/nixos-options/nixos-options-autoloads.el
        * [3.868843] Scanning /home/luna/.emacs.d/.local/straight/build-28.1/org-download/org-download-autoloads.el
        * [3.869370] Scanning /home/luna/.emacs.d/.local/straight/build-28.1/org-appear/org-appear-autoloads.el
        * [3.869921] Scanning /home/luna/.emacs.d/.local/straight/build-28.1/org-superstar/org-superstar-autoloads.el
        * [3.870483] Scanning /home/luna/.emacs.d/.local/straight/build-28.1/org-fancy-priorities/org-fancy-priorities-autoloads.el
        * [3.870994] Scanning /home/luna/.emacs.d/.local/straight/build-28.1/org-roam/org-roam-autoloads.el
        * [3.871677] Scanning /home/luna/.emacs.d/.local/straight/build-28.1/ox-hugo/ox-hugo-autoloads.el
        * [3.872311] Scanning /home/luna/.emacs.d/.local/straight/build-28.1/tomelr/tomelr-autoloads.el
        * [3.872767] Scanning /home/luna/.emacs.d/.local/straight/build-28.1/map/map-autoloads.el
        * [3.873272] Scanning /home/luna/.emacs.d/.local/straight/build-28.1/yaml-mode/yaml-mode-autoloads.el
    > Byte-compiling autoloads file...
    ✓ Generated .local/autoloads.28.1.elc
  - Restart Emacs or use 'M-x doom/reload' for changes to take effect
✓ Finished in 4.47024s
* [4.024545] GC count: 0 (0.000000s)
